<html>
<head>
  <meta http-equiv="content-type" content="text/html; charset=UTF-8">
  <meta http-equiv="X-UA-Compatible" content="IE=edge">
  <title>Test script results</title>
  <script type="text/javascript" src="jquery-1.js"></script>
  <style type="text/css">
  
p1    {color:blue}
p2    {color:red}
table.table1{ border-collapse: collapse;
width: 100%; border: 1px solid black; word-wrap:break-word;
margin-bottom: 2px;
} 

table.table1 td,tr{
border: 1px solid black; word-wrap:break-word;
}

table.table2 {
table-layout:fixed; width: 100%; border: 1px solid black; word-wrap:break-word;
} 

td,tr,th{
border: 1px solid black; word-wrap:break-word;
}

td{
padding: 2px;
}

table.table2 tr:hover{
background-color: #F8F8F8 
}
  
div.scrol{
max-height: 10em; overflow: auto;  font-family: "Arial"; font-size: 14px;
}

div{
font-family: "Times New Roman"; font-size: 14px;
}

tr.header{
cursor:pointer;
}

.header .sign:after{
content:"+";
display:inline-block;      
}

.header.expand .sign:after{
content:"-";
}
  </style>
<script type="text/javascript">//<![CDATA[ 
$(function(){
$('.header').click(function(){
     $(this).toggleClass('expand').nextUntil('tr.header').slideToggle(100);
});
$('.header').toggleClass('expand').nextUntil('tr.header').slideToggle(0);

$("#toggleButtonId").click( function(){
if(this.textContent == "+")
{
this.textContent = "-"
$('.header').addClass('expand').nextUntil('tr.header').slideToggle(0);
}
else
{
this.textContent = "+"
$('.header').removeClass('expand').nextUntil('tr.header').slideToggle(0);
}
});
});//]]>  
</script>
</head>
<body><TABLE class='table1'><TR><th align=left WIDTH=20%><div>Test Suite Id: Script Start001</div></th><th align=left WIDTH=20%><div>Test Data Id: TD001</div></th><th align=left WIDTH=60%><div>Test Suite Name: Script Start001</div></th></TR></TABLE'><TABLE class='table1'><TR><th align=left WIDTH=20%><div>Test Script Id: Start001</div></th><th align=left WIDTH=20%><div>Activity: Script1</div></th><th align=left WIDTH=60%><div>Test Script Name: Start001</div></th></TR></TABLE'><TABLE class='table1'><TR><th align=left WIDTH=100%><div>Test Script Description: </div></th></TR></TABLE'><TABLE class='table1'><TR><th align=left WIDTH=40%><div>Platform: Desktop() Web(XP) </div></th><th align=left WIDTH=40%><div>Target: Desktop() Web(chrome 56.0.2924.87) </div></th><th align=left WIDTH=20%><div>Run On: Local</div></th></TR></TABLE'><TABLE class='table1'><TR><th align=left WIDTH=13%><div>Number of Steps: 8</div></th><th align=left WIDTH=13%><div>Number of Failed Steps: 1</div></th><th align=left WIDTH=14%><div>Covarage: 37.5 %</div></th><th align=left WIDTH=20%><div>Execution Date: 24/02/17 10:41:27</div></th><th align=left WIDTH=20%><div>Execution Time: 3,51 sec</div></th><th align=left BGCOLOR=red WIDTH=20%><div>Status: Failed</div></th></TR></TABLE'><TABLE class='table1'><p> </p><TR><th align=center WIDTH=100%><div>Test Script Results</div></th></TR></TABLE><TABLE class='table2'><TR><th align=center BGCOLOR=LIGHTGRAY WIDTH=2%><div><button id="toggleButtonId">+</button></div></th><th align=center BGCOLOR=LIGHTGRAY WIDTH=5%><div>Target</div></th><th align=center BGCOLOR=LIGHTGRAY WIDTH=10%><div>Page</div></th><th align=center BGCOLOR=LIGHTGRAY WIDTH=15%><div>Object</div></th><th align=center BGCOLOR=LIGHTGRAY WIDTH=8%><div>Action</div></th><th align=center BGCOLOR=LIGHTGRAY WIDTH=20%><div>Data</div></th><th align=center BGCOLOR=LIGHTGRAY WIDTH=5%><div>Ex. Time</div></th><th align=center BGCOLOR=LIGHTGRAY WIDTH=5%><div>Status</div></th><th align=center BGCOLOR=LIGHTGRAY WIDTH=30%><div>Result</div></th></TR><TR class="header expand" ><TD align=center><div>1</div><span class="sign"></span></TD><TD align=left><div></div></TD><TD align=left><div>/Script1</div></TD><TD align=left><div>TC001 </div></TD><TD align=center><div>Get Script</div></TD><TD align=left><div></div></TD><TD align=center><div>3,01 sec</div></TD><TD align=center BGCOLOR=red><div>Failed</div></TD><TD align=left><div class='scrol'>Step # 1.2: Failed<br />Failed to click on object.<br />no such element: Unable to locate element: {"method":"link text","selector":"Vodafone-Rufnummer und Kundenkennwort"}<br />  (Session info: chrome=56.0.2924.87)<br />  (Driver info: chromedriver=2.25.426923 (0390b88869384d6eb0d5d09729679f934aab9eed),platform=Windows NT 6.1.7601 SP1 x86) (WARNING: The server did not provide any stacktrace information)<br />Command duration or timeout: 2.07 seconds<br />For documentation on this error, please visit: http://seleniumhq.org/exceptions/no_such_element.html<br /><br /><a href="#" onclick="printStacktrace1_2() ">Stack Trace</a><script> function printStacktrace1_2() { var myWindow = window.open("", "_blank"); myWindow.document.write("org.openqa.selenium.NoSuchElementException: no such element: Unable to locate element: {"method":"link text","selector":"Vodafone-Rufnummer und Kundenkennwort"}<br />  (Session info: chrome=56.0.2924.87)<br />  (Driver info: chromedriver=2.25.426923 (0390b88869384d6eb0d5d09729679f934aab9eed),platform=Windows NT 6.1.7601 SP1 x86) (WARNING: The server did not provide any stacktrace information)<br />Command duration or timeout: 2.07 seconds<br />For documentation on this error, please visit: http://seleniumhq.org/exceptions/no_such_element.html<br />Build info: version: '2.50.1', revision: 'd7fc91b29de65b790abb01f3ac5f7ea2191c88a7', time: '2016-01-29 11:11:26'<br />System info: host: 'E0336237', ip: '10.207.119.82', os.name: 'Windows 7', os.arch: 'x86', os.version: '6.1', java.version: '1.7.0_67'<br />*** Element info: {Using=link text, value=Vodafone-Rufnummer und Kundenkennwort}<br />Session ID: 819836c14c848575268712352663cbad<br />Driver info: org.openqa.selenium.chrome.ChromeDriver<br />Capabilities [{platform=XP, acceptSslCerts=true, javascriptEnabled=true, browserName=chrome, chrome={userDataDir=C:\Users\SASA~1.KOS\AppData\Local\Temp\scoped_dir8448_27748, chromedriverVersion=2.25.426923 (0390b88869384d6eb0d5d09729679f934aab9eed)}, networkConnectionEnabled=false, rotatable=false, locationContextEnabled=true, mobileEmulationEnabled=false, version=56.0.2924.87, pageLoadStrategy=normal, takesHeapSnapshot=true, cssSelectorsEnabled=true, databaseEnabled=false, handlesAlerts=true, browserConnectionEnabled=false, webStorageEnabled=true, nativeEvents=true, hasTouchScreen=false, applicationCacheEnabled=false, takesScreenshot=true}]<br />	at sun.reflect.NativeConstructorAccessorImpl.newInstance0(Native Method)<br />	at sun.reflect.NativeConstructorAccessorImpl.newInstance(NativeConstructorAccessorImpl.java:57)<br />	at sun.reflect.DelegatingConstructorAccessorImpl.newInstance(DelegatingConstructorAccessorImpl.java:45)<br />	at java.lang.reflect.Constructor.newInstance(Constructor.java:526)<br />	at org.openqa.selenium.remote.ErrorHandler.createThrowable(ErrorHandler.java:206)<br />	at org.openqa.selenium.remote.ErrorHandler.throwIfResponseFailed(ErrorHandler.java:158)<br />	at org.openqa.selenium.remote.RemoteWebDriver.execute(RemoteWebDriver.java:678)<br />	at org.openqa.selenium.remote.RemoteWebDriver.findElement(RemoteWebDriver.java:363)<br />	at org.openqa.selenium.remote.RemoteWebDriver.findElementByLinkText(RemoteWebDriver.java:428)<br />	at org.openqa.selenium.By$ByLinkText.findElement(By.java:246)<br />	at org.openqa.selenium.remote.RemoteWebDriver.findElement(RemoteWebDriver.java:355)<br />	at core.selenium.targetElement.TargetElement.Find_WebElement(Unknown Source)<br />	at core.selenium.targetElement.TargetElement.<init>(Unknown Source)<br />	at core.selenium.targetElement.WebTargetElement.<init>(Unknown Source)<br />	at core.selenium.targets.WebTarget.getTargetElement(Unknown Source)<br />	at core.selenium.targetActions.WebTargetActions.click(Unknown Source)<br />	at sun.reflect.NativeMethodAccessorImpl.invoke0(Native Method)<br />	at sun.reflect.NativeMethodAccessorImpl.invoke(NativeMethodAccessorImpl.java:57)<br />	at sun.reflect.DelegatingMethodAccessorImpl.invoke(DelegatingMethodAccessorImpl.java:43)<br />	at java.lang.reflect.Method.invoke(Method.java:606)<br />	at junit.framework.TestCase.runTest(TestCase.java:176)<br />	at junit.framework.TestCase.runBare(TestCase.java:141)<br />	at junit.framework.TestResult$1.protect(TestResult.java:122)<br />	at junit.framework.TestResult.runProtected(TestResult.java:142)<br />	at junit.framework.TestResult.run(TestResult.java:125)<br />	at junit.framework.TestCase.run(TestCase.java:129)<br />	at junit.framework.TestCase.run(TestCase.java:121)<br />	at core.selenium.targetActions.TargetActions.run(Unknown Source)<br />	at core.selenium.targets.WebTarget.PreformAction(Unknown Source)<br />	at core.com.execution.TargetManager.preformAction(Unknown Source)<br />	at Scripts.Pac_Script_.Script_Start___.executeTest(Script_Start___.java:89)<br />	at Scripts.Pac_Script_.Script_Start___.test(Script_Start___.java:82)<br />	at sun.reflect.NativeMethodAccessorImpl.invoke0(Native Method)<br />	at sun.reflect.NativeMethodAccessorImpl.invoke(NativeMethodAccessorImpl.java:57)<br />	at sun.reflect.DelegatingMethodAccessorImpl.invoke(DelegatingMethodAccessorImpl.java:43)<br />	at java.lang.reflect.Method.invoke(Method.java:606)<br />	at org.junit.runners.model.FrameworkMethod$1.runReflectiveCall(FrameworkMethod.java:50)<br />	at org.junit.internal.runners.model.ReflectiveCallable.run(ReflectiveCallable.java:12)<br />	at org.junit.runners.model.FrameworkMethod.invokeExplosively(FrameworkMethod.java:47)<br />	at org.junit.internal.runners.statements.InvokeMethod.evaluate(InvokeMethod.java:17)<br />	at org.junit.internal.runners.statements.RunBefores.evaluate(RunBefores.java:26)<br />	at org.junit.internal.runners.statements.RunAfters.evaluate(RunAfters.java:27)<br />	at org.junit.runners.ParentRunner.runLeaf(ParentRunner.java:325)<br />	at org.junit.runners.BlockJUnit4ClassRunner.runChild(BlockJUnit4ClassRunner.java:78)<br />	at org.junit.runners.BlockJUnit4ClassRunner.runChild(BlockJUnit4ClassRunner.java:57)<br />	at org.junit.runners.ParentRunner$3.run(ParentRunner.java:290)<br />	at org.junit.runners.ParentRunner$1.schedule(ParentRunner.java:71)<br />	at org.junit.runners.ParentRunner.runChildren(ParentRunner.java:288)<br />	at org.junit.runners.ParentRunner.access$000(ParentRunner.java:58)<br />	at org.junit.runners.ParentRunner$2.evaluate(ParentRunner.java:268)<br />	at org.junit.internal.runners.statements.RunBefores.evaluate(RunBefores.java:26)<br />	at org.junit.internal.runners.statements.RunAfters.evaluate(RunAfters.java:27)<br />	at org.junit.runners.ParentRunner.run(ParentRunner.java:363)<br />	at org.junit.runners.Suite.runChild(Suite.java:128)<br />	at org.junit.runners.Suite.runChild(Suite.java:27)<br />	at org.junit.runners.ParentRunner$3.run(ParentRunner.java:290)<br />	at org.junit.runners.ParentRunner$1.schedule(ParentRunner.java:71)<br />	at org.junit.runners.ParentRunner.runChildren(ParentRunner.java:288)<br />	at org.junit.runners.ParentRunner.access$000(ParentRunner.java:58)<br />	at org.junit.runners.ParentRunner$2.evaluate(ParentRunner.java:268)<br />	at org.junit.runners.ParentRunner.run(ParentRunner.java:363)<br />	at org.junit.runner.JUnitCore.run(JUnitCore.java:137)<br />	at org.junit.runner.JUnitCore.run(JUnitCore.java:115)<br />	at org.junit.runner.JUnitCore.run(JUnitCore.java:105)<br />	at org.junit.runner.JUnitCore.run(JUnitCore.java:94)<br />	at core.Main.runTest(Unknown Source)<br />	at ide.Actions$ScriptManager$3.run(Unknown Source)<br />	at java.lang.Thread.run(Thread.java:745)<br />");}</script><br /><a href="https://www.vodafone.de/playground/mnp-10/mnp-main.html#/rufnummern-mitnahme-eingeloggt">Page url</a><br />Time: 24/02/2017 10:41:31.151 AM GMT+0100<br /></div></TD></TR><TR><TD align=center><div>1.1</div></TD><TD align=left><div>Web</div></TD><TD align=left><div></div></TD><TD align=left><div> </div></TD><TD align=center><div>Open</div></TD><TD align=left><div>{#Data.URL}<p1> https://www.vodafone.de/playground/mnp-10/mnp-main.html#/</p1></div></TD><TD align=center><div>0,88 sec</div></TD><TD align=center BGCOLOR=#00FF00><div>Passed</div></TD><TD align=left><div>Page (Hilfe | Rufnummer online mitnehmen - Rufnummern-Mitnahme) loaded.<br /><a href="https://www.vodafone.de/playground/mnp-10/mnp-main.html#/rufnummern-mitnahme-eingeloggt">Page url</a><br />Time: 24/02/2017 10:41:28.896 AM GMT+0100</div></TD></TR><TR><TD align=center><div>1.2</div></TD><TD align=left><div>Web</div></TD><TD align=left><div>Page1</div></TD><TD align=left><div>Link_VodafoneRufnummer_Und_Kundenkennwort </div></TD><TD align=center><div>Click</div></TD><TD align=left><div></div></TD><TD align=center><div>2,13 sec</div></TD><TD align=center BGCOLOR=red><div><a href="../Start001/Start001_24022017_104131/Step_1.2_Failed.png" target="_blank">Failed</a></div></TD><TD align=left><div class='scrol'>Failed to click on object.<br />no such element: Unable to locate element: {"method":"link text","selector":"Vodafone-Rufnummer und Kundenkennwort"}<br />  (Session info: chrome=56.0.2924.87)<br />  (Driver info: chromedriver=2.25.426923 (0390b88869384d6eb0d5d09729679f934aab9eed),platform=Windows NT 6.1.7601 SP1 x86) (WARNING: The server did not provide any stacktrace information)<br />Command duration or timeout: 2.07 seconds<br />For documentation on this error, please visit: http://seleniumhq.org/exceptions/no_such_element.html<br /><br /><a href="#" onclick="printStacktrace1_2() ">Stack Trace</a><script> function printStacktrace1_2() { var myWindow = window.open("", "_blank"); myWindow.document.write("org.openqa.selenium.NoSuchElementException: no such element: Unable to locate element: {"method":"link text","selector":"Vodafone-Rufnummer und Kundenkennwort"}<br />  (Session info: chrome=56.0.2924.87)<br />  (Driver info: chromedriver=2.25.426923 (0390b88869384d6eb0d5d09729679f934aab9eed),platform=Windows NT 6.1.7601 SP1 x86) (WARNING: The server did not provide any stacktrace information)<br />Command duration or timeout: 2.07 seconds<br />For documentation on this error, please visit: http://seleniumhq.org/exceptions/no_such_element.html<br />Build info: version: '2.50.1', revision: 'd7fc91b29de65b790abb01f3ac5f7ea2191c88a7', time: '2016-01-29 11:11:26'<br />System info: host: 'E0336237', ip: '10.207.119.82', os.name: 'Windows 7', os.arch: 'x86', os.version: '6.1', java.version: '1.7.0_67'<br />*** Element info: {Using=link text, value=Vodafone-Rufnummer und Kundenkennwort}<br />Session ID: 819836c14c848575268712352663cbad<br />Driver info: org.openqa.selenium.chrome.ChromeDriver<br />Capabilities [{platform=XP, acceptSslCerts=true, javascriptEnabled=true, browserName=chrome, chrome={userDataDir=C:\Users\SASA~1.KOS\AppData\Local\Temp\scoped_dir8448_27748, chromedriverVersion=2.25.426923 (0390b88869384d6eb0d5d09729679f934aab9eed)}, networkConnectionEnabled=false, rotatable=false, locationContextEnabled=true, mobileEmulationEnabled=false, version=56.0.2924.87, pageLoadStrategy=normal, takesHeapSnapshot=true, cssSelectorsEnabled=true, databaseEnabled=false, handlesAlerts=true, browserConnectionEnabled=false, webStorageEnabled=true, nativeEvents=true, hasTouchScreen=false, applicationCacheEnabled=false, takesScreenshot=true}]<br />	at sun.reflect.NativeConstructorAccessorImpl.newInstance0(Native Method)<br />	at sun.reflect.NativeConstructorAccessorImpl.newInstance(NativeConstructorAccessorImpl.java:57)<br />	at sun.reflect.DelegatingConstructorAccessorImpl.newInstance(DelegatingConstructorAccessorImpl.java:45)<br />	at java.lang.reflect.Constructor.newInstance(Constructor.java:526)<br />	at org.openqa.selenium.remote.ErrorHandler.createThrowable(ErrorHandler.java:206)<br />	at org.openqa.selenium.remote.ErrorHandler.throwIfResponseFailed(ErrorHandler.java:158)<br />	at org.openqa.selenium.remote.RemoteWebDriver.execute(RemoteWebDriver.java:678)<br />	at org.openqa.selenium.remote.RemoteWebDriver.findElement(RemoteWebDriver.java:363)<br />	at org.openqa.selenium.remote.RemoteWebDriver.findElementByLinkText(RemoteWebDriver.java:428)<br />	at org.openqa.selenium.By$ByLinkText.findElement(By.java:246)<br />	at org.openqa.selenium.remote.RemoteWebDriver.findElement(RemoteWebDriver.java:355)<br />	at core.selenium.targetElement.TargetElement.Find_WebElement(Unknown Source)<br />	at core.selenium.targetElement.TargetElement.<init>(Unknown Source)<br />	at core.selenium.targetElement.WebTargetElement.<init>(Unknown Source)<br />	at core.selenium.targets.WebTarget.getTargetElement(Unknown Source)<br />	at core.selenium.targetActions.WebTargetActions.click(Unknown Source)<br />	at sun.reflect.NativeMethodAccessorImpl.invoke0(Native Method)<br />	at sun.reflect.NativeMethodAccessorImpl.invoke(NativeMethodAccessorImpl.java:57)<br />	at sun.reflect.DelegatingMethodAccessorImpl.invoke(DelegatingMethodAccessorImpl.java:43)<br />	at java.lang.reflect.Method.invoke(Method.java:606)<br />	at junit.framework.TestCase.runTest(TestCase.java:176)<br />	at junit.framework.TestCase.runBare(TestCase.java:141)<br />	at junit.framework.TestResult$1.protect(TestResult.java:122)<br />	at junit.framework.TestResult.runProtected(TestResult.java:142)<br />	at junit.framework.TestResult.run(TestResult.java:125)<br />	at junit.framework.TestCase.run(TestCase.java:129)<br />	at junit.framework.TestCase.run(TestCase.java:121)<br />	at core.selenium.targetActions.TargetActions.run(Unknown Source)<br />	at core.selenium.targets.WebTarget.PreformAction(Unknown Source)<br />	at core.com.execution.TargetManager.preformAction(Unknown Source)<br />	at Scripts.Pac_Script_.Script_Start___.executeTest(Script_Start___.java:89)<br />	at Scripts.Pac_Script_.Script_Start___.test(Script_Start___.java:82)<br />	at sun.reflect.NativeMethodAccessorImpl.invoke0(Native Method)<br />	at sun.reflect.NativeMethodAccessorImpl.invoke(NativeMethodAccessorImpl.java:57)<br />	at sun.reflect.DelegatingMethodAccessorImpl.invoke(DelegatingMethodAccessorImpl.java:43)<br />	at java.lang.reflect.Method.invoke(Method.java:606)<br />	at org.junit.runners.model.FrameworkMethod$1.runReflectiveCall(FrameworkMethod.java:50)<br />	at org.junit.internal.runners.model.ReflectiveCallable.run(ReflectiveCallable.java:12)<br />	at org.junit.runners.model.FrameworkMethod.invokeExplosively(FrameworkMethod.java:47)<br />	at org.junit.internal.runners.statements.InvokeMethod.evaluate(InvokeMethod.java:17)<br />	at org.junit.internal.runners.statements.RunBefores.evaluate(RunBefores.java:26)<br />	at org.junit.internal.runners.statements.RunAfters.evaluate(RunAfters.java:27)<br />	at org.junit.runners.ParentRunner.runLeaf(ParentRunner.java:325)<br />	at org.junit.runners.BlockJUnit4ClassRunner.runChild(BlockJUnit4ClassRunner.java:78)<br />	at org.junit.runners.BlockJUnit4ClassRunner.runChild(BlockJUnit4ClassRunner.java:57)<br />	at org.junit.runners.ParentRunner$3.run(ParentRunner.java:290)<br />	at org.junit.runners.ParentRunner$1.schedule(ParentRunner.java:71)<br />	at org.junit.runners.ParentRunner.runChildren(ParentRunner.java:288)<br />	at org.junit.runners.ParentRunner.access$000(ParentRunner.java:58)<br />	at org.junit.runners.ParentRunner$2.evaluate(ParentRunner.java:268)<br />	at org.junit.internal.runners.statements.RunBefores.evaluate(RunBefores.java:26)<br />	at org.junit.internal.runners.statements.RunAfters.evaluate(RunAfters.java:27)<br />	at org.junit.runners.ParentRunner.run(ParentRunner.java:363)<br />	at org.junit.runners.Suite.runChild(Suite.java:128)<br />	at org.junit.runners.Suite.runChild(Suite.java:27)<br />	at org.junit.runners.ParentRunner$3.run(ParentRunner.java:290)<br />	at org.junit.runners.ParentRunner$1.schedule(ParentRunner.java:71)<br />	at org.junit.runners.ParentRunner.runChildren(ParentRunner.java:288)<br />	at org.junit.runners.ParentRunner.access$000(ParentRunner.java:58)<br />	at org.junit.runners.ParentRunner$2.evaluate(ParentRunner.java:268)<br />	at org.junit.runners.ParentRunner.run(ParentRunner.java:363)<br />	at org.junit.runner.JUnitCore.run(JUnitCore.java:137)<br />	at org.junit.runner.JUnitCore.run(JUnitCore.java:115)<br />	at org.junit.runner.JUnitCore.run(JUnitCore.java:105)<br />	at org.junit.runner.JUnitCore.run(JUnitCore.java:94)<br />	at core.Main.runTest(Unknown Source)<br />	at ide.Actions$ScriptManager$3.run(Unknown Source)<br />	at java.lang.Thread.run(Thread.java:745)<br />");}</script><br /><a href="https://www.vodafone.de/playground/mnp-10/mnp-main.html#/rufnummern-mitnahme-eingeloggt">Page url</a><br />Time: 24/02/2017 10:41:31.151 AM GMT+0100</div></TD></TR><TR><TD align=center><div>1.3</div></TD><TD align=left><div>Web</div></TD><TD align=left><div>Page1</div></TD><TD align=left><div>MSISDN </div></TD><TD align=center><div>Type</div></TD><TD align=left><div>015200488839<p1> </p1></div></TD><TD align=center><div>0 sec</div></TD><TD align=center BGCOLOR=white><div>Not Executed</div></TD><TD align=left><div></div></TD></TR><TR><TD align=center><div>1.4</div></TD><TD align=left><div>Web</div></TD><TD align=left><div>Page1</div></TD><TD align=left><div>Password </div></TD><TD align=center><div>Type</div></TD><TD align=left><div>digital<p1> </p1></div></TD><TD align=center><div>0 sec</div></TD><TD align=center BGCOLOR=white><div>Not Executed</div></TD><TD align=left><div></div></TD></TR><TR><TD align=center><div>1.5</div></TD><TD align=left><div>Web</div></TD><TD align=left><div>Page1</div></TD><TD align=left><div>Link_Anmelden </div></TD><TD align=center><div>Click</div></TD><TD align=left><div></div></TD><TD align=center><div>0 sec</div></TD><TD align=center BGCOLOR=white><div>Not Executed</div></TD><TD align=left><div></div></TD></TR><TR><TD align=center><div>1.6</div></TD><TD align=left><div>Web</div></TD><TD align=left><div>Page1</div></TD><TD align=left><div>Link_Jetzt_Rufnummern_Mitnahme_Starten </div></TD><TD align=center><div>Wait For Exist</div></TD><TD align=left><div>30<p1> </p1></div></TD><TD align=center><div>0 sec</div></TD><TD align=center BGCOLOR=white><div>Not Executed</div></TD><TD align=left><div></div></TD></TR><TR><TD align=center><div>1.7</div></TD><TD align=left><div>Web</div></TD><TD align=left><div>Page1</div></TD><TD align=left><div>Link_Jetzt_Rufnummern_Mitnahme_Starten </div></TD><TD align=center><div>Click</div></TD><TD align=left><div></div></TD><TD align=center><div>0 sec</div></TD><TD align=center BGCOLOR=white><div>Not Executed</div></TD><TD align=left><div></div></TD></TR></TABLE></body></html>