(09:59:58.643) - Info: UIMap file C:/Projekte/Testautomation/temp/vvl_consumer_ols/Sascha_Heiko/UIMap.xls loaded with 1 sheets in 2 mSec
(09:59:58.658) - Info: Testscript (TC001) loaded with 1 step
(09:59:58.660) - Info: Testscript file (C:/Projekte/Testautomation/temp/vvl_consumer_ols/Sascha_Heiko/Scripts/Script1.xls) loaded with 1 script in 12 mSec
(10:00:16.891) - Info: Chrome config loaded.
Chrome
Cabability: platform=ANY
Cabability: acceptSslCerts=true
Cabability: javascriptEnabled=true
Cabability: elementScrollBehavior=1
Cabability: browserName=chrome
Cabability: rotatable=false
Cabability: unexpectedAlertBehaviour=ignore
Cabability: locationContextEnabled=true
Cabability: chromeOptions=org.openqa.selenium.chrome.ChromeOptions@54a78c0d
Cabability: version=
Cabability: databaseEnabled=true
Cabability: browserConnectionEnabled=true
Cabability: nativeEvents=false
Cabability: webStorageEnabled=true
Cabability: proxy={proxyType=SYSTEM, autodetect=false, ftpProxy=null, httpProxy=null, noProxy=null, sslProxy=null, socksProxy=null, socksUsername=null, socksPassword=null, proxyAutoconfigUrl=null}
Cabability: webdriver.remote.quietExceptions=false
Cabability: applicationCacheEnabled=true
Config: auto_select_window=false
Config: auto_maxmize=false
Config: timeout_page=120000
Config: timeout_find=2000
Config: timeout_jscript=500
Config: timeout_ajax=20000
Config: mobileEmulation=false
Starting ChromeDriver 2.25.426923 (0390b88869384d6eb0d5d09729679f934aab9eed) on port 20088
Only local connections are allowed.
(10:00:19.692) - Info: Browser opened
 - Script1 , TC001 , Test Name , true , 1 , []
 - Script1 , TC001 , Test Name , true , 1 , []

******************** Starting test script execution ********************
Activity: Script1
Test script Id: TC001
Test script Name: Test Name
Test script Description: Test Description
Number of steps: 1
(10:00:41.476) - Info: Browser is open
1) ,  , () , Open , https://www.vodafone.de/playground/mnp-10/mnp-main.html#/shopLogin() , true , false
Status: Passed - Execution time: 1528
Result: Page () loaded.
<a href="data:,">Page url</a>
Time: 24/02/2017 10:00:43.037 AM GMT+0100


Status: Passed
Coverage: 100.0 %
Execution Time: 1722 mSec

******************** Test script execution end ********************
(10:00:43.076) - Info: <a href="file:/C:/Projekte/Testautomation/temp/vvl_consumer_ols/Sascha_Heiko/Results/TC001/TC001_24022017_100043.html" target="_blank">Link</a>
(10:02:55.161) - Info: Capture
(10:02:55.268) - Info: 0 object found
(10:02:55.360) - Info: 0 objects loaded.
(10:03:29.534) - Info: Capture
(10:03:29.619) - Info: 0 object found
(10:03:29.645) - Info: 0 objects loaded.
(10:03:47.234) - Info: Object (MSISDN) added to page (Page1)
(10:03:47.538) - Info: Add row ([MSISDN, Xpath, , Textbox, 24/02/17 10:03:47:233 - Added (MSISDN)]) to sheet (Page1)
(10:03:47.569) - Warning: Missing object identification for object MSISDN
(10:03:56.213) - Info: Capture
(10:03:56.312) - Info: 0 object found
(10:03:56.332) - Info: 0 objects loaded.
(10:04:07.279) - Info: Object (Password) added to page (Page1)
(10:04:07.285) - Info: Add row ([Password, Xpath, , Textbox, 24/02/17 10:04:07:278 - Added (Password)]) to sheet (Page1)
(10:04:07.338) - Warning: Missing object identification for object Password
(10:04:33.553) - Warning: Missing object identification for object MSISDN
(10:05:38.000) - Info: Add step (1)
(10:05:38.063) - Info: Add row ([=ROW()-5, Web, Page1, MSISDN, , Type, 15200488839, Yes, No, ]) to sheet (TC001)
(10:05:53.134) - Warning: Missing object identification for object Password
(10:06:05.581) - Info: Add step (2)
(10:06:05.595) - Info: Add row ([=ROW()-5, Web, Page1, Password, , Type, digital, Yes, No, ]) to sheet (TC001)
 - Script1 , TC001 , Test Name , true , 1 , []
 - Script1 , TC001 , Test Name , true , 1 , []

******************** Starting test script execution ********************
Activity: Script1
Test script Id: TC001
Test script Name: Test Name
Test script Description: Test Description
Number of steps: 3
(10:06:15.156) - Info: Browser is open
1) ,  , () , Open , https://www.vodafone.de/playground/mnp-10/mnp-main.html#/shopLogin(https://www.vodafone.de/playground/mnp-10/mnp-main.html#/shopLogin) , true , false
Status: Passed - Execution time: 4074
Result: Page (Hilfe | Rufnummer online mitnehmen - Rufnummern-Mitnahme) loaded.
<a href="https://www.vodafone.de/playground/mnp-10/mnp-main.html#/shopLogin">Page url</a>
Time: 24/02/2017 10:06:19.242 AM GMT+0100
(10:06:19.280) - Info: Browser is open
=ROW()-5) Page1, MSISDN , () , Type , 15200488839() , true , false
(10:06:19.372) - Error: Failed to write (15200488839) in Object.
org.openqa.selenium.InvalidSelectorException: invalid selector: Unable to locate an element with the xpath expression  because of the following error:
SyntaxError: Failed to execute 'evaluate' on 'Document': The string '' is not a valid XPath expression.
  (Session info: chrome=56.0.2924.87)
  (Driver info: chromedriver=2.25.426923 (0390b88869384d6eb0d5d09729679f934aab9eed),platform=Windows NT 6.1.7601 SP1 x86) (WARNING: The server did not provide any stacktrace information)
Command duration or timeout: 42 milliseconds
For documentation on this error, please visit: http://seleniumhq.org/exceptions/invalid_selector_exception.html
Build info: version: '2.50.1', revision: 'd7fc91b29de65b790abb01f3ac5f7ea2191c88a7', time: '2016-01-29 11:11:26'
System info: host: 'E0336237', ip: '10.207.119.82', os.name: 'Windows 7', os.arch: 'x86', os.version: '6.1', java.version: '1.7.0_67'
*** Element info: {Using=xpath, value=}
Session ID: 9596a47de1b3c6b1c9e2f58edbfea33d
Driver info: org.openqa.selenium.chrome.ChromeDriver
Capabilities [{platform=XP, acceptSslCerts=true, javascriptEnabled=true, browserName=chrome, chrome={userDataDir=C:\Users\SASA~1.KOS\AppData\Local\Temp\scoped_dir5128_738, chromedriverVersion=2.25.426923 (0390b88869384d6eb0d5d09729679f934aab9eed)}, networkConnectionEnabled=false, rotatable=false, locationContextEnabled=true, mobileEmulationEnabled=false, version=56.0.2924.87, pageLoadStrategy=normal, takesHeapSnapshot=true, cssSelectorsEnabled=true, databaseEnabled=false, handlesAlerts=true, browserConnectionEnabled=false, webStorageEnabled=true, nativeEvents=true, hasTouchScreen=false, applicationCacheEnabled=false, takesScreenshot=true}]
	at sun.reflect.NativeConstructorAccessorImpl.newInstance0(Native Method)
	at sun.reflect.NativeConstructorAccessorImpl.newInstance(NativeConstructorAccessorImpl.java:57)
	at sun.reflect.DelegatingConstructorAccessorImpl.newInstance(DelegatingConstructorAccessorImpl.java:45)
	at java.lang.reflect.Constructor.newInstance(Constructor.java:526)
	at org.openqa.selenium.remote.ErrorHandler.createThrowable(ErrorHandler.java:206)
	at org.openqa.selenium.remote.ErrorHandler.throwIfResponseFailed(ErrorHandler.java:158)
	at org.openqa.selenium.remote.RemoteWebDriver.execute(RemoteWebDriver.java:678)
	at org.openqa.selenium.remote.RemoteWebDriver.findElement(RemoteWebDriver.java:363)
	at org.openqa.selenium.remote.RemoteWebDriver.findElementByXPath(RemoteWebDriver.java:500)
	at org.openqa.selenium.By$ByXPath.findElement(By.java:361)
	at org.openqa.selenium.remote.RemoteWebDriver.findElement(RemoteWebDriver.java:355)
	at core.selenium.targetElement.TargetElement.Find_WebElement(Unknown Source)
	at core.selenium.targetElement.TargetElement.<init>(Unknown Source)
	at core.selenium.targetElement.WebTargetElement.<init>(Unknown Source)
	at core.selenium.targets.WebTarget.getTargetElement(Unknown Source)
	at core.selenium.targetActions.WebTargetActions.type(Unknown Source)
	at sun.reflect.NativeMethodAccessorImpl.invoke0(Native Method)
	at sun.reflect.NativeMethodAccessorImpl.invoke(NativeMethodAccessorImpl.java:57)
	at sun.reflect.DelegatingMethodAccessorImpl.invoke(DelegatingMethodAccessorImpl.java:43)
	at java.lang.reflect.Method.invoke(Method.java:606)
	at junit.framework.TestCase.runTest(TestCase.java:176)
	at junit.framework.TestCase.runBare(TestCase.java:141)
	at junit.framework.TestResult$1.protect(TestResult.java:122)
	at junit.framework.TestResult.runProtected(TestResult.java:142)
	at junit.framework.TestResult.run(TestResult.java:125)
	at junit.framework.TestCase.run(TestCase.java:129)
	at junit.framework.TestCase.run(TestCase.java:121)
	at core.selenium.targetActions.TargetActions.run(Unknown Source)
	at core.selenium.targets.WebTarget.PreformAction(Unknown Source)
	at core.com.execution.TargetManager.preformAction(Unknown Source)
	at Scripts.Pac_Script_.Script_Test_Name.executeTest(Script_Test_Name.java:88)
	at Scripts.Pac_Script_.Script_Test_Name.test(Script_Test_Name.java:82)
	at sun.reflect.NativeMethodAccessorImpl.invoke0(Native Method)
	at sun.reflect.NativeMethodAccessorImpl.invoke(NativeMethodAccessorImpl.java:57)
	at sun.reflect.DelegatingMethodAccessorImpl.invoke(DelegatingMethodAccessorImpl.java:43)
	at java.lang.reflect.Method.invoke(Method.java:606)
	at org.junit.runners.model.FrameworkMethod$1.runReflectiveCall(FrameworkMethod.java:50)
	at org.junit.internal.runners.model.ReflectiveCallable.run(ReflectiveCallable.java:12)
	at org.junit.runners.model.FrameworkMethod.invokeExplosively(FrameworkMethod.java:47)
	at org.junit.internal.runners.statements.InvokeMethod.evaluate(InvokeMethod.java:17)
	at org.junit.internal.runners.statements.RunBefores.evaluate(RunBefores.java:26)
	at org.junit.internal.runners.statements.RunAfters.evaluate(RunAfters.java:27)
	at org.junit.runners.ParentRunner.runLeaf(ParentRunner.java:325)
	at org.junit.runners.BlockJUnit4ClassRunner.runChild(BlockJUnit4ClassRunner.java:78)
	at org.junit.runners.BlockJUnit4ClassRunner.runChild(BlockJUnit4ClassRunner.java:57)
	at org.junit.runners.ParentRunner$3.run(ParentRunner.java:290)
	at org.junit.runners.ParentRunner$1.schedule(ParentRunner.java:71)
	at org.junit.runners.ParentRunner.runChildren(ParentRunner.java:288)
	at org.junit.runners.ParentRunner.access$000(ParentRunner.java:58)
	at org.junit.runners.ParentRunner$2.evaluate(ParentRunner.java:268)
	at org.junit.internal.runners.statements.RunBefores.evaluate(RunBefores.java:26)
	at org.junit.internal.runners.statements.RunAfters.evaluate(RunAfters.java:27)
	at org.junit.runners.ParentRunner.run(ParentRunner.java:363)
	at org.junit.runners.Suite.runChild(Suite.java:128)
	at org.junit.runners.Suite.runChild(Suite.java:27)
	at org.junit.runners.ParentRunner$3.run(ParentRunner.java:290)
	at org.junit.runners.ParentRunner$1.schedule(ParentRunner.java:71)
	at org.junit.runners.ParentRunner.runChildren(ParentRunner.java:288)
	at org.junit.runners.ParentRunner.access$000(ParentRunner.java:58)
	at org.junit.runners.ParentRunner$2.evaluate(ParentRunner.java:268)
	at org.junit.runners.ParentRunner.run(ParentRunner.java:363)
	at org.junit.runner.JUnitCore.run(JUnitCore.java:137)
	at org.junit.runner.JUnitCore.run(JUnitCore.java:115)
	at org.junit.runner.JUnitCore.run(JUnitCore.java:105)
	at org.junit.runner.JUnitCore.run(JUnitCore.java:94)
	at core.Main.runTest(Unknown Source)
	at ide.Actions$ScriptManager$3.run(Unknown Source)
	at java.lang.Thread.run(Thread.java:745)
Status: Failed - Execution time: 154
Result: Failed to write (15200488839) in Object.
invalid selector: Unable to locate an element with the xpath expression  because of the following error:
SyntaxError: Failed to execute 'evaluate' on 'Document': The string '' is not a valid XPath expression.
  (Session info: chrome=56.0.2924.87)
  (Driver info: chromedriver=2.25.426923 (0390b88869384d6eb0d5d09729679f934aab9eed),platform=Windows NT 6.1.7601 SP1 x86) (WARNING: The server did not provide any stacktrace information)
Command duration or timeout: 42 milliseconds
For documentation on this error, please visit: http://seleniumhq.org/exceptions/invalid_selector_exception.html

<a href="#" onclick="printStacktrace=ROW()-5() ">Stack Trace</a><script> function printStacktrace=ROW()-5() { var myWindow = window.open("", "_blank"); myWindow.document.write("org.openqa.selenium.InvalidSelectorException: invalid selector: Unable to locate an element with the xpath expression  because of the following error:
SyntaxError: Failed to execute 'evaluate' on 'Document': The string '' is not a valid XPath expression.
  (Session info: chrome=56.0.2924.87)
  (Driver info: chromedriver=2.25.426923 (0390b88869384d6eb0d5d09729679f934aab9eed),platform=Windows NT 6.1.7601 SP1 x86) (WARNING: The server did not provide any stacktrace information)
Command duration or timeout: 42 milliseconds
For documentation on this error, please visit: http://seleniumhq.org/exceptions/invalid_selector_exception.html
Build info: version: '2.50.1', revision: 'd7fc91b29de65b790abb01f3ac5f7ea2191c88a7', time: '2016-01-29 11:11:26'
System info: host: 'E0336237', ip: '10.207.119.82', os.name: 'Windows 7', os.arch: 'x86', os.version: '6.1', java.version: '1.7.0_67'
*** Element info: {Using=xpath, value=}
Session ID: 9596a47de1b3c6b1c9e2f58edbfea33d
Driver info: org.openqa.selenium.chrome.ChromeDriver
Capabilities [{platform=XP, acceptSslCerts=true, javascriptEnabled=true, browserName=chrome, chrome={userDataDir=C:\Users\SASA~1.KOS\AppData\Local\Temp\scoped_dir5128_738, chromedriverVersion=2.25.426923 (0390b88869384d6eb0d5d09729679f934aab9eed)}, networkConnectionEnabled=false, rotatable=false, locationContextEnabled=true, mobileEmulationEnabled=false, version=56.0.2924.87, pageLoadStrategy=normal, takesHeapSnapshot=true, cssSelectorsEnabled=true, databaseEnabled=false, handlesAlerts=true, browserConnectionEnabled=false, webStorageEnabled=true, nativeEvents=true, hasTouchScreen=false, applicationCacheEnabled=false, takesScreenshot=true}]
	at sun.reflect.NativeConstructorAccessorImpl.newInstance0(Native Method)
	at sun.reflect.NativeConstructorAccessorImpl.newInstance(NativeConstructorAccessorImpl.java:57)
	at sun.reflect.DelegatingConstructorAccessorImpl.newInstance(DelegatingConstructorAccessorImpl.java:45)
	at java.lang.reflect.Constructor.newInstance(Constructor.java:526)
	at org.openqa.selenium.remote.ErrorHandler.createThrowable(ErrorHandler.java:206)
	at org.openqa.selenium.remote.ErrorHandler.throwIfResponseFailed(ErrorHandler.java:158)
	at org.openqa.selenium.remote.RemoteWebDriver.execute(RemoteWebDriver.java:678)
	at org.openqa.selenium.remote.RemoteWebDriver.findElement(RemoteWebDriver.java:363)
	at org.openqa.selenium.remote.RemoteWebDriver.findElementByXPath(RemoteWebDriver.java:500)
	at org.openqa.selenium.By$ByXPath.findElement(By.java:361)
	at org.openqa.selenium.remote.RemoteWebDriver.findElement(RemoteWebDriver.java:355)
	at core.selenium.targetElement.TargetElement.Find_WebElement(Unknown Source)
	at core.selenium.targetElement.TargetElement.<init>(Unknown Source)
	at core.selenium.targetElement.WebTargetElement.<init>(Unknown Source)
	at core.selenium.targets.WebTarget.getTargetElement(Unknown Source)
	at core.selenium.targetActions.WebTargetActions.type(Unknown Source)
	at sun.reflect.NativeMethodAccessorImpl.invoke0(Native Method)
	at sun.reflect.NativeMethodAccessorImpl.invoke(NativeMethodAccessorImpl.java:57)
	at sun.reflect.DelegatingMethodAccessorImpl.invoke(DelegatingMethodAccessorImpl.java:43)
	at java.lang.reflect.Method.invoke(Method.java:606)
	at junit.framework.TestCase.runTest(TestCase.java:176)
	at junit.framework.TestCase.runBare(TestCase.java:141)
	at junit.framework.TestResult$1.protect(TestResult.java:122)
	at junit.framework.TestResult.runProtected(TestResult.java:142)
	at junit.framework.TestResult.run(TestResult.java:125)
	at junit.framework.TestCase.run(TestCase.java:129)
	at junit.framework.TestCase.run(TestCase.java:121)
	at core.selenium.targetActions.TargetActions.run(Unknown Source)
	at core.selenium.targets.WebTarget.PreformAction(Unknown Source)
	at core.com.execution.TargetManager.preformAction(Unknown Source)
	at Scripts.Pac_Script_.Script_Test_Name.executeTest(Script_Test_Name.java:88)
	at Scripts.Pac_Script_.Script_Test_Name.test(Script_Test_Name.java:82)
	at sun.reflect.NativeMethodAccessorImpl.invoke0(Native Method)
	at sun.reflect.NativeMethodAccessorImpl.invoke(NativeMethodAccessorImpl.java:57)
	at sun.reflect.DelegatingMethodAccessorImpl.invoke(DelegatingMethodAccessorImpl.java:43)
	at java.lang.reflect.Method.invoke(Method.java:606)
	at org.junit.runners.model.FrameworkMethod$1.runReflectiveCall(FrameworkMethod.java:50)
	at org.junit.internal.runners.model.ReflectiveCallable.run(ReflectiveCallable.java:12)
	at org.junit.runners.model.FrameworkMethod.invokeExplosively(FrameworkMethod.java:47)
	at org.junit.internal.runners.statements.InvokeMethod.evaluate(InvokeMethod.java:17)
	at org.junit.internal.runners.statements.RunBefores.evaluate(RunBefores.java:26)
	at org.junit.internal.runners.statements.RunAfters.evaluate(RunAfters.java:27)
	at org.junit.runners.ParentRunner.runLeaf(ParentRunner.java:325)
	at org.junit.runners.BlockJUnit4ClassRunner.runChild(BlockJUnit4ClassRunner.java:78)
	at org.junit.runners.BlockJUnit4ClassRunner.runChild(BlockJUnit4ClassRunner.java:57)
	at org.junit.runners.ParentRunner$3.run(ParentRunner.java:290)
	at org.junit.runners.ParentRunner$1.schedule(ParentRunner.java:71)
	at org.junit.runners.ParentRunner.runChildren(ParentRunner.java:288)
	at org.junit.runners.ParentRunner.access$000(ParentRunner.java:58)
	at org.junit.runners.ParentRunner$2.evaluate(ParentRunner.java:268)
	at org.junit.internal.runners.statements.RunBefores.evaluate(RunBefores.java:26)
	at org.junit.internal.runners.statements.RunAfters.evaluate(RunAfters.java:27)
	at org.junit.runners.ParentRunner.run(ParentRunner.java:363)
	at org.junit.runners.Suite.runChild(Suite.java:128)
	at org.junit.runners.Suite.runChild(Suite.java:27)
	at org.junit.runners.ParentRunner$3.run(ParentRunner.java:290)
	at org.junit.runners.ParentRunner$1.schedule(ParentRunner.java:71)
	at org.junit.runners.ParentRunner.runChildren(ParentRunner.java:288)
	at org.junit.runners.ParentRunner.access$000(ParentRunner.java:58)
	at org.junit.runners.ParentRunner$2.evaluate(ParentRunner.java:268)
	at org.junit.runners.ParentRunner.run(ParentRunner.java:363)
	at org.junit.runner.JUnitCore.run(JUnitCore.java:137)
	at org.junit.runner.JUnitCore.run(JUnitCore.java:115)
	at org.junit.runner.JUnitCore.run(JUnitCore.java:105)
	at org.junit.runner.JUnitCore.run(JUnitCore.java:94)
	at core.Main.runTest(Unknown Source)
	at ide.Actions$ScriptManager$3.run(Unknown Source)
	at java.lang.Thread.run(Thread.java:745)
");}</script>
<a href="https://www.vodafone.de/playground/mnp-10/mnp-main.html#/shopLogin">Page url</a>
Time: 24/02/2017 10:06:19.441 AM GMT+0100


Status: Failed
Coverage: 66.66 %
Execution Time: 4859 mSec

******************** Test script execution end ********************
(10:06:19.976) - Info: <a href="file:/C:/Projekte/Testautomation/temp/vvl_consumer_ols/Sascha_Heiko/Results/TC001/TC001_24022017_100619.html" target="_blank">Link</a>
(10:06:32.526) - Info: Map file C:/Projekte/Testautomation/temp/vvl_consumer_ols/Sascha_Heiko/UIMap.xls saved
(10:06:32.530) - Info: UIMap file C:/Projekte/Testautomation/temp/vvl_consumer_ols/Sascha_Heiko/UIMap.xls loaded with 1 sheets in 3 mSec
(10:06:32.593) - Warning: Missing object identification for object Password
(10:06:32.633) - Info: Script file C:/Projekte/Testautomation/temp/vvl_consumer_ols/Sascha_Heiko/Scripts/Script1.xls saved
(10:06:32.641) - Info: Testscript (TC001) loaded with 3 step
(10:06:32.642) - Info: Testscript file (C:/Projekte/Testautomation/temp/vvl_consumer_ols/Sascha_Heiko/Scripts/Script1.xls) loaded with 1 script in 7 mSec
 - Script1 , TC001 , Test Name , true , 1 , []
 - Script1 , TC001 , Test Name , true , 1 , []

******************** Starting test script execution ********************
Activity: Script1
Test script Id: TC001
Test script Name: Test Name
Test script Description: Test Description
Number of steps: 3
(10:06:45.865) - Info: Browser is open
1) ,  , () , Open , https://www.vodafone.de/playground/mnp-10/mnp-main.html#/shopLogin() , true , false
Status: Passed - Execution time: 3537
Result: Page (Hilfe | Rufnummer online mitnehmen - Rufnummern-Mitnahme) loaded.
<a href="https://www.vodafone.de/playground/mnp-10/mnp-main.html#/shopLogin">Page url</a>
Time: 24/02/2017 10:06:49.404 AM GMT+0100
(10:06:49.548) - Info: Browser is open
2) Page1, MSISDN , () , Type , 15200488839() , true , false
(10:06:49.616) - Error: Failed to write (15200488839) in Object.
org.openqa.selenium.InvalidSelectorException: invalid selector: Unable to locate an element with the xpath expression  because of the following error:
SyntaxError: Failed to execute 'evaluate' on 'Document': The string '' is not a valid XPath expression.
  (Session info: chrome=56.0.2924.87)
  (Driver info: chromedriver=2.25.426923 (0390b88869384d6eb0d5d09729679f934aab9eed),platform=Windows NT 6.1.7601 SP1 x86) (WARNING: The server did not provide any stacktrace information)
Command duration or timeout: 45 milliseconds
For documentation on this error, please visit: http://seleniumhq.org/exceptions/invalid_selector_exception.html
Build info: version: '2.50.1', revision: 'd7fc91b29de65b790abb01f3ac5f7ea2191c88a7', time: '2016-01-29 11:11:26'
System info: host: 'E0336237', ip: '10.207.119.82', os.name: 'Windows 7', os.arch: 'x86', os.version: '6.1', java.version: '1.7.0_67'
*** Element info: {Using=xpath, value=}
Session ID: 9596a47de1b3c6b1c9e2f58edbfea33d
Driver info: org.openqa.selenium.chrome.ChromeDriver
Capabilities [{platform=XP, acceptSslCerts=true, javascriptEnabled=true, browserName=chrome, chrome={userDataDir=C:\Users\SASA~1.KOS\AppData\Local\Temp\scoped_dir5128_738, chromedriverVersion=2.25.426923 (0390b88869384d6eb0d5d09729679f934aab9eed)}, networkConnectionEnabled=false, rotatable=false, locationContextEnabled=true, mobileEmulationEnabled=false, version=56.0.2924.87, pageLoadStrategy=normal, takesHeapSnapshot=true, cssSelectorsEnabled=true, databaseEnabled=false, handlesAlerts=true, browserConnectionEnabled=false, webStorageEnabled=true, nativeEvents=true, hasTouchScreen=false, applicationCacheEnabled=false, takesScreenshot=true}]
	at sun.reflect.NativeConstructorAccessorImpl.newInstance0(Native Method)
	at sun.reflect.NativeConstructorAccessorImpl.newInstance(NativeConstructorAccessorImpl.java:57)
	at sun.reflect.DelegatingConstructorAccessorImpl.newInstance(DelegatingConstructorAccessorImpl.java:45)
	at java.lang.reflect.Constructor.newInstance(Constructor.java:526)
	at org.openqa.selenium.remote.ErrorHandler.createThrowable(ErrorHandler.java:206)
	at org.openqa.selenium.remote.ErrorHandler.throwIfResponseFailed(ErrorHandler.java:158)
	at org.openqa.selenium.remote.RemoteWebDriver.execute(RemoteWebDriver.java:678)
	at org.openqa.selenium.remote.RemoteWebDriver.findElement(RemoteWebDriver.java:363)
	at org.openqa.selenium.remote.RemoteWebDriver.findElementByXPath(RemoteWebDriver.java:500)
	at org.openqa.selenium.By$ByXPath.findElement(By.java:361)
	at org.openqa.selenium.remote.RemoteWebDriver.findElement(RemoteWebDriver.java:355)
	at core.selenium.targetElement.TargetElement.Find_WebElement(Unknown Source)
	at core.selenium.targetElement.TargetElement.<init>(Unknown Source)
	at core.selenium.targetElement.WebTargetElement.<init>(Unknown Source)
	at core.selenium.targets.WebTarget.getTargetElement(Unknown Source)
	at core.selenium.targetActions.WebTargetActions.type(Unknown Source)
	at sun.reflect.NativeMethodAccessorImpl.invoke0(Native Method)
	at sun.reflect.NativeMethodAccessorImpl.invoke(NativeMethodAccessorImpl.java:57)
	at sun.reflect.DelegatingMethodAccessorImpl.invoke(DelegatingMethodAccessorImpl.java:43)
	at java.lang.reflect.Method.invoke(Method.java:606)
	at junit.framework.TestCase.runTest(TestCase.java:176)
	at junit.framework.TestCase.runBare(TestCase.java:141)
	at junit.framework.TestResult$1.protect(TestResult.java:122)
	at junit.framework.TestResult.runProtected(TestResult.java:142)
	at junit.framework.TestResult.run(TestResult.java:125)
	at junit.framework.TestCase.run(TestCase.java:129)
	at junit.framework.TestCase.run(TestCase.java:121)
	at core.selenium.targetActions.TargetActions.run(Unknown Source)
	at core.selenium.targets.WebTarget.PreformAction(Unknown Source)
	at core.com.execution.TargetManager.preformAction(Unknown Source)
	at Scripts.Pac_Script_.Script_Test_Name.executeTest(Script_Test_Name.java:88)
	at Scripts.Pac_Script_.Script_Test_Name.test(Script_Test_Name.java:82)
	at sun.reflect.NativeMethodAccessorImpl.invoke0(Native Method)
	at sun.reflect.NativeMethodAccessorImpl.invoke(NativeMethodAccessorImpl.java:57)
	at sun.reflect.DelegatingMethodAccessorImpl.invoke(DelegatingMethodAccessorImpl.java:43)
	at java.lang.reflect.Method.invoke(Method.java:606)
	at org.junit.runners.model.FrameworkMethod$1.runReflectiveCall(FrameworkMethod.java:50)
	at org.junit.internal.runners.model.ReflectiveCallable.run(ReflectiveCallable.java:12)
	at org.junit.runners.model.FrameworkMethod.invokeExplosively(FrameworkMethod.java:47)
	at org.junit.internal.runners.statements.InvokeMethod.evaluate(InvokeMethod.java:17)
	at org.junit.internal.runners.statements.RunBefores.evaluate(RunBefores.java:26)
	at org.junit.internal.runners.statements.RunAfters.evaluate(RunAfters.java:27)
	at org.junit.runners.ParentRunner.runLeaf(ParentRunner.java:325)
	at org.junit.runners.BlockJUnit4ClassRunner.runChild(BlockJUnit4ClassRunner.java:78)
	at org.junit.runners.BlockJUnit4ClassRunner.runChild(BlockJUnit4ClassRunner.java:57)
	at org.junit.runners.ParentRunner$3.run(ParentRunner.java:290)
	at org.junit.runners.ParentRunner$1.schedule(ParentRunner.java:71)
	at org.junit.runners.ParentRunner.runChildren(ParentRunner.java:288)
	at org.junit.runners.ParentRunner.access$000(ParentRunner.java:58)
	at org.junit.runners.ParentRunner$2.evaluate(ParentRunner.java:268)
	at org.junit.internal.runners.statements.RunBefores.evaluate(RunBefores.java:26)
	at org.junit.internal.runners.statements.RunAfters.evaluate(RunAfters.java:27)
	at org.junit.runners.ParentRunner.run(ParentRunner.java:363)
	at org.junit.runners.Suite.runChild(Suite.java:128)
	at org.junit.runners.Suite.runChild(Suite.java:27)
	at org.junit.runners.ParentRunner$3.run(ParentRunner.java:290)
	at org.junit.runners.ParentRunner$1.schedule(ParentRunner.java:71)
	at org.junit.runners.ParentRunner.runChildren(ParentRunner.java:288)
	at org.junit.runners.ParentRunner.access$000(ParentRunner.java:58)
	at org.junit.runners.ParentRunner$2.evaluate(ParentRunner.java:268)
	at org.junit.runners.ParentRunner.run(ParentRunner.java:363)
	at org.junit.runner.JUnitCore.run(JUnitCore.java:137)
	at org.junit.runner.JUnitCore.run(JUnitCore.java:115)
	at org.junit.runner.JUnitCore.run(JUnitCore.java:105)
	at org.junit.runner.JUnitCore.run(JUnitCore.java:94)
	at core.Main.runTest(Unknown Source)
	at ide.Actions$ScriptManager$3.run(Unknown Source)
	at java.lang.Thread.run(Thread.java:745)
Status: Failed - Execution time: 96
Result: Failed to write (15200488839) in Object.
invalid selector: Unable to locate an element with the xpath expression  because of the following error:
SyntaxError: Failed to execute 'evaluate' on 'Document': The string '' is not a valid XPath expression.
  (Session info: chrome=56.0.2924.87)
  (Driver info: chromedriver=2.25.426923 (0390b88869384d6eb0d5d09729679f934aab9eed),platform=Windows NT 6.1.7601 SP1 x86) (WARNING: The server did not provide any stacktrace information)
Command duration or timeout: 45 milliseconds
For documentation on this error, please visit: http://seleniumhq.org/exceptions/invalid_selector_exception.html

<a href="#" onclick="printStacktrace2() ">Stack Trace</a><script> function printStacktrace2() { var myWindow = window.open("", "_blank"); myWindow.document.write("org.openqa.selenium.InvalidSelectorException: invalid selector: Unable to locate an element with the xpath expression  because of the following error:
SyntaxError: Failed to execute 'evaluate' on 'Document': The string '' is not a valid XPath expression.
  (Session info: chrome=56.0.2924.87)
  (Driver info: chromedriver=2.25.426923 (0390b88869384d6eb0d5d09729679f934aab9eed),platform=Windows NT 6.1.7601 SP1 x86) (WARNING: The server did not provide any stacktrace information)
Command duration or timeout: 45 milliseconds
For documentation on this error, please visit: http://seleniumhq.org/exceptions/invalid_selector_exception.html
Build info: version: '2.50.1', revision: 'd7fc91b29de65b790abb01f3ac5f7ea2191c88a7', time: '2016-01-29 11:11:26'
System info: host: 'E0336237', ip: '10.207.119.82', os.name: 'Windows 7', os.arch: 'x86', os.version: '6.1', java.version: '1.7.0_67'
*** Element info: {Using=xpath, value=}
Session ID: 9596a47de1b3c6b1c9e2f58edbfea33d
Driver info: org.openqa.selenium.chrome.ChromeDriver
Capabilities [{platform=XP, acceptSslCerts=true, javascriptEnabled=true, browserName=chrome, chrome={userDataDir=C:\Users\SASA~1.KOS\AppData\Local\Temp\scoped_dir5128_738, chromedriverVersion=2.25.426923 (0390b88869384d6eb0d5d09729679f934aab9eed)}, networkConnectionEnabled=false, rotatable=false, locationContextEnabled=true, mobileEmulationEnabled=false, version=56.0.2924.87, pageLoadStrategy=normal, takesHeapSnapshot=true, cssSelectorsEnabled=true, databaseEnabled=false, handlesAlerts=true, browserConnectionEnabled=false, webStorageEnabled=true, nativeEvents=true, hasTouchScreen=false, applicationCacheEnabled=false, takesScreenshot=true}]
	at sun.reflect.NativeConstructorAccessorImpl.newInstance0(Native Method)
	at sun.reflect.NativeConstructorAccessorImpl.newInstance(NativeConstructorAccessorImpl.java:57)
	at sun.reflect.DelegatingConstructorAccessorImpl.newInstance(DelegatingConstructorAccessorImpl.java:45)
	at java.lang.reflect.Constructor.newInstance(Constructor.java:526)
	at org.openqa.selenium.remote.ErrorHandler.createThrowable(ErrorHandler.java:206)
	at org.openqa.selenium.remote.ErrorHandler.throwIfResponseFailed(ErrorHandler.java:158)
	at org.openqa.selenium.remote.RemoteWebDriver.execute(RemoteWebDriver.java:678)
	at org.openqa.selenium.remote.RemoteWebDriver.findElement(RemoteWebDriver.java:363)
	at org.openqa.selenium.remote.RemoteWebDriver.findElementByXPath(RemoteWebDriver.java:500)
	at org.openqa.selenium.By$ByXPath.findElement(By.java:361)
	at org.openqa.selenium.remote.RemoteWebDriver.findElement(RemoteWebDriver.java:355)
	at core.selenium.targetElement.TargetElement.Find_WebElement(Unknown Source)
	at core.selenium.targetElement.TargetElement.<init>(Unknown Source)
	at core.selenium.targetElement.WebTargetElement.<init>(Unknown Source)
	at core.selenium.targets.WebTarget.getTargetElement(Unknown Source)
	at core.selenium.targetActions.WebTargetActions.type(Unknown Source)
	at sun.reflect.NativeMethodAccessorImpl.invoke0(Native Method)
	at sun.reflect.NativeMethodAccessorImpl.invoke(NativeMethodAccessorImpl.java:57)
	at sun.reflect.DelegatingMethodAccessorImpl.invoke(DelegatingMethodAccessorImpl.java:43)
	at java.lang.reflect.Method.invoke(Method.java:606)
	at junit.framework.TestCase.runTest(TestCase.java:176)
	at junit.framework.TestCase.runBare(TestCase.java:141)
	at junit.framework.TestResult$1.protect(TestResult.java:122)
	at junit.framework.TestResult.runProtected(TestResult.java:142)
	at junit.framework.TestResult.run(TestResult.java:125)
	at junit.framework.TestCase.run(TestCase.java:129)
	at junit.framework.TestCase.run(TestCase.java:121)
	at core.selenium.targetActions.TargetActions.run(Unknown Source)
	at core.selenium.targets.WebTarget.PreformAction(Unknown Source)
	at core.com.execution.TargetManager.preformAction(Unknown Source)
	at Scripts.Pac_Script_.Script_Test_Name.executeTest(Script_Test_Name.java:88)
	at Scripts.Pac_Script_.Script_Test_Name.test(Script_Test_Name.java:82)
	at sun.reflect.NativeMethodAccessorImpl.invoke0(Native Method)
	at sun.reflect.NativeMethodAccessorImpl.invoke(NativeMethodAccessorImpl.java:57)
	at sun.reflect.DelegatingMethodAccessorImpl.invoke(DelegatingMethodAccessorImpl.java:43)
	at java.lang.reflect.Method.invoke(Method.java:606)
	at org.junit.runners.model.FrameworkMethod$1.runReflectiveCall(FrameworkMethod.java:50)
	at org.junit.internal.runners.model.ReflectiveCallable.run(ReflectiveCallable.java:12)
	at org.junit.runners.model.FrameworkMethod.invokeExplosively(FrameworkMethod.java:47)
	at org.junit.internal.runners.statements.InvokeMethod.evaluate(InvokeMethod.java:17)
	at org.junit.internal.runners.statements.RunBefores.evaluate(RunBefores.java:26)
	at org.junit.internal.runners.statements.RunAfters.evaluate(RunAfters.java:27)
	at org.junit.runners.ParentRunner.runLeaf(ParentRunner.java:325)
	at org.junit.runners.BlockJUnit4ClassRunner.runChild(BlockJUnit4ClassRunner.java:78)
	at org.junit.runners.BlockJUnit4ClassRunner.runChild(BlockJUnit4ClassRunner.java:57)
	at org.junit.runners.ParentRunner$3.run(ParentRunner.java:290)
	at org.junit.runners.ParentRunner$1.schedule(ParentRunner.java:71)
	at org.junit.runners.ParentRunner.runChildren(ParentRunner.java:288)
	at org.junit.runners.ParentRunner.access$000(ParentRunner.java:58)
	at org.junit.runners.ParentRunner$2.evaluate(ParentRunner.java:268)
	at org.junit.internal.runners.statements.RunBefores.evaluate(RunBefores.java:26)
	at org.junit.internal.runners.statements.RunAfters.evaluate(RunAfters.java:27)
	at org.junit.runners.ParentRunner.run(ParentRunner.java:363)
	at org.junit.runners.Suite.runChild(Suite.java:128)
	at org.junit.runners.Suite.runChild(Suite.java:27)
	at org.junit.runners.ParentRunner$3.run(ParentRunner.java:290)
	at org.junit.runners.ParentRunner$1.schedule(ParentRunner.java:71)
	at org.junit.runners.ParentRunner.runChildren(ParentRunner.java:288)
	at org.junit.runners.ParentRunner.access$000(ParentRunner.java:58)
	at org.junit.runners.ParentRunner$2.evaluate(ParentRunner.java:268)
	at org.junit.runners.ParentRunner.run(ParentRunner.java:363)
	at org.junit.runner.JUnitCore.run(JUnitCore.java:137)
	at org.junit.runner.JUnitCore.run(JUnitCore.java:115)
	at org.junit.runner.JUnitCore.run(JUnitCore.java:105)
	at org.junit.runner.JUnitCore.run(JUnitCore.java:94)
	at core.Main.runTest(Unknown Source)
	at ide.Actions$ScriptManager$3.run(Unknown Source)
	at java.lang.Thread.run(Thread.java:745)
");}</script>
<a href="https://www.vodafone.de/playground/mnp-10/mnp-main.html#/shopLogin">Page url</a>
Time: 24/02/2017 10:06:49.641 AM GMT+0100


Status: Failed
Coverage: 66.66 %
Execution Time: 4130 mSec

******************** Test script execution end ********************
(10:06:49.977) - Info: <a href="file:/C:/Projekte/Testautomation/temp/vvl_consumer_ols/Sascha_Heiko/Results/TC001/TC001_24022017_100649.html" target="_blank">Link</a>
(10:07:49.502) - Info: Capture
(10:07:49.610) - Info: 0 object found
(10:07:49.630) - Info: 0 objects loaded.
(10:08:27.272) - Info: 0 object found
(10:08:27.291) - Info: 0 objects loaded.
(10:08:40.677) - Warning: Missing object identification for object MSISDN
(10:08:58.488) - Info: Object (MSISDN) updated (MSISDN,Id,number,Textbox) in (Page1)
(10:08:58.517) - Info: Edit row [MSISDN, Id, number, Textbox, 24/02/17 10:08:58:483 - Updated (MSISDN)] in sheet (Page1)
(10:09:06.526) - Warning: Missing object identification for object Password
(10:09:55.380) - Info: Object (Password) updated (Password,Xpath,//div[@class="login-form login"]/form[@name="[object HTMLInputElement]"]/fieldset/div[@class="fm-data"]/input[@id="number" and @name="name" and @type="tel"],Textbox) in (Page1)
(10:09:55.396) - Info: Edit row [Password, Xpath, //div[@class="login-form login"]/form[@name="[object HTMLInputElement]"]/fieldset/div[@class="fm-data"]/input[@id="number" and @name="name" and @type="tel"], Textbox, 24/02/17 10:09:55:380 - Updated (Password)] in sheet (Page1)
(10:09:55.509) - Error: Object not found org.openqa.selenium.NoSuchElementException: no such element: Unable to locate element: {"method":"xpath","selector":"//div[@class="login-form login"]/form[@name="[object HTMLInputElement]"]/fieldset/div[@class="fm-data"]/input[@id="number" and @name="name" and @type="tel"]"}
  (Session info: chrome=56.0.2924.87)
  (Driver info: chromedriver=2.25.426923 (0390b88869384d6eb0d5d09729679f934aab9eed),platform=Windows NT 6.1.7601 SP1 x86) (WARNING: The server did not provide any stacktrace information)
Command duration or timeout: 29 milliseconds
For documentation on this error, please visit: http://seleniumhq.org/exceptions/no_such_element.html
Build info: version: '2.50.1', revision: 'd7fc91b29de65b790abb01f3ac5f7ea2191c88a7', time: '2016-01-29 11:11:26'
System info: host: 'E0336237', ip: '10.207.119.82', os.name: 'Windows 7', os.arch: 'x86', os.version: '6.1', java.version: '1.7.0_67'
*** Element info: {Using=xpath, value=//div[@class="login-form login"]/form[@name="[object HTMLInputElement]"]/fieldset/div[@class="fm-data"]/input[@id="number" and @name="name" and @type="tel"]}
Session ID: 9596a47de1b3c6b1c9e2f58edbfea33d
Driver info: org.openqa.selenium.chrome.ChromeDriver
Capabilities [{platform=XP, acceptSslCerts=true, javascriptEnabled=true, browserName=chrome, chrome={userDataDir=C:\Users\SASA~1.KOS\AppData\Local\Temp\scoped_dir5128_738, chromedriverVersion=2.25.426923 (0390b88869384d6eb0d5d09729679f934aab9eed)}, networkConnectionEnabled=false, rotatable=false, locationContextEnabled=true, mobileEmulationEnabled=false, version=56.0.2924.87, pageLoadStrategy=normal, takesHeapSnapshot=true, cssSelectorsEnabled=true, databaseEnabled=false, handlesAlerts=true, browserConnectionEnabled=false, webStorageEnabled=true, nativeEvents=true, hasTouchScreen=false, applicationCacheEnabled=false, takesScreenshot=true}]
(10:10:05.348) - Info: Capture
(10:10:05.433) - Info: 1 object found
(10:10:05.802) - Info: 1 objects loaded.
(10:10:49.570) - Info: Object (Password) updated (Password,Id,password,Textbox) in (Page1)
(10:10:49.576) - Info: Edit row [Password, Id, password, Textbox, 24/02/17 10:10:49:570 - Updated (Password)] in sheet (Page1)
 - Script1 , TC001 , Test Name , true , 1 , []
 - Script1 , TC001 , Test Name , true , 1 , []

******************** Starting test script execution ********************
Activity: Script1
Test script Id: TC001
Test script Name: Test Name
Test script Description: Test Description
Number of steps: 2
(10:11:02.189) - Info: Browser is open
2) Page1, MSISDN , () , Type , 15200488839(15200488839) , true , false
Status: Passed - Execution time: 493
Result: Write (15200488839) in Textbox (MSISDN).
<a href="https://www.vodafone.de/playground/mnp-10/mnp-main.html#/shopLogin">Page url</a>
Time: 24/02/2017 10:11:02.683 AM GMT+0100
(10:11:02.708) - Info: Browser is open
3) Page1, Password , () , Type , digital() , true , false
Status: Passed - Execution time: 438
Result: Write (digital) in Textbox (Password).
<a href="https://www.vodafone.de/playground/mnp-10/mnp-main.html#/shopLogin">Page url</a>
Time: 24/02/2017 10:11:03.148 AM GMT+0100


Status: Passed
Coverage: 100.0 %
Execution Time: 984 mSec

******************** Test script execution end ********************
(10:11:03.159) - Info: <a href="file:/C:/Projekte/Testautomation/temp/vvl_consumer_ols/Sascha_Heiko/Results/TC001/TC001_24022017_101103.html" target="_blank">Link</a>
 - Script1 , TC001 , Test Name , true , 1 , []
 - Script1 , TC001 , Test Name , true , 1 , []

******************** Starting test script execution ********************
Activity: Script1
Test script Id: TC001
Test script Name: Test Name
Test script Description: Test Description
Number of steps: 2
(10:13:08.135) - Info: Browser is open
2) Page1, MSISDN , () , Type , 15200488839(15200488839) , true , false
Status: Passed - Execution time: 448
Result: Write (15200488839) in Textbox (MSISDN).
<a href="https://www.vodafone.de/playground/mnp-10/mnp-main.html#/shopLogin">Page url</a>
Time: 24/02/2017 10:13:08.585 AM GMT+0100
(10:13:08.613) - Info: Browser is open
3) Page1, Password , () , Type , digital(digital) , true , false
Status: Passed - Execution time: 439
Result: Write (digital) in Textbox (Password).
<a href="https://www.vodafone.de/playground/mnp-10/mnp-main.html#/shopLogin">Page url</a>
Time: 24/02/2017 10:13:09.053 AM GMT+0100


Status: Passed
Coverage: 100.0 %
Execution Time: 972 mSec

******************** Test script execution end ********************
(10:13:09.068) - Info: <a href="file:/C:/Projekte/Testautomation/temp/vvl_consumer_ols/Sascha_Heiko/Results/TC001/TC001_24022017_101309.html" target="_blank">Link</a>
(10:13:22.224) - Info: Edit step (1)
(10:13:22.244) - Info: Edit row [=ROW()-5, Web, Page1, MSISDN, , Type, 015200488839, Yes, No, ] in sheet (TC001)
 - Script1 , TC001 , Test Name , true , 1 , []
 - Script1 , TC001 , Test Name , true , 1 , []

******************** Starting test script execution ********************
Activity: Script1
Test script Id: TC001
Test script Name: Test Name
Test script Description: Test Description
Number of steps: 2
(10:13:30.013) - Info: Browser is open
=ROW()-5) Page1, MSISDN , () , Type , 015200488839() , true , false
Status: Passed - Execution time: 472
Result: Write (015200488839) in Textbox (MSISDN).
<a href="https://www.vodafone.de/playground/mnp-10/mnp-main.html#/shopLogin">Page url</a>
Time: 24/02/2017 10:13:30.487 AM GMT+0100
(10:13:30.509) - Info: Browser is open
3) Page1, Password , () , Type , digital(digital) , true , false
Status: Passed - Execution time: 435
Result: Write (digital) in Textbox (Password).
<a href="https://www.vodafone.de/playground/mnp-10/mnp-main.html#/shopLogin">Page url</a>
Time: 24/02/2017 10:13:30.946 AM GMT+0100


Status: Passed
Coverage: 100.0 %
Execution Time: 1074 mSec

******************** Test script execution end ********************
(10:13:30.954) - Info: <a href="file:/C:/Projekte/Testautomation/temp/vvl_consumer_ols/Sascha_Heiko/Results/TC001/TC001_24022017_101330.html" target="_blank">Link</a>
 - Script1 , TC001 , Test Name , true , 1 , []
 - Script1 , TC001 , Test Name , true , 1 , []

******************** Starting test script execution ********************
Activity: Script1
Test script Id: TC001
Test script Name: Test Name
Test script Description: Test Description
Number of steps: 3
(10:14:26.267) - Info: Browser is open
1) ,  , () , Open , https://www.vodafone.de/playground/mnp-10/mnp-main.html#/shopLogin(https://www.vodafone.de/playground/mnp-10/mnp-main.html#/shopLogin) , true , false
Status: Passed - Execution time: 708
Result: Page (Hilfe | Rufnummer online mitnehmen - Rufnummern-Mitnahme) loaded.
<a href="https://www.vodafone.de/playground/mnp-10/mnp-main.html#/shopLogin">Page url</a>
Time: 24/02/2017 10:14:26.975 AM GMT+0100
(10:14:27.000) - Info: Browser is open
=ROW()-5) Page1, MSISDN , () , Type , 015200488839(015200488839) , true , false
Status: Passed - Execution time: 500
Result: Write (015200488839) in Textbox (MSISDN).
<a href="https://www.vodafone.de/playground/mnp-10/mnp-main.html#/shopLogin">Page url</a>
Time: 24/02/2017 10:14:27.501 AM GMT+0100
(10:14:27.530) - Info: Browser is open
3) Page1, Password , () , Type , digital(digital) , true , false
Status: Passed - Execution time: 470
Result: Write (digital) in Textbox (Password).
<a href="https://www.vodafone.de/playground/mnp-10/mnp-main.html#/shopLogin">Page url</a>
Time: 24/02/2017 10:14:28.001 AM GMT+0100


Status: Passed
Coverage: 100.0 %
Execution Time: 1772 mSec

******************** Test script execution end ********************
(10:14:28.014) - Info: <a href="file:/C:/Projekte/Testautomation/temp/vvl_consumer_ols/Sascha_Heiko/Results/TC001/TC001_24022017_101428.html" target="_blank">Link</a>
(10:15:25.323) - Info: 1 object found
(10:15:25.486) - Info: 1 objects loaded.
(10:15:30.800) - Info: Capture
(10:15:30.808) - Warning: No object captured
 - Script1 , TC001 , Test Name , true , 1 , []
 - Script1 , TC001 , Test Name , true , 1 , []

******************** Starting test script execution ********************
Activity: Script1
Test script Id: TC001
Test script Name: Test Name
Test script Description: Test Description
Number of steps: 3
(10:15:50.306) - Info: Browser is open
1) ,  , () , Open , https://www.vodafone.de/playground/mnp-10/mnp-main.html#/shopLogin(https://www.vodafone.de/playground/mnp-10/mnp-main.html#/shopLogin) , true , false
Status: Passed - Execution time: 656
Result: Page (Hilfe | Rufnummer online mitnehmen - Rufnummern-Mitnahme) loaded.
<a href="https://www.vodafone.de/playground/mnp-10/mnp-main.html#/shopLogin">Page url</a>
Time: 24/02/2017 10:15:50.964 AM GMT+0100
(10:15:50.987) - Info: Browser is open
=ROW()-5) Page1, MSISDN , () , Type , 015200488839(015200488839) , true , false
Status: Passed - Execution time: 479
Result: Write (015200488839) in Textbox (MSISDN).
<a href="https://www.vodafone.de/playground/mnp-10/mnp-main.html#/shopLogin">Page url</a>
Time: 24/02/2017 10:15:51.467 AM GMT+0100
(10:15:51.494) - Info: Browser is open
3) Page1, Password , () , Type , digital(digital) , true , false
Status: Passed - Execution time: 479
Result: Write (digital) in Textbox (Password).
<a href="https://www.vodafone.de/playground/mnp-10/mnp-main.html#/shopLogin">Page url</a>
Time: 24/02/2017 10:15:51.975 AM GMT+0100


Status: Passed
Coverage: 100.0 %
Execution Time: 1699 mSec

******************** Test script execution end ********************
(10:15:51.997) - Info: <a href="file:/C:/Projekte/Testautomation/temp/vvl_consumer_ols/Sascha_Heiko/Results/TC001/TC001_24022017_101551.html" target="_blank">Link</a>
(10:16:33.862) - Warning: stale element reference: element is not attached to the page document
  (Session info: chrome=56.0.2924.87)
  (Driver info: chromedriver=2.25.426923 (0390b88869384d6eb0d5d09729679f934aab9eed),platform=Windows NT 6.1.7601 SP1 x86) (WARNING: The server did not provide any stacktrace information)
Command duration or timeout: 10 milliseconds
For documentation on this error, please visit: http://seleniumhq.org/exceptions/stale_element_reference.html
Build info: version: '2.50.1', revision: 'd7fc91b29de65b790abb01f3ac5f7ea2191c88a7', time: '2016-01-29 11:11:26'
System info: host: 'E0336237', ip: '10.207.119.82', os.name: 'Windows 7', os.arch: 'x86', os.version: '6.1', java.version: '1.7.0_67'
Session ID: 9596a47de1b3c6b1c9e2f58edbfea33d
Driver info: org.openqa.selenium.chrome.ChromeDriver
Capabilities [{platform=XP, acceptSslCerts=true, javascriptEnabled=true, browserName=chrome, chrome={userDataDir=C:\Users\SASA~1.KOS\AppData\Local\Temp\scoped_dir5128_738, chromedriverVersion=2.25.426923 (0390b88869384d6eb0d5d09729679f934aab9eed)}, networkConnectionEnabled=false, rotatable=false, locationContextEnabled=true, mobileEmulationEnabled=false, version=56.0.2924.87, pageLoadStrategy=normal, takesHeapSnapshot=true, cssSelectorsEnabled=true, databaseEnabled=false, handlesAlerts=true, browserConnectionEnabled=false, webStorageEnabled=true, nativeEvents=true, hasTouchScreen=false, applicationCacheEnabled=false, takesScreenshot=true}]
Exception in thread "AWT-EventQueue-0" org.openqa.selenium.StaleElementReferenceException: stale element reference: element is not attached to the page document
  (Session info: chrome=56.0.2924.87)
  (Driver info: chromedriver=2.25.426923 (0390b88869384d6eb0d5d09729679f934aab9eed),platform=Windows NT 6.1.7601 SP1 x86) (WARNING: The server did not provide any stacktrace information)
Command duration or timeout: 10 milliseconds
For documentation on this error, please visit: http://seleniumhq.org/exceptions/stale_element_reference.html
Build info: version: '2.50.1', revision: 'd7fc91b29de65b790abb01f3ac5f7ea2191c88a7', time: '2016-01-29 11:11:26'
System info: host: 'E0336237', ip: '10.207.119.82', os.name: 'Windows 7', os.arch: 'x86', os.version: '6.1', java.version: '1.7.0_67'
Session ID: 9596a47de1b3c6b1c9e2f58edbfea33d
Driver info: org.openqa.selenium.chrome.ChromeDriver
Capabilities [{platform=XP, acceptSslCerts=true, javascriptEnabled=true, browserName=chrome, chrome={userDataDir=C:\Users\SASA~1.KOS\AppData\Local\Temp\scoped_dir5128_738, chromedriverVersion=2.25.426923 (0390b88869384d6eb0d5d09729679f934aab9eed)}, networkConnectionEnabled=false, rotatable=false, locationContextEnabled=true, mobileEmulationEnabled=false, version=56.0.2924.87, pageLoadStrategy=normal, takesHeapSnapshot=true, cssSelectorsEnabled=true, databaseEnabled=false, handlesAlerts=true, browserConnectionEnabled=false, webStorageEnabled=true, nativeEvents=true, hasTouchScreen=false, applicationCacheEnabled=false, takesScreenshot=true}]
	at sun.reflect.NativeConstructorAccessorImpl.newInstance0(Native Method)
	at sun.reflect.NativeConstructorAccessorImpl.newInstance(NativeConstructorAccessorImpl.java:57)
	at sun.reflect.DelegatingConstructorAccessorImpl.newInstance(DelegatingConstructorAccessorImpl.java:45)
	at java.lang.reflect.Constructor.newInstance(Constructor.java:526)
	at org.openqa.selenium.remote.ErrorHandler.createThrowable(ErrorHandler.java:206)
	at org.openqa.selenium.remote.ErrorHandler.throwIfResponseFailed(ErrorHandler.java:158)
	at org.openqa.selenium.remote.RemoteWebDriver.execute(RemoteWebDriver.java:678)
	at org.openqa.selenium.remote.RemoteWebDriver.executeScript(RemoteWebDriver.java:577)
	at core.selenium.targets.UITarget.ExecuteScript(Unknown Source)
	at ide.Actions.highlightFind(Unknown Source)
	at ide.Actions.access$3100(Unknown Source)
	at ide.Actions$FindObject.selectObject(Unknown Source)
	at ide.UI$57.valueChanged(Unknown Source)
	at javax.swing.JTree.fireValueChanged(JTree.java:2919)
	at javax.swing.JTree$TreeSelectionRedirector.valueChanged(JTree.java:3378)
	at javax.swing.tree.DefaultTreeSelectionModel.fireValueChanged(DefaultTreeSelectionModel.java:634)
	at javax.swing.tree.DefaultTreeSelectionModel.notifyPathChange(DefaultTreeSelectionModel.java:1092)
	at javax.swing.tree.DefaultTreeSelectionModel.setSelectionPaths(DefaultTreeSelectionModel.java:293)
	at javax.swing.tree.DefaultTreeSelectionModel.setSelectionPath(DefaultTreeSelectionModel.java:187)
	at javax.swing.JTree.setSelectionPath(JTree.java:1631)
	at javax.swing.plaf.basic.BasicTreeUI.selectPathForEvent(BasicTreeUI.java:2393)
	at javax.swing.plaf.basic.BasicTreeUI$Handler.handleSelection(BasicTreeUI.java:3609)
	at javax.swing.plaf.basic.BasicTreeUI$Handler.mousePressed(BasicTreeUI.java:3548)
	at java.awt.AWTEventMulticaster.mousePressed(AWTEventMulticaster.java:279)
	at java.awt.Component.processMouseEvent(Component.java:6513)
	at javax.swing.JComponent.processMouseEvent(JComponent.java:3320)
	at java.awt.Component.processEvent(Component.java:6281)
	at java.awt.Container.processEvent(Container.java:2229)
	at java.awt.Component.dispatchEventImpl(Component.java:4872)
	at java.awt.Container.dispatchEventImpl(Container.java:2287)
	at java.awt.Component.dispatchEvent(Component.java:4698)
	at java.awt.LightweightDispatcher.retargetMouseEvent(Container.java:4832)
	at java.awt.LightweightDispatcher.processMouseEvent(Container.java:4489)
	at java.awt.LightweightDispatcher.dispatchEvent(Container.java:4422)
	at java.awt.Container.dispatchEventImpl(Container.java:2273)
	at java.awt.Window.dispatchEventImpl(Window.java:2719)
	at java.awt.Component.dispatchEvent(Component.java:4698)
	at java.awt.EventQueue.dispatchEventImpl(EventQueue.java:735)
	at java.awt.EventQueue.access$200(EventQueue.java:103)
	at java.awt.EventQueue$3.run(EventQueue.java:694)
	at java.awt.EventQueue$3.run(EventQueue.java:692)
	at java.security.AccessController.doPrivileged(Native Method)
	at java.security.ProtectionDomain$1.doIntersectionPrivilege(ProtectionDomain.java:76)
	at java.security.ProtectionDomain$1.doIntersectionPrivilege(ProtectionDomain.java:87)
	at java.awt.EventQueue$4.run(EventQueue.java:708)
	at java.awt.EventQueue$4.run(EventQueue.java:706)
	at java.security.AccessController.doPrivileged(Native Method)
	at java.security.ProtectionDomain$1.doIntersectionPrivilege(ProtectionDomain.java:76)
	at java.awt.EventQueue.dispatchEvent(EventQueue.java:705)
	at java.awt.EventDispatchThread.pumpOneEventForFilters(EventDispatchThread.java:242)
	at java.awt.EventDispatchThread.pumpEventsForFilter(EventDispatchThread.java:161)
	at java.awt.EventDispatchThread.pumpEventsForHierarchy(EventDispatchThread.java:150)
	at java.awt.EventDispatchThread.pumpEvents(EventDispatchThread.java:146)
	at java.awt.EventDispatchThread.pumpEvents(EventDispatchThread.java:138)
	at java.awt.EventDispatchThread.run(EventDispatchThread.java:91)
(10:16:48.559) - Info: Capture
(10:16:48.642) - Info: 1 object found
(10:16:48.911) - Info: 1 objects loaded.
(10:18:01.608) - Info: Object (Link_Anmelden) added to page (Page1)
(10:18:01.617) - Info: Add row ([Link_Anmelden, Link Text, Anmelden, Link, 24/02/17 10:18:01:608 - Added (Link_Anmelden)]) to sheet (Page1)
(10:18:43.147) - Info: Add step (3)
(10:18:43.175) - Info: Add row ([=ROW()-5, Web, Page1, Link_Anmelden, , Click, , Yes, No, ]) to sheet (TC001)
(10:18:46.653) - Info: Map file C:/Projekte/Testautomation/temp/vvl_consumer_ols/Sascha_Heiko/UIMap.xls saved
(10:18:46.656) - Info: UIMap file C:/Projekte/Testautomation/temp/vvl_consumer_ols/Sascha_Heiko/UIMap.xls loaded with 1 sheets in 2 mSec
(10:18:46.837) - Info: Script file C:/Projekte/Testautomation/temp/vvl_consumer_ols/Sascha_Heiko/Scripts/Script1.xls saved
(10:18:46.840) - Info: Testscript (TC001) loaded with 4 step
(10:18:46.841) - Info: Testscript file (C:/Projekte/Testautomation/temp/vvl_consumer_ols/Sascha_Heiko/Scripts/Script1.xls) loaded with 1 script in 3 mSec
 - Script1 , TC001 , Test Name , true , 1 , []
 - Script1 , TC001 , Test Name , true , 1 , []

******************** Starting test script execution ********************
Activity: Script1
Test script Id: TC001
Test script Name: Test Name
Test script Description: Test Description
Number of steps: 4
(10:18:57.111) - Info: Browser is open
1) ,  , () , Open , https://www.vodafone.de/playground/mnp-10/mnp-main.html#/shopLogin() , true , false
Status: Passed - Execution time: 6063
Result: Page (Hilfe | Rufnummer online mitnehmen - Rufnummern-Mitnahme) loaded.
<a href="https://www.vodafone.de/playground/mnp-10/mnp-main.html#/shopLogin">Page url</a>
Time: 24/02/2017 10:19:03.176 AM GMT+0100
(10:19:03.201) - Info: Browser is open
2) Page1, MSISDN , () , Type , 015200488839() , true , false
Status: Passed - Execution time: 488
Result: Write (015200488839) in Textbox (MSISDN).
<a href="https://www.vodafone.de/playground/mnp-10/mnp-main.html#/shopLogin">Page url</a>
Time: 24/02/2017 10:19:03.691 AM GMT+0100
(10:19:03.714) - Info: Browser is open
3) Page1, Password , () , Type , digital() , true , false
Status: Passed - Execution time: 455
Result: Write (digital) in Textbox (Password).
<a href="https://www.vodafone.de/playground/mnp-10/mnp-main.html#/shopLogin">Page url</a>
Time: 24/02/2017 10:19:04.171 AM GMT+0100
(10:19:04.202) - Info: Browser is open
4) Page1, Link_Anmelden , () , Click , () , true , false
(10:19:04.412) - Info: Click fired:true
Status: Passed - Execution time: 661
Result: Click on Link (Link_Anmelden).
<a href="https://www.vodafone.de/playground/mnp-10/mnp-main.html#/shopLogin">Page url</a>
Time: 24/02/2017 10:19:04.863 AM GMT+0100


Status: Passed
Coverage: 100.0 %
Execution Time: 7777 mSec

******************** Test script execution end ********************
(10:19:04.876) - Info: <a href="file:/C:/Projekte/Testautomation/temp/vvl_consumer_ols/Sascha_Heiko/Results/TC001/TC001_24022017_101904.html" target="_blank">Link</a>
(10:20:06.529) - Info: Capture
(10:20:06.603) - Info: 1 object found
(10:20:06.823) - Info: 1 objects loaded.
(10:20:19.582) - Info: Object (Link_Jetzt_Rufnummern_Mitnahme_Starten) added to page (Page1)
(10:20:19.596) - Info: Add row ([Link_Jetzt_Rufnummern_Mitnahme_Starten, Link Text, Jetzt Rufnummern- Mitnahme starten, Link, 24/02/17 10:20:19:582 - Added (Link_Jetzt_Rufnummern_Mitnahme_Starten)]) to sheet (Page1)
(10:20:44.279) - Info: Add step (4)
(10:20:44.302) - Info: Add row ([=ROW()-5, Web, Page1, Link_Jetzt_Rufnummern_Mitnahme_Starten, , Click, , Yes, No, ]) to sheet (TC001)
 - Script1 , TC001 , Test Name , true , 1 , []
 - Script1 , TC001 , Test Name , true , 1 , []

******************** Starting test script execution ********************
Activity: Script1
Test script Id: TC001
Test script Name: Test Name
Test script Description: Test Description
Number of steps: 5
(10:21:01.662) - Info: Browser is open
1) ,  , () , Open , https://www.vodafone.de/playground/mnp-10/mnp-main.html#/shopLogin(https://www.vodafone.de/playground/mnp-10/mnp-main.html#/shopLogin) , true , false
Status: Passed - Execution time: 615
Result: Page (Hilfe | Rufnummer online mitnehmen - Rufnummern-Mitnahme) loaded.
<a href="https://www.vodafone.de/playground/mnp-10/mnp-main.html#/shopLogin">Page url</a>
Time: 24/02/2017 10:21:02.277 AM GMT+0100
(10:21:02.302) - Info: Browser is open
2) Page1, MSISDN , () , Type , 015200488839(015200488839) , true , false
Status: Passed - Execution time: 506
Result: Write (015200488839) in Textbox (MSISDN).
<a href="https://www.vodafone.de/playground/mnp-10/mnp-main.html#/shopLogin">Page url</a>
Time: 24/02/2017 10:21:02.809 AM GMT+0100
(10:21:02.834) - Info: Browser is open
3) Page1, Password , () , Type , digital(digital) , true , false
Status: Passed - Execution time: 450
Result: Write (digital) in Textbox (Password).
<a href="https://www.vodafone.de/playground/mnp-10/mnp-main.html#/shopLogin">Page url</a>
Time: 24/02/2017 10:21:03.285 AM GMT+0100
(10:21:03.317) - Info: Browser is open
4) Page1, Link_Anmelden , () , Click , () , true , false
(10:21:03.507) - Info: Click fired:true
Status: Passed - Execution time: 633
Result: Click on Link (Link_Anmelden).
<a href="https://www.vodafone.de/playground/mnp-10/mnp-main.html#/shopLogin">Page url</a>
Time: 24/02/2017 10:21:03.952 AM GMT+0100
(10:21:03.975) - Info: Browser is open
=ROW()-5) Page1, Link_Jetzt_Rufnummern_Mitnahme_Starten , () , Click , () , true , false
(10:21:06.016) - Error: Failed to click on object.
org.openqa.selenium.NoSuchElementException: no such element: Unable to locate element: {"method":"link text","selector":"Jetzt Rufnummern- Mitnahme starten"}
  (Session info: chrome=56.0.2924.87)
  (Driver info: chromedriver=2.25.426923 (0390b88869384d6eb0d5d09729679f934aab9eed),platform=Windows NT 6.1.7601 SP1 x86) (WARNING: The server did not provide any stacktrace information)
Command duration or timeout: 2.02 seconds
For documentation on this error, please visit: http://seleniumhq.org/exceptions/no_such_element.html
Build info: version: '2.50.1', revision: 'd7fc91b29de65b790abb01f3ac5f7ea2191c88a7', time: '2016-01-29 11:11:26'
System info: host: 'E0336237', ip: '10.207.119.82', os.name: 'Windows 7', os.arch: 'x86', os.version: '6.1', java.version: '1.7.0_67'
*** Element info: {Using=link text, value=Jetzt Rufnummern- Mitnahme starten}
Session ID: 9596a47de1b3c6b1c9e2f58edbfea33d
Driver info: org.openqa.selenium.chrome.ChromeDriver
Capabilities [{platform=XP, acceptSslCerts=true, javascriptEnabled=true, browserName=chrome, chrome={userDataDir=C:\Users\SASA~1.KOS\AppData\Local\Temp\scoped_dir5128_738, chromedriverVersion=2.25.426923 (0390b88869384d6eb0d5d09729679f934aab9eed)}, networkConnectionEnabled=false, rotatable=false, locationContextEnabled=true, mobileEmulationEnabled=false, version=56.0.2924.87, pageLoadStrategy=normal, takesHeapSnapshot=true, cssSelectorsEnabled=true, databaseEnabled=false, handlesAlerts=true, browserConnectionEnabled=false, webStorageEnabled=true, nativeEvents=true, hasTouchScreen=false, applicationCacheEnabled=false, takesScreenshot=true}]
	at sun.reflect.NativeConstructorAccessorImpl.newInstance0(Native Method)
	at sun.reflect.NativeConstructorAccessorImpl.newInstance(NativeConstructorAccessorImpl.java:57)
	at sun.reflect.DelegatingConstructorAccessorImpl.newInstance(DelegatingConstructorAccessorImpl.java:45)
	at java.lang.reflect.Constructor.newInstance(Constructor.java:526)
	at org.openqa.selenium.remote.ErrorHandler.createThrowable(ErrorHandler.java:206)
	at org.openqa.selenium.remote.ErrorHandler.throwIfResponseFailed(ErrorHandler.java:158)
	at org.openqa.selenium.remote.RemoteWebDriver.execute(RemoteWebDriver.java:678)
	at org.openqa.selenium.remote.RemoteWebDriver.findElement(RemoteWebDriver.java:363)
	at org.openqa.selenium.remote.RemoteWebDriver.findElementByLinkText(RemoteWebDriver.java:428)
	at org.openqa.selenium.By$ByLinkText.findElement(By.java:246)
	at org.openqa.selenium.remote.RemoteWebDriver.findElement(RemoteWebDriver.java:355)
	at core.selenium.targetElement.TargetElement.Find_WebElement(Unknown Source)
	at core.selenium.targetElement.TargetElement.<init>(Unknown Source)
	at core.selenium.targetElement.WebTargetElement.<init>(Unknown Source)
	at core.selenium.targets.WebTarget.getTargetElement(Unknown Source)
	at core.selenium.targetActions.WebTargetActions.click(Unknown Source)
	at sun.reflect.NativeMethodAccessorImpl.invoke0(Native Method)
	at sun.reflect.NativeMethodAccessorImpl.invoke(NativeMethodAccessorImpl.java:57)
	at sun.reflect.DelegatingMethodAccessorImpl.invoke(DelegatingMethodAccessorImpl.java:43)
	at java.lang.reflect.Method.invoke(Method.java:606)
	at junit.framework.TestCase.runTest(TestCase.java:176)
	at junit.framework.TestCase.runBare(TestCase.java:141)
	at junit.framework.TestResult$1.protect(TestResult.java:122)
	at junit.framework.TestResult.runProtected(TestResult.java:142)
	at junit.framework.TestResult.run(TestResult.java:125)
	at junit.framework.TestCase.run(TestCase.java:129)
	at junit.framework.TestCase.run(TestCase.java:121)
	at core.selenium.targetActions.TargetActions.run(Unknown Source)
	at core.selenium.targets.WebTarget.PreformAction(Unknown Source)
	at core.com.execution.TargetManager.preformAction(Unknown Source)
	at Scripts.Pac_Script_.Script_Test_Name.executeTest(Script_Test_Name.java:91)
	at Scripts.Pac_Script_.Script_Test_Name.test(Script_Test_Name.java:82)
	at sun.reflect.NativeMethodAccessorImpl.invoke0(Native Method)
	at sun.reflect.NativeMethodAccessorImpl.invoke(NativeMethodAccessorImpl.java:57)
	at sun.reflect.DelegatingMethodAccessorImpl.invoke(DelegatingMethodAccessorImpl.java:43)
	at java.lang.reflect.Method.invoke(Method.java:606)
	at org.junit.runners.model.FrameworkMethod$1.runReflectiveCall(FrameworkMethod.java:50)
	at org.junit.internal.runners.model.ReflectiveCallable.run(ReflectiveCallable.java:12)
	at org.junit.runners.model.FrameworkMethod.invokeExplosively(FrameworkMethod.java:47)
	at org.junit.internal.runners.statements.InvokeMethod.evaluate(InvokeMethod.java:17)
	at org.junit.internal.runners.statements.RunBefores.evaluate(RunBefores.java:26)
	at org.junit.internal.runners.statements.RunAfters.evaluate(RunAfters.java:27)
	at org.junit.runners.ParentRunner.runLeaf(ParentRunner.java:325)
	at org.junit.runners.BlockJUnit4ClassRunner.runChild(BlockJUnit4ClassRunner.java:78)
	at org.junit.runners.BlockJUnit4ClassRunner.runChild(BlockJUnit4ClassRunner.java:57)
	at org.junit.runners.ParentRunner$3.run(ParentRunner.java:290)
	at org.junit.runners.ParentRunner$1.schedule(ParentRunner.java:71)
	at org.junit.runners.ParentRunner.runChildren(ParentRunner.java:288)
	at org.junit.runners.ParentRunner.access$000(ParentRunner.java:58)
	at org.junit.runners.ParentRunner$2.evaluate(ParentRunner.java:268)
	at org.junit.internal.runners.statements.RunBefores.evaluate(RunBefores.java:26)
	at org.junit.internal.runners.statements.RunAfters.evaluate(RunAfters.java:27)
	at org.junit.runners.ParentRunner.run(ParentRunner.java:363)
	at org.junit.runners.Suite.runChild(Suite.java:128)
	at org.junit.runners.Suite.runChild(Suite.java:27)
	at org.junit.runners.ParentRunner$3.run(ParentRunner.java:290)
	at org.junit.runners.ParentRunner$1.schedule(ParentRunner.java:71)
	at org.junit.runners.ParentRunner.runChildren(ParentRunner.java:288)
	at org.junit.runners.ParentRunner.access$000(ParentRunner.java:58)
	at org.junit.runners.ParentRunner$2.evaluate(ParentRunner.java:268)
	at org.junit.runners.ParentRunner.run(ParentRunner.java:363)
	at org.junit.runner.JUnitCore.run(JUnitCore.java:137)
	at org.junit.runner.JUnitCore.run(JUnitCore.java:115)
	at org.junit.runner.JUnitCore.run(JUnitCore.java:105)
	at org.junit.runner.JUnitCore.run(JUnitCore.java:94)
	at core.Main.runTest(Unknown Source)
	at ide.Actions$ScriptManager$3.run(Unknown Source)
	at java.lang.Thread.run(Thread.java:745)
Status: Failed - Execution time: 2064
Result: Failed to click on object.
no such element: Unable to locate element: {"method":"link text","selector":"Jetzt Rufnummern- Mitnahme starten"}
  (Session info: chrome=56.0.2924.87)
  (Driver info: chromedriver=2.25.426923 (0390b88869384d6eb0d5d09729679f934aab9eed),platform=Windows NT 6.1.7601 SP1 x86) (WARNING: The server did not provide any stacktrace information)
Command duration or timeout: 2.02 seconds
For documentation on this error, please visit: http://seleniumhq.org/exceptions/no_such_element.html

<a href="#" onclick="printStacktrace=ROW()-5() ">Stack Trace</a><script> function printStacktrace=ROW()-5() { var myWindow = window.open("", "_blank"); myWindow.document.write("org.openqa.selenium.NoSuchElementException: no such element: Unable to locate element: {"method":"link text","selector":"Jetzt Rufnummern- Mitnahme starten"}
  (Session info: chrome=56.0.2924.87)
  (Driver info: chromedriver=2.25.426923 (0390b88869384d6eb0d5d09729679f934aab9eed),platform=Windows NT 6.1.7601 SP1 x86) (WARNING: The server did not provide any stacktrace information)
Command duration or timeout: 2.02 seconds
For documentation on this error, please visit: http://seleniumhq.org/exceptions/no_such_element.html
Build info: version: '2.50.1', revision: 'd7fc91b29de65b790abb01f3ac5f7ea2191c88a7', time: '2016-01-29 11:11:26'
System info: host: 'E0336237', ip: '10.207.119.82', os.name: 'Windows 7', os.arch: 'x86', os.version: '6.1', java.version: '1.7.0_67'
*** Element info: {Using=link text, value=Jetzt Rufnummern- Mitnahme starten}
Session ID: 9596a47de1b3c6b1c9e2f58edbfea33d
Driver info: org.openqa.selenium.chrome.ChromeDriver
Capabilities [{platform=XP, acceptSslCerts=true, javascriptEnabled=true, browserName=chrome, chrome={userDataDir=C:\Users\SASA~1.KOS\AppData\Local\Temp\scoped_dir5128_738, chromedriverVersion=2.25.426923 (0390b88869384d6eb0d5d09729679f934aab9eed)}, networkConnectionEnabled=false, rotatable=false, locationContextEnabled=true, mobileEmulationEnabled=false, version=56.0.2924.87, pageLoadStrategy=normal, takesHeapSnapshot=true, cssSelectorsEnabled=true, databaseEnabled=false, handlesAlerts=true, browserConnectionEnabled=false, webStorageEnabled=true, nativeEvents=true, hasTouchScreen=false, applicationCacheEnabled=false, takesScreenshot=true}]
	at sun.reflect.NativeConstructorAccessorImpl.newInstance0(Native Method)
	at sun.reflect.NativeConstructorAccessorImpl.newInstance(NativeConstructorAccessorImpl.java:57)
	at sun.reflect.DelegatingConstructorAccessorImpl.newInstance(DelegatingConstructorAccessorImpl.java:45)
	at java.lang.reflect.Constructor.newInstance(Constructor.java:526)
	at org.openqa.selenium.remote.ErrorHandler.createThrowable(ErrorHandler.java:206)
	at org.openqa.selenium.remote.ErrorHandler.throwIfResponseFailed(ErrorHandler.java:158)
	at org.openqa.selenium.remote.RemoteWebDriver.execute(RemoteWebDriver.java:678)
	at org.openqa.selenium.remote.RemoteWebDriver.findElement(RemoteWebDriver.java:363)
	at org.openqa.selenium.remote.RemoteWebDriver.findElementByLinkText(RemoteWebDriver.java:428)
	at org.openqa.selenium.By$ByLinkText.findElement(By.java:246)
	at org.openqa.selenium.remote.RemoteWebDriver.findElement(RemoteWebDriver.java:355)
	at core.selenium.targetElement.TargetElement.Find_WebElement(Unknown Source)
	at core.selenium.targetElement.TargetElement.<init>(Unknown Source)
	at core.selenium.targetElement.WebTargetElement.<init>(Unknown Source)
	at core.selenium.targets.WebTarget.getTargetElement(Unknown Source)
	at core.selenium.targetActions.WebTargetActions.click(Unknown Source)
	at sun.reflect.NativeMethodAccessorImpl.invoke0(Native Method)
	at sun.reflect.NativeMethodAccessorImpl.invoke(NativeMethodAccessorImpl.java:57)
	at sun.reflect.DelegatingMethodAccessorImpl.invoke(DelegatingMethodAccessorImpl.java:43)
	at java.lang.reflect.Method.invoke(Method.java:606)
	at junit.framework.TestCase.runTest(TestCase.java:176)
	at junit.framework.TestCase.runBare(TestCase.java:141)
	at junit.framework.TestResult$1.protect(TestResult.java:122)
	at junit.framework.TestResult.runProtected(TestResult.java:142)
	at junit.framework.TestResult.run(TestResult.java:125)
	at junit.framework.TestCase.run(TestCase.java:129)
	at junit.framework.TestCase.run(TestCase.java:121)
	at core.selenium.targetActions.TargetActions.run(Unknown Source)
	at core.selenium.targets.WebTarget.PreformAction(Unknown Source)
	at core.com.execution.TargetManager.preformAction(Unknown Source)
	at Scripts.Pac_Script_.Script_Test_Name.executeTest(Script_Test_Name.java:91)
	at Scripts.Pac_Script_.Script_Test_Name.test(Script_Test_Name.java:82)
	at sun.reflect.NativeMethodAccessorImpl.invoke0(Native Method)
	at sun.reflect.NativeMethodAccessorImpl.invoke(NativeMethodAccessorImpl.java:57)
	at sun.reflect.DelegatingMethodAccessorImpl.invoke(DelegatingMethodAccessorImpl.java:43)
	at java.lang.reflect.Method.invoke(Method.java:606)
	at org.junit.runners.model.FrameworkMethod$1.runReflectiveCall(FrameworkMethod.java:50)
	at org.junit.internal.runners.model.ReflectiveCallable.run(ReflectiveCallable.java:12)
	at org.junit.runners.model.FrameworkMethod.invokeExplosively(FrameworkMethod.java:47)
	at org.junit.internal.runners.statements.InvokeMethod.evaluate(InvokeMethod.java:17)
	at org.junit.internal.runners.statements.RunBefores.evaluate(RunBefores.java:26)
	at org.junit.internal.runners.statements.RunAfters.evaluate(RunAfters.java:27)
	at org.junit.runners.ParentRunner.runLeaf(ParentRunner.java:325)
	at org.junit.runners.BlockJUnit4ClassRunner.runChild(BlockJUnit4ClassRunner.java:78)
	at org.junit.runners.BlockJUnit4ClassRunner.runChild(BlockJUnit4ClassRunner.java:57)
	at org.junit.runners.ParentRunner$3.run(ParentRunner.java:290)
	at org.junit.runners.ParentRunner$1.schedule(ParentRunner.java:71)
	at org.junit.runners.ParentRunner.runChildren(ParentRunner.java:288)
	at org.junit.runners.ParentRunner.access$000(ParentRunner.java:58)
	at org.junit.runners.ParentRunner$2.evaluate(ParentRunner.java:268)
	at org.junit.internal.runners.statements.RunBefores.evaluate(RunBefores.java:26)
	at org.junit.internal.runners.statements.RunAfters.evaluate(RunAfters.java:27)
	at org.junit.runners.ParentRunner.run(ParentRunner.java:363)
	at org.junit.runners.Suite.runChild(Suite.java:128)
	at org.junit.runners.Suite.runChild(Suite.java:27)
	at org.junit.runners.ParentRunner$3.run(ParentRunner.java:290)
	at org.junit.runners.ParentRunner$1.schedule(ParentRunner.java:71)
	at org.junit.runners.ParentRunner.runChildren(ParentRunner.java:288)
	at org.junit.runners.ParentRunner.access$000(ParentRunner.java:58)
	at org.junit.runners.ParentRunner$2.evaluate(ParentRunner.java:268)
	at org.junit.runners.ParentRunner.run(ParentRunner.java:363)
	at org.junit.runner.JUnitCore.run(JUnitCore.java:137)
	at org.junit.runner.JUnitCore.run(JUnitCore.java:115)
	at org.junit.runner.JUnitCore.run(JUnitCore.java:105)
	at org.junit.runner.JUnitCore.run(JUnitCore.java:94)
	at core.Main.runTest(Unknown Source)
	at ide.Actions$ScriptManager$3.run(Unknown Source)
	at java.lang.Thread.run(Thread.java:745)
");}</script>
<a href="https://www.vodafone.de/playground/mnp-10/mnp-main.html#/shopLogin">Page url</a>
Time: 24/02/2017 10:21:06.039 AM GMT+0100


Status: Failed
Coverage: 100.0 %
Execution Time: 4753 mSec

******************** Test script execution end ********************
(10:21:06.405) - Info: <a href="file:/C:/Projekte/Testautomation/temp/vvl_consumer_ols/Sascha_Heiko/Results/TC001/TC001_24022017_102106.html" target="_blank">Link</a>
(10:22:04.152) - Info: Insert step (4)
(10:22:04.196) - Info: Add row ([=ROW()-5, Web, Page1, Link_Jetzt_Rufnummern_Mitnahme_Starten, , Wait For Exist, 30, Yes, No, ]) to sheet (TC001)
 - Script1 , TC001 , Test Name , true , 1 , []
 - Script1 , TC001 , Test Name , true , 1 , []

******************** Starting test script execution ********************
Activity: Script1
Test script Id: TC001
Test script Name: Test Name
Test script Description: Test Description
Number of steps: 6
(10:22:08.589) - Info: Browser is open
1) ,  , () , Open , https://www.vodafone.de/playground/mnp-10/mnp-main.html#/shopLogin(https://www.vodafone.de/playground/mnp-10/mnp-main.html#/shopLogin) , true , false
Status: Passed - Execution time: 607
Result: Page (Hilfe | Rufnummer online mitnehmen - Rufnummern-Mitnahme) loaded.
<a href="https://www.vodafone.de/playground/mnp-10/mnp-main.html#/shopLogin">Page url</a>
Time: 24/02/2017 10:22:09.196 AM GMT+0100
(10:22:09.219) - Info: Browser is open
2) Page1, MSISDN , () , Type , 015200488839(015200488839) , true , false
Status: Passed - Execution time: 483
Result: Write (015200488839) in Textbox (MSISDN).
<a href="https://www.vodafone.de/playground/mnp-10/mnp-main.html#/shopLogin">Page url</a>
Time: 24/02/2017 10:22:09.703 AM GMT+0100
(10:22:09.726) - Info: Browser is open
3) Page1, Password , () , Type , digital(digital) , true , false
Status: Passed - Execution time: 437
Result: Write (digital) in Textbox (Password).
<a href="https://www.vodafone.de/playground/mnp-10/mnp-main.html#/shopLogin">Page url</a>
Time: 24/02/2017 10:22:10.165 AM GMT+0100
(10:22:10.192) - Info: Browser is open
4) Page1, Link_Anmelden , () , Click , () , true , false
(10:22:10.350) - Info: Click fired:true
Status: Passed - Execution time: 615
Result: Click on Link (Link_Anmelden).
<a href="https://www.vodafone.de/playground/mnp-10/mnp-main.html#/shopLogin">Page url</a>
Time: 24/02/2017 10:22:10.808 AM GMT+0100
(10:22:10.833) - Info: Browser is open
=ROW()-5) Page1, Link_Jetzt_Rufnummern_Mitnahme_Starten , () , Wait For Exist , 30() , true , false
Status: Passed - Execution time: 24505
Result: Wait for object until exist.

<a href="https://www.vodafone.de/playground/mnp-10/mnp-main.html#/rufnummern-mitnahme-eingeloggt">Page url</a>
Time: 24/02/2017 10:22:35.339 AM GMT+0100
(10:22:35.365) - Info: Browser is open
=ROW()-5) Page1, Link_Jetzt_Rufnummern_Mitnahme_Starten , () , Click , () , true , false
(10:22:35.504) - Info: Click fired:true
Status: Passed - Execution time: 644
Result: Click on Link (Link_Jetzt_Rufnummern_Mitnahme_Starten).
<a href="https://www.vodafone.de/playground/mnp-10/mnp-main.html#/auswahl">Page url</a>
Time: 24/02/2017 10:22:36.012 AM GMT+0100


Status: Passed
Coverage: 100.0 %
Execution Time: 27455 mSec

******************** Test script execution end ********************
(10:22:36.032) - Info: <a href="file:/C:/Projekte/Testautomation/temp/vvl_consumer_ols/Sascha_Heiko/Results/TC001/TC001_24022017_102236.html" target="_blank">Link</a>
(10:24:33.083) - Info: Testdata file C:/Projekte/Testautomation/temp/vvl_consumer_ols/Sascha_Heiko/Testdata.xls loaded with 1 in 5 mSec
(10:27:21.064) - Info: Testdata file C:/Projekte/Testautomation/temp/vvl_consumer_ols/Sascha_Heiko/Testdata.xls loaded with 1 in 2 mSec
(10:27:21.075) - Info: Testdata file C:/Projekte/Testautomation/temp/vvl_consumer_ols/Sascha_Heiko/Testdata.xls loaded with 1 in 9 mSec
(10:27:43.409) - Warning: Fail to get window state.
(10:28:25.873) - Info: Edit step (0)
(10:28:25.893) - Info: Edit row [=ROW()-5, Web, , , , Open, {#URL}, Yes, No, ] in sheet (TC001)
(10:28:27.908) - Warning: Fail to get window state.
(10:28:30.386) - Info: Script file C:/Projekte/Testautomation/temp/vvl_consumer_ols/Sascha_Heiko/Scripts/Script1.xls saved
(10:28:30.389) - Info: Testscript (TC001) loaded with 6 step
(10:28:30.390) - Info: Testscript file (C:/Projekte/Testautomation/temp/vvl_consumer_ols/Sascha_Heiko/Scripts/Script1.xls) loaded with 1 script in 3 mSec
(10:28:32.395) - Warning: Fail to get window state.
(10:28:32.652) - Warning: Fail to get window state.
 - Script1 , TC001 , Test Name , true , 1 , []
 - Script1 , TC001 , Test Name , true , 1 , []

******************** Starting test script execution ********************
Activity: Script1
Test script Id: TC001
Test script Name: Test Name
Test script Description: Test Description
Number of steps: 6
(10:28:37.212) - Warning: Fail to get window state.
(10:28:37.223) - Info: Chrome config loaded.
Chrome
Cabability: platform=ANY
Cabability: acceptSslCerts=true
Cabability: javascriptEnabled=true
Cabability: elementScrollBehavior=1
Cabability: browserName=chrome
Cabability: rotatable=false
Cabability: unexpectedAlertBehaviour=ignore
Cabability: locationContextEnabled=true
Cabability: chromeOptions=org.openqa.selenium.chrome.ChromeOptions@54a78c0d
Cabability: version=
Cabability: databaseEnabled=true
Cabability: browserConnectionEnabled=true
Cabability: nativeEvents=false
Cabability: webStorageEnabled=true
Cabability: proxy={proxyType=SYSTEM, autodetect=false, ftpProxy=null, httpProxy=null, noProxy=null, sslProxy=null, socksProxy=null, socksUsername=null, socksPassword=null, proxyAutoconfigUrl=null}
Cabability: webdriver.remote.quietExceptions=false
Cabability: applicationCacheEnabled=true
Config: auto_select_window=false
Config: auto_maxmize=false
Config: timeout_page=120000
Config: timeout_find=2000
Config: timeout_jscript=500
Config: timeout_ajax=20000
Config: mobileEmulation=false
Starting ChromeDriver 2.25.426923 (0390b88869384d6eb0d5d09729679f934aab9eed) on port 10301
Only local connections are allowed.
(10:28:39.436) - Info: Browser opened
1) ,  , () , Open , {#URL}() , true , false
(10:28:39.461) - Error: Step not executed
core.selenium.Exceptions.WebdriverErrorException: Invalid unmapped data >> {#URL}
Build info: version: '2.50.1', revision: 'd7fc91b29de65b790abb01f3ac5f7ea2191c88a7', time: '2016-01-29 11:11:26'
System info: host: 'E0336237', ip: '10.207.119.82', os.name: 'Windows 7', os.arch: 'x86', os.version: '6.1', java.version: '1.7.0_67'
Driver info: driver.version: unknown
	at core.com.testItem.DataMapper.mapData(Unknown Source)
	at core.com.testItem.Step.mapData(Unknown Source)
	at core.selenium.targetActions.WebTargetActions.setUp(Unknown Source)
	at junit.framework.TestCase.runBare(TestCase.java:139)
	at junit.framework.TestResult$1.protect(TestResult.java:122)
	at junit.framework.TestResult.runProtected(TestResult.java:142)
	at junit.framework.TestResult.run(TestResult.java:125)
	at junit.framework.TestCase.run(TestCase.java:129)
	at junit.framework.TestCase.run(TestCase.java:121)
	at core.selenium.targetActions.TargetActions.run(Unknown Source)
	at core.selenium.targets.WebTarget.PreformAction(Unknown Source)
	at core.com.execution.TargetManager.preformAction(Unknown Source)
	at Scripts.Pac_Script_.Script_Test_Name.executeTest(Script_Test_Name.java:87)
	at Scripts.Pac_Script_.Script_Test_Name.test(Script_Test_Name.java:82)
	at sun.reflect.NativeMethodAccessorImpl.invoke0(Native Method)
	at sun.reflect.NativeMethodAccessorImpl.invoke(NativeMethodAccessorImpl.java:57)
	at sun.reflect.DelegatingMethodAccessorImpl.invoke(DelegatingMethodAccessorImpl.java:43)
	at java.lang.reflect.Method.invoke(Method.java:606)
	at org.junit.runners.model.FrameworkMethod$1.runReflectiveCall(FrameworkMethod.java:50)
	at org.junit.internal.runners.model.ReflectiveCallable.run(ReflectiveCallable.java:12)
	at org.junit.runners.model.FrameworkMethod.invokeExplosively(FrameworkMethod.java:47)
	at org.junit.internal.runners.statements.InvokeMethod.evaluate(InvokeMethod.java:17)
	at org.junit.internal.runners.statements.RunBefores.evaluate(RunBefores.java:26)
	at org.junit.internal.runners.statements.RunAfters.evaluate(RunAfters.java:27)
	at org.junit.runners.ParentRunner.runLeaf(ParentRunner.java:325)
	at org.junit.runners.BlockJUnit4ClassRunner.runChild(BlockJUnit4ClassRunner.java:78)
	at org.junit.runners.BlockJUnit4ClassRunner.runChild(BlockJUnit4ClassRunner.java:57)
	at org.junit.runners.ParentRunner$3.run(ParentRunner.java:290)
	at org.junit.runners.ParentRunner$1.schedule(ParentRunner.java:71)
	at org.junit.runners.ParentRunner.runChildren(ParentRunner.java:288)
	at org.junit.runners.ParentRunner.access$000(ParentRunner.java:58)
	at org.junit.runners.ParentRunner$2.evaluate(ParentRunner.java:268)
	at org.junit.internal.runners.statements.RunBefores.evaluate(RunBefores.java:26)
	at org.junit.internal.runners.statements.RunAfters.evaluate(RunAfters.java:27)
	at org.junit.runners.ParentRunner.run(ParentRunner.java:363)
	at org.junit.runners.Suite.runChild(Suite.java:128)
	at org.junit.runners.Suite.runChild(Suite.java:27)
	at org.junit.runners.ParentRunner$3.run(ParentRunner.java:290)
	at org.junit.runners.ParentRunner$1.schedule(ParentRunner.java:71)
	at org.junit.runners.ParentRunner.runChildren(ParentRunner.java:288)
	at org.junit.runners.ParentRunner.access$000(ParentRunner.java:58)
	at org.junit.runners.ParentRunner$2.evaluate(ParentRunner.java:268)
	at org.junit.runners.ParentRunner.run(ParentRunner.java:363)
	at org.junit.runner.JUnitCore.run(JUnitCore.java:137)
	at org.junit.runner.JUnitCore.run(JUnitCore.java:115)
	at org.junit.runner.JUnitCore.run(JUnitCore.java:105)
	at org.junit.runner.JUnitCore.run(JUnitCore.java:94)
	at core.Main.runTest(Unknown Source)
	at ide.Actions$ScriptManager$3.run(Unknown Source)
	at java.lang.Thread.run(Thread.java:745)
Status: Error - Execution time: 46
Result: Step not executed
Invalid unmapped data >> {#URL}

<a href="#" onclick="printStacktrace1() ">Stack Trace</a><script> function printStacktrace1() { var myWindow = window.open("", "_blank"); myWindow.document.write("core.selenium.Exceptions.WebdriverErrorException: Invalid unmapped data >> {#URL}
Build info: version: '2.50.1', revision: 'd7fc91b29de65b790abb01f3ac5f7ea2191c88a7', time: '2016-01-29 11:11:26'
System info: host: 'E0336237', ip: '10.207.119.82', os.name: 'Windows 7', os.arch: 'x86', os.version: '6.1', java.version: '1.7.0_67'
Driver info: driver.version: unknown
	at core.com.testItem.DataMapper.mapData(Unknown Source)
	at core.com.testItem.Step.mapData(Unknown Source)
	at core.selenium.targetActions.WebTargetActions.setUp(Unknown Source)
	at junit.framework.TestCase.runBare(TestCase.java:139)
	at junit.framework.TestResult$1.protect(TestResult.java:122)
	at junit.framework.TestResult.runProtected(TestResult.java:142)
	at junit.framework.TestResult.run(TestResult.java:125)
	at junit.framework.TestCase.run(TestCase.java:129)
	at junit.framework.TestCase.run(TestCase.java:121)
	at core.selenium.targetActions.TargetActions.run(Unknown Source)
	at core.selenium.targets.WebTarget.PreformAction(Unknown Source)
	at core.com.execution.TargetManager.preformAction(Unknown Source)
	at Scripts.Pac_Script_.Script_Test_Name.executeTest(Script_Test_Name.java:87)
	at Scripts.Pac_Script_.Script_Test_Name.test(Script_Test_Name.java:82)
	at sun.reflect.NativeMethodAccessorImpl.invoke0(Native Method)
	at sun.reflect.NativeMethodAccessorImpl.invoke(NativeMethodAccessorImpl.java:57)
	at sun.reflect.DelegatingMethodAccessorImpl.invoke(DelegatingMethodAccessorImpl.java:43)
	at java.lang.reflect.Method.invoke(Method.java:606)
	at org.junit.runners.model.FrameworkMethod$1.runReflectiveCall(FrameworkMethod.java:50)
	at org.junit.internal.runners.model.ReflectiveCallable.run(ReflectiveCallable.java:12)
	at org.junit.runners.model.FrameworkMethod.invokeExplosively(FrameworkMethod.java:47)
	at org.junit.internal.runners.statements.InvokeMethod.evaluate(InvokeMethod.java:17)
	at org.junit.internal.runners.statements.RunBefores.evaluate(RunBefores.java:26)
	at org.junit.internal.runners.statements.RunAfters.evaluate(RunAfters.java:27)
	at org.junit.runners.ParentRunner.runLeaf(ParentRunner.java:325)
	at org.junit.runners.BlockJUnit4ClassRunner.runChild(BlockJUnit4ClassRunner.java:78)
	at org.junit.runners.BlockJUnit4ClassRunner.runChild(BlockJUnit4ClassRunner.java:57)
	at org.junit.runners.ParentRunner$3.run(ParentRunner.java:290)
	at org.junit.runners.ParentRunner$1.schedule(ParentRunner.java:71)
	at org.junit.runners.ParentRunner.runChildren(ParentRunner.java:288)
	at org.junit.runners.ParentRunner.access$000(ParentRunner.java:58)
	at org.junit.runners.ParentRunner$2.evaluate(ParentRunner.java:268)
	at org.junit.internal.runners.statements.RunBefores.evaluate(RunBefores.java:26)
	at org.junit.internal.runners.statements.RunAfters.evaluate(RunAfters.java:27)
	at org.junit.runners.ParentRunner.run(ParentRunner.java:363)
	at org.junit.runners.Suite.runChild(Suite.java:128)
	at org.junit.runners.Suite.runChild(Suite.java:27)
	at org.junit.runners.ParentRunner$3.run(ParentRunner.java:290)
	at org.junit.runners.ParentRunner$1.schedule(ParentRunner.java:71)
	at org.junit.runners.ParentRunner.runChildren(ParentRunner.java:288)
	at org.junit.runners.ParentRunner.access$000(ParentRunner.java:58)
	at org.junit.runners.ParentRunner$2.evaluate(ParentRunner.java:268)
	at org.junit.runners.ParentRunner.run(ParentRunner.java:363)
	at org.junit.runner.JUnitCore.run(JUnitCore.java:137)
	at org.junit.runner.JUnitCore.run(JUnitCore.java:115)
	at org.junit.runner.JUnitCore.run(JUnitCore.java:105)
	at org.junit.runner.JUnitCore.run(JUnitCore.java:94)
	at core.Main.runTest(Unknown Source)
	at ide.Actions$ScriptManager$3.run(Unknown Source)
	at java.lang.Thread.run(Thread.java:745)
");}</script>
<a href="data:,">Page url</a>
Time: 24/02/2017 10:28:39.483 AM GMT+0100


Status: Error
Coverage: 16.66 %
Execution Time: 4563 mSec

******************** Test script execution end ********************
(10:28:39.768) - Info: <a href="file:/C:/Projekte/Testautomation/temp/vvl_consumer_ols/Sascha_Heiko/Results/TC001/TC001_24022017_102839.html" target="_blank">Link</a>
 - Script1 , TC001 , Test Name , true , 1 , []
 - Script1 , TC001 , Test Name , true , 1 , []

******************** Starting test script execution ********************
Activity: Script1
Test script Id: TC001
Test script Name: Test Name
Test script Description: Test Description
Number of steps: 6
(10:28:55.510) - Info: Browser is open
1) ,  , () , Open , {#URL}() , true , false
(10:28:55.542) - Error: Step not executed
core.selenium.Exceptions.WebdriverErrorException: Invalid unmapped data >> {#URL}
Build info: version: '2.50.1', revision: 'd7fc91b29de65b790abb01f3ac5f7ea2191c88a7', time: '2016-01-29 11:11:26'
System info: host: 'E0336237', ip: '10.207.119.82', os.name: 'Windows 7', os.arch: 'x86', os.version: '6.1', java.version: '1.7.0_67'
Driver info: driver.version: unknown
	at core.com.testItem.DataMapper.mapData(Unknown Source)
	at core.com.testItem.Step.mapData(Unknown Source)
	at core.selenium.targetActions.WebTargetActions.setUp(Unknown Source)
	at junit.framework.TestCase.runBare(TestCase.java:139)
	at junit.framework.TestResult$1.protect(TestResult.java:122)
	at junit.framework.TestResult.runProtected(TestResult.java:142)
	at junit.framework.TestResult.run(TestResult.java:125)
	at junit.framework.TestCase.run(TestCase.java:129)
	at junit.framework.TestCase.run(TestCase.java:121)
	at core.selenium.targetActions.TargetActions.run(Unknown Source)
	at core.selenium.targets.WebTarget.PreformAction(Unknown Source)
	at core.com.execution.TargetManager.preformAction(Unknown Source)
	at Scripts.Pac_Script_.Script_Test_Name.executeTest(Script_Test_Name.java:87)
	at Scripts.Pac_Script_.Script_Test_Name.test(Script_Test_Name.java:82)
	at sun.reflect.NativeMethodAccessorImpl.invoke0(Native Method)
	at sun.reflect.NativeMethodAccessorImpl.invoke(NativeMethodAccessorImpl.java:57)
	at sun.reflect.DelegatingMethodAccessorImpl.invoke(DelegatingMethodAccessorImpl.java:43)
	at java.lang.reflect.Method.invoke(Method.java:606)
	at org.junit.runners.model.FrameworkMethod$1.runReflectiveCall(FrameworkMethod.java:50)
	at org.junit.internal.runners.model.ReflectiveCallable.run(ReflectiveCallable.java:12)
	at org.junit.runners.model.FrameworkMethod.invokeExplosively(FrameworkMethod.java:47)
	at org.junit.internal.runners.statements.InvokeMethod.evaluate(InvokeMethod.java:17)
	at org.junit.internal.runners.statements.RunBefores.evaluate(RunBefores.java:26)
	at org.junit.internal.runners.statements.RunAfters.evaluate(RunAfters.java:27)
	at org.junit.runners.ParentRunner.runLeaf(ParentRunner.java:325)
	at org.junit.runners.BlockJUnit4ClassRunner.runChild(BlockJUnit4ClassRunner.java:78)
	at org.junit.runners.BlockJUnit4ClassRunner.runChild(BlockJUnit4ClassRunner.java:57)
	at org.junit.runners.ParentRunner$3.run(ParentRunner.java:290)
	at org.junit.runners.ParentRunner$1.schedule(ParentRunner.java:71)
	at org.junit.runners.ParentRunner.runChildren(ParentRunner.java:288)
	at org.junit.runners.ParentRunner.access$000(ParentRunner.java:58)
	at org.junit.runners.ParentRunner$2.evaluate(ParentRunner.java:268)
	at org.junit.internal.runners.statements.RunBefores.evaluate(RunBefores.java:26)
	at org.junit.internal.runners.statements.RunAfters.evaluate(RunAfters.java:27)
	at org.junit.runners.ParentRunner.run(ParentRunner.java:363)
	at org.junit.runners.Suite.runChild(Suite.java:128)
	at org.junit.runners.Suite.runChild(Suite.java:27)
	at org.junit.runners.ParentRunner$3.run(ParentRunner.java:290)
	at org.junit.runners.ParentRunner$1.schedule(ParentRunner.java:71)
	at org.junit.runners.ParentRunner.runChildren(ParentRunner.java:288)
	at org.junit.runners.ParentRunner.access$000(ParentRunner.java:58)
	at org.junit.runners.ParentRunner$2.evaluate(ParentRunner.java:268)
	at org.junit.runners.ParentRunner.run(ParentRunner.java:363)
	at org.junit.runner.JUnitCore.run(JUnitCore.java:137)
	at org.junit.runner.JUnitCore.run(JUnitCore.java:115)
	at org.junit.runner.JUnitCore.run(JUnitCore.java:105)
	at org.junit.runner.JUnitCore.run(JUnitCore.java:94)
	at core.Main.runTest(Unknown Source)
	at ide.Actions$ScriptManager$3.run(Unknown Source)
	at java.lang.Thread.run(Thread.java:745)
Status: Error - Execution time: 56
Result: Step not executed
Invalid unmapped data >> {#URL}

<a href="#" onclick="printStacktrace1() ">Stack Trace</a><script> function printStacktrace1() { var myWindow = window.open("", "_blank"); myWindow.document.write("core.selenium.Exceptions.WebdriverErrorException: Invalid unmapped data >> {#URL}
Build info: version: '2.50.1', revision: 'd7fc91b29de65b790abb01f3ac5f7ea2191c88a7', time: '2016-01-29 11:11:26'
System info: host: 'E0336237', ip: '10.207.119.82', os.name: 'Windows 7', os.arch: 'x86', os.version: '6.1', java.version: '1.7.0_67'
Driver info: driver.version: unknown
	at core.com.testItem.DataMapper.mapData(Unknown Source)
	at core.com.testItem.Step.mapData(Unknown Source)
	at core.selenium.targetActions.WebTargetActions.setUp(Unknown Source)
	at junit.framework.TestCase.runBare(TestCase.java:139)
	at junit.framework.TestResult$1.protect(TestResult.java:122)
	at junit.framework.TestResult.runProtected(TestResult.java:142)
	at junit.framework.TestResult.run(TestResult.java:125)
	at junit.framework.TestCase.run(TestCase.java:129)
	at junit.framework.TestCase.run(TestCase.java:121)
	at core.selenium.targetActions.TargetActions.run(Unknown Source)
	at core.selenium.targets.WebTarget.PreformAction(Unknown Source)
	at core.com.execution.TargetManager.preformAction(Unknown Source)
	at Scripts.Pac_Script_.Script_Test_Name.executeTest(Script_Test_Name.java:87)
	at Scripts.Pac_Script_.Script_Test_Name.test(Script_Test_Name.java:82)
	at sun.reflect.NativeMethodAccessorImpl.invoke0(Native Method)
	at sun.reflect.NativeMethodAccessorImpl.invoke(NativeMethodAccessorImpl.java:57)
	at sun.reflect.DelegatingMethodAccessorImpl.invoke(DelegatingMethodAccessorImpl.java:43)
	at java.lang.reflect.Method.invoke(Method.java:606)
	at org.junit.runners.model.FrameworkMethod$1.runReflectiveCall(FrameworkMethod.java:50)
	at org.junit.internal.runners.model.ReflectiveCallable.run(ReflectiveCallable.java:12)
	at org.junit.runners.model.FrameworkMethod.invokeExplosively(FrameworkMethod.java:47)
	at org.junit.internal.runners.statements.InvokeMethod.evaluate(InvokeMethod.java:17)
	at org.junit.internal.runners.statements.RunBefores.evaluate(RunBefores.java:26)
	at org.junit.internal.runners.statements.RunAfters.evaluate(RunAfters.java:27)
	at org.junit.runners.ParentRunner.runLeaf(ParentRunner.java:325)
	at org.junit.runners.BlockJUnit4ClassRunner.runChild(BlockJUnit4ClassRunner.java:78)
	at org.junit.runners.BlockJUnit4ClassRunner.runChild(BlockJUnit4ClassRunner.java:57)
	at org.junit.runners.ParentRunner$3.run(ParentRunner.java:290)
	at org.junit.runners.ParentRunner$1.schedule(ParentRunner.java:71)
	at org.junit.runners.ParentRunner.runChildren(ParentRunner.java:288)
	at org.junit.runners.ParentRunner.access$000(ParentRunner.java:58)
	at org.junit.runners.ParentRunner$2.evaluate(ParentRunner.java:268)
	at org.junit.internal.runners.statements.RunBefores.evaluate(RunBefores.java:26)
	at org.junit.internal.runners.statements.RunAfters.evaluate(RunAfters.java:27)
	at org.junit.runners.ParentRunner.run(ParentRunner.java:363)
	at org.junit.runners.Suite.runChild(Suite.java:128)
	at org.junit.runners.Suite.runChild(Suite.java:27)
	at org.junit.runners.ParentRunner$3.run(ParentRunner.java:290)
	at org.junit.runners.ParentRunner$1.schedule(ParentRunner.java:71)
	at org.junit.runners.ParentRunner.runChildren(ParentRunner.java:288)
	at org.junit.runners.ParentRunner.access$000(ParentRunner.java:58)
	at org.junit.runners.ParentRunner$2.evaluate(ParentRunner.java:268)
	at org.junit.runners.ParentRunner.run(ParentRunner.java:363)
	at org.junit.runner.JUnitCore.run(JUnitCore.java:137)
	at org.junit.runner.JUnitCore.run(JUnitCore.java:115)
	at org.junit.runner.JUnitCore.run(JUnitCore.java:105)
	at org.junit.runner.JUnitCore.run(JUnitCore.java:94)
	at core.Main.runTest(Unknown Source)
	at ide.Actions$ScriptManager$3.run(Unknown Source)
	at java.lang.Thread.run(Thread.java:745)
");}</script>
<a href="data:,">Page url</a>
Time: 24/02/2017 10:28:55.569 AM GMT+0100


Status: Error
Coverage: 16.66 %
Execution Time: 503 mSec

******************** Test script execution end ********************
(10:28:55.953) - Info: <a href="file:/C:/Projekte/Testautomation/temp/vvl_consumer_ols/Sascha_Heiko/Results/TC001/TC001_24022017_102855.html" target="_blank">Link</a>
 - Script1 , TC001 , Test Name , true , 1 , []
 - Script1 , TC001 , Test Name , true , 1 , []

******************** Starting test script execution ********************
Activity: Script1
Test script Id: TC001
Test script Name: Test Name
Test script Description: Test Description
Number of steps: 6
(10:29:11.513) - Info: Browser is open
1) ,  , () , Open , {#URL}() , true , false
(10:29:11.527) - Error: Step not executed
core.selenium.Exceptions.WebdriverErrorException: Invalid unmapped data >> {#URL}
Build info: version: '2.50.1', revision: 'd7fc91b29de65b790abb01f3ac5f7ea2191c88a7', time: '2016-01-29 11:11:26'
System info: host: 'E0336237', ip: '10.207.119.82', os.name: 'Windows 7', os.arch: 'x86', os.version: '6.1', java.version: '1.7.0_67'
Driver info: driver.version: unknown
	at core.com.testItem.DataMapper.mapData(Unknown Source)
	at core.com.testItem.Step.mapData(Unknown Source)
	at core.selenium.targetActions.WebTargetActions.setUp(Unknown Source)
	at junit.framework.TestCase.runBare(TestCase.java:139)
	at junit.framework.TestResult$1.protect(TestResult.java:122)
	at junit.framework.TestResult.runProtected(TestResult.java:142)
	at junit.framework.TestResult.run(TestResult.java:125)
	at junit.framework.TestCase.run(TestCase.java:129)
	at junit.framework.TestCase.run(TestCase.java:121)
	at core.selenium.targetActions.TargetActions.run(Unknown Source)
	at core.selenium.targets.WebTarget.PreformAction(Unknown Source)
	at core.com.execution.TargetManager.preformAction(Unknown Source)
	at Scripts.Pac_Script_.Script_Test_Name.executeTest(Script_Test_Name.java:87)
	at Scripts.Pac_Script_.Script_Test_Name.test(Script_Test_Name.java:82)
	at sun.reflect.NativeMethodAccessorImpl.invoke0(Native Method)
	at sun.reflect.NativeMethodAccessorImpl.invoke(NativeMethodAccessorImpl.java:57)
	at sun.reflect.DelegatingMethodAccessorImpl.invoke(DelegatingMethodAccessorImpl.java:43)
	at java.lang.reflect.Method.invoke(Method.java:606)
	at org.junit.runners.model.FrameworkMethod$1.runReflectiveCall(FrameworkMethod.java:50)
	at org.junit.internal.runners.model.ReflectiveCallable.run(ReflectiveCallable.java:12)
	at org.junit.runners.model.FrameworkMethod.invokeExplosively(FrameworkMethod.java:47)
	at org.junit.internal.runners.statements.InvokeMethod.evaluate(InvokeMethod.java:17)
	at org.junit.internal.runners.statements.RunBefores.evaluate(RunBefores.java:26)
	at org.junit.internal.runners.statements.RunAfters.evaluate(RunAfters.java:27)
	at org.junit.runners.ParentRunner.runLeaf(ParentRunner.java:325)
	at org.junit.runners.BlockJUnit4ClassRunner.runChild(BlockJUnit4ClassRunner.java:78)
	at org.junit.runners.BlockJUnit4ClassRunner.runChild(BlockJUnit4ClassRunner.java:57)
	at org.junit.runners.ParentRunner$3.run(ParentRunner.java:290)
	at org.junit.runners.ParentRunner$1.schedule(ParentRunner.java:71)
	at org.junit.runners.ParentRunner.runChildren(ParentRunner.java:288)
	at org.junit.runners.ParentRunner.access$000(ParentRunner.java:58)
	at org.junit.runners.ParentRunner$2.evaluate(ParentRunner.java:268)
	at org.junit.internal.runners.statements.RunBefores.evaluate(RunBefores.java:26)
	at org.junit.internal.runners.statements.RunAfters.evaluate(RunAfters.java:27)
	at org.junit.runners.ParentRunner.run(ParentRunner.java:363)
	at org.junit.runners.Suite.runChild(Suite.java:128)
	at org.junit.runners.Suite.runChild(Suite.java:27)
	at org.junit.runners.ParentRunner$3.run(ParentRunner.java:290)
	at org.junit.runners.ParentRunner$1.schedule(ParentRunner.java:71)
	at org.junit.runners.ParentRunner.runChildren(ParentRunner.java:288)
	at org.junit.runners.ParentRunner.access$000(ParentRunner.java:58)
	at org.junit.runners.ParentRunner$2.evaluate(ParentRunner.java:268)
	at org.junit.runners.ParentRunner.run(ParentRunner.java:363)
	at org.junit.runner.JUnitCore.run(JUnitCore.java:137)
	at org.junit.runner.JUnitCore.run(JUnitCore.java:115)
	at org.junit.runner.JUnitCore.run(JUnitCore.java:105)
	at org.junit.runner.JUnitCore.run(JUnitCore.java:94)
	at core.Main.runTest(Unknown Source)
	at ide.Actions$ScriptManager$3.run(Unknown Source)
	at java.lang.Thread.run(Thread.java:745)
Status: Error - Execution time: 29
Result: Step not executed
Invalid unmapped data >> {#URL}

<a href="#" onclick="printStacktrace1() ">Stack Trace</a><script> function printStacktrace1() { var myWindow = window.open("", "_blank"); myWindow.document.write("core.selenium.Exceptions.WebdriverErrorException: Invalid unmapped data >> {#URL}
Build info: version: '2.50.1', revision: 'd7fc91b29de65b790abb01f3ac5f7ea2191c88a7', time: '2016-01-29 11:11:26'
System info: host: 'E0336237', ip: '10.207.119.82', os.name: 'Windows 7', os.arch: 'x86', os.version: '6.1', java.version: '1.7.0_67'
Driver info: driver.version: unknown
	at core.com.testItem.DataMapper.mapData(Unknown Source)
	at core.com.testItem.Step.mapData(Unknown Source)
	at core.selenium.targetActions.WebTargetActions.setUp(Unknown Source)
	at junit.framework.TestCase.runBare(TestCase.java:139)
	at junit.framework.TestResult$1.protect(TestResult.java:122)
	at junit.framework.TestResult.runProtected(TestResult.java:142)
	at junit.framework.TestResult.run(TestResult.java:125)
	at junit.framework.TestCase.run(TestCase.java:129)
	at junit.framework.TestCase.run(TestCase.java:121)
	at core.selenium.targetActions.TargetActions.run(Unknown Source)
	at core.selenium.targets.WebTarget.PreformAction(Unknown Source)
	at core.com.execution.TargetManager.preformAction(Unknown Source)
	at Scripts.Pac_Script_.Script_Test_Name.executeTest(Script_Test_Name.java:87)
	at Scripts.Pac_Script_.Script_Test_Name.test(Script_Test_Name.java:82)
	at sun.reflect.NativeMethodAccessorImpl.invoke0(Native Method)
	at sun.reflect.NativeMethodAccessorImpl.invoke(NativeMethodAccessorImpl.java:57)
	at sun.reflect.DelegatingMethodAccessorImpl.invoke(DelegatingMethodAccessorImpl.java:43)
	at java.lang.reflect.Method.invoke(Method.java:606)
	at org.junit.runners.model.FrameworkMethod$1.runReflectiveCall(FrameworkMethod.java:50)
	at org.junit.internal.runners.model.ReflectiveCallable.run(ReflectiveCallable.java:12)
	at org.junit.runners.model.FrameworkMethod.invokeExplosively(FrameworkMethod.java:47)
	at org.junit.internal.runners.statements.InvokeMethod.evaluate(InvokeMethod.java:17)
	at org.junit.internal.runners.statements.RunBefores.evaluate(RunBefores.java:26)
	at org.junit.internal.runners.statements.RunAfters.evaluate(RunAfters.java:27)
	at org.junit.runners.ParentRunner.runLeaf(ParentRunner.java:325)
	at org.junit.runners.BlockJUnit4ClassRunner.runChild(BlockJUnit4ClassRunner.java:78)
	at org.junit.runners.BlockJUnit4ClassRunner.runChild(BlockJUnit4ClassRunner.java:57)
	at org.junit.runners.ParentRunner$3.run(ParentRunner.java:290)
	at org.junit.runners.ParentRunner$1.schedule(ParentRunner.java:71)
	at org.junit.runners.ParentRunner.runChildren(ParentRunner.java:288)
	at org.junit.runners.ParentRunner.access$000(ParentRunner.java:58)
	at org.junit.runners.ParentRunner$2.evaluate(ParentRunner.java:268)
	at org.junit.internal.runners.statements.RunBefores.evaluate(RunBefores.java:26)
	at org.junit.internal.runners.statements.RunAfters.evaluate(RunAfters.java:27)
	at org.junit.runners.ParentRunner.run(ParentRunner.java:363)
	at org.junit.runners.Suite.runChild(Suite.java:128)
	at org.junit.runners.Suite.runChild(Suite.java:27)
	at org.junit.runners.ParentRunner$3.run(ParentRunner.java:290)
	at org.junit.runners.ParentRunner$1.schedule(ParentRunner.java:71)
	at org.junit.runners.ParentRunner.runChildren(ParentRunner.java:288)
	at org.junit.runners.ParentRunner.access$000(ParentRunner.java:58)
	at org.junit.runners.ParentRunner$2.evaluate(ParentRunner.java:268)
	at org.junit.runners.ParentRunner.run(ParentRunner.java:363)
	at org.junit.runner.JUnitCore.run(JUnitCore.java:137)
	at org.junit.runner.JUnitCore.run(JUnitCore.java:115)
	at org.junit.runner.JUnitCore.run(JUnitCore.java:105)
	at org.junit.runner.JUnitCore.run(JUnitCore.java:94)
	at core.Main.runTest(Unknown Source)
	at ide.Actions$ScriptManager$3.run(Unknown Source)
	at java.lang.Thread.run(Thread.java:745)
");}</script>
<a href="data:,">Page url</a>
Time: 24/02/2017 10:29:11.543 AM GMT+0100


Status: Error
Coverage: 16.66 %
Execution Time: 354 mSec

******************** Test script execution end ********************
(10:29:11.832) - Info: <a href="file:/C:/Projekte/Testautomation/temp/vvl_consumer_ols/Sascha_Heiko/Results/TC001/TC001_24022017_102911.html" target="_blank">Link</a>
 - Script1 , TC001 , Test Name , true , 1 , []
 - Script1 , TC001 , Test Name , true , 1 , []

******************** Starting test script execution ********************
Activity: Script1
Test script Id: TC001
Test script Name: Test Name
Test script Description: Test Description
Number of steps: 6
(10:29:13.252) - Info: Browser is open
1) ,  , () , Open , {#URL}() , true , false
(10:29:13.264) - Error: Step not executed
core.selenium.Exceptions.WebdriverErrorException: Invalid unmapped data >> {#URL}
Build info: version: '2.50.1', revision: 'd7fc91b29de65b790abb01f3ac5f7ea2191c88a7', time: '2016-01-29 11:11:26'
System info: host: 'E0336237', ip: '10.207.119.82', os.name: 'Windows 7', os.arch: 'x86', os.version: '6.1', java.version: '1.7.0_67'
Driver info: driver.version: unknown
	at core.com.testItem.DataMapper.mapData(Unknown Source)
	at core.com.testItem.Step.mapData(Unknown Source)
	at core.selenium.targetActions.WebTargetActions.setUp(Unknown Source)
	at junit.framework.TestCase.runBare(TestCase.java:139)
	at junit.framework.TestResult$1.protect(TestResult.java:122)
	at junit.framework.TestResult.runProtected(TestResult.java:142)
	at junit.framework.TestResult.run(TestResult.java:125)
	at junit.framework.TestCase.run(TestCase.java:129)
	at junit.framework.TestCase.run(TestCase.java:121)
	at core.selenium.targetActions.TargetActions.run(Unknown Source)
	at core.selenium.targets.WebTarget.PreformAction(Unknown Source)
	at core.com.execution.TargetManager.preformAction(Unknown Source)
	at Scripts.Pac_Script_.Script_Test_Name.executeTest(Script_Test_Name.java:87)
	at Scripts.Pac_Script_.Script_Test_Name.test(Script_Test_Name.java:82)
	at sun.reflect.NativeMethodAccessorImpl.invoke0(Native Method)
	at sun.reflect.NativeMethodAccessorImpl.invoke(NativeMethodAccessorImpl.java:57)
	at sun.reflect.DelegatingMethodAccessorImpl.invoke(DelegatingMethodAccessorImpl.java:43)
	at java.lang.reflect.Method.invoke(Method.java:606)
	at org.junit.runners.model.FrameworkMethod$1.runReflectiveCall(FrameworkMethod.java:50)
	at org.junit.internal.runners.model.ReflectiveCallable.run(ReflectiveCallable.java:12)
	at org.junit.runners.model.FrameworkMethod.invokeExplosively(FrameworkMethod.java:47)
	at org.junit.internal.runners.statements.InvokeMethod.evaluate(InvokeMethod.java:17)
	at org.junit.internal.runners.statements.RunBefores.evaluate(RunBefores.java:26)
	at org.junit.internal.runners.statements.RunAfters.evaluate(RunAfters.java:27)
	at org.junit.runners.ParentRunner.runLeaf(ParentRunner.java:325)
	at org.junit.runners.BlockJUnit4ClassRunner.runChild(BlockJUnit4ClassRunner.java:78)
	at org.junit.runners.BlockJUnit4ClassRunner.runChild(BlockJUnit4ClassRunner.java:57)
	at org.junit.runners.ParentRunner$3.run(ParentRunner.java:290)
	at org.junit.runners.ParentRunner$1.schedule(ParentRunner.java:71)
	at org.junit.runners.ParentRunner.runChildren(ParentRunner.java:288)
	at org.junit.runners.ParentRunner.access$000(ParentRunner.java:58)
	at org.junit.runners.ParentRunner$2.evaluate(ParentRunner.java:268)
	at org.junit.internal.runners.statements.RunBefores.evaluate(RunBefores.java:26)
	at org.junit.internal.runners.statements.RunAfters.evaluate(RunAfters.java:27)
	at org.junit.runners.ParentRunner.run(ParentRunner.java:363)
	at org.junit.runners.Suite.runChild(Suite.java:128)
	at org.junit.runners.Suite.runChild(Suite.java:27)
	at org.junit.runners.ParentRunner$3.run(ParentRunner.java:290)
	at org.junit.runners.ParentRunner$1.schedule(ParentRunner.java:71)
	at org.junit.runners.ParentRunner.runChildren(ParentRunner.java:288)
	at org.junit.runners.ParentRunner.access$000(ParentRunner.java:58)
	at org.junit.runners.ParentRunner$2.evaluate(ParentRunner.java:268)
	at org.junit.runners.ParentRunner.run(ParentRunner.java:363)
	at org.junit.runner.JUnitCore.run(JUnitCore.java:137)
	at org.junit.runner.JUnitCore.run(JUnitCore.java:115)
	at org.junit.runner.JUnitCore.run(JUnitCore.java:105)
	at org.junit.runner.JUnitCore.run(JUnitCore.java:94)
	at core.Main.runTest(Unknown Source)
	at ide.Actions$ScriptManager$3.run(Unknown Source)
	at java.lang.Thread.run(Thread.java:745)
Status: Error - Execution time: 26
Result: Step not executed
Invalid unmapped data >> {#URL}

<a href="#" onclick="printStacktrace1() ">Stack Trace</a><script> function printStacktrace1() { var myWindow = window.open("", "_blank"); myWindow.document.write("core.selenium.Exceptions.WebdriverErrorException: Invalid unmapped data >> {#URL}
Build info: version: '2.50.1', revision: 'd7fc91b29de65b790abb01f3ac5f7ea2191c88a7', time: '2016-01-29 11:11:26'
System info: host: 'E0336237', ip: '10.207.119.82', os.name: 'Windows 7', os.arch: 'x86', os.version: '6.1', java.version: '1.7.0_67'
Driver info: driver.version: unknown
	at core.com.testItem.DataMapper.mapData(Unknown Source)
	at core.com.testItem.Step.mapData(Unknown Source)
	at core.selenium.targetActions.WebTargetActions.setUp(Unknown Source)
	at junit.framework.TestCase.runBare(TestCase.java:139)
	at junit.framework.TestResult$1.protect(TestResult.java:122)
	at junit.framework.TestResult.runProtected(TestResult.java:142)
	at junit.framework.TestResult.run(TestResult.java:125)
	at junit.framework.TestCase.run(TestCase.java:129)
	at junit.framework.TestCase.run(TestCase.java:121)
	at core.selenium.targetActions.TargetActions.run(Unknown Source)
	at core.selenium.targets.WebTarget.PreformAction(Unknown Source)
	at core.com.execution.TargetManager.preformAction(Unknown Source)
	at Scripts.Pac_Script_.Script_Test_Name.executeTest(Script_Test_Name.java:87)
	at Scripts.Pac_Script_.Script_Test_Name.test(Script_Test_Name.java:82)
	at sun.reflect.NativeMethodAccessorImpl.invoke0(Native Method)
	at sun.reflect.NativeMethodAccessorImpl.invoke(NativeMethodAccessorImpl.java:57)
	at sun.reflect.DelegatingMethodAccessorImpl.invoke(DelegatingMethodAccessorImpl.java:43)
	at java.lang.reflect.Method.invoke(Method.java:606)
	at org.junit.runners.model.FrameworkMethod$1.runReflectiveCall(FrameworkMethod.java:50)
	at org.junit.internal.runners.model.ReflectiveCallable.run(ReflectiveCallable.java:12)
	at org.junit.runners.model.FrameworkMethod.invokeExplosively(FrameworkMethod.java:47)
	at org.junit.internal.runners.statements.InvokeMethod.evaluate(InvokeMethod.java:17)
	at org.junit.internal.runners.statements.RunBefores.evaluate(RunBefores.java:26)
	at org.junit.internal.runners.statements.RunAfters.evaluate(RunAfters.java:27)
	at org.junit.runners.ParentRunner.runLeaf(ParentRunner.java:325)
	at org.junit.runners.BlockJUnit4ClassRunner.runChild(BlockJUnit4ClassRunner.java:78)
	at org.junit.runners.BlockJUnit4ClassRunner.runChild(BlockJUnit4ClassRunner.java:57)
	at org.junit.runners.ParentRunner$3.run(ParentRunner.java:290)
	at org.junit.runners.ParentRunner$1.schedule(ParentRunner.java:71)
	at org.junit.runners.ParentRunner.runChildren(ParentRunner.java:288)
	at org.junit.runners.ParentRunner.access$000(ParentRunner.java:58)
	at org.junit.runners.ParentRunner$2.evaluate(ParentRunner.java:268)
	at org.junit.internal.runners.statements.RunBefores.evaluate(RunBefores.java:26)
	at org.junit.internal.runners.statements.RunAfters.evaluate(RunAfters.java:27)
	at org.junit.runners.ParentRunner.run(ParentRunner.java:363)
	at org.junit.runners.Suite.runChild(Suite.java:128)
	at org.junit.runners.Suite.runChild(Suite.java:27)
	at org.junit.runners.ParentRunner$3.run(ParentRunner.java:290)
	at org.junit.runners.ParentRunner$1.schedule(ParentRunner.java:71)
	at org.junit.runners.ParentRunner.runChildren(ParentRunner.java:288)
	at org.junit.runners.ParentRunner.access$000(ParentRunner.java:58)
	at org.junit.runners.ParentRunner$2.evaluate(ParentRunner.java:268)
	at org.junit.runners.ParentRunner.run(ParentRunner.java:363)
	at org.junit.runner.JUnitCore.run(JUnitCore.java:137)
	at org.junit.runner.JUnitCore.run(JUnitCore.java:115)
	at org.junit.runner.JUnitCore.run(JUnitCore.java:105)
	at org.junit.runner.JUnitCore.run(JUnitCore.java:94)
	at core.Main.runTest(Unknown Source)
	at ide.Actions$ScriptManager$3.run(Unknown Source)
	at java.lang.Thread.run(Thread.java:745)
");}</script>
<a href="data:,">Page url</a>
Time: 24/02/2017 10:29:13.279 AM GMT+0100


Status: Error
Coverage: 16.66 %
Execution Time: 412 mSec

******************** Test script execution end ********************
(10:29:13.647) - Info: <a href="file:/C:/Projekte/Testautomation/temp/vvl_consumer_ols/Sascha_Heiko/Results/TC001/TC001_24022017_102913.html" target="_blank">Link</a>
 - Script1 , TC001 , Test Name , true , 1 , []
 - Script1 , TC001 , Test Name , true , 1 , []

******************** Starting test script execution ********************
Activity: Script1
Test script Id: TC001
Test script Name: Test Name
Test script Description: Test Description
Number of steps: 6
(10:29:14.692) - Info: Browser is open
1) ,  , () , Open , {#URL}() , true , false
(10:29:14.718) - Error: Step not executed
core.selenium.Exceptions.WebdriverErrorException: Invalid unmapped data >> {#URL}
Build info: version: '2.50.1', revision: 'd7fc91b29de65b790abb01f3ac5f7ea2191c88a7', time: '2016-01-29 11:11:26'
System info: host: 'E0336237', ip: '10.207.119.82', os.name: 'Windows 7', os.arch: 'x86', os.version: '6.1', java.version: '1.7.0_67'
Driver info: driver.version: unknown
	at core.com.testItem.DataMapper.mapData(Unknown Source)
	at core.com.testItem.Step.mapData(Unknown Source)
	at core.selenium.targetActions.WebTargetActions.setUp(Unknown Source)
	at junit.framework.TestCase.runBare(TestCase.java:139)
	at junit.framework.TestResult$1.protect(TestResult.java:122)
	at junit.framework.TestResult.runProtected(TestResult.java:142)
	at junit.framework.TestResult.run(TestResult.java:125)
	at junit.framework.TestCase.run(TestCase.java:129)
	at junit.framework.TestCase.run(TestCase.java:121)
	at core.selenium.targetActions.TargetActions.run(Unknown Source)
	at core.selenium.targets.WebTarget.PreformAction(Unknown Source)
	at core.com.execution.TargetManager.preformAction(Unknown Source)
	at Scripts.Pac_Script_.Script_Test_Name.executeTest(Script_Test_Name.java:87)
	at Scripts.Pac_Script_.Script_Test_Name.test(Script_Test_Name.java:82)
	at sun.reflect.NativeMethodAccessorImpl.invoke0(Native Method)
	at sun.reflect.NativeMethodAccessorImpl.invoke(NativeMethodAccessorImpl.java:57)
	at sun.reflect.DelegatingMethodAccessorImpl.invoke(DelegatingMethodAccessorImpl.java:43)
	at java.lang.reflect.Method.invoke(Method.java:606)
	at org.junit.runners.model.FrameworkMethod$1.runReflectiveCall(FrameworkMethod.java:50)
	at org.junit.internal.runners.model.ReflectiveCallable.run(ReflectiveCallable.java:12)
	at org.junit.runners.model.FrameworkMethod.invokeExplosively(FrameworkMethod.java:47)
	at org.junit.internal.runners.statements.InvokeMethod.evaluate(InvokeMethod.java:17)
	at org.junit.internal.runners.statements.RunBefores.evaluate(RunBefores.java:26)
	at org.junit.internal.runners.statements.RunAfters.evaluate(RunAfters.java:27)
	at org.junit.runners.ParentRunner.runLeaf(ParentRunner.java:325)
	at org.junit.runners.BlockJUnit4ClassRunner.runChild(BlockJUnit4ClassRunner.java:78)
	at org.junit.runners.BlockJUnit4ClassRunner.runChild(BlockJUnit4ClassRunner.java:57)
	at org.junit.runners.ParentRunner$3.run(ParentRunner.java:290)
	at org.junit.runners.ParentRunner$1.schedule(ParentRunner.java:71)
	at org.junit.runners.ParentRunner.runChildren(ParentRunner.java:288)
	at org.junit.runners.ParentRunner.access$000(ParentRunner.java:58)
	at org.junit.runners.ParentRunner$2.evaluate(ParentRunner.java:268)
	at org.junit.internal.runners.statements.RunBefores.evaluate(RunBefores.java:26)
	at org.junit.internal.runners.statements.RunAfters.evaluate(RunAfters.java:27)
	at org.junit.runners.ParentRunner.run(ParentRunner.java:363)
	at org.junit.runners.Suite.runChild(Suite.java:128)
	at org.junit.runners.Suite.runChild(Suite.java:27)
	at org.junit.runners.ParentRunner$3.run(ParentRunner.java:290)
	at org.junit.runners.ParentRunner$1.schedule(ParentRunner.java:71)
	at org.junit.runners.ParentRunner.runChildren(ParentRunner.java:288)
	at org.junit.runners.ParentRunner.access$000(ParentRunner.java:58)
	at org.junit.runners.ParentRunner$2.evaluate(ParentRunner.java:268)
	at org.junit.runners.ParentRunner.run(ParentRunner.java:363)
	at org.junit.runner.JUnitCore.run(JUnitCore.java:137)
	at org.junit.runner.JUnitCore.run(JUnitCore.java:115)
	at org.junit.runner.JUnitCore.run(JUnitCore.java:105)
	at org.junit.runner.JUnitCore.run(JUnitCore.java:94)
	at core.Main.runTest(Unknown Source)
	at ide.Actions$ScriptManager$3.run(Unknown Source)
	at java.lang.Thread.run(Thread.java:745)
Status: Error - Execution time: 52
Result: Step not executed
Invalid unmapped data >> {#URL}

<a href="#" onclick="printStacktrace1() ">Stack Trace</a><script> function printStacktrace1() { var myWindow = window.open("", "_blank"); myWindow.document.write("core.selenium.Exceptions.WebdriverErrorException: Invalid unmapped data >> {#URL}
Build info: version: '2.50.1', revision: 'd7fc91b29de65b790abb01f3ac5f7ea2191c88a7', time: '2016-01-29 11:11:26'
System info: host: 'E0336237', ip: '10.207.119.82', os.name: 'Windows 7', os.arch: 'x86', os.version: '6.1', java.version: '1.7.0_67'
Driver info: driver.version: unknown
	at core.com.testItem.DataMapper.mapData(Unknown Source)
	at core.com.testItem.Step.mapData(Unknown Source)
	at core.selenium.targetActions.WebTargetActions.setUp(Unknown Source)
	at junit.framework.TestCase.runBare(TestCase.java:139)
	at junit.framework.TestResult$1.protect(TestResult.java:122)
	at junit.framework.TestResult.runProtected(TestResult.java:142)
	at junit.framework.TestResult.run(TestResult.java:125)
	at junit.framework.TestCase.run(TestCase.java:129)
	at junit.framework.TestCase.run(TestCase.java:121)
	at core.selenium.targetActions.TargetActions.run(Unknown Source)
	at core.selenium.targets.WebTarget.PreformAction(Unknown Source)
	at core.com.execution.TargetManager.preformAction(Unknown Source)
	at Scripts.Pac_Script_.Script_Test_Name.executeTest(Script_Test_Name.java:87)
	at Scripts.Pac_Script_.Script_Test_Name.test(Script_Test_Name.java:82)
	at sun.reflect.NativeMethodAccessorImpl.invoke0(Native Method)
	at sun.reflect.NativeMethodAccessorImpl.invoke(NativeMethodAccessorImpl.java:57)
	at sun.reflect.DelegatingMethodAccessorImpl.invoke(DelegatingMethodAccessorImpl.java:43)
	at java.lang.reflect.Method.invoke(Method.java:606)
	at org.junit.runners.model.FrameworkMethod$1.runReflectiveCall(FrameworkMethod.java:50)
	at org.junit.internal.runners.model.ReflectiveCallable.run(ReflectiveCallable.java:12)
	at org.junit.runners.model.FrameworkMethod.invokeExplosively(FrameworkMethod.java:47)
	at org.junit.internal.runners.statements.InvokeMethod.evaluate(InvokeMethod.java:17)
	at org.junit.internal.runners.statements.RunBefores.evaluate(RunBefores.java:26)
	at org.junit.internal.runners.statements.RunAfters.evaluate(RunAfters.java:27)
	at org.junit.runners.ParentRunner.runLeaf(ParentRunner.java:325)
	at org.junit.runners.BlockJUnit4ClassRunner.runChild(BlockJUnit4ClassRunner.java:78)
	at org.junit.runners.BlockJUnit4ClassRunner.runChild(BlockJUnit4ClassRunner.java:57)
	at org.junit.runners.ParentRunner$3.run(ParentRunner.java:290)
	at org.junit.runners.ParentRunner$1.schedule(ParentRunner.java:71)
	at org.junit.runners.ParentRunner.runChildren(ParentRunner.java:288)
	at org.junit.runners.ParentRunner.access$000(ParentRunner.java:58)
	at org.junit.runners.ParentRunner$2.evaluate(ParentRunner.java:268)
	at org.junit.internal.runners.statements.RunBefores.evaluate(RunBefores.java:26)
	at org.junit.internal.runners.statements.RunAfters.evaluate(RunAfters.java:27)
	at org.junit.runners.ParentRunner.run(ParentRunner.java:363)
	at org.junit.runners.Suite.runChild(Suite.java:128)
	at org.junit.runners.Suite.runChild(Suite.java:27)
	at org.junit.runners.ParentRunner$3.run(ParentRunner.java:290)
	at org.junit.runners.ParentRunner$1.schedule(ParentRunner.java:71)
	at org.junit.runners.ParentRunner.runChildren(ParentRunner.java:288)
	at org.junit.runners.ParentRunner.access$000(ParentRunner.java:58)
	at org.junit.runners.ParentRunner$2.evaluate(ParentRunner.java:268)
	at org.junit.runners.ParentRunner.run(ParentRunner.java:363)
	at org.junit.runner.JUnitCore.run(JUnitCore.java:137)
	at org.junit.runner.JUnitCore.run(JUnitCore.java:115)
	at org.junit.runner.JUnitCore.run(JUnitCore.java:105)
	at org.junit.runner.JUnitCore.run(JUnitCore.java:94)
	at core.Main.runTest(Unknown Source)
	at ide.Actions$ScriptManager$3.run(Unknown Source)
	at java.lang.Thread.run(Thread.java:745)
");}</script>
<a href="data:,">Page url</a>
Time: 24/02/2017 10:29:14.748 AM GMT+0100


Status: Error
Coverage: 16.66 %
Execution Time: 448 mSec

******************** Test script execution end ********************
(10:29:15.022) - Info: <a href="file:/C:/Projekte/Testautomation/temp/vvl_consumer_ols/Sascha_Heiko/Results/TC001/TC001_24022017_102915.html" target="_blank">Link</a>
(10:29:24.885) - Warning: Fail to get window state.
(10:29:24.898) - Info: Chrome config loaded.
Chrome
Cabability: platform=ANY
Cabability: acceptSslCerts=true
Cabability: javascriptEnabled=true
Cabability: elementScrollBehavior=1
Cabability: browserName=chrome
Cabability: rotatable=false
Cabability: unexpectedAlertBehaviour=ignore
Cabability: locationContextEnabled=true
Cabability: chromeOptions=org.openqa.selenium.chrome.ChromeOptions@54a78c0d
Cabability: version=
Cabability: databaseEnabled=true
Cabability: browserConnectionEnabled=true
Cabability: nativeEvents=false
Cabability: webStorageEnabled=true
Cabability: proxy={proxyType=SYSTEM, autodetect=false, ftpProxy=null, httpProxy=null, noProxy=null, sslProxy=null, socksProxy=null, socksUsername=null, socksPassword=null, proxyAutoconfigUrl=null}
Cabability: webdriver.remote.quietExceptions=false
Cabability: applicationCacheEnabled=true
Config: auto_select_window=false
Config: auto_maxmize=false
Config: timeout_page=120000
Config: timeout_find=2000
Config: timeout_jscript=500
Config: timeout_ajax=20000
Config: mobileEmulation=false
Starting ChromeDriver 2.25.426923 (0390b88869384d6eb0d5d09729679f934aab9eed) on port 18012
Only local connections are allowed.
(10:29:26.936) - Info: Browser opened
 - Script1 , TC001 , Test Name , true , 1 , []
 - Script1 , TC001 , Test Name , true , 1 , []

******************** Starting test script execution ********************
Activity: Script1
Test script Id: TC001
Test script Name: Test Name
Test script Description: Test Description
Number of steps: 6
(10:29:32.801) - Info: Browser is open
1) ,  , () , Open , {#URL}() , true , false
(10:29:32.851) - Error: Step not executed
core.selenium.Exceptions.WebdriverErrorException: Invalid unmapped data >> {#URL}
Build info: version: '2.50.1', revision: 'd7fc91b29de65b790abb01f3ac5f7ea2191c88a7', time: '2016-01-29 11:11:26'
System info: host: 'E0336237', ip: '10.207.119.82', os.name: 'Windows 7', os.arch: 'x86', os.version: '6.1', java.version: '1.7.0_67'
Driver info: driver.version: unknown
	at core.com.testItem.DataMapper.mapData(Unknown Source)
	at core.com.testItem.Step.mapData(Unknown Source)
	at core.selenium.targetActions.WebTargetActions.setUp(Unknown Source)
	at junit.framework.TestCase.runBare(TestCase.java:139)
	at junit.framework.TestResult$1.protect(TestResult.java:122)
	at junit.framework.TestResult.runProtected(TestResult.java:142)
	at junit.framework.TestResult.run(TestResult.java:125)
	at junit.framework.TestCase.run(TestCase.java:129)
	at junit.framework.TestCase.run(TestCase.java:121)
	at core.selenium.targetActions.TargetActions.run(Unknown Source)
	at core.selenium.targets.WebTarget.PreformAction(Unknown Source)
	at core.com.execution.TargetManager.preformAction(Unknown Source)
	at Scripts.Pac_Script_.Script_Test_Name.executeTest(Script_Test_Name.java:87)
	at Scripts.Pac_Script_.Script_Test_Name.test(Script_Test_Name.java:82)
	at sun.reflect.NativeMethodAccessorImpl.invoke0(Native Method)
	at sun.reflect.NativeMethodAccessorImpl.invoke(NativeMethodAccessorImpl.java:57)
	at sun.reflect.DelegatingMethodAccessorImpl.invoke(DelegatingMethodAccessorImpl.java:43)
	at java.lang.reflect.Method.invoke(Method.java:606)
	at org.junit.runners.model.FrameworkMethod$1.runReflectiveCall(FrameworkMethod.java:50)
	at org.junit.internal.runners.model.ReflectiveCallable.run(ReflectiveCallable.java:12)
	at org.junit.runners.model.FrameworkMethod.invokeExplosively(FrameworkMethod.java:47)
	at org.junit.internal.runners.statements.InvokeMethod.evaluate(InvokeMethod.java:17)
	at org.junit.internal.runners.statements.RunBefores.evaluate(RunBefores.java:26)
	at org.junit.internal.runners.statements.RunAfters.evaluate(RunAfters.java:27)
	at org.junit.runners.ParentRunner.runLeaf(ParentRunner.java:325)
	at org.junit.runners.BlockJUnit4ClassRunner.runChild(BlockJUnit4ClassRunner.java:78)
	at org.junit.runners.BlockJUnit4ClassRunner.runChild(BlockJUnit4ClassRunner.java:57)
	at org.junit.runners.ParentRunner$3.run(ParentRunner.java:290)
	at org.junit.runners.ParentRunner$1.schedule(ParentRunner.java:71)
	at org.junit.runners.ParentRunner.runChildren(ParentRunner.java:288)
	at org.junit.runners.ParentRunner.access$000(ParentRunner.java:58)
	at org.junit.runners.ParentRunner$2.evaluate(ParentRunner.java:268)
	at org.junit.internal.runners.statements.RunBefores.evaluate(RunBefores.java:26)
	at org.junit.internal.runners.statements.RunAfters.evaluate(RunAfters.java:27)
	at org.junit.runners.ParentRunner.run(ParentRunner.java:363)
	at org.junit.runners.Suite.runChild(Suite.java:128)
	at org.junit.runners.Suite.runChild(Suite.java:27)
	at org.junit.runners.ParentRunner$3.run(ParentRunner.java:290)
	at org.junit.runners.ParentRunner$1.schedule(ParentRunner.java:71)
	at org.junit.runners.ParentRunner.runChildren(ParentRunner.java:288)
	at org.junit.runners.ParentRunner.access$000(ParentRunner.java:58)
	at org.junit.runners.ParentRunner$2.evaluate(ParentRunner.java:268)
	at org.junit.runners.ParentRunner.run(ParentRunner.java:363)
	at org.junit.runner.JUnitCore.run(JUnitCore.java:137)
	at org.junit.runner.JUnitCore.run(JUnitCore.java:115)
	at org.junit.runner.JUnitCore.run(JUnitCore.java:105)
	at org.junit.runner.JUnitCore.run(JUnitCore.java:94)
	at core.Main.runTest(Unknown Source)
	at ide.Actions$ScriptManager$3.run(Unknown Source)
	at java.lang.Thread.run(Thread.java:745)
Status: Error - Execution time: 82
Result: Step not executed
Invalid unmapped data >> {#URL}

<a href="#" onclick="printStacktrace1() ">Stack Trace</a><script> function printStacktrace1() { var myWindow = window.open("", "_blank"); myWindow.document.write("core.selenium.Exceptions.WebdriverErrorException: Invalid unmapped data >> {#URL}
Build info: version: '2.50.1', revision: 'd7fc91b29de65b790abb01f3ac5f7ea2191c88a7', time: '2016-01-29 11:11:26'
System info: host: 'E0336237', ip: '10.207.119.82', os.name: 'Windows 7', os.arch: 'x86', os.version: '6.1', java.version: '1.7.0_67'
Driver info: driver.version: unknown
	at core.com.testItem.DataMapper.mapData(Unknown Source)
	at core.com.testItem.Step.mapData(Unknown Source)
	at core.selenium.targetActions.WebTargetActions.setUp(Unknown Source)
	at junit.framework.TestCase.runBare(TestCase.java:139)
	at junit.framework.TestResult$1.protect(TestResult.java:122)
	at junit.framework.TestResult.runProtected(TestResult.java:142)
	at junit.framework.TestResult.run(TestResult.java:125)
	at junit.framework.TestCase.run(TestCase.java:129)
	at junit.framework.TestCase.run(TestCase.java:121)
	at core.selenium.targetActions.TargetActions.run(Unknown Source)
	at core.selenium.targets.WebTarget.PreformAction(Unknown Source)
	at core.com.execution.TargetManager.preformAction(Unknown Source)
	at Scripts.Pac_Script_.Script_Test_Name.executeTest(Script_Test_Name.java:87)
	at Scripts.Pac_Script_.Script_Test_Name.test(Script_Test_Name.java:82)
	at sun.reflect.NativeMethodAccessorImpl.invoke0(Native Method)
	at sun.reflect.NativeMethodAccessorImpl.invoke(NativeMethodAccessorImpl.java:57)
	at sun.reflect.DelegatingMethodAccessorImpl.invoke(DelegatingMethodAccessorImpl.java:43)
	at java.lang.reflect.Method.invoke(Method.java:606)
	at org.junit.runners.model.FrameworkMethod$1.runReflectiveCall(FrameworkMethod.java:50)
	at org.junit.internal.runners.model.ReflectiveCallable.run(ReflectiveCallable.java:12)
	at org.junit.runners.model.FrameworkMethod.invokeExplosively(FrameworkMethod.java:47)
	at org.junit.internal.runners.statements.InvokeMethod.evaluate(InvokeMethod.java:17)
	at org.junit.internal.runners.statements.RunBefores.evaluate(RunBefores.java:26)
	at org.junit.internal.runners.statements.RunAfters.evaluate(RunAfters.java:27)
	at org.junit.runners.ParentRunner.runLeaf(ParentRunner.java:325)
	at org.junit.runners.BlockJUnit4ClassRunner.runChild(BlockJUnit4ClassRunner.java:78)
	at org.junit.runners.BlockJUnit4ClassRunner.runChild(BlockJUnit4ClassRunner.java:57)
	at org.junit.runners.ParentRunner$3.run(ParentRunner.java:290)
	at org.junit.runners.ParentRunner$1.schedule(ParentRunner.java:71)
	at org.junit.runners.ParentRunner.runChildren(ParentRunner.java:288)
	at org.junit.runners.ParentRunner.access$000(ParentRunner.java:58)
	at org.junit.runners.ParentRunner$2.evaluate(ParentRunner.java:268)
	at org.junit.internal.runners.statements.RunBefores.evaluate(RunBefores.java:26)
	at org.junit.internal.runners.statements.RunAfters.evaluate(RunAfters.java:27)
	at org.junit.runners.ParentRunner.run(ParentRunner.java:363)
	at org.junit.runners.Suite.runChild(Suite.java:128)
	at org.junit.runners.Suite.runChild(Suite.java:27)
	at org.junit.runners.ParentRunner$3.run(ParentRunner.java:290)
	at org.junit.runners.ParentRunner$1.schedule(ParentRunner.java:71)
	at org.junit.runners.ParentRunner.runChildren(ParentRunner.java:288)
	at org.junit.runners.ParentRunner.access$000(ParentRunner.java:58)
	at org.junit.runners.ParentRunner$2.evaluate(ParentRunner.java:268)
	at org.junit.runners.ParentRunner.run(ParentRunner.java:363)
	at org.junit.runner.JUnitCore.run(JUnitCore.java:137)
	at org.junit.runner.JUnitCore.run(JUnitCore.java:115)
	at org.junit.runner.JUnitCore.run(JUnitCore.java:105)
	at org.junit.runner.JUnitCore.run(JUnitCore.java:94)
	at core.Main.runTest(Unknown Source)
	at ide.Actions$ScriptManager$3.run(Unknown Source)
	at java.lang.Thread.run(Thread.java:745)
");}</script>
<a href="data:,">Page url</a>
Time: 24/02/2017 10:29:32.885 AM GMT+0100


Status: Error
Coverage: 16.66 %
Execution Time: 516 mSec

******************** Test script execution end ********************
(10:29:33.276) - Info: <a href="file:/C:/Projekte/Testautomation/temp/vvl_consumer_ols/Sascha_Heiko/Results/TC001/TC001_24022017_102933.html" target="_blank">Link</a>
(10:29:52.177) - Info: Testdata file C:/Projekte/Testautomation/temp/vvl_consumer_ols/Sascha_Heiko/Testdata.xls loaded with 1 in 19 mSec
(10:30:47.174) - Info: Edit step (0)
(10:30:47.201) - Info: Edit row [=ROW()-5, Web, , , , Open, {#Data.URL}, Yes, No, ] in sheet (TC001)
 - Script1 , TC001 , Test Name , true , 1 , []
 - Script1 , TC001 , Test Name , true , 1 , []

******************** Starting test script execution ********************
Activity: Script1
Test script Id: TC001
Test script Name: Test Name
Test script Description: Test Description
Number of steps: 6
(10:30:52.988) - Info: Browser is open
=ROW()-5) ,  , () , Open , {#Data.URL}() , true , false
Status: Passed - Execution time: 1556
Result: Page () loaded.
<a href="data:,">Page url</a>
Time: 24/02/2017 10:30:54.547 AM GMT+0100
(10:30:54.586) - Info: Browser is open
2) Page1, MSISDN , () , Type , 015200488839() , true , false
(10:30:56.636) - Error: Failed to write (015200488839) in Object.
org.openqa.selenium.NoSuchElementException: no such element: Unable to locate element: {"method":"id","selector":"number"}
  (Session info: chrome=56.0.2924.87)
  (Driver info: chromedriver=2.25.426923 (0390b88869384d6eb0d5d09729679f934aab9eed),platform=Windows NT 6.1.7601 SP1 x86) (WARNING: The server did not provide any stacktrace information)
Command duration or timeout: 2.03 seconds
For documentation on this error, please visit: http://seleniumhq.org/exceptions/no_such_element.html
Build info: version: '2.50.1', revision: 'd7fc91b29de65b790abb01f3ac5f7ea2191c88a7', time: '2016-01-29 11:11:26'
System info: host: 'E0336237', ip: '10.207.119.82', os.name: 'Windows 7', os.arch: 'x86', os.version: '6.1', java.version: '1.7.0_67'
*** Element info: {Using=id, value=number}
Session ID: 819836c14c848575268712352663cbad
Driver info: org.openqa.selenium.chrome.ChromeDriver
Capabilities [{platform=XP, acceptSslCerts=true, javascriptEnabled=true, browserName=chrome, chrome={userDataDir=C:\Users\SASA~1.KOS\AppData\Local\Temp\scoped_dir8448_27748, chromedriverVersion=2.25.426923 (0390b88869384d6eb0d5d09729679f934aab9eed)}, networkConnectionEnabled=false, rotatable=false, locationContextEnabled=true, mobileEmulationEnabled=false, version=56.0.2924.87, pageLoadStrategy=normal, takesHeapSnapshot=true, cssSelectorsEnabled=true, databaseEnabled=false, handlesAlerts=true, browserConnectionEnabled=false, webStorageEnabled=true, nativeEvents=true, hasTouchScreen=false, applicationCacheEnabled=false, takesScreenshot=true}]
	at sun.reflect.NativeConstructorAccessorImpl.newInstance0(Native Method)
	at sun.reflect.NativeConstructorAccessorImpl.newInstance(NativeConstructorAccessorImpl.java:57)
	at sun.reflect.DelegatingConstructorAccessorImpl.newInstance(DelegatingConstructorAccessorImpl.java:45)
	at java.lang.reflect.Constructor.newInstance(Constructor.java:526)
	at org.openqa.selenium.remote.ErrorHandler.createThrowable(ErrorHandler.java:206)
	at org.openqa.selenium.remote.ErrorHandler.throwIfResponseFailed(ErrorHandler.java:158)
	at org.openqa.selenium.remote.RemoteWebDriver.execute(RemoteWebDriver.java:678)
	at org.openqa.selenium.remote.RemoteWebDriver.findElement(RemoteWebDriver.java:363)
	at org.openqa.selenium.remote.RemoteWebDriver.findElementById(RemoteWebDriver.java:413)
	at org.openqa.selenium.By$ById.findElement(By.java:218)
	at org.openqa.selenium.remote.RemoteWebDriver.findElement(RemoteWebDriver.java:355)
	at core.selenium.targetElement.TargetElement.Find_WebElement(Unknown Source)
	at core.selenium.targetElement.TargetElement.<init>(Unknown Source)
	at core.selenium.targetElement.WebTargetElement.<init>(Unknown Source)
	at core.selenium.targets.WebTarget.getTargetElement(Unknown Source)
	at core.selenium.targetActions.WebTargetActions.type(Unknown Source)
	at sun.reflect.NativeMethodAccessorImpl.invoke0(Native Method)
	at sun.reflect.NativeMethodAccessorImpl.invoke(NativeMethodAccessorImpl.java:57)
	at sun.reflect.DelegatingMethodAccessorImpl.invoke(DelegatingMethodAccessorImpl.java:43)
	at java.lang.reflect.Method.invoke(Method.java:606)
	at junit.framework.TestCase.runTest(TestCase.java:176)
	at junit.framework.TestCase.runBare(TestCase.java:141)
	at junit.framework.TestResult$1.protect(TestResult.java:122)
	at junit.framework.TestResult.runProtected(TestResult.java:142)
	at junit.framework.TestResult.run(TestResult.java:125)
	at junit.framework.TestCase.run(TestCase.java:129)
	at junit.framework.TestCase.run(TestCase.java:121)
	at core.selenium.targetActions.TargetActions.run(Unknown Source)
	at core.selenium.targets.WebTarget.PreformAction(Unknown Source)
	at core.com.execution.TargetManager.preformAction(Unknown Source)
	at Scripts.Pac_Script_.Script_Test_Name.executeTest(Script_Test_Name.java:88)
	at Scripts.Pac_Script_.Script_Test_Name.test(Script_Test_Name.java:82)
	at sun.reflect.NativeMethodAccessorImpl.invoke0(Native Method)
	at sun.reflect.NativeMethodAccessorImpl.invoke(NativeMethodAccessorImpl.java:57)
	at sun.reflect.DelegatingMethodAccessorImpl.invoke(DelegatingMethodAccessorImpl.java:43)
	at java.lang.reflect.Method.invoke(Method.java:606)
	at org.junit.runners.model.FrameworkMethod$1.runReflectiveCall(FrameworkMethod.java:50)
	at org.junit.internal.runners.model.ReflectiveCallable.run(ReflectiveCallable.java:12)
	at org.junit.runners.model.FrameworkMethod.invokeExplosively(FrameworkMethod.java:47)
	at org.junit.internal.runners.statements.InvokeMethod.evaluate(InvokeMethod.java:17)
	at org.junit.internal.runners.statements.RunBefores.evaluate(RunBefores.java:26)
	at org.junit.internal.runners.statements.RunAfters.evaluate(RunAfters.java:27)
	at org.junit.runners.ParentRunner.runLeaf(ParentRunner.java:325)
	at org.junit.runners.BlockJUnit4ClassRunner.runChild(BlockJUnit4ClassRunner.java:78)
	at org.junit.runners.BlockJUnit4ClassRunner.runChild(BlockJUnit4ClassRunner.java:57)
	at org.junit.runners.ParentRunner$3.run(ParentRunner.java:290)
	at org.junit.runners.ParentRunner$1.schedule(ParentRunner.java:71)
	at org.junit.runners.ParentRunner.runChildren(ParentRunner.java:288)
	at org.junit.runners.ParentRunner.access$000(ParentRunner.java:58)
	at org.junit.runners.ParentRunner$2.evaluate(ParentRunner.java:268)
	at org.junit.internal.runners.statements.RunBefores.evaluate(RunBefores.java:26)
	at org.junit.internal.runners.statements.RunAfters.evaluate(RunAfters.java:27)
	at org.junit.runners.ParentRunner.run(ParentRunner.java:363)
	at org.junit.runners.Suite.runChild(Suite.java:128)
	at org.junit.runners.Suite.runChild(Suite.java:27)
	at org.junit.runners.ParentRunner$3.run(ParentRunner.java:290)
	at org.junit.runners.ParentRunner$1.schedule(ParentRunner.java:71)
	at org.junit.runners.ParentRunner.runChildren(ParentRunner.java:288)
	at org.junit.runners.ParentRunner.access$000(ParentRunner.java:58)
	at org.junit.runners.ParentRunner$2.evaluate(ParentRunner.java:268)
	at org.junit.runners.ParentRunner.run(ParentRunner.java:363)
	at org.junit.runner.JUnitCore.run(JUnitCore.java:137)
	at org.junit.runner.JUnitCore.run(JUnitCore.java:115)
	at org.junit.runner.JUnitCore.run(JUnitCore.java:105)
	at org.junit.runner.JUnitCore.run(JUnitCore.java:94)
	at core.Main.runTest(Unknown Source)
	at ide.Actions$ScriptManager$3.run(Unknown Source)
	at java.lang.Thread.run(Thread.java:745)
Status: Failed - Execution time: 2088
Result: Failed to write (015200488839) in Object.
no such element: Unable to locate element: {"method":"id","selector":"number"}
  (Session info: chrome=56.0.2924.87)
  (Driver info: chromedriver=2.25.426923 (0390b88869384d6eb0d5d09729679f934aab9eed),platform=Windows NT 6.1.7601 SP1 x86) (WARNING: The server did not provide any stacktrace information)
Command duration or timeout: 2.03 seconds
For documentation on this error, please visit: http://seleniumhq.org/exceptions/no_such_element.html

<a href="#" onclick="printStacktrace2() ">Stack Trace</a><script> function printStacktrace2() { var myWindow = window.open("", "_blank"); myWindow.document.write("org.openqa.selenium.NoSuchElementException: no such element: Unable to locate element: {"method":"id","selector":"number"}
  (Session info: chrome=56.0.2924.87)
  (Driver info: chromedriver=2.25.426923 (0390b88869384d6eb0d5d09729679f934aab9eed),platform=Windows NT 6.1.7601 SP1 x86) (WARNING: The server did not provide any stacktrace information)
Command duration or timeout: 2.03 seconds
For documentation on this error, please visit: http://seleniumhq.org/exceptions/no_such_element.html
Build info: version: '2.50.1', revision: 'd7fc91b29de65b790abb01f3ac5f7ea2191c88a7', time: '2016-01-29 11:11:26'
System info: host: 'E0336237', ip: '10.207.119.82', os.name: 'Windows 7', os.arch: 'x86', os.version: '6.1', java.version: '1.7.0_67'
*** Element info: {Using=id, value=number}
Session ID: 819836c14c848575268712352663cbad
Driver info: org.openqa.selenium.chrome.ChromeDriver
Capabilities [{platform=XP, acceptSslCerts=true, javascriptEnabled=true, browserName=chrome, chrome={userDataDir=C:\Users\SASA~1.KOS\AppData\Local\Temp\scoped_dir8448_27748, chromedriverVersion=2.25.426923 (0390b88869384d6eb0d5d09729679f934aab9eed)}, networkConnectionEnabled=false, rotatable=false, locationContextEnabled=true, mobileEmulationEnabled=false, version=56.0.2924.87, pageLoadStrategy=normal, takesHeapSnapshot=true, cssSelectorsEnabled=true, databaseEnabled=false, handlesAlerts=true, browserConnectionEnabled=false, webStorageEnabled=true, nativeEvents=true, hasTouchScreen=false, applicationCacheEnabled=false, takesScreenshot=true}]
	at sun.reflect.NativeConstructorAccessorImpl.newInstance0(Native Method)
	at sun.reflect.NativeConstructorAccessorImpl.newInstance(NativeConstructorAccessorImpl.java:57)
	at sun.reflect.DelegatingConstructorAccessorImpl.newInstance(DelegatingConstructorAccessorImpl.java:45)
	at java.lang.reflect.Constructor.newInstance(Constructor.java:526)
	at org.openqa.selenium.remote.ErrorHandler.createThrowable(ErrorHandler.java:206)
	at org.openqa.selenium.remote.ErrorHandler.throwIfResponseFailed(ErrorHandler.java:158)
	at org.openqa.selenium.remote.RemoteWebDriver.execute(RemoteWebDriver.java:678)
	at org.openqa.selenium.remote.RemoteWebDriver.findElement(RemoteWebDriver.java:363)
	at org.openqa.selenium.remote.RemoteWebDriver.findElementById(RemoteWebDriver.java:413)
	at org.openqa.selenium.By$ById.findElement(By.java:218)
	at org.openqa.selenium.remote.RemoteWebDriver.findElement(RemoteWebDriver.java:355)
	at core.selenium.targetElement.TargetElement.Find_WebElement(Unknown Source)
	at core.selenium.targetElement.TargetElement.<init>(Unknown Source)
	at core.selenium.targetElement.WebTargetElement.<init>(Unknown Source)
	at core.selenium.targets.WebTarget.getTargetElement(Unknown Source)
	at core.selenium.targetActions.WebTargetActions.type(Unknown Source)
	at sun.reflect.NativeMethodAccessorImpl.invoke0(Native Method)
	at sun.reflect.NativeMethodAccessorImpl.invoke(NativeMethodAccessorImpl.java:57)
	at sun.reflect.DelegatingMethodAccessorImpl.invoke(DelegatingMethodAccessorImpl.java:43)
	at java.lang.reflect.Method.invoke(Method.java:606)
	at junit.framework.TestCase.runTest(TestCase.java:176)
	at junit.framework.TestCase.runBare(TestCase.java:141)
	at junit.framework.TestResult$1.protect(TestResult.java:122)
	at junit.framework.TestResult.runProtected(TestResult.java:142)
	at junit.framework.TestResult.run(TestResult.java:125)
	at junit.framework.TestCase.run(TestCase.java:129)
	at junit.framework.TestCase.run(TestCase.java:121)
	at core.selenium.targetActions.TargetActions.run(Unknown Source)
	at core.selenium.targets.WebTarget.PreformAction(Unknown Source)
	at core.com.execution.TargetManager.preformAction(Unknown Source)
	at Scripts.Pac_Script_.Script_Test_Name.executeTest(Script_Test_Name.java:88)
	at Scripts.Pac_Script_.Script_Test_Name.test(Script_Test_Name.java:82)
	at sun.reflect.NativeMethodAccessorImpl.invoke0(Native Method)
	at sun.reflect.NativeMethodAccessorImpl.invoke(NativeMethodAccessorImpl.java:57)
	at sun.reflect.DelegatingMethodAccessorImpl.invoke(DelegatingMethodAccessorImpl.java:43)
	at java.lang.reflect.Method.invoke(Method.java:606)
	at org.junit.runners.model.FrameworkMethod$1.runReflectiveCall(FrameworkMethod.java:50)
	at org.junit.internal.runners.model.ReflectiveCallable.run(ReflectiveCallable.java:12)
	at org.junit.runners.model.FrameworkMethod.invokeExplosively(FrameworkMethod.java:47)
	at org.junit.internal.runners.statements.InvokeMethod.evaluate(InvokeMethod.java:17)
	at org.junit.internal.runners.statements.RunBefores.evaluate(RunBefores.java:26)
	at org.junit.internal.runners.statements.RunAfters.evaluate(RunAfters.java:27)
	at org.junit.runners.ParentRunner.runLeaf(ParentRunner.java:325)
	at org.junit.runners.BlockJUnit4ClassRunner.runChild(BlockJUnit4ClassRunner.java:78)
	at org.junit.runners.BlockJUnit4ClassRunner.runChild(BlockJUnit4ClassRunner.java:57)
	at org.junit.runners.ParentRunner$3.run(ParentRunner.java:290)
	at org.junit.runners.ParentRunner$1.schedule(ParentRunner.java:71)
	at org.junit.runners.ParentRunner.runChildren(ParentRunner.java:288)
	at org.junit.runners.ParentRunner.access$000(ParentRunner.java:58)
	at org.junit.runners.ParentRunner$2.evaluate(ParentRunner.java:268)
	at org.junit.internal.runners.statements.RunBefores.evaluate(RunBefores.java:26)
	at org.junit.internal.runners.statements.RunAfters.evaluate(RunAfters.java:27)
	at org.junit.runners.ParentRunner.run(ParentRunner.java:363)
	at org.junit.runners.Suite.runChild(Suite.java:128)
	at org.junit.runners.Suite.runChild(Suite.java:27)
	at org.junit.runners.ParentRunner$3.run(ParentRunner.java:290)
	at org.junit.runners.ParentRunner$1.schedule(ParentRunner.java:71)
	at org.junit.runners.ParentRunner.runChildren(ParentRunner.java:288)
	at org.junit.runners.ParentRunner.access$000(ParentRunner.java:58)
	at org.junit.runners.ParentRunner$2.evaluate(ParentRunner.java:268)
	at org.junit.runners.ParentRunner.run(ParentRunner.java:363)
	at org.junit.runner.JUnitCore.run(JUnitCore.java:137)
	at org.junit.runner.JUnitCore.run(JUnitCore.java:115)
	at org.junit.runner.JUnitCore.run(JUnitCore.java:105)
	at org.junit.runner.JUnitCore.run(JUnitCore.java:94)
	at core.Main.runTest(Unknown Source)
	at ide.Actions$ScriptManager$3.run(Unknown Source)
	at java.lang.Thread.run(Thread.java:745)
");}</script>
<a href="data:,">Page url</a>
Time: 24/02/2017 10:30:56.676 AM GMT+0100


Status: Failed
Coverage: 33.33 %
Execution Time: 4162 mSec

******************** Test script execution end ********************
(10:30:57.054) - Info: <a href="file:/C:/Projekte/Testautomation/temp/vvl_consumer_ols/Sascha_Heiko/Results/TC001/TC001_24022017_103057.html" target="_blank">Link</a>
 - Script1 , TC001 , Test Name , true , 1 , []
 - Script1 , TC001 , Test Name , true , 1 , []

******************** Starting test script execution ********************
Activity: Script1
Test script Id: TC001
Test script Name: Test Name
Test script Description: Test Description
Number of steps: 6
(10:31:23.058) - Info: Browser is open
=ROW()-5) ,  , () , Open , {#Data.URL}(https://www.vodafone.de/playground/mnp-10/mnp-main.html#/) , true , false
Status: Passed - Execution time: 4031
Result: Page (Hilfe | Rufnummer online mitnehmen - Rufnummern-Mitnahme) loaded.
<a href="https://www.vodafone.de/playground/mnp-10/mnp-main.html#/">Page url</a>
Time: 24/02/2017 10:31:27.092 AM GMT+0100
(10:31:27.118) - Info: Browser is open
2) Page1, MSISDN , () , Type , 015200488839(015200488839) , true , false
(10:31:29.169) - Error: Failed to write (015200488839) in Object.
org.openqa.selenium.NoSuchElementException: no such element: Unable to locate element: {"method":"id","selector":"number"}
  (Session info: chrome=56.0.2924.87)
  (Driver info: chromedriver=2.25.426923 (0390b88869384d6eb0d5d09729679f934aab9eed),platform=Windows NT 6.1.7601 SP1 x86) (WARNING: The server did not provide any stacktrace information)
Command duration or timeout: 2.04 seconds
For documentation on this error, please visit: http://seleniumhq.org/exceptions/no_such_element.html
Build info: version: '2.50.1', revision: 'd7fc91b29de65b790abb01f3ac5f7ea2191c88a7', time: '2016-01-29 11:11:26'
System info: host: 'E0336237', ip: '10.207.119.82', os.name: 'Windows 7', os.arch: 'x86', os.version: '6.1', java.version: '1.7.0_67'
*** Element info: {Using=id, value=number}
Session ID: 819836c14c848575268712352663cbad
Driver info: org.openqa.selenium.chrome.ChromeDriver
Capabilities [{platform=XP, acceptSslCerts=true, javascriptEnabled=true, browserName=chrome, chrome={userDataDir=C:\Users\SASA~1.KOS\AppData\Local\Temp\scoped_dir8448_27748, chromedriverVersion=2.25.426923 (0390b88869384d6eb0d5d09729679f934aab9eed)}, networkConnectionEnabled=false, rotatable=false, locationContextEnabled=true, mobileEmulationEnabled=false, version=56.0.2924.87, pageLoadStrategy=normal, takesHeapSnapshot=true, cssSelectorsEnabled=true, databaseEnabled=false, handlesAlerts=true, browserConnectionEnabled=false, webStorageEnabled=true, nativeEvents=true, hasTouchScreen=false, applicationCacheEnabled=false, takesScreenshot=true}]
	at sun.reflect.NativeConstructorAccessorImpl.newInstance0(Native Method)
	at sun.reflect.NativeConstructorAccessorImpl.newInstance(NativeConstructorAccessorImpl.java:57)
	at sun.reflect.DelegatingConstructorAccessorImpl.newInstance(DelegatingConstructorAccessorImpl.java:45)
	at java.lang.reflect.Constructor.newInstance(Constructor.java:526)
	at org.openqa.selenium.remote.ErrorHandler.createThrowable(ErrorHandler.java:206)
	at org.openqa.selenium.remote.ErrorHandler.throwIfResponseFailed(ErrorHandler.java:158)
	at org.openqa.selenium.remote.RemoteWebDriver.execute(RemoteWebDriver.java:678)
	at org.openqa.selenium.remote.RemoteWebDriver.findElement(RemoteWebDriver.java:363)
	at org.openqa.selenium.remote.RemoteWebDriver.findElementById(RemoteWebDriver.java:413)
	at org.openqa.selenium.By$ById.findElement(By.java:218)
	at org.openqa.selenium.remote.RemoteWebDriver.findElement(RemoteWebDriver.java:355)
	at core.selenium.targetElement.TargetElement.Find_WebElement(Unknown Source)
	at core.selenium.targetElement.TargetElement.<init>(Unknown Source)
	at core.selenium.targetElement.WebTargetElement.<init>(Unknown Source)
	at core.selenium.targets.WebTarget.getTargetElement(Unknown Source)
	at core.selenium.targetActions.WebTargetActions.type(Unknown Source)
	at sun.reflect.NativeMethodAccessorImpl.invoke0(Native Method)
	at sun.reflect.NativeMethodAccessorImpl.invoke(NativeMethodAccessorImpl.java:57)
	at sun.reflect.DelegatingMethodAccessorImpl.invoke(DelegatingMethodAccessorImpl.java:43)
	at java.lang.reflect.Method.invoke(Method.java:606)
	at junit.framework.TestCase.runTest(TestCase.java:176)
	at junit.framework.TestCase.runBare(TestCase.java:141)
	at junit.framework.TestResult$1.protect(TestResult.java:122)
	at junit.framework.TestResult.runProtected(TestResult.java:142)
	at junit.framework.TestResult.run(TestResult.java:125)
	at junit.framework.TestCase.run(TestCase.java:129)
	at junit.framework.TestCase.run(TestCase.java:121)
	at core.selenium.targetActions.TargetActions.run(Unknown Source)
	at core.selenium.targets.WebTarget.PreformAction(Unknown Source)
	at core.com.execution.TargetManager.preformAction(Unknown Source)
	at Scripts.Pac_Script_.Script_Test_Name.executeTest(Script_Test_Name.java:88)
	at Scripts.Pac_Script_.Script_Test_Name.test(Script_Test_Name.java:82)
	at sun.reflect.NativeMethodAccessorImpl.invoke0(Native Method)
	at sun.reflect.NativeMethodAccessorImpl.invoke(NativeMethodAccessorImpl.java:57)
	at sun.reflect.DelegatingMethodAccessorImpl.invoke(DelegatingMethodAccessorImpl.java:43)
	at java.lang.reflect.Method.invoke(Method.java:606)
	at org.junit.runners.model.FrameworkMethod$1.runReflectiveCall(FrameworkMethod.java:50)
	at org.junit.internal.runners.model.ReflectiveCallable.run(ReflectiveCallable.java:12)
	at org.junit.runners.model.FrameworkMethod.invokeExplosively(FrameworkMethod.java:47)
	at org.junit.internal.runners.statements.InvokeMethod.evaluate(InvokeMethod.java:17)
	at org.junit.internal.runners.statements.RunBefores.evaluate(RunBefores.java:26)
	at org.junit.internal.runners.statements.RunAfters.evaluate(RunAfters.java:27)
	at org.junit.runners.ParentRunner.runLeaf(ParentRunner.java:325)
	at org.junit.runners.BlockJUnit4ClassRunner.runChild(BlockJUnit4ClassRunner.java:78)
	at org.junit.runners.BlockJUnit4ClassRunner.runChild(BlockJUnit4ClassRunner.java:57)
	at org.junit.runners.ParentRunner$3.run(ParentRunner.java:290)
	at org.junit.runners.ParentRunner$1.schedule(ParentRunner.java:71)
	at org.junit.runners.ParentRunner.runChildren(ParentRunner.java:288)
	at org.junit.runners.ParentRunner.access$000(ParentRunner.java:58)
	at org.junit.runners.ParentRunner$2.evaluate(ParentRunner.java:268)
	at org.junit.internal.runners.statements.RunBefores.evaluate(RunBefores.java:26)
	at org.junit.internal.runners.statements.RunAfters.evaluate(RunAfters.java:27)
	at org.junit.runners.ParentRunner.run(ParentRunner.java:363)
	at org.junit.runners.Suite.runChild(Suite.java:128)
	at org.junit.runners.Suite.runChild(Suite.java:27)
	at org.junit.runners.ParentRunner$3.run(ParentRunner.java:290)
	at org.junit.runners.ParentRunner$1.schedule(ParentRunner.java:71)
	at org.junit.runners.ParentRunner.runChildren(ParentRunner.java:288)
	at org.junit.runners.ParentRunner.access$000(ParentRunner.java:58)
	at org.junit.runners.ParentRunner$2.evaluate(ParentRunner.java:268)
	at org.junit.runners.ParentRunner.run(ParentRunner.java:363)
	at org.junit.runner.JUnitCore.run(JUnitCore.java:137)
	at org.junit.runner.JUnitCore.run(JUnitCore.java:115)
	at org.junit.runner.JUnitCore.run(JUnitCore.java:105)
	at org.junit.runner.JUnitCore.run(JUnitCore.java:94)
	at core.Main.runTest(Unknown Source)
	at ide.Actions$ScriptManager$3.run(Unknown Source)
	at java.lang.Thread.run(Thread.java:745)
Status: Failed - Execution time: 2077
Result: Failed to write (015200488839) in Object.
no such element: Unable to locate element: {"method":"id","selector":"number"}
  (Session info: chrome=56.0.2924.87)
  (Driver info: chromedriver=2.25.426923 (0390b88869384d6eb0d5d09729679f934aab9eed),platform=Windows NT 6.1.7601 SP1 x86) (WARNING: The server did not provide any stacktrace information)
Command duration or timeout: 2.04 seconds
For documentation on this error, please visit: http://seleniumhq.org/exceptions/no_such_element.html

<a href="#" onclick="printStacktrace2() ">Stack Trace</a><script> function printStacktrace2() { var myWindow = window.open("", "_blank"); myWindow.document.write("org.openqa.selenium.NoSuchElementException: no such element: Unable to locate element: {"method":"id","selector":"number"}
  (Session info: chrome=56.0.2924.87)
  (Driver info: chromedriver=2.25.426923 (0390b88869384d6eb0d5d09729679f934aab9eed),platform=Windows NT 6.1.7601 SP1 x86) (WARNING: The server did not provide any stacktrace information)
Command duration or timeout: 2.04 seconds
For documentation on this error, please visit: http://seleniumhq.org/exceptions/no_such_element.html
Build info: version: '2.50.1', revision: 'd7fc91b29de65b790abb01f3ac5f7ea2191c88a7', time: '2016-01-29 11:11:26'
System info: host: 'E0336237', ip: '10.207.119.82', os.name: 'Windows 7', os.arch: 'x86', os.version: '6.1', java.version: '1.7.0_67'
*** Element info: {Using=id, value=number}
Session ID: 819836c14c848575268712352663cbad
Driver info: org.openqa.selenium.chrome.ChromeDriver
Capabilities [{platform=XP, acceptSslCerts=true, javascriptEnabled=true, browserName=chrome, chrome={userDataDir=C:\Users\SASA~1.KOS\AppData\Local\Temp\scoped_dir8448_27748, chromedriverVersion=2.25.426923 (0390b88869384d6eb0d5d09729679f934aab9eed)}, networkConnectionEnabled=false, rotatable=false, locationContextEnabled=true, mobileEmulationEnabled=false, version=56.0.2924.87, pageLoadStrategy=normal, takesHeapSnapshot=true, cssSelectorsEnabled=true, databaseEnabled=false, handlesAlerts=true, browserConnectionEnabled=false, webStorageEnabled=true, nativeEvents=true, hasTouchScreen=false, applicationCacheEnabled=false, takesScreenshot=true}]
	at sun.reflect.NativeConstructorAccessorImpl.newInstance0(Native Method)
	at sun.reflect.NativeConstructorAccessorImpl.newInstance(NativeConstructorAccessorImpl.java:57)
	at sun.reflect.DelegatingConstructorAccessorImpl.newInstance(DelegatingConstructorAccessorImpl.java:45)
	at java.lang.reflect.Constructor.newInstance(Constructor.java:526)
	at org.openqa.selenium.remote.ErrorHandler.createThrowable(ErrorHandler.java:206)
	at org.openqa.selenium.remote.ErrorHandler.throwIfResponseFailed(ErrorHandler.java:158)
	at org.openqa.selenium.remote.RemoteWebDriver.execute(RemoteWebDriver.java:678)
	at org.openqa.selenium.remote.RemoteWebDriver.findElement(RemoteWebDriver.java:363)
	at org.openqa.selenium.remote.RemoteWebDriver.findElementById(RemoteWebDriver.java:413)
	at org.openqa.selenium.By$ById.findElement(By.java:218)
	at org.openqa.selenium.remote.RemoteWebDriver.findElement(RemoteWebDriver.java:355)
	at core.selenium.targetElement.TargetElement.Find_WebElement(Unknown Source)
	at core.selenium.targetElement.TargetElement.<init>(Unknown Source)
	at core.selenium.targetElement.WebTargetElement.<init>(Unknown Source)
	at core.selenium.targets.WebTarget.getTargetElement(Unknown Source)
	at core.selenium.targetActions.WebTargetActions.type(Unknown Source)
	at sun.reflect.NativeMethodAccessorImpl.invoke0(Native Method)
	at sun.reflect.NativeMethodAccessorImpl.invoke(NativeMethodAccessorImpl.java:57)
	at sun.reflect.DelegatingMethodAccessorImpl.invoke(DelegatingMethodAccessorImpl.java:43)
	at java.lang.reflect.Method.invoke(Method.java:606)
	at junit.framework.TestCase.runTest(TestCase.java:176)
	at junit.framework.TestCase.runBare(TestCase.java:141)
	at junit.framework.TestResult$1.protect(TestResult.java:122)
	at junit.framework.TestResult.runProtected(TestResult.java:142)
	at junit.framework.TestResult.run(TestResult.java:125)
	at junit.framework.TestCase.run(TestCase.java:129)
	at junit.framework.TestCase.run(TestCase.java:121)
	at core.selenium.targetActions.TargetActions.run(Unknown Source)
	at core.selenium.targets.WebTarget.PreformAction(Unknown Source)
	at core.com.execution.TargetManager.preformAction(Unknown Source)
	at Scripts.Pac_Script_.Script_Test_Name.executeTest(Script_Test_Name.java:88)
	at Scripts.Pac_Script_.Script_Test_Name.test(Script_Test_Name.java:82)
	at sun.reflect.NativeMethodAccessorImpl.invoke0(Native Method)
	at sun.reflect.NativeMethodAccessorImpl.invoke(NativeMethodAccessorImpl.java:57)
	at sun.reflect.DelegatingMethodAccessorImpl.invoke(DelegatingMethodAccessorImpl.java:43)
	at java.lang.reflect.Method.invoke(Method.java:606)
	at org.junit.runners.model.FrameworkMethod$1.runReflectiveCall(FrameworkMethod.java:50)
	at org.junit.internal.runners.model.ReflectiveCallable.run(ReflectiveCallable.java:12)
	at org.junit.runners.model.FrameworkMethod.invokeExplosively(FrameworkMethod.java:47)
	at org.junit.internal.runners.statements.InvokeMethod.evaluate(InvokeMethod.java:17)
	at org.junit.internal.runners.statements.RunBefores.evaluate(RunBefores.java:26)
	at org.junit.internal.runners.statements.RunAfters.evaluate(RunAfters.java:27)
	at org.junit.runners.ParentRunner.runLeaf(ParentRunner.java:325)
	at org.junit.runners.BlockJUnit4ClassRunner.runChild(BlockJUnit4ClassRunner.java:78)
	at org.junit.runners.BlockJUnit4ClassRunner.runChild(BlockJUnit4ClassRunner.java:57)
	at org.junit.runners.ParentRunner$3.run(ParentRunner.java:290)
	at org.junit.runners.ParentRunner$1.schedule(ParentRunner.java:71)
	at org.junit.runners.ParentRunner.runChildren(ParentRunner.java:288)
	at org.junit.runners.ParentRunner.access$000(ParentRunner.java:58)
	at org.junit.runners.ParentRunner$2.evaluate(ParentRunner.java:268)
	at org.junit.internal.runners.statements.RunBefores.evaluate(RunBefores.java:26)
	at org.junit.internal.runners.statements.RunAfters.evaluate(RunAfters.java:27)
	at org.junit.runners.ParentRunner.run(ParentRunner.java:363)
	at org.junit.runners.Suite.runChild(Suite.java:128)
	at org.junit.runners.Suite.runChild(Suite.java:27)
	at org.junit.runners.ParentRunner$3.run(ParentRunner.java:290)
	at org.junit.runners.ParentRunner$1.schedule(ParentRunner.java:71)
	at org.junit.runners.ParentRunner.runChildren(ParentRunner.java:288)
	at org.junit.runners.ParentRunner.access$000(ParentRunner.java:58)
	at org.junit.runners.ParentRunner$2.evaluate(ParentRunner.java:268)
	at org.junit.runners.ParentRunner.run(ParentRunner.java:363)
	at org.junit.runner.JUnitCore.run(JUnitCore.java:137)
	at org.junit.runner.JUnitCore.run(JUnitCore.java:115)
	at org.junit.runner.JUnitCore.run(JUnitCore.java:105)
	at org.junit.runner.JUnitCore.run(JUnitCore.java:94)
	at core.Main.runTest(Unknown Source)
	at ide.Actions$ScriptManager$3.run(Unknown Source)
	at java.lang.Thread.run(Thread.java:745)
");}</script>
<a href="https://www.vodafone.de/playground/mnp-10/mnp-main.html#/">Page url</a>
Time: 24/02/2017 10:31:29.197 AM GMT+0100


Status: Failed
Coverage: 33.33 %
Execution Time: 7138 mSec

******************** Test script execution end ********************
(10:31:30.178) - Info: <a href="file:/C:/Projekte/Testautomation/temp/vvl_consumer_ols/Sascha_Heiko/Results/TC001/TC001_24022017_103130.html" target="_blank">Link</a>
 - Script1 , TC001 , Test Name , true , 1 , []
 - Script1 , TC001 , Test Name , true , 1 , []

******************** Starting test script execution ********************
Activity: Script1
Test script Id: TC001
Test script Name: Test Name
Test script Description: Test Description
Number of steps: 6
(10:31:34.297) - Info: Browser is open
=ROW()-5) ,  , () , Open , {#Data.URL}(https://www.vodafone.de/playground/mnp-10/mnp-main.html#/) , true , false
Status: Passed - Execution time: 688
Result: Page (Hilfe | Rufnummer online mitnehmen - Rufnummern-Mitnahme) loaded.
<a href="https://www.vodafone.de/playground/mnp-10/mnp-main.html#/">Page url</a>
Time: 24/02/2017 10:31:34.990 AM GMT+0100
(10:31:35.019) - Info: Browser is open
2) Page1, MSISDN , () , Type , 015200488839(015200488839) , true , false
(10:31:37.078) - Error: Failed to write (015200488839) in Object.
org.openqa.selenium.NoSuchElementException: no such element: Unable to locate element: {"method":"id","selector":"number"}
  (Session info: chrome=56.0.2924.87)
  (Driver info: chromedriver=2.25.426923 (0390b88869384d6eb0d5d09729679f934aab9eed),platform=Windows NT 6.1.7601 SP1 x86) (WARNING: The server did not provide any stacktrace information)
Command duration or timeout: 2.04 seconds
For documentation on this error, please visit: http://seleniumhq.org/exceptions/no_such_element.html
Build info: version: '2.50.1', revision: 'd7fc91b29de65b790abb01f3ac5f7ea2191c88a7', time: '2016-01-29 11:11:26'
System info: host: 'E0336237', ip: '10.207.119.82', os.name: 'Windows 7', os.arch: 'x86', os.version: '6.1', java.version: '1.7.0_67'
*** Element info: {Using=id, value=number}
Session ID: 819836c14c848575268712352663cbad
Driver info: org.openqa.selenium.chrome.ChromeDriver
Capabilities [{platform=XP, acceptSslCerts=true, javascriptEnabled=true, browserName=chrome, chrome={userDataDir=C:\Users\SASA~1.KOS\AppData\Local\Temp\scoped_dir8448_27748, chromedriverVersion=2.25.426923 (0390b88869384d6eb0d5d09729679f934aab9eed)}, networkConnectionEnabled=false, rotatable=false, locationContextEnabled=true, mobileEmulationEnabled=false, version=56.0.2924.87, pageLoadStrategy=normal, takesHeapSnapshot=true, cssSelectorsEnabled=true, databaseEnabled=false, handlesAlerts=true, browserConnectionEnabled=false, webStorageEnabled=true, nativeEvents=true, hasTouchScreen=false, applicationCacheEnabled=false, takesScreenshot=true}]
	at sun.reflect.NativeConstructorAccessorImpl.newInstance0(Native Method)
	at sun.reflect.NativeConstructorAccessorImpl.newInstance(NativeConstructorAccessorImpl.java:57)
	at sun.reflect.DelegatingConstructorAccessorImpl.newInstance(DelegatingConstructorAccessorImpl.java:45)
	at java.lang.reflect.Constructor.newInstance(Constructor.java:526)
	at org.openqa.selenium.remote.ErrorHandler.createThrowable(ErrorHandler.java:206)
	at org.openqa.selenium.remote.ErrorHandler.throwIfResponseFailed(ErrorHandler.java:158)
	at org.openqa.selenium.remote.RemoteWebDriver.execute(RemoteWebDriver.java:678)
	at org.openqa.selenium.remote.RemoteWebDriver.findElement(RemoteWebDriver.java:363)
	at org.openqa.selenium.remote.RemoteWebDriver.findElementById(RemoteWebDriver.java:413)
	at org.openqa.selenium.By$ById.findElement(By.java:218)
	at org.openqa.selenium.remote.RemoteWebDriver.findElement(RemoteWebDriver.java:355)
	at core.selenium.targetElement.TargetElement.Find_WebElement(Unknown Source)
	at core.selenium.targetElement.TargetElement.<init>(Unknown Source)
	at core.selenium.targetElement.WebTargetElement.<init>(Unknown Source)
	at core.selenium.targets.WebTarget.getTargetElement(Unknown Source)
	at core.selenium.targetActions.WebTargetActions.type(Unknown Source)
	at sun.reflect.NativeMethodAccessorImpl.invoke0(Native Method)
	at sun.reflect.NativeMethodAccessorImpl.invoke(NativeMethodAccessorImpl.java:57)
	at sun.reflect.DelegatingMethodAccessorImpl.invoke(DelegatingMethodAccessorImpl.java:43)
	at java.lang.reflect.Method.invoke(Method.java:606)
	at junit.framework.TestCase.runTest(TestCase.java:176)
	at junit.framework.TestCase.runBare(TestCase.java:141)
	at junit.framework.TestResult$1.protect(TestResult.java:122)
	at junit.framework.TestResult.runProtected(TestResult.java:142)
	at junit.framework.TestResult.run(TestResult.java:125)
	at junit.framework.TestCase.run(TestCase.java:129)
	at junit.framework.TestCase.run(TestCase.java:121)
	at core.selenium.targetActions.TargetActions.run(Unknown Source)
	at core.selenium.targets.WebTarget.PreformAction(Unknown Source)
	at core.com.execution.TargetManager.preformAction(Unknown Source)
	at Scripts.Pac_Script_.Script_Test_Name.executeTest(Script_Test_Name.java:88)
	at Scripts.Pac_Script_.Script_Test_Name.test(Script_Test_Name.java:82)
	at sun.reflect.NativeMethodAccessorImpl.invoke0(Native Method)
	at sun.reflect.NativeMethodAccessorImpl.invoke(NativeMethodAccessorImpl.java:57)
	at sun.reflect.DelegatingMethodAccessorImpl.invoke(DelegatingMethodAccessorImpl.java:43)
	at java.lang.reflect.Method.invoke(Method.java:606)
	at org.junit.runners.model.FrameworkMethod$1.runReflectiveCall(FrameworkMethod.java:50)
	at org.junit.internal.runners.model.ReflectiveCallable.run(ReflectiveCallable.java:12)
	at org.junit.runners.model.FrameworkMethod.invokeExplosively(FrameworkMethod.java:47)
	at org.junit.internal.runners.statements.InvokeMethod.evaluate(InvokeMethod.java:17)
	at org.junit.internal.runners.statements.RunBefores.evaluate(RunBefores.java:26)
	at org.junit.internal.runners.statements.RunAfters.evaluate(RunAfters.java:27)
	at org.junit.runners.ParentRunner.runLeaf(ParentRunner.java:325)
	at org.junit.runners.BlockJUnit4ClassRunner.runChild(BlockJUnit4ClassRunner.java:78)
	at org.junit.runners.BlockJUnit4ClassRunner.runChild(BlockJUnit4ClassRunner.java:57)
	at org.junit.runners.ParentRunner$3.run(ParentRunner.java:290)
	at org.junit.runners.ParentRunner$1.schedule(ParentRunner.java:71)
	at org.junit.runners.ParentRunner.runChildren(ParentRunner.java:288)
	at org.junit.runners.ParentRunner.access$000(ParentRunner.java:58)
	at org.junit.runners.ParentRunner$2.evaluate(ParentRunner.java:268)
	at org.junit.internal.runners.statements.RunBefores.evaluate(RunBefores.java:26)
	at org.junit.internal.runners.statements.RunAfters.evaluate(RunAfters.java:27)
	at org.junit.runners.ParentRunner.run(ParentRunner.java:363)
	at org.junit.runners.Suite.runChild(Suite.java:128)
	at org.junit.runners.Suite.runChild(Suite.java:27)
	at org.junit.runners.ParentRunner$3.run(ParentRunner.java:290)
	at org.junit.runners.ParentRunner$1.schedule(ParentRunner.java:71)
	at org.junit.runners.ParentRunner.runChildren(ParentRunner.java:288)
	at org.junit.runners.ParentRunner.access$000(ParentRunner.java:58)
	at org.junit.runners.ParentRunner$2.evaluate(ParentRunner.java:268)
	at org.junit.runners.ParentRunner.run(ParentRunner.java:363)
	at org.junit.runner.JUnitCore.run(JUnitCore.java:137)
	at org.junit.runner.JUnitCore.run(JUnitCore.java:115)
	at org.junit.runner.JUnitCore.run(JUnitCore.java:105)
	at org.junit.runner.JUnitCore.run(JUnitCore.java:94)
	at core.Main.runTest(Unknown Source)
	at ide.Actions$ScriptManager$3.run(Unknown Source)
	at java.lang.Thread.run(Thread.java:745)
Status: Failed - Execution time: 2079
Result: Failed to write (015200488839) in Object.
no such element: Unable to locate element: {"method":"id","selector":"number"}
  (Session info: chrome=56.0.2924.87)
  (Driver info: chromedriver=2.25.426923 (0390b88869384d6eb0d5d09729679f934aab9eed),platform=Windows NT 6.1.7601 SP1 x86) (WARNING: The server did not provide any stacktrace information)
Command duration or timeout: 2.04 seconds
For documentation on this error, please visit: http://seleniumhq.org/exceptions/no_such_element.html

<a href="#" onclick="printStacktrace2() ">Stack Trace</a><script> function printStacktrace2() { var myWindow = window.open("", "_blank"); myWindow.document.write("org.openqa.selenium.NoSuchElementException: no such element: Unable to locate element: {"method":"id","selector":"number"}
  (Session info: chrome=56.0.2924.87)
  (Driver info: chromedriver=2.25.426923 (0390b88869384d6eb0d5d09729679f934aab9eed),platform=Windows NT 6.1.7601 SP1 x86) (WARNING: The server did not provide any stacktrace information)
Command duration or timeout: 2.04 seconds
For documentation on this error, please visit: http://seleniumhq.org/exceptions/no_such_element.html
Build info: version: '2.50.1', revision: 'd7fc91b29de65b790abb01f3ac5f7ea2191c88a7', time: '2016-01-29 11:11:26'
System info: host: 'E0336237', ip: '10.207.119.82', os.name: 'Windows 7', os.arch: 'x86', os.version: '6.1', java.version: '1.7.0_67'
*** Element info: {Using=id, value=number}
Session ID: 819836c14c848575268712352663cbad
Driver info: org.openqa.selenium.chrome.ChromeDriver
Capabilities [{platform=XP, acceptSslCerts=true, javascriptEnabled=true, browserName=chrome, chrome={userDataDir=C:\Users\SASA~1.KOS\AppData\Local\Temp\scoped_dir8448_27748, chromedriverVersion=2.25.426923 (0390b88869384d6eb0d5d09729679f934aab9eed)}, networkConnectionEnabled=false, rotatable=false, locationContextEnabled=true, mobileEmulationEnabled=false, version=56.0.2924.87, pageLoadStrategy=normal, takesHeapSnapshot=true, cssSelectorsEnabled=true, databaseEnabled=false, handlesAlerts=true, browserConnectionEnabled=false, webStorageEnabled=true, nativeEvents=true, hasTouchScreen=false, applicationCacheEnabled=false, takesScreenshot=true}]
	at sun.reflect.NativeConstructorAccessorImpl.newInstance0(Native Method)
	at sun.reflect.NativeConstructorAccessorImpl.newInstance(NativeConstructorAccessorImpl.java:57)
	at sun.reflect.DelegatingConstructorAccessorImpl.newInstance(DelegatingConstructorAccessorImpl.java:45)
	at java.lang.reflect.Constructor.newInstance(Constructor.java:526)
	at org.openqa.selenium.remote.ErrorHandler.createThrowable(ErrorHandler.java:206)
	at org.openqa.selenium.remote.ErrorHandler.throwIfResponseFailed(ErrorHandler.java:158)
	at org.openqa.selenium.remote.RemoteWebDriver.execute(RemoteWebDriver.java:678)
	at org.openqa.selenium.remote.RemoteWebDriver.findElement(RemoteWebDriver.java:363)
	at org.openqa.selenium.remote.RemoteWebDriver.findElementById(RemoteWebDriver.java:413)
	at org.openqa.selenium.By$ById.findElement(By.java:218)
	at org.openqa.selenium.remote.RemoteWebDriver.findElement(RemoteWebDriver.java:355)
	at core.selenium.targetElement.TargetElement.Find_WebElement(Unknown Source)
	at core.selenium.targetElement.TargetElement.<init>(Unknown Source)
	at core.selenium.targetElement.WebTargetElement.<init>(Unknown Source)
	at core.selenium.targets.WebTarget.getTargetElement(Unknown Source)
	at core.selenium.targetActions.WebTargetActions.type(Unknown Source)
	at sun.reflect.NativeMethodAccessorImpl.invoke0(Native Method)
	at sun.reflect.NativeMethodAccessorImpl.invoke(NativeMethodAccessorImpl.java:57)
	at sun.reflect.DelegatingMethodAccessorImpl.invoke(DelegatingMethodAccessorImpl.java:43)
	at java.lang.reflect.Method.invoke(Method.java:606)
	at junit.framework.TestCase.runTest(TestCase.java:176)
	at junit.framework.TestCase.runBare(TestCase.java:141)
	at junit.framework.TestResult$1.protect(TestResult.java:122)
	at junit.framework.TestResult.runProtected(TestResult.java:142)
	at junit.framework.TestResult.run(TestResult.java:125)
	at junit.framework.TestCase.run(TestCase.java:129)
	at junit.framework.TestCase.run(TestCase.java:121)
	at core.selenium.targetActions.TargetActions.run(Unknown Source)
	at core.selenium.targets.WebTarget.PreformAction(Unknown Source)
	at core.com.execution.TargetManager.preformAction(Unknown Source)
	at Scripts.Pac_Script_.Script_Test_Name.executeTest(Script_Test_Name.java:88)
	at Scripts.Pac_Script_.Script_Test_Name.test(Script_Test_Name.java:82)
	at sun.reflect.NativeMethodAccessorImpl.invoke0(Native Method)
	at sun.reflect.NativeMethodAccessorImpl.invoke(NativeMethodAccessorImpl.java:57)
	at sun.reflect.DelegatingMethodAccessorImpl.invoke(DelegatingMethodAccessorImpl.java:43)
	at java.lang.reflect.Method.invoke(Method.java:606)
	at org.junit.runners.model.FrameworkMethod$1.runReflectiveCall(FrameworkMethod.java:50)
	at org.junit.internal.runners.model.ReflectiveCallable.run(ReflectiveCallable.java:12)
	at org.junit.runners.model.FrameworkMethod.invokeExplosively(FrameworkMethod.java:47)
	at org.junit.internal.runners.statements.InvokeMethod.evaluate(InvokeMethod.java:17)
	at org.junit.internal.runners.statements.RunBefores.evaluate(RunBefores.java:26)
	at org.junit.internal.runners.statements.RunAfters.evaluate(RunAfters.java:27)
	at org.junit.runners.ParentRunner.runLeaf(ParentRunner.java:325)
	at org.junit.runners.BlockJUnit4ClassRunner.runChild(BlockJUnit4ClassRunner.java:78)
	at org.junit.runners.BlockJUnit4ClassRunner.runChild(BlockJUnit4ClassRunner.java:57)
	at org.junit.runners.ParentRunner$3.run(ParentRunner.java:290)
	at org.junit.runners.ParentRunner$1.schedule(ParentRunner.java:71)
	at org.junit.runners.ParentRunner.runChildren(ParentRunner.java:288)
	at org.junit.runners.ParentRunner.access$000(ParentRunner.java:58)
	at org.junit.runners.ParentRunner$2.evaluate(ParentRunner.java:268)
	at org.junit.internal.runners.statements.RunBefores.evaluate(RunBefores.java:26)
	at org.junit.internal.runners.statements.RunAfters.evaluate(RunAfters.java:27)
	at org.junit.runners.ParentRunner.run(ParentRunner.java:363)
	at org.junit.runners.Suite.runChild(Suite.java:128)
	at org.junit.runners.Suite.runChild(Suite.java:27)
	at org.junit.runners.ParentRunner$3.run(ParentRunner.java:290)
	at org.junit.runners.ParentRunner$1.schedule(ParentRunner.java:71)
	at org.junit.runners.ParentRunner.runChildren(ParentRunner.java:288)
	at org.junit.runners.ParentRunner.access$000(ParentRunner.java:58)
	at org.junit.runners.ParentRunner$2.evaluate(ParentRunner.java:268)
	at org.junit.runners.ParentRunner.run(ParentRunner.java:363)
	at org.junit.runner.JUnitCore.run(JUnitCore.java:137)
	at org.junit.runner.JUnitCore.run(JUnitCore.java:115)
	at org.junit.runner.JUnitCore.run(JUnitCore.java:105)
	at org.junit.runner.JUnitCore.run(JUnitCore.java:94)
	at core.Main.runTest(Unknown Source)
	at ide.Actions$ScriptManager$3.run(Unknown Source)
	at java.lang.Thread.run(Thread.java:745)
");}</script>
<a href="https://www.vodafone.de/playground/mnp-10/mnp-main.html#/">Page url</a>
Time: 24/02/2017 10:31:37.100 AM GMT+0100


Status: Failed
Coverage: 33.33 %
Execution Time: 3195 mSec

******************** Test script execution end ********************
(10:31:37.458) - Info: <a href="file:/C:/Projekte/Testautomation/temp/vvl_consumer_ols/Sascha_Heiko/Results/TC001/TC001_24022017_103137.html" target="_blank">Link</a>
(10:32:04.058) - Info: Capture
(10:32:04.166) - Info: 2 object found
(10:32:04.494) - Info: 2 objects loaded.
(10:32:31.430) - Info: Object (Link_MeinVodafoneLogin_) added to page (Page1)
(10:32:31.438) - Info: Add row ([Link_MeinVodafoneLogin_, Link Text, MeinVodafone-Login *, Link, 24/02/17 10:32:31:430 - Added (Link_MeinVodafoneLogin_)]) to sheet (Page1)
(10:33:07.081) - Info: Insert step (1)
(10:33:07.108) - Info: Add row ([=ROW()-5, Web, Page1, Link_MeinVodafoneLogin_, , Append, , Yes, No, ]) to sheet (TC001)
 - Script1 , TC001 , Test Name , true , 1 , []
 - Script1 , TC001 , Test Name , true , 1 , []

******************** Starting test script execution ********************
Activity: Script1
Test script Id: TC001
Test script Name: Test Name
Test script Description: Test Description
Number of steps: 7
(10:33:09.309) - Info: Browser is open
=ROW()-5) ,  , () , Open , {#Data.URL}(https://www.vodafone.de/playground/mnp-10/mnp-main.html#/) , true , false
Status: Passed - Execution time: 3696
Result: Page (Hilfe | Rufnummer online mitnehmen - Rufnummern-Mitnahme) loaded.
<a href="https://www.vodafone.de/playground/mnp-10/mnp-main.html#/">Page url</a>
Time: 24/02/2017 10:33:13.005 AM GMT+0100
(10:33:13.046) - Info: Browser is open
=ROW()-5) Page1, Link_MeinVodafoneLogin_ , () , Append , () , true , false
Status: Passed - Execution time: 432
Result: Write () in Link (Link_MeinVodafoneLogin_).
<a href="https://www.vodafone.de/playground/mnp-10/mnp-main.html#/">Page url</a>
Time: 24/02/2017 10:33:13.480 AM GMT+0100
(10:33:13.616) - Info: Browser is open
2) Page1, MSISDN , () , Type , 015200488839(015200488839) , true , false
(10:33:15.733) - Error: Failed to write (015200488839) in Object.
org.openqa.selenium.NoSuchElementException: no such element: Unable to locate element: {"method":"id","selector":"number"}
  (Session info: chrome=56.0.2924.87)
  (Driver info: chromedriver=2.25.426923 (0390b88869384d6eb0d5d09729679f934aab9eed),platform=Windows NT 6.1.7601 SP1 x86) (WARNING: The server did not provide any stacktrace information)
Command duration or timeout: 2.10 seconds
For documentation on this error, please visit: http://seleniumhq.org/exceptions/no_such_element.html
Build info: version: '2.50.1', revision: 'd7fc91b29de65b790abb01f3ac5f7ea2191c88a7', time: '2016-01-29 11:11:26'
System info: host: 'E0336237', ip: '10.207.119.82', os.name: 'Windows 7', os.arch: 'x86', os.version: '6.1', java.version: '1.7.0_67'
*** Element info: {Using=id, value=number}
Session ID: 819836c14c848575268712352663cbad
Driver info: org.openqa.selenium.chrome.ChromeDriver
Capabilities [{platform=XP, acceptSslCerts=true, javascriptEnabled=true, browserName=chrome, chrome={userDataDir=C:\Users\SASA~1.KOS\AppData\Local\Temp\scoped_dir8448_27748, chromedriverVersion=2.25.426923 (0390b88869384d6eb0d5d09729679f934aab9eed)}, networkConnectionEnabled=false, rotatable=false, locationContextEnabled=true, mobileEmulationEnabled=false, version=56.0.2924.87, pageLoadStrategy=normal, takesHeapSnapshot=true, cssSelectorsEnabled=true, databaseEnabled=false, handlesAlerts=true, browserConnectionEnabled=false, webStorageEnabled=true, nativeEvents=true, hasTouchScreen=false, applicationCacheEnabled=false, takesScreenshot=true}]
	at sun.reflect.NativeConstructorAccessorImpl.newInstance0(Native Method)
	at sun.reflect.NativeConstructorAccessorImpl.newInstance(NativeConstructorAccessorImpl.java:57)
	at sun.reflect.DelegatingConstructorAccessorImpl.newInstance(DelegatingConstructorAccessorImpl.java:45)
	at java.lang.reflect.Constructor.newInstance(Constructor.java:526)
	at org.openqa.selenium.remote.ErrorHandler.createThrowable(ErrorHandler.java:206)
	at org.openqa.selenium.remote.ErrorHandler.throwIfResponseFailed(ErrorHandler.java:158)
	at org.openqa.selenium.remote.RemoteWebDriver.execute(RemoteWebDriver.java:678)
	at org.openqa.selenium.remote.RemoteWebDriver.findElement(RemoteWebDriver.java:363)
	at org.openqa.selenium.remote.RemoteWebDriver.findElementById(RemoteWebDriver.java:413)
	at org.openqa.selenium.By$ById.findElement(By.java:218)
	at org.openqa.selenium.remote.RemoteWebDriver.findElement(RemoteWebDriver.java:355)
	at core.selenium.targetElement.TargetElement.Find_WebElement(Unknown Source)
	at core.selenium.targetElement.TargetElement.<init>(Unknown Source)
	at core.selenium.targetElement.WebTargetElement.<init>(Unknown Source)
	at core.selenium.targets.WebTarget.getTargetElement(Unknown Source)
	at core.selenium.targetActions.WebTargetActions.type(Unknown Source)
	at sun.reflect.NativeMethodAccessorImpl.invoke0(Native Method)
	at sun.reflect.NativeMethodAccessorImpl.invoke(NativeMethodAccessorImpl.java:57)
	at sun.reflect.DelegatingMethodAccessorImpl.invoke(DelegatingMethodAccessorImpl.java:43)
	at java.lang.reflect.Method.invoke(Method.java:606)
	at junit.framework.TestCase.runTest(TestCase.java:176)
	at junit.framework.TestCase.runBare(TestCase.java:141)
	at junit.framework.TestResult$1.protect(TestResult.java:122)
	at junit.framework.TestResult.runProtected(TestResult.java:142)
	at junit.framework.TestResult.run(TestResult.java:125)
	at junit.framework.TestCase.run(TestCase.java:129)
	at junit.framework.TestCase.run(TestCase.java:121)
	at core.selenium.targetActions.TargetActions.run(Unknown Source)
	at core.selenium.targets.WebTarget.PreformAction(Unknown Source)
	at core.com.execution.TargetManager.preformAction(Unknown Source)
	at Scripts.Pac_Script_.Script_Test_Name.executeTest(Script_Test_Name.java:89)
	at Scripts.Pac_Script_.Script_Test_Name.test(Script_Test_Name.java:82)
	at sun.reflect.NativeMethodAccessorImpl.invoke0(Native Method)
	at sun.reflect.NativeMethodAccessorImpl.invoke(NativeMethodAccessorImpl.java:57)
	at sun.reflect.DelegatingMethodAccessorImpl.invoke(DelegatingMethodAccessorImpl.java:43)
	at java.lang.reflect.Method.invoke(Method.java:606)
	at org.junit.runners.model.FrameworkMethod$1.runReflectiveCall(FrameworkMethod.java:50)
	at org.junit.internal.runners.model.ReflectiveCallable.run(ReflectiveCallable.java:12)
	at org.junit.runners.model.FrameworkMethod.invokeExplosively(FrameworkMethod.java:47)
	at org.junit.internal.runners.statements.InvokeMethod.evaluate(InvokeMethod.java:17)
	at org.junit.internal.runners.statements.RunBefores.evaluate(RunBefores.java:26)
	at org.junit.internal.runners.statements.RunAfters.evaluate(RunAfters.java:27)
	at org.junit.runners.ParentRunner.runLeaf(ParentRunner.java:325)
	at org.junit.runners.BlockJUnit4ClassRunner.runChild(BlockJUnit4ClassRunner.java:78)
	at org.junit.runners.BlockJUnit4ClassRunner.runChild(BlockJUnit4ClassRunner.java:57)
	at org.junit.runners.ParentRunner$3.run(ParentRunner.java:290)
	at org.junit.runners.ParentRunner$1.schedule(ParentRunner.java:71)
	at org.junit.runners.ParentRunner.runChildren(ParentRunner.java:288)
	at org.junit.runners.ParentRunner.access$000(ParentRunner.java:58)
	at org.junit.runners.ParentRunner$2.evaluate(ParentRunner.java:268)
	at org.junit.internal.runners.statements.RunBefores.evaluate(RunBefores.java:26)
	at org.junit.internal.runners.statements.RunAfters.evaluate(RunAfters.java:27)
	at org.junit.runners.ParentRunner.run(ParentRunner.java:363)
	at org.junit.runners.Suite.runChild(Suite.java:128)
	at org.junit.runners.Suite.runChild(Suite.java:27)
	at org.junit.runners.ParentRunner$3.run(ParentRunner.java:290)
	at org.junit.runners.ParentRunner$1.schedule(ParentRunner.java:71)
	at org.junit.runners.ParentRunner.runChildren(ParentRunner.java:288)
	at org.junit.runners.ParentRunner.access$000(ParentRunner.java:58)
	at org.junit.runners.ParentRunner$2.evaluate(ParentRunner.java:268)
	at org.junit.runners.ParentRunner.run(ParentRunner.java:363)
	at org.junit.runner.JUnitCore.run(JUnitCore.java:137)
	at org.junit.runner.JUnitCore.run(JUnitCore.java:115)
	at org.junit.runner.JUnitCore.run(JUnitCore.java:105)
	at org.junit.runner.JUnitCore.run(JUnitCore.java:94)
	at core.Main.runTest(Unknown Source)
	at ide.Actions$ScriptManager$3.run(Unknown Source)
	at java.lang.Thread.run(Thread.java:745)
Status: Failed - Execution time: 2137
Result: Failed to write (015200488839) in Object.
no such element: Unable to locate element: {"method":"id","selector":"number"}
  (Session info: chrome=56.0.2924.87)
  (Driver info: chromedriver=2.25.426923 (0390b88869384d6eb0d5d09729679f934aab9eed),platform=Windows NT 6.1.7601 SP1 x86) (WARNING: The server did not provide any stacktrace information)
Command duration or timeout: 2.10 seconds
For documentation on this error, please visit: http://seleniumhq.org/exceptions/no_such_element.html

<a href="#" onclick="printStacktrace2() ">Stack Trace</a><script> function printStacktrace2() { var myWindow = window.open("", "_blank"); myWindow.document.write("org.openqa.selenium.NoSuchElementException: no such element: Unable to locate element: {"method":"id","selector":"number"}
  (Session info: chrome=56.0.2924.87)
  (Driver info: chromedriver=2.25.426923 (0390b88869384d6eb0d5d09729679f934aab9eed),platform=Windows NT 6.1.7601 SP1 x86) (WARNING: The server did not provide any stacktrace information)
Command duration or timeout: 2.10 seconds
For documentation on this error, please visit: http://seleniumhq.org/exceptions/no_such_element.html
Build info: version: '2.50.1', revision: 'd7fc91b29de65b790abb01f3ac5f7ea2191c88a7', time: '2016-01-29 11:11:26'
System info: host: 'E0336237', ip: '10.207.119.82', os.name: 'Windows 7', os.arch: 'x86', os.version: '6.1', java.version: '1.7.0_67'
*** Element info: {Using=id, value=number}
Session ID: 819836c14c848575268712352663cbad
Driver info: org.openqa.selenium.chrome.ChromeDriver
Capabilities [{platform=XP, acceptSslCerts=true, javascriptEnabled=true, browserName=chrome, chrome={userDataDir=C:\Users\SASA~1.KOS\AppData\Local\Temp\scoped_dir8448_27748, chromedriverVersion=2.25.426923 (0390b88869384d6eb0d5d09729679f934aab9eed)}, networkConnectionEnabled=false, rotatable=false, locationContextEnabled=true, mobileEmulationEnabled=false, version=56.0.2924.87, pageLoadStrategy=normal, takesHeapSnapshot=true, cssSelectorsEnabled=true, databaseEnabled=false, handlesAlerts=true, browserConnectionEnabled=false, webStorageEnabled=true, nativeEvents=true, hasTouchScreen=false, applicationCacheEnabled=false, takesScreenshot=true}]
	at sun.reflect.NativeConstructorAccessorImpl.newInstance0(Native Method)
	at sun.reflect.NativeConstructorAccessorImpl.newInstance(NativeConstructorAccessorImpl.java:57)
	at sun.reflect.DelegatingConstructorAccessorImpl.newInstance(DelegatingConstructorAccessorImpl.java:45)
	at java.lang.reflect.Constructor.newInstance(Constructor.java:526)
	at org.openqa.selenium.remote.ErrorHandler.createThrowable(ErrorHandler.java:206)
	at org.openqa.selenium.remote.ErrorHandler.throwIfResponseFailed(ErrorHandler.java:158)
	at org.openqa.selenium.remote.RemoteWebDriver.execute(RemoteWebDriver.java:678)
	at org.openqa.selenium.remote.RemoteWebDriver.findElement(RemoteWebDriver.java:363)
	at org.openqa.selenium.remote.RemoteWebDriver.findElementById(RemoteWebDriver.java:413)
	at org.openqa.selenium.By$ById.findElement(By.java:218)
	at org.openqa.selenium.remote.RemoteWebDriver.findElement(RemoteWebDriver.java:355)
	at core.selenium.targetElement.TargetElement.Find_WebElement(Unknown Source)
	at core.selenium.targetElement.TargetElement.<init>(Unknown Source)
	at core.selenium.targetElement.WebTargetElement.<init>(Unknown Source)
	at core.selenium.targets.WebTarget.getTargetElement(Unknown Source)
	at core.selenium.targetActions.WebTargetActions.type(Unknown Source)
	at sun.reflect.NativeMethodAccessorImpl.invoke0(Native Method)
	at sun.reflect.NativeMethodAccessorImpl.invoke(NativeMethodAccessorImpl.java:57)
	at sun.reflect.DelegatingMethodAccessorImpl.invoke(DelegatingMethodAccessorImpl.java:43)
	at java.lang.reflect.Method.invoke(Method.java:606)
	at junit.framework.TestCase.runTest(TestCase.java:176)
	at junit.framework.TestCase.runBare(TestCase.java:141)
	at junit.framework.TestResult$1.protect(TestResult.java:122)
	at junit.framework.TestResult.runProtected(TestResult.java:142)
	at junit.framework.TestResult.run(TestResult.java:125)
	at junit.framework.TestCase.run(TestCase.java:129)
	at junit.framework.TestCase.run(TestCase.java:121)
	at core.selenium.targetActions.TargetActions.run(Unknown Source)
	at core.selenium.targets.WebTarget.PreformAction(Unknown Source)
	at core.com.execution.TargetManager.preformAction(Unknown Source)
	at Scripts.Pac_Script_.Script_Test_Name.executeTest(Script_Test_Name.java:89)
	at Scripts.Pac_Script_.Script_Test_Name.test(Script_Test_Name.java:82)
	at sun.reflect.NativeMethodAccessorImpl.invoke0(Native Method)
	at sun.reflect.NativeMethodAccessorImpl.invoke(NativeMethodAccessorImpl.java:57)
	at sun.reflect.DelegatingMethodAccessorImpl.invoke(DelegatingMethodAccessorImpl.java:43)
	at java.lang.reflect.Method.invoke(Method.java:606)
	at org.junit.runners.model.FrameworkMethod$1.runReflectiveCall(FrameworkMethod.java:50)
	at org.junit.internal.runners.model.ReflectiveCallable.run(ReflectiveCallable.java:12)
	at org.junit.runners.model.FrameworkMethod.invokeExplosively(FrameworkMethod.java:47)
	at org.junit.internal.runners.statements.InvokeMethod.evaluate(InvokeMethod.java:17)
	at org.junit.internal.runners.statements.RunBefores.evaluate(RunBefores.java:26)
	at org.junit.internal.runners.statements.RunAfters.evaluate(RunAfters.java:27)
	at org.junit.runners.ParentRunner.runLeaf(ParentRunner.java:325)
	at org.junit.runners.BlockJUnit4ClassRunner.runChild(BlockJUnit4ClassRunner.java:78)
	at org.junit.runners.BlockJUnit4ClassRunner.runChild(BlockJUnit4ClassRunner.java:57)
	at org.junit.runners.ParentRunner$3.run(ParentRunner.java:290)
	at org.junit.runners.ParentRunner$1.schedule(ParentRunner.java:71)
	at org.junit.runners.ParentRunner.runChildren(ParentRunner.java:288)
	at org.junit.runners.ParentRunner.access$000(ParentRunner.java:58)
	at org.junit.runners.ParentRunner$2.evaluate(ParentRunner.java:268)
	at org.junit.internal.runners.statements.RunBefores.evaluate(RunBefores.java:26)
	at org.junit.internal.runners.statements.RunAfters.evaluate(RunAfters.java:27)
	at org.junit.runners.ParentRunner.run(ParentRunner.java:363)
	at org.junit.runners.Suite.runChild(Suite.java:128)
	at org.junit.runners.Suite.runChild(Suite.java:27)
	at org.junit.runners.ParentRunner$3.run(ParentRunner.java:290)
	at org.junit.runners.ParentRunner$1.schedule(ParentRunner.java:71)
	at org.junit.runners.ParentRunner.runChildren(ParentRunner.java:288)
	at org.junit.runners.ParentRunner.access$000(ParentRunner.java:58)
	at org.junit.runners.ParentRunner$2.evaluate(ParentRunner.java:268)
	at org.junit.runners.ParentRunner.run(ParentRunner.java:363)
	at org.junit.runner.JUnitCore.run(JUnitCore.java:137)
	at org.junit.runner.JUnitCore.run(JUnitCore.java:115)
	at org.junit.runner.JUnitCore.run(JUnitCore.java:105)
	at org.junit.runner.JUnitCore.run(JUnitCore.java:94)
	at core.Main.runTest(Unknown Source)
	at ide.Actions$ScriptManager$3.run(Unknown Source)
	at java.lang.Thread.run(Thread.java:745)
");}</script>
<a href="https://www.vodafone.de/playground/mnp-10/mnp-main.html#/">Page url</a>
Time: 24/02/2017 10:33:15.755 AM GMT+0100


Status: Failed
Coverage: 42.85 %
Execution Time: 6867 mSec

******************** Test script execution end ********************
(10:33:16.165) - Info: <a href="file:/C:/Projekte/Testautomation/temp/vvl_consumer_ols/Sascha_Heiko/Results/TC001/TC001_24022017_103316.html" target="_blank">Link</a>
(10:33:31.922) - Warning: stale element reference: element is not attached to the page document
  (Session info: chrome=56.0.2924.87)
  (Driver info: chromedriver=2.25.426923 (0390b88869384d6eb0d5d09729679f934aab9eed),platform=Windows NT 6.1.7601 SP1 x86) (WARNING: The server did not provide any stacktrace information)
Command duration or timeout: 14 milliseconds
For documentation on this error, please visit: http://seleniumhq.org/exceptions/stale_element_reference.html
Build info: version: '2.50.1', revision: 'd7fc91b29de65b790abb01f3ac5f7ea2191c88a7', time: '2016-01-29 11:11:26'
System info: host: 'E0336237', ip: '10.207.119.82', os.name: 'Windows 7', os.arch: 'x86', os.version: '6.1', java.version: '1.7.0_67'
Session ID: 819836c14c848575268712352663cbad
Driver info: org.openqa.selenium.chrome.ChromeDriver
Capabilities [{platform=XP, acceptSslCerts=true, javascriptEnabled=true, browserName=chrome, chrome={userDataDir=C:\Users\SASA~1.KOS\AppData\Local\Temp\scoped_dir8448_27748, chromedriverVersion=2.25.426923 (0390b88869384d6eb0d5d09729679f934aab9eed)}, networkConnectionEnabled=false, rotatable=false, locationContextEnabled=true, mobileEmulationEnabled=false, version=56.0.2924.87, pageLoadStrategy=normal, takesHeapSnapshot=true, cssSelectorsEnabled=true, databaseEnabled=false, handlesAlerts=true, browserConnectionEnabled=false, webStorageEnabled=true, nativeEvents=true, hasTouchScreen=false, applicationCacheEnabled=false, takesScreenshot=true}]
Exception in thread "AWT-EventQueue-0" org.openqa.selenium.StaleElementReferenceException: stale element reference: element is not attached to the page document
  (Session info: chrome=56.0.2924.87)
  (Driver info: chromedriver=2.25.426923 (0390b88869384d6eb0d5d09729679f934aab9eed),platform=Windows NT 6.1.7601 SP1 x86) (WARNING: The server did not provide any stacktrace information)
Command duration or timeout: 15 milliseconds
For documentation on this error, please visit: http://seleniumhq.org/exceptions/stale_element_reference.html
Build info: version: '2.50.1', revision: 'd7fc91b29de65b790abb01f3ac5f7ea2191c88a7', time: '2016-01-29 11:11:26'
System info: host: 'E0336237', ip: '10.207.119.82', os.name: 'Windows 7', os.arch: 'x86', os.version: '6.1', java.version: '1.7.0_67'
Session ID: 819836c14c848575268712352663cbad
Driver info: org.openqa.selenium.chrome.ChromeDriver
Capabilities [{platform=XP, acceptSslCerts=true, javascriptEnabled=true, browserName=chrome, chrome={userDataDir=C:\Users\SASA~1.KOS\AppData\Local\Temp\scoped_dir8448_27748, chromedriverVersion=2.25.426923 (0390b88869384d6eb0d5d09729679f934aab9eed)}, networkConnectionEnabled=false, rotatable=false, locationContextEnabled=true, mobileEmulationEnabled=false, version=56.0.2924.87, pageLoadStrategy=normal, takesHeapSnapshot=true, cssSelectorsEnabled=true, databaseEnabled=false, handlesAlerts=true, browserConnectionEnabled=false, webStorageEnabled=true, nativeEvents=true, hasTouchScreen=false, applicationCacheEnabled=false, takesScreenshot=true}]
	at sun.reflect.NativeConstructorAccessorImpl.newInstance0(Native Method)
	at sun.reflect.NativeConstructorAccessorImpl.newInstance(NativeConstructorAccessorImpl.java:57)
	at sun.reflect.DelegatingConstructorAccessorImpl.newInstance(DelegatingConstructorAccessorImpl.java:45)
	at java.lang.reflect.Constructor.newInstance(Constructor.java:526)
	at org.openqa.selenium.remote.ErrorHandler.createThrowable(ErrorHandler.java:206)
	at org.openqa.selenium.remote.ErrorHandler.throwIfResponseFailed(ErrorHandler.java:158)
	at org.openqa.selenium.remote.RemoteWebDriver.execute(RemoteWebDriver.java:678)
	at org.openqa.selenium.remote.RemoteWebDriver.executeScript(RemoteWebDriver.java:577)
	at core.selenium.targets.UITarget.ExecuteScript(Unknown Source)
	at ide.Actions.highlightFind(Unknown Source)
	at ide.Actions.access$3100(Unknown Source)
	at ide.Actions$FindObject.selectObject(Unknown Source)
	at ide.UI$57.valueChanged(Unknown Source)
	at javax.swing.JTree.fireValueChanged(JTree.java:2919)
	at javax.swing.JTree$TreeSelectionRedirector.valueChanged(JTree.java:3378)
	at javax.swing.tree.DefaultTreeSelectionModel.fireValueChanged(DefaultTreeSelectionModel.java:634)
	at javax.swing.tree.DefaultTreeSelectionModel.notifyPathChange(DefaultTreeSelectionModel.java:1092)
	at javax.swing.tree.DefaultTreeSelectionModel.setSelectionPaths(DefaultTreeSelectionModel.java:293)
	at javax.swing.tree.DefaultTreeSelectionModel.setSelectionPath(DefaultTreeSelectionModel.java:187)
	at javax.swing.JTree.setSelectionPath(JTree.java:1631)
	at javax.swing.plaf.basic.BasicTreeUI.selectPathForEvent(BasicTreeUI.java:2393)
	at javax.swing.plaf.basic.BasicTreeUI$Handler.handleSelection(BasicTreeUI.java:3609)
	at javax.swing.plaf.basic.BasicTreeUI$Handler.mousePressed(BasicTreeUI.java:3548)
	at java.awt.AWTEventMulticaster.mousePressed(AWTEventMulticaster.java:279)
	at java.awt.Component.processMouseEvent(Component.java:6513)
	at javax.swing.JComponent.processMouseEvent(JComponent.java:3320)
	at java.awt.Component.processEvent(Component.java:6281)
	at java.awt.Container.processEvent(Container.java:2229)
	at java.awt.Component.dispatchEventImpl(Component.java:4872)
	at java.awt.Container.dispatchEventImpl(Container.java:2287)
	at java.awt.Component.dispatchEvent(Component.java:4698)
	at java.awt.LightweightDispatcher.retargetMouseEvent(Container.java:4832)
	at java.awt.LightweightDispatcher.processMouseEvent(Container.java:4489)
	at java.awt.LightweightDispatcher.dispatchEvent(Container.java:4422)
	at java.awt.Container.dispatchEventImpl(Container.java:2273)
	at java.awt.Window.dispatchEventImpl(Window.java:2719)
	at java.awt.Component.dispatchEvent(Component.java:4698)
	at java.awt.EventQueue.dispatchEventImpl(EventQueue.java:735)
	at java.awt.EventQueue.access$200(EventQueue.java:103)
	at java.awt.EventQueue$3.run(EventQueue.java:694)
	at java.awt.EventQueue$3.run(EventQueue.java:692)
	at java.security.AccessController.doPrivileged(Native Method)
	at java.security.ProtectionDomain$1.doIntersectionPrivilege(ProtectionDomain.java:76)
	at java.security.ProtectionDomain$1.doIntersectionPrivilege(ProtectionDomain.java:87)
	at java.awt.EventQueue$4.run(EventQueue.java:708)
	at java.awt.EventQueue$4.run(EventQueue.java:706)
	at java.security.AccessController.doPrivileged(Native Method)
	at java.security.ProtectionDomain$1.doIntersectionPrivilege(ProtectionDomain.java:76)
	at java.awt.EventQueue.dispatchEvent(EventQueue.java:705)
	at java.awt.EventDispatchThread.pumpOneEventForFilters(EventDispatchThread.java:242)
	at java.awt.EventDispatchThread.pumpEventsForFilter(EventDispatchThread.java:161)
	at java.awt.EventDispatchThread.pumpEventsForHierarchy(EventDispatchThread.java:150)
	at java.awt.EventDispatchThread.pumpEvents(EventDispatchThread.java:146)
	at java.awt.EventDispatchThread.pumpEvents(EventDispatchThread.java:138)
	at java.awt.EventDispatchThread.run(EventDispatchThread.java:91)
(10:33:33.447) - Warning: stale element reference: element is not attached to the page document
  (Session info: chrome=56.0.2924.87)
  (Driver info: chromedriver=2.25.426923 (0390b88869384d6eb0d5d09729679f934aab9eed),platform=Windows NT 6.1.7601 SP1 x86) (WARNING: The server did not provide any stacktrace information)
Command duration or timeout: 12 milliseconds
For documentation on this error, please visit: http://seleniumhq.org/exceptions/stale_element_reference.html
Build info: version: '2.50.1', revision: 'd7fc91b29de65b790abb01f3ac5f7ea2191c88a7', time: '2016-01-29 11:11:26'
System info: host: 'E0336237', ip: '10.207.119.82', os.name: 'Windows 7', os.arch: 'x86', os.version: '6.1', java.version: '1.7.0_67'
Session ID: 819836c14c848575268712352663cbad
Driver info: org.openqa.selenium.chrome.ChromeDriver
Capabilities [{platform=XP, acceptSslCerts=true, javascriptEnabled=true, browserName=chrome, chrome={userDataDir=C:\Users\SASA~1.KOS\AppData\Local\Temp\scoped_dir8448_27748, chromedriverVersion=2.25.426923 (0390b88869384d6eb0d5d09729679f934aab9eed)}, networkConnectionEnabled=false, rotatable=false, locationContextEnabled=true, mobileEmulationEnabled=false, version=56.0.2924.87, pageLoadStrategy=normal, takesHeapSnapshot=true, cssSelectorsEnabled=true, databaseEnabled=false, handlesAlerts=true, browserConnectionEnabled=false, webStorageEnabled=true, nativeEvents=true, hasTouchScreen=false, applicationCacheEnabled=false, takesScreenshot=true}]
Exception in thread "AWT-EventQueue-0" org.openqa.selenium.StaleElementReferenceException: stale element reference: element is not attached to the page document
  (Session info: chrome=56.0.2924.87)
  (Driver info: chromedriver=2.25.426923 (0390b88869384d6eb0d5d09729679f934aab9eed),platform=Windows NT 6.1.7601 SP1 x86) (WARNING: The server did not provide any stacktrace information)
Command duration or timeout: 10 milliseconds
For documentation on this error, please visit: http://seleniumhq.org/exceptions/stale_element_reference.html
Build info: version: '2.50.1', revision: 'd7fc91b29de65b790abb01f3ac5f7ea2191c88a7', time: '2016-01-29 11:11:26'
System info: host: 'E0336237', ip: '10.207.119.82', os.name: 'Windows 7', os.arch: 'x86', os.version: '6.1', java.version: '1.7.0_67'
Session ID: 819836c14c848575268712352663cbad
Driver info: org.openqa.selenium.chrome.ChromeDriver
Capabilities [{platform=XP, acceptSslCerts=true, javascriptEnabled=true, browserName=chrome, chrome={userDataDir=C:\Users\SASA~1.KOS\AppData\Local\Temp\scoped_dir8448_27748, chromedriverVersion=2.25.426923 (0390b88869384d6eb0d5d09729679f934aab9eed)}, networkConnectionEnabled=false, rotatable=false, locationContextEnabled=true, mobileEmulationEnabled=false, version=56.0.2924.87, pageLoadStrategy=normal, takesHeapSnapshot=true, cssSelectorsEnabled=true, databaseEnabled=false, handlesAlerts=true, browserConnectionEnabled=false, webStorageEnabled=true, nativeEvents=true, hasTouchScreen=false, applicationCacheEnabled=false, takesScreenshot=true}]
	at sun.reflect.NativeConstructorAccessorImpl.newInstance0(Native Method)
	at sun.reflect.NativeConstructorAccessorImpl.newInstance(NativeConstructorAccessorImpl.java:57)
	at sun.reflect.DelegatingConstructorAccessorImpl.newInstance(DelegatingConstructorAccessorImpl.java:45)
	at java.lang.reflect.Constructor.newInstance(Constructor.java:526)
	at org.openqa.selenium.remote.ErrorHandler.createThrowable(ErrorHandler.java:206)
	at org.openqa.selenium.remote.ErrorHandler.throwIfResponseFailed(ErrorHandler.java:158)
	at org.openqa.selenium.remote.RemoteWebDriver.execute(RemoteWebDriver.java:678)
	at org.openqa.selenium.remote.RemoteWebDriver.executeScript(RemoteWebDriver.java:577)
	at core.selenium.targets.UITarget.ExecuteScript(Unknown Source)
	at ide.Actions.highlightFind(Unknown Source)
	at ide.Actions.access$3100(Unknown Source)
	at ide.Actions$FindObject.selectObject(Unknown Source)
	at ide.UI$57.valueChanged(Unknown Source)
	at javax.swing.JTree.fireValueChanged(JTree.java:2919)
	at javax.swing.JTree$TreeSelectionRedirector.valueChanged(JTree.java:3378)
	at javax.swing.tree.DefaultTreeSelectionModel.fireValueChanged(DefaultTreeSelectionModel.java:634)
	at javax.swing.tree.DefaultTreeSelectionModel.notifyPathChange(DefaultTreeSelectionModel.java:1092)
	at javax.swing.tree.DefaultTreeSelectionModel.setSelectionPaths(DefaultTreeSelectionModel.java:293)
	at javax.swing.tree.DefaultTreeSelectionModel.setSelectionPath(DefaultTreeSelectionModel.java:187)
	at javax.swing.JTree.setSelectionPath(JTree.java:1631)
	at javax.swing.plaf.basic.BasicTreeUI.selectPathForEvent(BasicTreeUI.java:2393)
	at javax.swing.plaf.basic.BasicTreeUI$Handler.handleSelection(BasicTreeUI.java:3609)
	at javax.swing.plaf.basic.BasicTreeUI$Handler.mousePressed(BasicTreeUI.java:3548)
	at java.awt.AWTEventMulticaster.mousePressed(AWTEventMulticaster.java:279)
	at java.awt.Component.processMouseEvent(Component.java:6513)
	at javax.swing.JComponent.processMouseEvent(JComponent.java:3320)
	at java.awt.Component.processEvent(Component.java:6281)
	at java.awt.Container.processEvent(Container.java:2229)
	at java.awt.Component.dispatchEventImpl(Component.java:4872)
	at java.awt.Container.dispatchEventImpl(Container.java:2287)
	at java.awt.Component.dispatchEvent(Component.java:4698)
	at java.awt.LightweightDispatcher.retargetMouseEvent(Container.java:4832)
	at java.awt.LightweightDispatcher.processMouseEvent(Container.java:4489)
	at java.awt.LightweightDispatcher.dispatchEvent(Container.java:4422)
	at java.awt.Container.dispatchEventImpl(Container.java:2273)
	at java.awt.Window.dispatchEventImpl(Window.java:2719)
	at java.awt.Component.dispatchEvent(Component.java:4698)
	at java.awt.EventQueue.dispatchEventImpl(EventQueue.java:735)
	at java.awt.EventQueue.access$200(EventQueue.java:103)
	at java.awt.EventQueue$3.run(EventQueue.java:694)
	at java.awt.EventQueue$3.run(EventQueue.java:692)
	at java.security.AccessController.doPrivileged(Native Method)
	at java.security.ProtectionDomain$1.doIntersectionPrivilege(ProtectionDomain.java:76)
	at java.security.ProtectionDomain$1.doIntersectionPrivilege(ProtectionDomain.java:87)
	at java.awt.EventQueue$4.run(EventQueue.java:708)
	at java.awt.EventQueue$4.run(EventQueue.java:706)
	at java.security.AccessController.doPrivileged(Native Method)
	at java.security.ProtectionDomain$1.doIntersectionPrivilege(ProtectionDomain.java:76)
	at java.awt.EventQueue.dispatchEvent(EventQueue.java:705)
	at java.awt.EventDispatchThread.pumpOneEventForFilters(EventDispatchThread.java:242)
	at java.awt.EventDispatchThread.pumpEventsForFilter(EventDispatchThread.java:161)
	at java.awt.EventDispatchThread.pumpEventsForHierarchy(EventDispatchThread.java:150)
	at java.awt.EventDispatchThread.pumpEvents(EventDispatchThread.java:146)
	at java.awt.EventDispatchThread.pumpEvents(EventDispatchThread.java:138)
	at java.awt.EventDispatchThread.run(EventDispatchThread.java:91)
(10:33:34.008) - Warning: stale element reference: element is not attached to the page document
  (Session info: chrome=56.0.2924.87)
  (Driver info: chromedriver=2.25.426923 (0390b88869384d6eb0d5d09729679f934aab9eed),platform=Windows NT 6.1.7601 SP1 x86) (WARNING: The server did not provide any stacktrace information)
Command duration or timeout: 8 milliseconds
For documentation on this error, please visit: http://seleniumhq.org/exceptions/stale_element_reference.html
Build info: version: '2.50.1', revision: 'd7fc91b29de65b790abb01f3ac5f7ea2191c88a7', time: '2016-01-29 11:11:26'
System info: host: 'E0336237', ip: '10.207.119.82', os.name: 'Windows 7', os.arch: 'x86', os.version: '6.1', java.version: '1.7.0_67'
Session ID: 819836c14c848575268712352663cbad
Driver info: org.openqa.selenium.chrome.ChromeDriver
Capabilities [{platform=XP, acceptSslCerts=true, javascriptEnabled=true, browserName=chrome, chrome={userDataDir=C:\Users\SASA~1.KOS\AppData\Local\Temp\scoped_dir8448_27748, chromedriverVersion=2.25.426923 (0390b88869384d6eb0d5d09729679f934aab9eed)}, networkConnectionEnabled=false, rotatable=false, locationContextEnabled=true, mobileEmulationEnabled=false, version=56.0.2924.87, pageLoadStrategy=normal, takesHeapSnapshot=true, cssSelectorsEnabled=true, databaseEnabled=false, handlesAlerts=true, browserConnectionEnabled=false, webStorageEnabled=true, nativeEvents=true, hasTouchScreen=false, applicationCacheEnabled=false, takesScreenshot=true}]
Exception in thread "AWT-EventQueue-0" org.openqa.selenium.StaleElementReferenceException: stale element reference: element is not attached to the page document
  (Session info: chrome=56.0.2924.87)
  (Driver info: chromedriver=2.25.426923 (0390b88869384d6eb0d5d09729679f934aab9eed),platform=Windows NT 6.1.7601 SP1 x86) (WARNING: The server did not provide any stacktrace information)
Command duration or timeout: 9 milliseconds
For documentation on this error, please visit: http://seleniumhq.org/exceptions/stale_element_reference.html
Build info: version: '2.50.1', revision: 'd7fc91b29de65b790abb01f3ac5f7ea2191c88a7', time: '2016-01-29 11:11:26'
System info: host: 'E0336237', ip: '10.207.119.82', os.name: 'Windows 7', os.arch: 'x86', os.version: '6.1', java.version: '1.7.0_67'
Session ID: 819836c14c848575268712352663cbad
Driver info: org.openqa.selenium.chrome.ChromeDriver
Capabilities [{platform=XP, acceptSslCerts=true, javascriptEnabled=true, browserName=chrome, chrome={userDataDir=C:\Users\SASA~1.KOS\AppData\Local\Temp\scoped_dir8448_27748, chromedriverVersion=2.25.426923 (0390b88869384d6eb0d5d09729679f934aab9eed)}, networkConnectionEnabled=false, rotatable=false, locationContextEnabled=true, mobileEmulationEnabled=false, version=56.0.2924.87, pageLoadStrategy=normal, takesHeapSnapshot=true, cssSelectorsEnabled=true, databaseEnabled=false, handlesAlerts=true, browserConnectionEnabled=false, webStorageEnabled=true, nativeEvents=true, hasTouchScreen=false, applicationCacheEnabled=false, takesScreenshot=true}]
	at sun.reflect.NativeConstructorAccessorImpl.newInstance0(Native Method)
	at sun.reflect.NativeConstructorAccessorImpl.newInstance(NativeConstructorAccessorImpl.java:57)
	at sun.reflect.DelegatingConstructorAccessorImpl.newInstance(DelegatingConstructorAccessorImpl.java:45)
	at java.lang.reflect.Constructor.newInstance(Constructor.java:526)
	at org.openqa.selenium.remote.ErrorHandler.createThrowable(ErrorHandler.java:206)
	at org.openqa.selenium.remote.ErrorHandler.throwIfResponseFailed(ErrorHandler.java:158)
	at org.openqa.selenium.remote.RemoteWebDriver.execute(RemoteWebDriver.java:678)
	at org.openqa.selenium.remote.RemoteWebDriver.executeScript(RemoteWebDriver.java:577)
	at core.selenium.targets.UITarget.ExecuteScript(Unknown Source)
	at ide.Actions.highlightFind(Unknown Source)
	at ide.Actions.access$3100(Unknown Source)
	at ide.Actions$FindObject.selectObject(Unknown Source)
	at ide.UI$57.valueChanged(Unknown Source)
	at javax.swing.JTree.fireValueChanged(JTree.java:2919)
	at javax.swing.JTree$TreeSelectionRedirector.valueChanged(JTree.java:3378)
	at javax.swing.tree.DefaultTreeSelectionModel.fireValueChanged(DefaultTreeSelectionModel.java:634)
	at javax.swing.tree.DefaultTreeSelectionModel.notifyPathChange(DefaultTreeSelectionModel.java:1092)
	at javax.swing.tree.DefaultTreeSelectionModel.setSelectionPaths(DefaultTreeSelectionModel.java:293)
	at javax.swing.tree.DefaultTreeSelectionModel.setSelectionPath(DefaultTreeSelectionModel.java:187)
	at javax.swing.JTree.setSelectionPath(JTree.java:1631)
	at javax.swing.plaf.basic.BasicTreeUI.selectPathForEvent(BasicTreeUI.java:2393)
	at javax.swing.plaf.basic.BasicTreeUI$Handler.handleSelection(BasicTreeUI.java:3609)
	at javax.swing.plaf.basic.BasicTreeUI$Handler.mousePressed(BasicTreeUI.java:3548)
	at java.awt.AWTEventMulticaster.mousePressed(AWTEventMulticaster.java:279)
	at java.awt.Component.processMouseEvent(Component.java:6513)
	at javax.swing.JComponent.processMouseEvent(JComponent.java:3320)
	at java.awt.Component.processEvent(Component.java:6281)
	at java.awt.Container.processEvent(Container.java:2229)
	at java.awt.Component.dispatchEventImpl(Component.java:4872)
	at java.awt.Container.dispatchEventImpl(Container.java:2287)
	at java.awt.Component.dispatchEvent(Component.java:4698)
	at java.awt.LightweightDispatcher.retargetMouseEvent(Container.java:4832)
	at java.awt.LightweightDispatcher.processMouseEvent(Container.java:4489)
	at java.awt.LightweightDispatcher.dispatchEvent(Container.java:4422)
	at java.awt.Container.dispatchEventImpl(Container.java:2273)
	at java.awt.Window.dispatchEventImpl(Window.java:2719)
	at java.awt.Component.dispatchEvent(Component.java:4698)
	at java.awt.EventQueue.dispatchEventImpl(EventQueue.java:735)
	at java.awt.EventQueue.access$200(EventQueue.java:103)
	at java.awt.EventQueue$3.run(EventQueue.java:694)
	at java.awt.EventQueue$3.run(EventQueue.java:692)
	at java.security.AccessController.doPrivileged(Native Method)
	at java.security.ProtectionDomain$1.doIntersectionPrivilege(ProtectionDomain.java:76)
	at java.security.ProtectionDomain$1.doIntersectionPrivilege(ProtectionDomain.java:87)
	at java.awt.EventQueue$4.run(EventQueue.java:708)
	at java.awt.EventQueue$4.run(EventQueue.java:706)
	at java.security.AccessController.doPrivileged(Native Method)
	at java.security.ProtectionDomain$1.doIntersectionPrivilege(ProtectionDomain.java:76)
	at java.awt.EventQueue.dispatchEvent(EventQueue.java:705)
	at java.awt.EventDispatchThread.pumpOneEventForFilters(EventDispatchThread.java:242)
	at java.awt.EventDispatchThread.pumpEventsForFilter(EventDispatchThread.java:161)
	at java.awt.EventDispatchThread.pumpEventsForHierarchy(EventDispatchThread.java:150)
	at java.awt.EventDispatchThread.pumpEvents(EventDispatchThread.java:146)
	at java.awt.EventDispatchThread.pumpEvents(EventDispatchThread.java:138)
	at java.awt.EventDispatchThread.run(EventDispatchThread.java:91)
(10:33:34.654) - Warning: stale element reference: element is not attached to the page document
  (Session info: chrome=56.0.2924.87)
  (Driver info: chromedriver=2.25.426923 (0390b88869384d6eb0d5d09729679f934aab9eed),platform=Windows NT 6.1.7601 SP1 x86) (WARNING: The server did not provide any stacktrace information)
Command duration or timeout: 9 milliseconds
For documentation on this error, please visit: http://seleniumhq.org/exceptions/stale_element_reference.html
Build info: version: '2.50.1', revision: 'd7fc91b29de65b790abb01f3ac5f7ea2191c88a7', time: '2016-01-29 11:11:26'
System info: host: 'E0336237', ip: '10.207.119.82', os.name: 'Windows 7', os.arch: 'x86', os.version: '6.1', java.version: '1.7.0_67'
Session ID: 819836c14c848575268712352663cbad
Driver info: org.openqa.selenium.chrome.ChromeDriver
Capabilities [{platform=XP, acceptSslCerts=true, javascriptEnabled=true, browserName=chrome, chrome={userDataDir=C:\Users\SASA~1.KOS\AppData\Local\Temp\scoped_dir8448_27748, chromedriverVersion=2.25.426923 (0390b88869384d6eb0d5d09729679f934aab9eed)}, networkConnectionEnabled=false, rotatable=false, locationContextEnabled=true, mobileEmulationEnabled=false, version=56.0.2924.87, pageLoadStrategy=normal, takesHeapSnapshot=true, cssSelectorsEnabled=true, databaseEnabled=false, handlesAlerts=true, browserConnectionEnabled=false, webStorageEnabled=true, nativeEvents=true, hasTouchScreen=false, applicationCacheEnabled=false, takesScreenshot=true}]
Exception in thread "AWT-EventQueue-0" org.openqa.selenium.StaleElementReferenceException: stale element reference: element is not attached to the page document
  (Session info: chrome=56.0.2924.87)
  (Driver info: chromedriver=2.25.426923 (0390b88869384d6eb0d5d09729679f934aab9eed),platform=Windows NT 6.1.7601 SP1 x86) (WARNING: The server did not provide any stacktrace information)
Command duration or timeout: 8 milliseconds
For documentation on this error, please visit: http://seleniumhq.org/exceptions/stale_element_reference.html
Build info: version: '2.50.1', revision: 'd7fc91b29de65b790abb01f3ac5f7ea2191c88a7', time: '2016-01-29 11:11:26'
System info: host: 'E0336237', ip: '10.207.119.82', os.name: 'Windows 7', os.arch: 'x86', os.version: '6.1', java.version: '1.7.0_67'
Session ID: 819836c14c848575268712352663cbad
Driver info: org.openqa.selenium.chrome.ChromeDriver
Capabilities [{platform=XP, acceptSslCerts=true, javascriptEnabled=true, browserName=chrome, chrome={userDataDir=C:\Users\SASA~1.KOS\AppData\Local\Temp\scoped_dir8448_27748, chromedriverVersion=2.25.426923 (0390b88869384d6eb0d5d09729679f934aab9eed)}, networkConnectionEnabled=false, rotatable=false, locationContextEnabled=true, mobileEmulationEnabled=false, version=56.0.2924.87, pageLoadStrategy=normal, takesHeapSnapshot=true, cssSelectorsEnabled=true, databaseEnabled=false, handlesAlerts=true, browserConnectionEnabled=false, webStorageEnabled=true, nativeEvents=true, hasTouchScreen=false, applicationCacheEnabled=false, takesScreenshot=true}]
	at sun.reflect.NativeConstructorAccessorImpl.newInstance0(Native Method)
	at sun.reflect.NativeConstructorAccessorImpl.newInstance(NativeConstructorAccessorImpl.java:57)
	at sun.reflect.DelegatingConstructorAccessorImpl.newInstance(DelegatingConstructorAccessorImpl.java:45)
	at java.lang.reflect.Constructor.newInstance(Constructor.java:526)
	at org.openqa.selenium.remote.ErrorHandler.createThrowable(ErrorHandler.java:206)
	at org.openqa.selenium.remote.ErrorHandler.throwIfResponseFailed(ErrorHandler.java:158)
	at org.openqa.selenium.remote.RemoteWebDriver.execute(RemoteWebDriver.java:678)
	at org.openqa.selenium.remote.RemoteWebDriver.executeScript(RemoteWebDriver.java:577)
	at core.selenium.targets.UITarget.ExecuteScript(Unknown Source)
	at ide.Actions.highlightFind(Unknown Source)
	at ide.Actions.access$3100(Unknown Source)
	at ide.Actions$FindObject.selectObject(Unknown Source)
	at ide.UI$57.valueChanged(Unknown Source)
	at javax.swing.JTree.fireValueChanged(JTree.java:2919)
	at javax.swing.JTree$TreeSelectionRedirector.valueChanged(JTree.java:3378)
	at javax.swing.tree.DefaultTreeSelectionModel.fireValueChanged(DefaultTreeSelectionModel.java:634)
	at javax.swing.tree.DefaultTreeSelectionModel.notifyPathChange(DefaultTreeSelectionModel.java:1092)
	at javax.swing.tree.DefaultTreeSelectionModel.setSelectionPaths(DefaultTreeSelectionModel.java:293)
	at javax.swing.tree.DefaultTreeSelectionModel.setSelectionPath(DefaultTreeSelectionModel.java:187)
	at javax.swing.JTree.setSelectionPath(JTree.java:1631)
	at javax.swing.plaf.basic.BasicTreeUI.selectPathForEvent(BasicTreeUI.java:2393)
	at javax.swing.plaf.basic.BasicTreeUI$Handler.handleSelection(BasicTreeUI.java:3609)
	at javax.swing.plaf.basic.BasicTreeUI$Handler.mousePressed(BasicTreeUI.java:3548)
	at java.awt.AWTEventMulticaster.mousePressed(AWTEventMulticaster.java:279)
	at java.awt.Component.processMouseEvent(Component.java:6513)
	at javax.swing.JComponent.processMouseEvent(JComponent.java:3320)
	at java.awt.Component.processEvent(Component.java:6281)
	at java.awt.Container.processEvent(Container.java:2229)
	at java.awt.Component.dispatchEventImpl(Component.java:4872)
	at java.awt.Container.dispatchEventImpl(Container.java:2287)
	at java.awt.Component.dispatchEvent(Component.java:4698)
	at java.awt.LightweightDispatcher.retargetMouseEvent(Container.java:4832)
	at java.awt.LightweightDispatcher.processMouseEvent(Container.java:4489)
	at java.awt.LightweightDispatcher.dispatchEvent(Container.java:4422)
	at java.awt.Container.dispatchEventImpl(Container.java:2273)
	at java.awt.Window.dispatchEventImpl(Window.java:2719)
	at java.awt.Component.dispatchEvent(Component.java:4698)
	at java.awt.EventQueue.dispatchEventImpl(EventQueue.java:735)
	at java.awt.EventQueue.access$200(EventQueue.java:103)
	at java.awt.EventQueue$3.run(EventQueue.java:694)
	at java.awt.EventQueue$3.run(EventQueue.java:692)
	at java.security.AccessController.doPrivileged(Native Method)
	at java.security.ProtectionDomain$1.doIntersectionPrivilege(ProtectionDomain.java:76)
	at java.security.ProtectionDomain$1.doIntersectionPrivilege(ProtectionDomain.java:87)
	at java.awt.EventQueue$4.run(EventQueue.java:708)
	at java.awt.EventQueue$4.run(EventQueue.java:706)
	at java.security.AccessController.doPrivileged(Native Method)
	at java.security.ProtectionDomain$1.doIntersectionPrivilege(ProtectionDomain.java:76)
	at java.awt.EventQueue.dispatchEvent(EventQueue.java:705)
	at java.awt.EventDispatchThread.pumpOneEventForFilters(EventDispatchThread.java:242)
	at java.awt.EventDispatchThread.pumpEventsForFilter(EventDispatchThread.java:161)
	at java.awt.EventDispatchThread.pumpEventsForHierarchy(EventDispatchThread.java:150)
	at java.awt.EventDispatchThread.pumpEvents(EventDispatchThread.java:146)
	at java.awt.EventDispatchThread.pumpEvents(EventDispatchThread.java:138)
	at java.awt.EventDispatchThread.run(EventDispatchThread.java:91)
(10:33:39.454) - Warning: stale element reference: element is not attached to the page document
  (Session info: chrome=56.0.2924.87)
  (Driver info: chromedriver=2.25.426923 (0390b88869384d6eb0d5d09729679f934aab9eed),platform=Windows NT 6.1.7601 SP1 x86) (WARNING: The server did not provide any stacktrace information)
Command duration or timeout: 9 milliseconds
For documentation on this error, please visit: http://seleniumhq.org/exceptions/stale_element_reference.html
Build info: version: '2.50.1', revision: 'd7fc91b29de65b790abb01f3ac5f7ea2191c88a7', time: '2016-01-29 11:11:26'
System info: host: 'E0336237', ip: '10.207.119.82', os.name: 'Windows 7', os.arch: 'x86', os.version: '6.1', java.version: '1.7.0_67'
Session ID: 819836c14c848575268712352663cbad
Driver info: org.openqa.selenium.chrome.ChromeDriver
Capabilities [{platform=XP, acceptSslCerts=true, javascriptEnabled=true, browserName=chrome, chrome={userDataDir=C:\Users\SASA~1.KOS\AppData\Local\Temp\scoped_dir8448_27748, chromedriverVersion=2.25.426923 (0390b88869384d6eb0d5d09729679f934aab9eed)}, networkConnectionEnabled=false, rotatable=false, locationContextEnabled=true, mobileEmulationEnabled=false, version=56.0.2924.87, pageLoadStrategy=normal, takesHeapSnapshot=true, cssSelectorsEnabled=true, databaseEnabled=false, handlesAlerts=true, browserConnectionEnabled=false, webStorageEnabled=true, nativeEvents=true, hasTouchScreen=false, applicationCacheEnabled=false, takesScreenshot=true}]
Exception in thread "AWT-EventQueue-0" org.openqa.selenium.StaleElementReferenceException: stale element reference: element is not attached to the page document
  (Session info: chrome=56.0.2924.87)
  (Driver info: chromedriver=2.25.426923 (0390b88869384d6eb0d5d09729679f934aab9eed),platform=Windows NT 6.1.7601 SP1 x86) (WARNING: The server did not provide any stacktrace information)
Command duration or timeout: 10 milliseconds
For documentation on this error, please visit: http://seleniumhq.org/exceptions/stale_element_reference.html
Build info: version: '2.50.1', revision: 'd7fc91b29de65b790abb01f3ac5f7ea2191c88a7', time: '2016-01-29 11:11:26'
System info: host: 'E0336237', ip: '10.207.119.82', os.name: 'Windows 7', os.arch: 'x86', os.version: '6.1', java.version: '1.7.0_67'
Session ID: 819836c14c848575268712352663cbad
Driver info: org.openqa.selenium.chrome.ChromeDriver
Capabilities [{platform=XP, acceptSslCerts=true, javascriptEnabled=true, browserName=chrome, chrome={userDataDir=C:\Users\SASA~1.KOS\AppData\Local\Temp\scoped_dir8448_27748, chromedriverVersion=2.25.426923 (0390b88869384d6eb0d5d09729679f934aab9eed)}, networkConnectionEnabled=false, rotatable=false, locationContextEnabled=true, mobileEmulationEnabled=false, version=56.0.2924.87, pageLoadStrategy=normal, takesHeapSnapshot=true, cssSelectorsEnabled=true, databaseEnabled=false, handlesAlerts=true, browserConnectionEnabled=false, webStorageEnabled=true, nativeEvents=true, hasTouchScreen=false, applicationCacheEnabled=false, takesScreenshot=true}]
	at sun.reflect.NativeConstructorAccessorImpl.newInstance0(Native Method)
	at sun.reflect.NativeConstructorAccessorImpl.newInstance(NativeConstructorAccessorImpl.java:57)
	at sun.reflect.DelegatingConstructorAccessorImpl.newInstance(DelegatingConstructorAccessorImpl.java:45)
	at java.lang.reflect.Constructor.newInstance(Constructor.java:526)
	at org.openqa.selenium.remote.ErrorHandler.createThrowable(ErrorHandler.java:206)
	at org.openqa.selenium.remote.ErrorHandler.throwIfResponseFailed(ErrorHandler.java:158)
	at org.openqa.selenium.remote.RemoteWebDriver.execute(RemoteWebDriver.java:678)
	at org.openqa.selenium.remote.RemoteWebDriver.executeScript(RemoteWebDriver.java:577)
	at core.selenium.targets.UITarget.ExecuteScript(Unknown Source)
	at ide.Actions.highlightFind(Unknown Source)
	at ide.Actions.access$3100(Unknown Source)
	at ide.Actions$FindObject.selectObject(Unknown Source)
	at ide.UI$57.valueChanged(Unknown Source)
	at javax.swing.JTree.fireValueChanged(JTree.java:2919)
	at javax.swing.JTree$TreeSelectionRedirector.valueChanged(JTree.java:3378)
	at javax.swing.tree.DefaultTreeSelectionModel.fireValueChanged(DefaultTreeSelectionModel.java:634)
	at javax.swing.tree.DefaultTreeSelectionModel.notifyPathChange(DefaultTreeSelectionModel.java:1092)
	at javax.swing.tree.DefaultTreeSelectionModel.setSelectionPaths(DefaultTreeSelectionModel.java:293)
	at javax.swing.tree.DefaultTreeSelectionModel.setSelectionPath(DefaultTreeSelectionModel.java:187)
	at javax.swing.JTree.setSelectionPath(JTree.java:1631)
	at javax.swing.plaf.basic.BasicTreeUI.selectPathForEvent(BasicTreeUI.java:2393)
	at javax.swing.plaf.basic.BasicTreeUI$Handler.handleSelection(BasicTreeUI.java:3609)
	at javax.swing.plaf.basic.BasicTreeUI$Handler.mousePressed(BasicTreeUI.java:3548)
	at java.awt.AWTEventMulticaster.mousePressed(AWTEventMulticaster.java:279)
	at java.awt.Component.processMouseEvent(Component.java:6513)
	at javax.swing.JComponent.processMouseEvent(JComponent.java:3320)
	at java.awt.Component.processEvent(Component.java:6281)
	at java.awt.Container.processEvent(Container.java:2229)
	at java.awt.Component.dispatchEventImpl(Component.java:4872)
	at java.awt.Container.dispatchEventImpl(Container.java:2287)
	at java.awt.Component.dispatchEvent(Component.java:4698)
	at java.awt.LightweightDispatcher.retargetMouseEvent(Container.java:4832)
	at java.awt.LightweightDispatcher.processMouseEvent(Container.java:4489)
	at java.awt.LightweightDispatcher.dispatchEvent(Container.java:4422)
	at java.awt.Container.dispatchEventImpl(Container.java:2273)
	at java.awt.Window.dispatchEventImpl(Window.java:2719)
	at java.awt.Component.dispatchEvent(Component.java:4698)
	at java.awt.EventQueue.dispatchEventImpl(EventQueue.java:735)
	at java.awt.EventQueue.access$200(EventQueue.java:103)
	at java.awt.EventQueue$3.run(EventQueue.java:694)
	at java.awt.EventQueue$3.run(EventQueue.java:692)
	at java.security.AccessController.doPrivileged(Native Method)
	at java.security.ProtectionDomain$1.doIntersectionPrivilege(ProtectionDomain.java:76)
	at java.security.ProtectionDomain$1.doIntersectionPrivilege(ProtectionDomain.java:87)
	at java.awt.EventQueue$4.run(EventQueue.java:708)
	at java.awt.EventQueue$4.run(EventQueue.java:706)
	at java.security.AccessController.doPrivileged(Native Method)
	at java.security.ProtectionDomain$1.doIntersectionPrivilege(ProtectionDomain.java:76)
	at java.awt.EventQueue.dispatchEvent(EventQueue.java:705)
	at java.awt.EventDispatchThread.pumpOneEventForFilters(EventDispatchThread.java:242)
	at java.awt.EventDispatchThread.pumpEventsForFilter(EventDispatchThread.java:161)
	at java.awt.EventDispatchThread.pumpEventsForHierarchy(EventDispatchThread.java:150)
	at java.awt.EventDispatchThread.pumpEvents(EventDispatchThread.java:146)
	at java.awt.EventDispatchThread.pumpEvents(EventDispatchThread.java:138)
	at java.awt.EventDispatchThread.run(EventDispatchThread.java:91)
(10:33:45.795) - Info: Object (Link_VodafoneRufnummer_Und_Kundenkennwort) added to page (Page1)
(10:33:45.802) - Info: Add row ([Link_VodafoneRufnummer_Und_Kundenkennwort, Link Text, Vodafone-Rufnummer und Kundenkennwort, Link, 24/02/17 10:33:45:795 - Added (Link_VodafoneRufnummer_Und_Kundenkennwort)]) to sheet (Page1)
(10:33:57.635) - Info: Edit step (1)
(10:33:57.647) - Info: Edit row [=ROW()-5, Web, Page1, Link_VodafoneRufnummer_Und_Kundenkennwort, , Append, , Yes, No, ] in sheet (TC001)
(10:34:18.750) - Info: Edit step (1)
(10:34:18.764) - Info: Edit row [=ROW()-5, Web, Page1, Link_VodafoneRufnummer_Und_Kundenkennwort, , Click, , Yes, No, ] in sheet (TC001)
 - Script1 , TC001 , Test Name , true , 1 , []
 - Script1 , TC001 , Test Name , true , 1 , []

******************** Starting test script execution ********************
Activity: Script1
Test script Id: TC001
Test script Name: Test Name
Test script Description: Test Description
Number of steps: 7
(10:34:22.744) - Info: Browser is open
=ROW()-5) ,  , () , Open , {#Data.URL}(https://www.vodafone.de/playground/mnp-10/mnp-main.html#/) , true , false
Status: Passed - Execution time: 3675
Result: Page (Hilfe | Rufnummer online mitnehmen - Rufnummern-Mitnahme) loaded.
<a href="https://www.vodafone.de/playground/mnp-10/mnp-main.html#/">Page url</a>
Time: 24/02/2017 10:34:26.421 AM GMT+0100
(10:34:26.451) - Info: Browser is open
=ROW()-5) Page1, Link_VodafoneRufnummer_Und_Kundenkennwort , () , Click , () , true , false
(10:34:26.666) - Info: Click fired:true
Status: Passed - Execution time: 742
Result: Click on Link (Link_VodafoneRufnummer_Und_Kundenkennwort).
<a href="https://www.vodafone.de/playground/mnp-10/mnp-main.html#/shopLogin">Page url</a>
Time: 24/02/2017 10:34:27.195 AM GMT+0100
(10:34:27.223) - Info: Browser is open
2) Page1, MSISDN , () , Type , 015200488839(015200488839) , true , false
Status: Passed - Execution time: 480
Result: Write (015200488839) in Textbox (MSISDN).
<a href="https://www.vodafone.de/playground/mnp-10/mnp-main.html#/shopLogin">Page url</a>
Time: 24/02/2017 10:34:27.705 AM GMT+0100
(10:34:27.741) - Info: Browser is open
3) Page1, Password , () , Type , digital() , true , false
Status: Passed - Execution time: 473
Result: Write (digital) in Textbox (Password).
<a href="https://www.vodafone.de/playground/mnp-10/mnp-main.html#/shopLogin">Page url</a>
Time: 24/02/2017 10:34:28.215 AM GMT+0100
(10:34:28.241) - Info: Browser is open
4) Page1, Link_Anmelden , () , Click , () , true , false
(10:34:28.406) - Info: Click fired:true
Status: Passed - Execution time: 602
Result: Click on Link (Link_Anmelden).
<a href="https://www.vodafone.de/playground/mnp-10/mnp-main.html#/shopLogin">Page url</a>
Time: 24/02/2017 10:34:28.845 AM GMT+0100
(10:34:28.889) - Info: Browser is open
5) Page1, Link_Jetzt_Rufnummern_Mitnahme_Starten , () , Wait For Exist , 30() , true , false
Status: Passed - Execution time: 15957
Result: Wait for object until exist.

<a href="https://www.vodafone.de/playground/mnp-10/mnp-main.html#/rufnummern-mitnahme-eingeloggt">Page url</a>
Time: 24/02/2017 10:34:44.849 AM GMT+0100
(10:34:44.871) - Info: Browser is open
6) Page1, Link_Jetzt_Rufnummern_Mitnahme_Starten , () , Click , () , true , false
(10:34:45.014) - Info: Click fired:true
Status: Passed - Execution time: 598
Result: Click on Link (Link_Jetzt_Rufnummern_Mitnahme_Starten).
<a href="https://www.vodafone.de/playground/mnp-10/mnp-main.html#/auswahl">Page url</a>
Time: 24/02/2017 10:34:45.471 AM GMT+0100


Status: Passed
Coverage: 100.0 %
Execution Time: 22767 mSec

******************** Test script execution end ********************
(10:34:45.479) - Info: <a href="file:/C:/Projekte/Testautomation/temp/vvl_consumer_ols/Sascha_Heiko/Results/TC001/TC001_24022017_103445.html" target="_blank">Link</a>
(10:37:44.489) - Info: Script file C:/Projekte/Testautomation/temp/vvl_consumer_ols/Sascha_Heiko/Scripts/Script1.xls saved
(10:37:44.493) - Info: Testscript (TC001) loaded with 7 step
(10:37:44.494) - Info: Testscript file (C:/Projekte/Testautomation/temp/vvl_consumer_ols/Sascha_Heiko/Scripts/Script1.xls) loaded with 1 script in 4 mSec
(10:38:10.566) - Info: Add script Start001)
(10:38:10.576) - Info: Add sheet (Start001)
(10:39:34.288) - Info: Testscript (TC001) loaded with 7 step
(10:39:34.288) - Info: Testscript file (C:/Projekte/Testautomation/temp/vvl_consumer_ols/Sascha_Heiko/Scripts/Script1.xls) loaded with 1 script in 2 mSec
(10:40:17.756) - Info: Add script Start001)
(10:40:17.764) - Info: Add sheet (Start001)
(10:40:29.638) - Info: Testscript (C:\Projekte\Testautomation\temp\vvl_consumer_ols\Sascha_Heiko\Scripts\Script1.xls) sheet (TC001) loaded with 7 step in 2 mSec
(10:40:31.080) - Info: Add step (0)
(10:40:31.085) - Info: Add row ([=ROW()-5, , /Script1, TC001, , Get Script, , Yes, No, Script C:/Projekte/Testautomation/temp/vvl_consumer_ols/Sascha_Heiko/Scripts/Script1.xls TC001 added.]) to sheet (Start001)
(10:40:37.768) - Warning: No steps selected.
(10:40:53.877) - Info: Testscript (TC001) loaded with 7 step
(10:40:53.878) - Info: Testscript file (C:/Projekte/Testautomation/temp/vvl_consumer_ols/Sascha_Heiko/Scripts/Script1.xls) loaded with 1 script in 2 mSec
(10:41:08.664) - Info: Add script Start001)
(10:41:08.687) - Info: Add sheet (Start001)
(10:41:20.562) - Info: Testscript (C:\Projekte\Testautomation\temp\vvl_consumer_ols\Sascha_Heiko\Scripts\Script1.xls) sheet (TC001) loaded with 7 step in 2 mSec
(10:41:21.770) - Info: Add step (0)
(10:41:21.776) - Info: Add row ([=ROW()-5, , /Script1, TC001, , Get Script, , Yes, No, Script C:/Projekte/Testautomation/temp/vvl_consumer_ols/Sascha_Heiko/Scripts/Script1.xls TC001 added.]) to sheet (Start001)
(10:41:24.782) - Info: Script file C:/Projekte/Testautomation/temp/vvl_consumer_ols/Sascha_Heiko/Scripts/Script1.xls saved
(10:41:24.788) - Info: Testscript (TC001) loaded with 7 step
(10:41:24.789) - Info: Testscript (Start001) loaded with 1 step
(10:41:24.789) - Info: Testscript file (C:/Projekte/Testautomation/temp/vvl_consumer_ols/Sascha_Heiko/Scripts/Script1.xls) loaded with 2 script in 6 mSec
(10:41:27.539) - Info: Testscript (C:\Projekte\Testautomation\temp\vvl_consumer_ols\Sascha_Heiko\Scripts\Script1.xls) sheet (TC001) loaded with 7 step in 2 mSec
 - Script1 , Start001 , Start001 , true , 1 , []
 - Script1 , Start001 , Start001 , true , 1 , []

******************** Starting test script execution ********************
Activity: Script1
Test script Id: Start001
Test script Name: Start001
Test script Description: 
Number of steps: 8
Status: Passed - Execution time: 0
Result: 
(10:41:28.011) - Info: Browser is open
1.1) ,  , () , Open , {#Data.URL}() , true , false
Status: Passed - Execution time: 883
Result: Page (Hilfe | Rufnummer online mitnehmen - Rufnummern-Mitnahme) loaded.
<a href="https://www.vodafone.de/playground/mnp-10/mnp-main.html#/rufnummern-mitnahme-eingeloggt">Page url</a>
Time: 24/02/2017 10:41:28.896 AM GMT+0100
(10:41:29.021) - Info: Browser is open
1.2) Page1, Link_VodafoneRufnummer_Und_Kundenkennwort , () , Click , () , true , false
(10:41:31.112) - Error: Failed to click on object.
org.openqa.selenium.NoSuchElementException: no such element: Unable to locate element: {"method":"link text","selector":"Vodafone-Rufnummer und Kundenkennwort"}
  (Session info: chrome=56.0.2924.87)
  (Driver info: chromedriver=2.25.426923 (0390b88869384d6eb0d5d09729679f934aab9eed),platform=Windows NT 6.1.7601 SP1 x86) (WARNING: The server did not provide any stacktrace information)
Command duration or timeout: 2.07 seconds
For documentation on this error, please visit: http://seleniumhq.org/exceptions/no_such_element.html
Build info: version: '2.50.1', revision: 'd7fc91b29de65b790abb01f3ac5f7ea2191c88a7', time: '2016-01-29 11:11:26'
System info: host: 'E0336237', ip: '10.207.119.82', os.name: 'Windows 7', os.arch: 'x86', os.version: '6.1', java.version: '1.7.0_67'
*** Element info: {Using=link text, value=Vodafone-Rufnummer und Kundenkennwort}
Session ID: 819836c14c848575268712352663cbad
Driver info: org.openqa.selenium.chrome.ChromeDriver
Capabilities [{platform=XP, acceptSslCerts=true, javascriptEnabled=true, browserName=chrome, chrome={userDataDir=C:\Users\SASA~1.KOS\AppData\Local\Temp\scoped_dir8448_27748, chromedriverVersion=2.25.426923 (0390b88869384d6eb0d5d09729679f934aab9eed)}, networkConnectionEnabled=false, rotatable=false, locationContextEnabled=true, mobileEmulationEnabled=false, version=56.0.2924.87, pageLoadStrategy=normal, takesHeapSnapshot=true, cssSelectorsEnabled=true, databaseEnabled=false, handlesAlerts=true, browserConnectionEnabled=false, webStorageEnabled=true, nativeEvents=true, hasTouchScreen=false, applicationCacheEnabled=false, takesScreenshot=true}]
	at sun.reflect.NativeConstructorAccessorImpl.newInstance0(Native Method)
	at sun.reflect.NativeConstructorAccessorImpl.newInstance(NativeConstructorAccessorImpl.java:57)
	at sun.reflect.DelegatingConstructorAccessorImpl.newInstance(DelegatingConstructorAccessorImpl.java:45)
	at java.lang.reflect.Constructor.newInstance(Constructor.java:526)
	at org.openqa.selenium.remote.ErrorHandler.createThrowable(ErrorHandler.java:206)
	at org.openqa.selenium.remote.ErrorHandler.throwIfResponseFailed(ErrorHandler.java:158)
	at org.openqa.selenium.remote.RemoteWebDriver.execute(RemoteWebDriver.java:678)
	at org.openqa.selenium.remote.RemoteWebDriver.findElement(RemoteWebDriver.java:363)
	at org.openqa.selenium.remote.RemoteWebDriver.findElementByLinkText(RemoteWebDriver.java:428)
	at org.openqa.selenium.By$ByLinkText.findElement(By.java:246)
	at org.openqa.selenium.remote.RemoteWebDriver.findElement(RemoteWebDriver.java:355)
	at core.selenium.targetElement.TargetElement.Find_WebElement(Unknown Source)
	at core.selenium.targetElement.TargetElement.<init>(Unknown Source)
	at core.selenium.targetElement.WebTargetElement.<init>(Unknown Source)
	at core.selenium.targets.WebTarget.getTargetElement(Unknown Source)
	at core.selenium.targetActions.WebTargetActions.click(Unknown Source)
	at sun.reflect.NativeMethodAccessorImpl.invoke0(Native Method)
	at sun.reflect.NativeMethodAccessorImpl.invoke(NativeMethodAccessorImpl.java:57)
	at sun.reflect.DelegatingMethodAccessorImpl.invoke(DelegatingMethodAccessorImpl.java:43)
	at java.lang.reflect.Method.invoke(Method.java:606)
	at junit.framework.TestCase.runTest(TestCase.java:176)
	at junit.framework.TestCase.runBare(TestCase.java:141)
	at junit.framework.TestResult$1.protect(TestResult.java:122)
	at junit.framework.TestResult.runProtected(TestResult.java:142)
	at junit.framework.TestResult.run(TestResult.java:125)
	at junit.framework.TestCase.run(TestCase.java:129)
	at junit.framework.TestCase.run(TestCase.java:121)
	at core.selenium.targetActions.TargetActions.run(Unknown Source)
	at core.selenium.targets.WebTarget.PreformAction(Unknown Source)
	at core.com.execution.TargetManager.preformAction(Unknown Source)
	at Scripts.Pac_Script_.Script_Start___.executeTest(Script_Start___.java:89)
	at Scripts.Pac_Script_.Script_Start___.test(Script_Start___.java:82)
	at sun.reflect.NativeMethodAccessorImpl.invoke0(Native Method)
	at sun.reflect.NativeMethodAccessorImpl.invoke(NativeMethodAccessorImpl.java:57)
	at sun.reflect.DelegatingMethodAccessorImpl.invoke(DelegatingMethodAccessorImpl.java:43)
	at java.lang.reflect.Method.invoke(Method.java:606)
	at org.junit.runners.model.FrameworkMethod$1.runReflectiveCall(FrameworkMethod.java:50)
	at org.junit.internal.runners.model.ReflectiveCallable.run(ReflectiveCallable.java:12)
	at org.junit.runners.model.FrameworkMethod.invokeExplosively(FrameworkMethod.java:47)
	at org.junit.internal.runners.statements.InvokeMethod.evaluate(InvokeMethod.java:17)
	at org.junit.internal.runners.statements.RunBefores.evaluate(RunBefores.java:26)
	at org.junit.internal.runners.statements.RunAfters.evaluate(RunAfters.java:27)
	at org.junit.runners.ParentRunner.runLeaf(ParentRunner.java:325)
	at org.junit.runners.BlockJUnit4ClassRunner.runChild(BlockJUnit4ClassRunner.java:78)
	at org.junit.runners.BlockJUnit4ClassRunner.runChild(BlockJUnit4ClassRunner.java:57)
	at org.junit.runners.ParentRunner$3.run(ParentRunner.java:290)
	at org.junit.runners.ParentRunner$1.schedule(ParentRunner.java:71)
	at org.junit.runners.ParentRunner.runChildren(ParentRunner.java:288)
	at org.junit.runners.ParentRunner.access$000(ParentRunner.java:58)
	at org.junit.runners.ParentRunner$2.evaluate(ParentRunner.java:268)
	at org.junit.internal.runners.statements.RunBefores.evaluate(RunBefores.java:26)
	at org.junit.internal.runners.statements.RunAfters.evaluate(RunAfters.java:27)
	at org.junit.runners.ParentRunner.run(ParentRunner.java:363)
	at org.junit.runners.Suite.runChild(Suite.java:128)
	at org.junit.runners.Suite.runChild(Suite.java:27)
	at org.junit.runners.ParentRunner$3.run(ParentRunner.java:290)
	at org.junit.runners.ParentRunner$1.schedule(ParentRunner.java:71)
	at org.junit.runners.ParentRunner.runChildren(ParentRunner.java:288)
	at org.junit.runners.ParentRunner.access$000(ParentRunner.java:58)
	at org.junit.runners.ParentRunner$2.evaluate(ParentRunner.java:268)
	at org.junit.runners.ParentRunner.run(ParentRunner.java:363)
	at org.junit.runner.JUnitCore.run(JUnitCore.java:137)
	at org.junit.runner.JUnitCore.run(JUnitCore.java:115)
	at org.junit.runner.JUnitCore.run(JUnitCore.java:105)
	at org.junit.runner.JUnitCore.run(JUnitCore.java:94)
	at core.Main.runTest(Unknown Source)
	at ide.Actions$ScriptManager$3.run(Unknown Source)
	at java.lang.Thread.run(Thread.java:745)
Status: Failed - Execution time: 2128
Result: Failed to click on object.
no such element: Unable to locate element: {"method":"link text","selector":"Vodafone-Rufnummer und Kundenkennwort"}
  (Session info: chrome=56.0.2924.87)
  (Driver info: chromedriver=2.25.426923 (0390b88869384d6eb0d5d09729679f934aab9eed),platform=Windows NT 6.1.7601 SP1 x86) (WARNING: The server did not provide any stacktrace information)
Command duration or timeout: 2.07 seconds
For documentation on this error, please visit: http://seleniumhq.org/exceptions/no_such_element.html

<a href="#" onclick="printStacktrace1_2() ">Stack Trace</a><script> function printStacktrace1_2() { var myWindow = window.open("", "_blank"); myWindow.document.write("org.openqa.selenium.NoSuchElementException: no such element: Unable to locate element: {"method":"link text","selector":"Vodafone-Rufnummer und Kundenkennwort"}
  (Session info: chrome=56.0.2924.87)
  (Driver info: chromedriver=2.25.426923 (0390b88869384d6eb0d5d09729679f934aab9eed),platform=Windows NT 6.1.7601 SP1 x86) (WARNING: The server did not provide any stacktrace information)
Command duration or timeout: 2.07 seconds
For documentation on this error, please visit: http://seleniumhq.org/exceptions/no_such_element.html
Build info: version: '2.50.1', revision: 'd7fc91b29de65b790abb01f3ac5f7ea2191c88a7', time: '2016-01-29 11:11:26'
System info: host: 'E0336237', ip: '10.207.119.82', os.name: 'Windows 7', os.arch: 'x86', os.version: '6.1', java.version: '1.7.0_67'
*** Element info: {Using=link text, value=Vodafone-Rufnummer und Kundenkennwort}
Session ID: 819836c14c848575268712352663cbad
Driver info: org.openqa.selenium.chrome.ChromeDriver
Capabilities [{platform=XP, acceptSslCerts=true, javascriptEnabled=true, browserName=chrome, chrome={userDataDir=C:\Users\SASA~1.KOS\AppData\Local\Temp\scoped_dir8448_27748, chromedriverVersion=2.25.426923 (0390b88869384d6eb0d5d09729679f934aab9eed)}, networkConnectionEnabled=false, rotatable=false, locationContextEnabled=true, mobileEmulationEnabled=false, version=56.0.2924.87, pageLoadStrategy=normal, takesHeapSnapshot=true, cssSelectorsEnabled=true, databaseEnabled=false, handlesAlerts=true, browserConnectionEnabled=false, webStorageEnabled=true, nativeEvents=true, hasTouchScreen=false, applicationCacheEnabled=false, takesScreenshot=true}]
	at sun.reflect.NativeConstructorAccessorImpl.newInstance0(Native Method)
	at sun.reflect.NativeConstructorAccessorImpl.newInstance(NativeConstructorAccessorImpl.java:57)
	at sun.reflect.DelegatingConstructorAccessorImpl.newInstance(DelegatingConstructorAccessorImpl.java:45)
	at java.lang.reflect.Constructor.newInstance(Constructor.java:526)
	at org.openqa.selenium.remote.ErrorHandler.createThrowable(ErrorHandler.java:206)
	at org.openqa.selenium.remote.ErrorHandler.throwIfResponseFailed(ErrorHandler.java:158)
	at org.openqa.selenium.remote.RemoteWebDriver.execute(RemoteWebDriver.java:678)
	at org.openqa.selenium.remote.RemoteWebDriver.findElement(RemoteWebDriver.java:363)
	at org.openqa.selenium.remote.RemoteWebDriver.findElementByLinkText(RemoteWebDriver.java:428)
	at org.openqa.selenium.By$ByLinkText.findElement(By.java:246)
	at org.openqa.selenium.remote.RemoteWebDriver.findElement(RemoteWebDriver.java:355)
	at core.selenium.targetElement.TargetElement.Find_WebElement(Unknown Source)
	at core.selenium.targetElement.TargetElement.<init>(Unknown Source)
	at core.selenium.targetElement.WebTargetElement.<init>(Unknown Source)
	at core.selenium.targets.WebTarget.getTargetElement(Unknown Source)
	at core.selenium.targetActions.WebTargetActions.click(Unknown Source)
	at sun.reflect.NativeMethodAccessorImpl.invoke0(Native Method)
	at sun.reflect.NativeMethodAccessorImpl.invoke(NativeMethodAccessorImpl.java:57)
	at sun.reflect.DelegatingMethodAccessorImpl.invoke(DelegatingMethodAccessorImpl.java:43)
	at java.lang.reflect.Method.invoke(Method.java:606)
	at junit.framework.TestCase.runTest(TestCase.java:176)
	at junit.framework.TestCase.runBare(TestCase.java:141)
	at junit.framework.TestResult$1.protect(TestResult.java:122)
	at junit.framework.TestResult.runProtected(TestResult.java:142)
	at junit.framework.TestResult.run(TestResult.java:125)
	at junit.framework.TestCase.run(TestCase.java:129)
	at junit.framework.TestCase.run(TestCase.java:121)
	at core.selenium.targetActions.TargetActions.run(Unknown Source)
	at core.selenium.targets.WebTarget.PreformAction(Unknown Source)
	at core.com.execution.TargetManager.preformAction(Unknown Source)
	at Scripts.Pac_Script_.Script_Start___.executeTest(Script_Start___.java:89)
	at Scripts.Pac_Script_.Script_Start___.test(Script_Start___.java:82)
	at sun.reflect.NativeMethodAccessorImpl.invoke0(Native Method)
	at sun.reflect.NativeMethodAccessorImpl.invoke(NativeMethodAccessorImpl.java:57)
	at sun.reflect.DelegatingMethodAccessorImpl.invoke(DelegatingMethodAccessorImpl.java:43)
	at java.lang.reflect.Method.invoke(Method.java:606)
	at org.junit.runners.model.FrameworkMethod$1.runReflectiveCall(FrameworkMethod.java:50)
	at org.junit.internal.runners.model.ReflectiveCallable.run(ReflectiveCallable.java:12)
	at org.junit.runners.model.FrameworkMethod.invokeExplosively(FrameworkMethod.java:47)
	at org.junit.internal.runners.statements.InvokeMethod.evaluate(InvokeMethod.java:17)
	at org.junit.internal.runners.statements.RunBefores.evaluate(RunBefores.java:26)
	at org.junit.internal.runners.statements.RunAfters.evaluate(RunAfters.java:27)
	at org.junit.runners.ParentRunner.runLeaf(ParentRunner.java:325)
	at org.junit.runners.BlockJUnit4ClassRunner.runChild(BlockJUnit4ClassRunner.java:78)
	at org.junit.runners.BlockJUnit4ClassRunner.runChild(BlockJUnit4ClassRunner.java:57)
	at org.junit.runners.ParentRunner$3.run(ParentRunner.java:290)
	at org.junit.runners.ParentRunner$1.schedule(ParentRunner.java:71)
	at org.junit.runners.ParentRunner.runChildren(ParentRunner.java:288)
	at org.junit.runners.ParentRunner.access$000(ParentRunner.java:58)
	at org.junit.runners.ParentRunner$2.evaluate(ParentRunner.java:268)
	at org.junit.internal.runners.statements.RunBefores.evaluate(RunBefores.java:26)
	at org.junit.internal.runners.statements.RunAfters.evaluate(RunAfters.java:27)
	at org.junit.runners.ParentRunner.run(ParentRunner.java:363)
	at org.junit.runners.Suite.runChild(Suite.java:128)
	at org.junit.runners.Suite.runChild(Suite.java:27)
	at org.junit.runners.ParentRunner$3.run(ParentRunner.java:290)
	at org.junit.runners.ParentRunner$1.schedule(ParentRunner.java:71)
	at org.junit.runners.ParentRunner.runChildren(ParentRunner.java:288)
	at org.junit.runners.ParentRunner.access$000(ParentRunner.java:58)
	at org.junit.runners.ParentRunner$2.evaluate(ParentRunner.java:268)
	at org.junit.runners.ParentRunner.run(ParentRunner.java:363)
	at org.junit.runner.JUnitCore.run(JUnitCore.java:137)
	at org.junit.runner.JUnitCore.run(JUnitCore.java:115)
	at org.junit.runner.JUnitCore.run(JUnitCore.java:105)
	at org.junit.runner.JUnitCore.run(JUnitCore.java:94)
	at core.Main.runTest(Unknown Source)
	at ide.Actions$ScriptManager$3.run(Unknown Source)
	at java.lang.Thread.run(Thread.java:745)
");}</script>
<a href="https://www.vodafone.de/playground/mnp-10/mnp-main.html#/rufnummern-mitnahme-eingeloggt">Page url</a>
Time: 24/02/2017 10:41:31.151 AM GMT+0100


Status: Failed
Coverage: 37.5 %
Execution Time: 3514 mSec

******************** Test script execution end ********************
(10:41:31.513) - Info: <a href="file:/C:/Projekte/Testautomation/temp/vvl_consumer_ols/Sascha_Heiko/Results/Start001/Start001_24022017_104131.html" target="_blank">Link</a>
(10:53:04.520) - Info: Map file C:/Projekte/Testautomation/temp/vvl_consumer_ols/Sascha_Heiko/UIMap.xls saved
(10:53:04.529) - Info: UIMap file C:/Projekte/Testautomation/temp/vvl_consumer_ols/Sascha_Heiko/UIMap.xls loaded with 1 sheets in 3 mSec
(10:53:04.965) - Error: Object not found org.openqa.selenium.NoSuchElementException: no such element: Unable to locate element: {"method":"link text","selector":"Vodafone-Rufnummer und Kundenkennwort"}
  (Session info: chrome=56.0.2924.87)
  (Driver info: chromedriver=2.25.426923 (0390b88869384d6eb0d5d09729679f934aab9eed),platform=Windows NT 6.1.7601 SP1 x86) (WARNING: The server did not provide any stacktrace information)
Command duration or timeout: 39 milliseconds
For documentation on this error, please visit: http://seleniumhq.org/exceptions/no_such_element.html
Build info: version: '2.50.1', revision: 'd7fc91b29de65b790abb01f3ac5f7ea2191c88a7', time: '2016-01-29 11:11:26'
System info: host: 'E0336237', ip: '10.207.119.82', os.name: 'Windows 7', os.arch: 'x86', os.version: '6.1', java.version: '1.7.0_67'
*** Element info: {Using=link text, value=Vodafone-Rufnummer und Kundenkennwort}
Session ID: 819836c14c848575268712352663cbad
Driver info: org.openqa.selenium.chrome.ChromeDriver
Capabilities [{platform=XP, acceptSslCerts=true, javascriptEnabled=true, browserName=chrome, chrome={userDataDir=C:\Users\SASA~1.KOS\AppData\Local\Temp\scoped_dir8448_27748, chromedriverVersion=2.25.426923 (0390b88869384d6eb0d5d09729679f934aab9eed)}, networkConnectionEnabled=false, rotatable=false, locationContextEnabled=true, mobileEmulationEnabled=false, version=56.0.2924.87, pageLoadStrategy=normal, takesHeapSnapshot=true, cssSelectorsEnabled=true, databaseEnabled=false, handlesAlerts=true, browserConnectionEnabled=false, webStorageEnabled=true, nativeEvents=true, hasTouchScreen=false, applicationCacheEnabled=false, takesScreenshot=true}]
(10:53:05.924) - Info: Quit webdriver
(10:53:05.957) - Info: Application Closed
