(09:42:46.498) - Info: UIMap file C:/Projekte/Testautomation/temp/vvl_consumer_ols/Sascha_Heiko/UIMap.xls loaded with 1 sheets in 1 mSec
(09:42:46.505) - Info: Testscript (TC001) loaded with 0 step
(09:42:46.506) - Info: Testscript file (C:/Projekte/Testautomation/temp/vvl_consumer_ols/Sascha_Heiko/Scripts/Script1.xls) loaded with 1 script in 4 mSec
(09:43:58.123) - Info: Add step (0)
(09:43:58.536) - Info: Add row ([=ROW()-5, Web, , , , Open, https://www.vodafone.de/playground/mnp-10/mnp-main.html#/shopLogin, Yes, No, ]) to sheet (TC001)
(09:44:01.259) - Info: Script file C:/Projekte/Testautomation/temp/vvl_consumer_ols/Sascha_Heiko/Scripts/Script1.xls saved
(09:44:01.264) - Info: Testscript (TC001) loaded with 1 step
(09:44:01.265) - Info: Testscript file (C:/Projekte/Testautomation/temp/vvl_consumer_ols/Sascha_Heiko/Scripts/Script1.xls) loaded with 1 script in 4 mSec
 - Script1 , TC001 , Test Name , true , 1 , []
 - Script1 , TC001 , Test Name , true , 1 , []

******************** Starting test script execution ********************
Activity: Script1
Test script Id: TC001
Test script Name: Test Name
Test script Description: Test Description
Number of steps: 1
(09:44:08.993) - Info: Firefox config created.
(09:44:09.016) - Info: Firefox config loaded.
Firefox
Cabability: platform=ANY
Cabability: acceptSslCerts=true
Cabability: javascriptEnabled=true
Cabability: elementScrollBehavior=1
Cabability: browserName=firefox
Cabability: rotatable=false
Cabability: unexpectedAlertBehaviour=ignore
Cabability: locationContextEnabled=true
Cabability: version=
Cabability: databaseEnabled=true
Cabability: browserConnectionEnabled=true
Cabability: nativeEvents=false
Cabability: webStorageEnabled=true
Cabability: proxy={proxyType=SYSTEM, autodetect=false, ftpProxy=null, httpProxy=null, noProxy=null, sslProxy=null, socksProxy=null, socksUsername=null, socksPassword=null, proxyAutoconfigUrl=null}
Cabability: webdriver.remote.quietExceptions=false
Cabability: applicationCacheEnabled=true
Profile Preferences: webdriver_assume_untrusted_issuer=true
Profile Preferences: webdriver_accept_untrusted_certs=true
Profile Preferences: webdriver_enable_native_events=true
Config: auto_select_window=false
Config: auto_maxmize=false
Config: timeout_page=120000
Config: timeout_find=2000
Config: timeout_jscript=500
Config: timeout_ajax=20000
org.openqa.selenium.firefox.NotConnectedException: Unable to connect to host 127.0.0.1 on port 7055 after 45000 ms. Firefox console output:
:null,"defaultLocale":{"name":"Default","description":"The default theme.","creator":"Mozilla","homepageURL":null,"contributors":["Mozilla Contributors"]},"visible":true,"active":true,"userDisabled":false,"appDisabled":false,"descriptor":"C:\\Program Files\\Mozilla Firefox\\browser\\extensions\\{972ce4c6-7e08-4474-a285-3208198ce6fd}.xpi","installDate":1485383667836,"updateDate":1485383667836,"applyBackgroundUpdates":1,"skinnable":true,"size":19708,"sourceURI":null,"releaseNotesURI":null,"softDisabled":false,"foreignInstall":false,"hasBinaryComponents":false,"strictCompatibility":true,"locales":[],"targetApplications":[{"id":"{ec8030f7-c20a-464f-9b0e-13a3a9e97384}","minVersion":"51.0.1","maxVersion":"51.0.1"}],"targetPlatforms":[],"seen":true,"dependencies":[],"hasEmbeddedWebExtension":false}
1487925851312	addons.xpi	DEBUG	getModTime: Recursive scan of {972ce4c6-7e08-4474-a285-3208198ce6fd}
1487925851313	DeferredSave.extensions.json	DEBUG	Save changes
1487925851313	addons.xpi	DEBUG	Updating database with changes to installed add-ons
1487925851314	addons.xpi-utils	DEBUG	Updating add-on states
1487925851315	addons.xpi-utils	DEBUG	Writing add-ons list
1487925851321	addons.xpi	DEBUG	Registering manifest for C:\Program Files\Mozilla Firefox\browser\features\aushelper@mozilla.org.xpi
1487925851321	addons.xpi	DEBUG	Calling bootstrap method startup on aushelper@mozilla.org version 1.0
1487925851325	addons.xpi	DEBUG	Registering manifest for C:\Program Files\Mozilla Firefox\browser\features\e10srollout@mozilla.org.xpi
1487925851326	addons.xpi	DEBUG	Calling bootstrap method startup on e10srollout@mozilla.org version 1.7
1487925851327	addons.xpi	DEBUG	Registering manifest for C:\Program Files\Mozilla Firefox\browser\features\firefox@getpocket.com.xpi
1487925851328	addons.xpi	DEBUG	Calling bootstrap method startup on firefox@getpocket.com version 1.0.5
1487925851329	addons.xpi	DEBUG	Registering manifest for C:\Program Files\Mozilla Firefox\browser\features\webcompat@mozilla.org.xpi
1487925851330	addons.xpi	DEBUG	Calling bootstrap method startup on webcompat@mozilla.org version 1.0
1487925851333	addons.manager	DEBUG	Registering shutdown blocker for XPIProvider
1487925851333	addons.manager	DEBUG	Provider finished startup: XPIProvider
1487925851333	addons.manager	DEBUG	Starting provider: LightweightThemeManager
1487925851334	addons.manager	DEBUG	Registering shutdown blocker for LightweightThemeManager
1487925851334	addons.manager	DEBUG	Provider finished startup: LightweightThemeManager
1487925851335	addons.manager	DEBUG	Starting provider: GMPProvider
1487925851343	addons.manager	DEBUG	Registering shutdown blocker for GMPProvider
1487925851343	addons.manager	DEBUG	Provider finished startup: GMPProvider
1487925851343	addons.manager	DEBUG	Starting provider: PluginProvider
1487925851343	addons.manager	DEBUG	Registering shutdown blocker for PluginProvider
1487925851344	addons.manager	DEBUG	Provider finished startup: PluginProvider
1487925851345	addons.manager	DEBUG	Completed startup sequence
1487925851908	DeferredSave.extensions.json	DEBUG	Starting write
1487925851915	addons.manager	DEBUG	Starting provider: <unnamed-provider>
1487925851916	addons.manager	DEBUG	Registering shutdown blocker for <unnamed-provider>
1487925851916	addons.manager	DEBUG	Provider finished startup: <unnamed-provider>
1487925852214	addons.repository	DEBUG	No addons.json found.
1487925852215	DeferredSave.addons.json	DEBUG	Save changes
1487925852219	DeferredSave.addons.json	DEBUG	Starting timer
1487925852344	addons.manager	DEBUG	Starting provider: PreviousExperimentProvider
1487925852344	addons.manager	DEBUG	Registering shutdown blocker for PreviousExperimentProvider
1487925852344	addons.manager	DEBUG	Provider finished startup: PreviousExperimentProvider
1487925852357	DeferredSave.extensions.json	DEBUG	Write succeeded
1487925852358	addons.xpi-utils	DEBUG	XPI Database saved, setting schema version preference to 19
1487925852361	DeferredSave.addons.json	DEBUG	Starting write
1487925852451	DeferredSave.addons.json	DEBUG	Write succeeded

	at org.openqa.selenium.firefox.internal.NewProfileExtensionConnection.start(NewProfileExtensionConnection.java:123)
	at org.openqa.selenium.firefox.FirefoxDriver.startClient(FirefoxDriver.java:271)
	at org.openqa.selenium.remote.RemoteWebDriver.<init>(RemoteWebDriver.java:119)
	at org.openqa.selenium.firefox.FirefoxDriver.<init>(FirefoxDriver.java:216)
	at org.openqa.selenium.firefox.FirefoxDriver.<init>(FirefoxDriver.java:211)
	at org.openqa.selenium.firefox.FirefoxDriver.<init>(FirefoxDriver.java:128)
	at core.selenium.targets.webTargets.FireFox.Initialize(Unknown Source)
	at core.selenium.targets.WebTarget.Start(Unknown Source)
	at core.com.execution.TargetManager.startTarget(Unknown Source)
	at core.com.execution.TargetManager.preformAction(Unknown Source)
	at Scripts.Pac_Script_.Script_Test_Name.executeTest(Script_Test_Name.java:87)
	at Scripts.Pac_Script_.Script_Test_Name.test(Script_Test_Name.java:82)
	at sun.reflect.NativeMethodAccessorImpl.invoke0(Native Method)
	at sun.reflect.NativeMethodAccessorImpl.invoke(NativeMethodAccessorImpl.java:57)
	at sun.reflect.DelegatingMethodAccessorImpl.invoke(DelegatingMethodAccessorImpl.java:43)
	at java.lang.reflect.Method.invoke(Method.java:606)
	at org.junit.runners.model.FrameworkMethod$1.runReflectiveCall(FrameworkMethod.java:50)
	at org.junit.internal.runners.model.ReflectiveCallable.run(ReflectiveCallable.java:12)
	at org.junit.runners.model.FrameworkMethod.invokeExplosively(FrameworkMethod.java:47)
	at org.junit.internal.runners.statements.InvokeMethod.evaluate(InvokeMethod.java:17)
	at org.junit.internal.runners.statements.RunBefores.evaluate(RunBefores.java:26)
	at org.junit.internal.runners.statements.RunAfters.evaluate(RunAfters.java:27)
	at org.junit.runners.ParentRunner.runLeaf(ParentRunner.java:325)
	at org.junit.runners.BlockJUnit4ClassRunner.runChild(BlockJUnit4ClassRunner.java:78)
	at org.junit.runners.BlockJUnit4ClassRunner.runChild(BlockJUnit4ClassRunner.java:57)
	at org.junit.runners.ParentRunner$3.run(ParentRunner.java:290)
	at org.junit.runners.ParentRunner$1.schedule(ParentRunner.java:71)
	at org.junit.runners.ParentRunner.runChildren(ParentRunner.java:288)
	at org.junit.runners.ParentRunner.access$000(ParentRunner.java:58)
	at org.junit.runners.ParentRunner$2.evaluate(ParentRunner.java:268)
	at org.junit.internal.runners.statements.RunBefores.evaluate(RunBefores.java:26)
	at org.junit.internal.runners.statements.RunAfters.evaluate(RunAfters.java:27)
	at org.junit.runners.ParentRunner.run(ParentRunner.java:363)
	at org.junit.runners.Suite.runChild(Suite.java:128)
	at org.junit.runners.Suite.runChild(Suite.java:27)
	at org.junit.runners.ParentRunner$3.run(ParentRunner.java:290)
	at org.junit.runners.ParentRunner$1.schedule(ParentRunner.java:71)
	at org.junit.runners.ParentRunner.runChildren(ParentRunner.java:288)
	at org.junit.runners.ParentRunner.access$000(ParentRunner.java:58)
	at org.junit.runners.ParentRunner$2.evaluate(ParentRunner.java:268)
	at org.junit.runners.ParentRunner.run(ParentRunner.java:363)
	at org.junit.runner.JUnitCore.run(JUnitCore.java:137)
	at org.junit.runner.JUnitCore.run(JUnitCore.java:115)
	at org.junit.runner.JUnitCore.run(JUnitCore.java:105)
	at org.junit.runner.JUnitCore.run(JUnitCore.java:94)
	at core.Main.runTest(Unknown Source)
	at ide.Actions$ScriptManager$3.run(Unknown Source)
	at java.lang.Thread.run(Thread.java:745)
(09:44:55.608) - Info: Execution Stopped


(09:45:08.691) - Info: IE config created.
(09:45:08.695) - Info: IE config loaded.
IE
Cabability: silent=false
Cabability: elementScrollBehavior=1
Cabability: javascriptEnabled=true
Cabability: acceptSslCerts=true
Cabability: enablePersistentHover=false
Cabability: ignoreZoomSetting=false
Cabability: ie.ensureCleanSession=false
Cabability: browserName=internet explorer
Cabability: version=
Cabability: ie.usePerProcessProxy=false
Cabability: ignoreProtectedModeSettings=true
Cabability: requireWindowFocus=false
Cabability: initialBrowserUrl=about:blank
Cabability: logLevel=WARN
Cabability: proxy={proxyType=SYSTEM, autodetect=false, ftpProxy=null, httpProxy=null, noProxy=null, sslProxy=null, socksProxy=null, socksUsername=null, socksPassword=null, proxyAutoconfigUrl=null}
Cabability: nativeEvents=false
Cabability: webdriver.remote.quietExceptions=false
Cabability: applicationCacheEnabled=true
Cabability: platform=WINDOWS
Cabability: ie.setProxyByServer=false
Cabability: ensureCleanSession=true
Cabability: enableElementCacheCleanup=true
Cabability: unexpectedAlertBehaviour=ignore
Cabability: rotatable=false
Cabability: logFile=ielog.log
Cabability: locationContextEnabled=true
Cabability: databaseEnabled=true
Cabability: ie.forceCreateProcessApi=false
Cabability: browserConnectionEnabled=true
Cabability: webStorageEnabled=true
Config: auto_select_window=false
Config: auto_maxmize=false
Config: timeout_page=120000
Config: timeout_find=2000
Config: timeout_jscript=500
Config: timeout_ajax=20000
Started InternetExplorerDriver server (32-bit)
2.50.0.0
Listening on port 10795
Log level is set to WARN
Log file is set to C:\Projekte\Testautomation\temp\SKDF_1.39\ielog.log
Only local connections are allowed
(09:45:10.653) - Info: Browser opened
 - Script1 , TC001 , Test Name , true , 1 , []
 - Script1 , TC001 , Test Name , true , 1 , []

******************** Starting test script execution ********************
Activity: Script1
Test script Id: TC001
Test script Name: Test Name
Test script Description: Test Description
Number of steps: 1
(09:45:26.885) - Info: Browser is open
1) ,  , () , Open , https://www.vodafone.de/playground/mnp-10/mnp-main.html#/shopLogin() , true , false
(09:45:28.160) - Error: Modal dialog present: 
Build info: version: '2.50.1', revision: 'd7fc91b29de65b790abb01f3ac5f7ea2191c88a7', time: '2016-01-29 11:11:26'
System info: host: 'E0336237', ip: '10.207.119.82', os.name: 'Windows 7', os.arch: 'x86', os.version: '6.1', java.version: '1.7.0_67'
Session ID: 9b27c667-1d57-40d5-a5a1-657595466de5
Driver info: org.openqa.selenium.ie.InternetExplorerDriver
Capabilities [{platform=WINDOWS, javascriptEnabled=true, elementScrollBehavior=1, ignoreZoomSetting=false, enablePersistentHover=false, ie.ensureCleanSession=false, browserName=internet explorer, enableElementCacheCleanup=true, unexpectedAlertBehaviour=ignore, version=11, pageLoadStrategy=normal, ie.usePerProcessProxy=false, cssSelectorsEnabled=true, ignoreProtectedModeSettings=true, requireWindowFocus=false, initialBrowserUrl=about:blank, handlesAlerts=true, ie.forceCreateProcessApi=false, proxy={proxyType=system}, nativeEvents=false, browserAttachTimeout=0, ie.browserCommandLineSwitches=, takesScreenshot=true}]
org.openqa.selenium.UnhandledAlertException: Modal dialog present: 
Build info: version: '2.50.1', revision: 'd7fc91b29de65b790abb01f3ac5f7ea2191c88a7', time: '2016-01-29 11:11:26'
System info: host: 'E0336237', ip: '10.207.119.82', os.name: 'Windows 7', os.arch: 'x86', os.version: '6.1', java.version: '1.7.0_67'
Session ID: 9b27c667-1d57-40d5-a5a1-657595466de5
Driver info: org.openqa.selenium.ie.InternetExplorerDriver
Capabilities [{platform=WINDOWS, javascriptEnabled=true, elementScrollBehavior=1, ignoreZoomSetting=false, enablePersistentHover=false, ie.ensureCleanSession=false, browserName=internet explorer, enableElementCacheCleanup=true, unexpectedAlertBehaviour=ignore, version=11, pageLoadStrategy=normal, ie.usePerProcessProxy=false, cssSelectorsEnabled=true, ignoreProtectedModeSettings=true, requireWindowFocus=false, initialBrowserUrl=about:blank, handlesAlerts=true, ie.forceCreateProcessApi=false, proxy={proxyType=system}, nativeEvents=false, browserAttachTimeout=0, ie.browserCommandLineSwitches=, takesScreenshot=true}]
	at sun.reflect.NativeConstructorAccessorImpl.newInstance0(Native Method)
	at sun.reflect.NativeConstructorAccessorImpl.newInstance(NativeConstructorAccessorImpl.java:57)
	at sun.reflect.DelegatingConstructorAccessorImpl.newInstance(DelegatingConstructorAccessorImpl.java:45)
	at java.lang.reflect.Constructor.newInstance(Constructor.java:526)
	at org.openqa.selenium.remote.ErrorHandler.createThrowable(ErrorHandler.java:206)
	at org.openqa.selenium.remote.ErrorHandler.createUnhandledAlertException(ErrorHandler.java:187)
	at org.openqa.selenium.remote.ErrorHandler.throwIfResponseFailed(ErrorHandler.java:154)
	at org.openqa.selenium.remote.RemoteWebDriver.execute(RemoteWebDriver.java:678)
	at org.openqa.selenium.remote.RemoteWebDriver.execute(RemoteWebDriver.java:701)
	at org.openqa.selenium.remote.RemoteWebDriver.getWindowHandles(RemoteWebDriver.java:539)
	at core.selenium.targets.WebTarget.isOpen(Unknown Source)
	at core.selenium.targets.WebTarget.checkWindow(Unknown Source)
	at core.selenium.targets.WebTarget.WaitForPage(Unknown Source)
	at core.selenium.targetActions.WebTargetActions.open(Unknown Source)
	at sun.reflect.NativeMethodAccessorImpl.invoke0(Native Method)
	at sun.reflect.NativeMethodAccessorImpl.invoke(NativeMethodAccessorImpl.java:57)
	at sun.reflect.DelegatingMethodAccessorImpl.invoke(DelegatingMethodAccessorImpl.java:43)
	at java.lang.reflect.Method.invoke(Method.java:606)
	at junit.framework.TestCase.runTest(TestCase.java:176)
	at junit.framework.TestCase.runBare(TestCase.java:141)
	at junit.framework.TestResult$1.protect(TestResult.java:122)
	at junit.framework.TestResult.runProtected(TestResult.java:142)
	at junit.framework.TestResult.run(TestResult.java:125)
	at junit.framework.TestCase.run(TestCase.java:129)
	at junit.framework.TestCase.run(TestCase.java:121)
	at core.selenium.targetActions.TargetActions.run(Unknown Source)
	at core.selenium.targets.WebTarget.PreformAction(Unknown Source)
	at core.com.execution.TargetManager.preformAction(Unknown Source)
	at Scripts.Pac_Script_.Script_Test_Name.executeTest(Script_Test_Name.java:87)
	at Scripts.Pac_Script_.Script_Test_Name.test(Script_Test_Name.java:82)
	at sun.reflect.NativeMethodAccessorImpl.invoke0(Native Method)
	at sun.reflect.NativeMethodAccessorImpl.invoke(NativeMethodAccessorImpl.java:57)
	at sun.reflect.DelegatingMethodAccessorImpl.invoke(DelegatingMethodAccessorImpl.java:43)
	at java.lang.reflect.Method.invoke(Method.java:606)
	at org.junit.runners.model.FrameworkMethod$1.runReflectiveCall(FrameworkMethod.java:50)
	at org.junit.internal.runners.model.ReflectiveCallable.run(ReflectiveCallable.java:12)
	at org.junit.runners.model.FrameworkMethod.invokeExplosively(FrameworkMethod.java:47)
	at org.junit.internal.runners.statements.InvokeMethod.evaluate(InvokeMethod.java:17)
	at org.junit.internal.runners.statements.RunBefores.evaluate(RunBefores.java:26)
	at org.junit.internal.runners.statements.RunAfters.evaluate(RunAfters.java:27)
	at org.junit.runners.ParentRunner.runLeaf(ParentRunner.java:325)
	at org.junit.runners.BlockJUnit4ClassRunner.runChild(BlockJUnit4ClassRunner.java:78)
	at org.junit.runners.BlockJUnit4ClassRunner.runChild(BlockJUnit4ClassRunner.java:57)
	at org.junit.runners.ParentRunner$3.run(ParentRunner.java:290)
	at org.junit.runners.ParentRunner$1.schedule(ParentRunner.java:71)
	at org.junit.runners.ParentRunner.runChildren(ParentRunner.java:288)
	at org.junit.runners.ParentRunner.access$000(ParentRunner.java:58)
	at org.junit.runners.ParentRunner$2.evaluate(ParentRunner.java:268)
	at org.junit.internal.runners.statements.RunBefores.evaluate(RunBefores.java:26)
	at org.junit.internal.runners.statements.RunAfters.evaluate(RunAfters.java:27)
	at org.junit.runners.ParentRunner.run(ParentRunner.java:363)
	at org.junit.runners.Suite.runChild(Suite.java:128)
	at org.junit.runners.Suite.runChild(Suite.java:27)
	at org.junit.runners.ParentRunner$3.run(ParentRunner.java:290)
	at org.junit.runners.ParentRunner$1.schedule(ParentRunner.java:71)
	at org.junit.runners.ParentRunner.runChildren(ParentRunner.java:288)
	at org.junit.runners.ParentRunner.access$000(ParentRunner.java:58)
	at org.junit.runners.ParentRunner$2.evaluate(ParentRunner.java:268)
	at org.junit.runners.ParentRunner.run(ParentRunner.java:363)
	at org.junit.runner.JUnitCore.run(JUnitCore.java:137)
	at org.junit.runner.JUnitCore.run(JUnitCore.java:115)
	at org.junit.runner.JUnitCore.run(JUnitCore.java:105)
	at org.junit.runner.JUnitCore.run(JUnitCore.java:94)
	at core.Main.runTest(Unknown Source)
	at ide.Actions$ScriptManager$3.run(Unknown Source)
	at java.lang.Thread.run(Thread.java:745)
(09:45:29.335) - Warning: Unexpected Dialog present: 
(09:45:29.342) - Error: Failed to load page (https://www.vodafone.de/playground/mnp-10/mnp-main.html#/shopLogin)
core.selenium.Exceptions.WebdriverWarningException: Unexpected Dialog present: 
Build info: version: '2.50.1', revision: 'd7fc91b29de65b790abb01f3ac5f7ea2191c88a7', time: '2016-01-29 11:11:26'
System info: host: 'E0336237', ip: '10.207.119.82', os.name: 'Windows 7', os.arch: 'x86', os.version: '6.1', java.version: '1.7.0_67'
Driver info: driver.version: unknown
	at core.selenium.targets.WebTarget.isOpen(Unknown Source)
	at core.selenium.targets.WebTarget.checkWindow(Unknown Source)
	at core.selenium.targets.WebTarget.WaitForPage(Unknown Source)
	at core.selenium.targetActions.WebTargetActions.open(Unknown Source)
	at sun.reflect.NativeMethodAccessorImpl.invoke0(Native Method)
	at sun.reflect.NativeMethodAccessorImpl.invoke(NativeMethodAccessorImpl.java:57)
	at sun.reflect.DelegatingMethodAccessorImpl.invoke(DelegatingMethodAccessorImpl.java:43)
	at java.lang.reflect.Method.invoke(Method.java:606)
	at junit.framework.TestCase.runTest(TestCase.java:176)
	at junit.framework.TestCase.runBare(TestCase.java:141)
	at junit.framework.TestResult$1.protect(TestResult.java:122)
	at junit.framework.TestResult.runProtected(TestResult.java:142)
	at junit.framework.TestResult.run(TestResult.java:125)
	at junit.framework.TestCase.run(TestCase.java:129)
	at junit.framework.TestCase.run(TestCase.java:121)
	at core.selenium.targetActions.TargetActions.run(Unknown Source)
	at core.selenium.targets.WebTarget.PreformAction(Unknown Source)
	at core.com.execution.TargetManager.preformAction(Unknown Source)
	at Scripts.Pac_Script_.Script_Test_Name.executeTest(Script_Test_Name.java:87)
	at Scripts.Pac_Script_.Script_Test_Name.test(Script_Test_Name.java:82)
	at sun.reflect.NativeMethodAccessorImpl.invoke0(Native Method)
	at sun.reflect.NativeMethodAccessorImpl.invoke(NativeMethodAccessorImpl.java:57)
	at sun.reflect.DelegatingMethodAccessorImpl.invoke(DelegatingMethodAccessorImpl.java:43)
	at java.lang.reflect.Method.invoke(Method.java:606)
	at org.junit.runners.model.FrameworkMethod$1.runReflectiveCall(FrameworkMethod.java:50)
	at org.junit.internal.runners.model.ReflectiveCallable.run(ReflectiveCallable.java:12)
	at org.junit.runners.model.FrameworkMethod.invokeExplosively(FrameworkMethod.java:47)
	at org.junit.internal.runners.statements.InvokeMethod.evaluate(InvokeMethod.java:17)
	at org.junit.internal.runners.statements.RunBefores.evaluate(RunBefores.java:26)
	at org.junit.internal.runners.statements.RunAfters.evaluate(RunAfters.java:27)
	at org.junit.runners.ParentRunner.runLeaf(ParentRunner.java:325)
	at org.junit.runners.BlockJUnit4ClassRunner.runChild(BlockJUnit4ClassRunner.java:78)
	at org.junit.runners.BlockJUnit4ClassRunner.runChild(BlockJUnit4ClassRunner.java:57)
	at org.junit.runners.ParentRunner$3.run(ParentRunner.java:290)
	at org.junit.runners.ParentRunner$1.schedule(ParentRunner.java:71)
	at org.junit.runners.ParentRunner.runChildren(ParentRunner.java:288)
	at org.junit.runners.ParentRunner.access$000(ParentRunner.java:58)
	at org.junit.runners.ParentRunner$2.evaluate(ParentRunner.java:268)
	at org.junit.internal.runners.statements.RunBefores.evaluate(RunBefores.java:26)
	at org.junit.internal.runners.statements.RunAfters.evaluate(RunAfters.java:27)
	at org.junit.runners.ParentRunner.run(ParentRunner.java:363)
	at org.junit.runners.Suite.runChild(Suite.java:128)
	at org.junit.runners.Suite.runChild(Suite.java:27)
	at org.junit.runners.ParentRunner$3.run(ParentRunner.java:290)
	at org.junit.runners.ParentRunner$1.schedule(ParentRunner.java:71)
	at org.junit.runners.ParentRunner.runChildren(ParentRunner.java:288)
	at org.junit.runners.ParentRunner.access$000(ParentRunner.java:58)
	at org.junit.runners.ParentRunner$2.evaluate(ParentRunner.java:268)
	at org.junit.runners.ParentRunner.run(ParentRunner.java:363)
	at org.junit.runner.JUnitCore.run(JUnitCore.java:137)
	at org.junit.runner.JUnitCore.run(JUnitCore.java:115)
	at org.junit.runner.JUnitCore.run(JUnitCore.java:105)
	at org.junit.runner.JUnitCore.run(JUnitCore.java:94)
	at core.Main.runTest(Unknown Source)
	at ide.Actions$ScriptManager$3.run(Unknown Source)
	at java.lang.Thread.run(Thread.java:745)
Status: Warning - Execution time: 2478
Result: Failed to load page (https://www.vodafone.de/playground/mnp-10/mnp-main.html#/shopLogin)
Unexpected Dialog present: 

<a href="#" onclick="printStacktrace1() ">Stack Trace</a><script> function printStacktrace1() { var myWindow = window.open("", "_blank"); myWindow.document.write("core.selenium.Exceptions.WebdriverWarningException: Unexpected Dialog present: 
Build info: version: '2.50.1', revision: 'd7fc91b29de65b790abb01f3ac5f7ea2191c88a7', time: '2016-01-29 11:11:26'
System info: host: 'E0336237', ip: '10.207.119.82', os.name: 'Windows 7', os.arch: 'x86', os.version: '6.1', java.version: '1.7.0_67'
Driver info: driver.version: unknown
	at core.selenium.targets.WebTarget.isOpen(Unknown Source)
	at core.selenium.targets.WebTarget.checkWindow(Unknown Source)
	at core.selenium.targets.WebTarget.WaitForPage(Unknown Source)
	at core.selenium.targetActions.WebTargetActions.open(Unknown Source)
	at sun.reflect.NativeMethodAccessorImpl.invoke0(Native Method)
	at sun.reflect.NativeMethodAccessorImpl.invoke(NativeMethodAccessorImpl.java:57)
	at sun.reflect.DelegatingMethodAccessorImpl.invoke(DelegatingMethodAccessorImpl.java:43)
	at java.lang.reflect.Method.invoke(Method.java:606)
	at junit.framework.TestCase.runTest(TestCase.java:176)
	at junit.framework.TestCase.runBare(TestCase.java:141)
	at junit.framework.TestResult$1.protect(TestResult.java:122)
	at junit.framework.TestResult.runProtected(TestResult.java:142)
	at junit.framework.TestResult.run(TestResult.java:125)
	at junit.framework.TestCase.run(TestCase.java:129)
	at junit.framework.TestCase.run(TestCase.java:121)
	at core.selenium.targetActions.TargetActions.run(Unknown Source)
	at core.selenium.targets.WebTarget.PreformAction(Unknown Source)
	at core.com.execution.TargetManager.preformAction(Unknown Source)
	at Scripts.Pac_Script_.Script_Test_Name.executeTest(Script_Test_Name.java:87)
	at Scripts.Pac_Script_.Script_Test_Name.test(Script_Test_Name.java:82)
	at sun.reflect.NativeMethodAccessorImpl.invoke0(Native Method)
	at sun.reflect.NativeMethodAccessorImpl.invoke(NativeMethodAccessorImpl.java:57)
	at sun.reflect.DelegatingMethodAccessorImpl.invoke(DelegatingMethodAccessorImpl.java:43)
	at java.lang.reflect.Method.invoke(Method.java:606)
	at org.junit.runners.model.FrameworkMethod$1.runReflectiveCall(FrameworkMethod.java:50)
	at org.junit.internal.runners.model.ReflectiveCallable.run(ReflectiveCallable.java:12)
	at org.junit.runners.model.FrameworkMethod.invokeExplosively(FrameworkMethod.java:47)
	at org.junit.internal.runners.statements.InvokeMethod.evaluate(InvokeMethod.java:17)
	at org.junit.internal.runners.statements.RunBefores.evaluate(RunBefores.java:26)
	at org.junit.internal.runners.statements.RunAfters.evaluate(RunAfters.java:27)
	at org.junit.runners.ParentRunner.runLeaf(ParentRunner.java:325)
	at org.junit.runners.BlockJUnit4ClassRunner.runChild(BlockJUnit4ClassRunner.java:78)
	at org.junit.runners.BlockJUnit4ClassRunner.runChild(BlockJUnit4ClassRunner.java:57)
	at org.junit.runners.ParentRunner$3.run(ParentRunner.java:290)
	at org.junit.runners.ParentRunner$1.schedule(ParentRunner.java:71)
	at org.junit.runners.ParentRunner.runChildren(ParentRunner.java:288)
	at org.junit.runners.ParentRunner.access$000(ParentRunner.java:58)
	at org.junit.runners.ParentRunner$2.evaluate(ParentRunner.java:268)
	at org.junit.internal.runners.statements.RunBefores.evaluate(RunBefores.java:26)
	at org.junit.internal.runners.statements.RunAfters.evaluate(RunAfters.java:27)
	at org.junit.runners.ParentRunner.run(ParentRunner.java:363)
	at org.junit.runners.Suite.runChild(Suite.java:128)
	at org.junit.runners.Suite.runChild(Suite.java:27)
	at org.junit.runners.ParentRunner$3.run(ParentRunner.java:290)
	at org.junit.runners.ParentRunner$1.schedule(ParentRunner.java:71)
	at org.junit.runners.ParentRunner.runChildren(ParentRunner.java:288)
	at org.junit.runners.ParentRunner.access$000(ParentRunner.java:58)
	at org.junit.runners.ParentRunner$2.evaluate(ParentRunner.java:268)
	at org.junit.runners.ParentRunner.run(ParentRunner.java:363)
	at org.junit.runner.JUnitCore.run(JUnitCore.java:137)
	at org.junit.runner.JUnitCore.run(JUnitCore.java:115)
	at org.junit.runner.JUnitCore.run(JUnitCore.java:105)
	at org.junit.runner.JUnitCore.run(JUnitCore.java:94)
	at core.Main.runTest(Unknown Source)
	at ide.Actions$ScriptManager$3.run(Unknown Source)
	at java.lang.Thread.run(Thread.java:745)
");}</script>
<a href="https://www.vodafone.de/playground/mnp-10/mnp-main.html#/shopLogin">Page url</a>
Time: 24/02/2017 09:45:29.392 AM GMT+0100


Status: Warning
Coverage: 100.0 %
Execution Time: 2833 mSec

******************** Test script execution end ********************
(09:45:29.561) - Info: <a href="file:/C:/Projekte/Testautomation/temp/vvl_consumer_ols/Sascha_Heiko/Results/TC001/TC001_24022017_094529.html" target="_blank">Link</a>
Exception in thread "Thread-23" java.lang.NoClassDefFoundError: Could not initialize class com.sun.jna.Native
	at com.sun.jna.platform.win32.User32.<clinit>(User32.java:38)
	at ide.Actions$FindObject$1.run(Unknown Source)
	at java.lang.Thread.run(Thread.java:745)
(09:50:18.633) - Error: Could not initialize class org.openqa.selenium.os.Kernel32
java.lang.NoClassDefFoundError: Could not initialize class org.openqa.selenium.os.Kernel32
	at org.openqa.selenium.os.ProcessUtils.killWinProcess(ProcessUtils.java:133)
	at org.openqa.selenium.os.ProcessUtils.killProcess(ProcessUtils.java:81)
	at org.openqa.selenium.os.UnixProcess$SeleniumWatchDog.destroyHarder(UnixProcess.java:247)
	at org.openqa.selenium.os.UnixProcess$SeleniumWatchDog.access$200(UnixProcess.java:201)
	at org.openqa.selenium.os.UnixProcess.destroy(UnixProcess.java:125)
	at org.openqa.selenium.os.CommandLine.destroy(CommandLine.java:155)
	at org.openqa.selenium.remote.service.DriverService.stop(DriverService.java:196)
	at org.openqa.selenium.remote.service.DriverCommandExecutor.execute(DriverCommandExecutor.java:94)
	at org.openqa.selenium.remote.RemoteWebDriver.execute(RemoteWebDriver.java:644)
	at org.openqa.selenium.remote.RemoteWebDriver.execute(RemoteWebDriver.java:701)
	at org.openqa.selenium.remote.RemoteWebDriver.quit(RemoteWebDriver.java:526)
	at core.selenium.targets.WebTarget.isOpen(Unknown Source)
	at ide.Actions$8.run(Unknown Source)
	at java.lang.Thread.run(Thread.java:745)
