(09:13:57.590) - Info: UIMap file C:/Projekte/Testautomation/temp/vvl_consumer_ols/Sascha_Heiko/UIMap.xls loaded with 1 sheets in 0 mSec
(09:13:57.590) - Info: Testscript (TC001) loaded with 7 step
(09:13:57.605) - Info: Testscript (Start001) loaded with 1 step
(09:13:57.605) - Info: Testscript file (C:/Projekte/Testautomation/temp/vvl_consumer_ols/Sascha_Heiko/Scripts/Script1.xls) loaded with 2 script in 15 mSec
(09:18:58.543) - Info: Project C:/Projekte/Testautomation/temp/vvl_consumer_ols/Sascha_Heiko/Sascha_Heiko.prj updated.
(09:18:58.574) - Info: UIMap file C:/Projekte/Testautomation/temp/vvl_consumer_ols/Sascha_Heiko/0224_1.xls loaded with 1 sheets in 15 mSec
(09:28:11.715) - Warning: No steps selected.
(09:28:24.757) - Info: Testscript (C:\Projekte\Testautomation\temp\vvl_consumer_ols\Sascha_Heiko\Scripts\Script1.xls) sheet (TC001) loaded with 7 step in 0 mSec
 - Script1 , Start001 , Start001 , true , 1 , []
 - Script1 , Start001 , Start001 , true , 1 , []

******************** Starting test script execution ********************
Activity: Script1
Test script Id: Start001
Test script Name: Start001
Test script Description: 
Number of steps: 8
Status: Passed - Execution time: 0
Result: 
(09:28:26.520) - Info: Firefox config loaded.
Firefox
Cabability: platform=ANY
Cabability: acceptSslCerts=true
Cabability: javascriptEnabled=true
Cabability: elementScrollBehavior=1
Cabability: browserName=firefox
Cabability: rotatable=false
Cabability: unexpectedAlertBehaviour=ignore
Cabability: locationContextEnabled=true
Cabability: version=
Cabability: databaseEnabled=true
Cabability: browserConnectionEnabled=true
Cabability: nativeEvents=false
Cabability: webStorageEnabled=true
Cabability: proxy={proxyType=SYSTEM, autodetect=false, ftpProxy=null, httpProxy=null, noProxy=null, sslProxy=null, socksProxy=null, socksUsername=null, socksPassword=null, proxyAutoconfigUrl=null}
Cabability: webdriver.remote.quietExceptions=false
Cabability: applicationCacheEnabled=true
Profile Preferences: webdriver_assume_untrusted_issuer=true
Profile Preferences: webdriver_accept_untrusted_certs=true
Profile Preferences: webdriver_enable_native_events=true
Config: auto_select_window=false
Config: auto_maxmize=false
Config: timeout_page=120000
Config: timeout_find=2000
Config: timeout_jscript=500
Config: timeout_ajax=20000
org.openqa.selenium.firefox.NotConnectedException: Unable to connect to host 127.0.0.1 on port 7055 after 45000 ms. Firefox console output:
:null,"defaultLocale":{"name":"Default","description":"The default theme.","creator":"Mozilla","homepageURL":null,"contributors":["Mozilla Contributors"]},"visible":true,"active":true,"userDisabled":false,"appDisabled":false,"descriptor":"C:\\Program Files\\Mozilla Firefox\\browser\\extensions\\{972ce4c6-7e08-4474-a285-3208198ce6fd}.xpi","installDate":1485383667836,"updateDate":1485383667836,"applyBackgroundUpdates":1,"skinnable":true,"size":19708,"sourceURI":null,"releaseNotesURI":null,"softDisabled":false,"foreignInstall":false,"hasBinaryComponents":false,"strictCompatibility":true,"locales":[],"targetApplications":[{"id":"{ec8030f7-c20a-464f-9b0e-13a3a9e97384}","minVersion":"51.0.1","maxVersion":"51.0.1"}],"targetPlatforms":[],"seen":true,"dependencies":[],"hasEmbeddedWebExtension":false}
1488270508553	addons.xpi	DEBUG	getModTime: Recursive scan of {972ce4c6-7e08-4474-a285-3208198ce6fd}
1488270508554	DeferredSave.extensions.json	DEBUG	Save changes
1488270508554	addons.xpi	DEBUG	Updating database with changes to installed add-ons
1488270508554	addons.xpi-utils	DEBUG	Updating add-on states
1488270508555	addons.xpi-utils	DEBUG	Writing add-ons list
1488270508559	addons.xpi	DEBUG	Registering manifest for C:\Program Files\Mozilla Firefox\browser\features\aushelper@mozilla.org.xpi
1488270508559	addons.xpi	DEBUG	Calling bootstrap method startup on aushelper@mozilla.org version 1.0
1488270508561	addons.xpi	DEBUG	Registering manifest for C:\Program Files\Mozilla Firefox\browser\features\e10srollout@mozilla.org.xpi
1488270508562	addons.xpi	DEBUG	Calling bootstrap method startup on e10srollout@mozilla.org version 1.7
1488270508562	addons.xpi	DEBUG	Registering manifest for C:\Program Files\Mozilla Firefox\browser\features\firefox@getpocket.com.xpi
1488270508563	addons.xpi	DEBUG	Calling bootstrap method startup on firefox@getpocket.com version 1.0.5
1488270508564	addons.xpi	DEBUG	Registering manifest for C:\Program Files\Mozilla Firefox\browser\features\webcompat@mozilla.org.xpi
1488270508564	addons.xpi	DEBUG	Calling bootstrap method startup on webcompat@mozilla.org version 1.0
1488270508567	addons.manager	DEBUG	Registering shutdown blocker for XPIProvider
1488270508567	addons.manager	DEBUG	Provider finished startup: XPIProvider
1488270508567	addons.manager	DEBUG	Starting provider: LightweightThemeManager
1488270508568	addons.manager	DEBUG	Registering shutdown blocker for LightweightThemeManager
1488270508568	addons.manager	DEBUG	Provider finished startup: LightweightThemeManager
1488270508569	addons.manager	DEBUG	Starting provider: GMPProvider
1488270508576	addons.manager	DEBUG	Registering shutdown blocker for GMPProvider
1488270508576	addons.manager	DEBUG	Provider finished startup: GMPProvider
1488270508577	addons.manager	DEBUG	Starting provider: PluginProvider
1488270508577	addons.manager	DEBUG	Registering shutdown blocker for PluginProvider
1488270508577	addons.manager	DEBUG	Provider finished startup: PluginProvider
1488270508578	addons.manager	DEBUG	Completed startup sequence
1488270509217	DeferredSave.extensions.json	DEBUG	Starting write
1488270509225	addons.manager	DEBUG	Starting provider: <unnamed-provider>
1488270509225	addons.manager	DEBUG	Registering shutdown blocker for <unnamed-provider>
1488270509225	addons.manager	DEBUG	Provider finished startup: <unnamed-provider>
1488270509583	addons.repository	DEBUG	No addons.json found.
1488270509584	DeferredSave.addons.json	DEBUG	Save changes
1488270509588	DeferredSave.addons.json	DEBUG	Starting timer
1488270509721	addons.manager	DEBUG	Starting provider: PreviousExperimentProvider
1488270509721	addons.manager	DEBUG	Registering shutdown blocker for PreviousExperimentProvider
1488270509721	addons.manager	DEBUG	Provider finished startup: PreviousExperimentProvider
1488270509725	DeferredSave.extensions.json	DEBUG	Write succeeded
1488270509725	addons.xpi-utils	DEBUG	XPI Database saved, setting schema version preference to 19
1488270509726	DeferredSave.addons.json	DEBUG	Starting write
1488270509842	DeferredSave.addons.json	DEBUG	Write succeeded

	at org.openqa.selenium.firefox.internal.NewProfileExtensionConnection.start(NewProfileExtensionConnection.java:123)
	at org.openqa.selenium.firefox.FirefoxDriver.startClient(FirefoxDriver.java:271)
	at org.openqa.selenium.remote.RemoteWebDriver.<init>(RemoteWebDriver.java:119)
	at org.openqa.selenium.firefox.FirefoxDriver.<init>(FirefoxDriver.java:216)
	at org.openqa.selenium.firefox.FirefoxDriver.<init>(FirefoxDriver.java:211)
	at org.openqa.selenium.firefox.FirefoxDriver.<init>(FirefoxDriver.java:128)
	at core.selenium.targets.webTargets.FireFox.Initialize(Unknown Source)
	at core.selenium.targets.WebTarget.Start(Unknown Source)
	at core.com.execution.TargetManager.startTarget(Unknown Source)
	at core.com.execution.TargetManager.preformAction(Unknown Source)
	at Scripts.Pac_Script_.Script_Start___.executeTest(Script_Start___.java:88)
	at Scripts.Pac_Script_.Script_Start___.test(Script_Start___.java:82)
	at sun.reflect.NativeMethodAccessorImpl.invoke0(Native Method)
	at sun.reflect.NativeMethodAccessorImpl.invoke(NativeMethodAccessorImpl.java:57)
	at sun.reflect.DelegatingMethodAccessorImpl.invoke(DelegatingMethodAccessorImpl.java:43)
	at java.lang.reflect.Method.invoke(Method.java:606)
	at org.junit.runners.model.FrameworkMethod$1.runReflectiveCall(FrameworkMethod.java:50)
	at org.junit.internal.runners.model.ReflectiveCallable.run(ReflectiveCallable.java:12)
	at org.junit.runners.model.FrameworkMethod.invokeExplosively(FrameworkMethod.java:47)
	at org.junit.internal.runners.statements.InvokeMethod.evaluate(InvokeMethod.java:17)
	at org.junit.internal.runners.statements.RunBefores.evaluate(RunBefores.java:26)
	at org.junit.internal.runners.statements.RunAfters.evaluate(RunAfters.java:27)
	at org.junit.runners.ParentRunner.runLeaf(ParentRunner.java:325)
	at org.junit.runners.BlockJUnit4ClassRunner.runChild(BlockJUnit4ClassRunner.java:78)
	at org.junit.runners.BlockJUnit4ClassRunner.runChild(BlockJUnit4ClassRunner.java:57)
	at org.junit.runners.ParentRunner$3.run(ParentRunner.java:290)
	at org.junit.runners.ParentRunner$1.schedule(ParentRunner.java:71)
	at org.junit.runners.ParentRunner.runChildren(ParentRunner.java:288)
	at org.junit.runners.ParentRunner.access$000(ParentRunner.java:58)
	at org.junit.runners.ParentRunner$2.evaluate(ParentRunner.java:268)
	at org.junit.internal.runners.statements.RunBefores.evaluate(RunBefores.java:26)
	at org.junit.internal.runners.statements.RunAfters.evaluate(RunAfters.java:27)
	at org.junit.runners.ParentRunner.run(ParentRunner.java:363)
	at org.junit.runners.Suite.runChild(Suite.java:128)
	at org.junit.runners.Suite.runChild(Suite.java:27)
	at org.junit.runners.ParentRunner$3.run(ParentRunner.java:290)
	at org.junit.runners.ParentRunner$1.schedule(ParentRunner.java:71)
	at org.junit.runners.ParentRunner.runChildren(ParentRunner.java:288)
	at org.junit.runners.ParentRunner.access$000(ParentRunner.java:58)
	at org.junit.runners.ParentRunner$2.evaluate(ParentRunner.java:268)
	at org.junit.runners.ParentRunner.run(ParentRunner.java:363)
	at org.junit.runner.JUnitCore.run(JUnitCore.java:137)
	at org.junit.runner.JUnitCore.run(JUnitCore.java:115)
	at org.junit.runner.JUnitCore.run(JUnitCore.java:105)
	at org.junit.runner.JUnitCore.run(JUnitCore.java:94)
	at core.Main.runTest(Unknown Source)
	at ide.Actions$ScriptManager$3.run(Unknown Source)
	at java.lang.Thread.run(Thread.java:745)
(09:29:13.932) - Error: Failed to connect to binary FirefoxBinary(C:\Program Files\Mozilla Firefox\firefox.exe) on port 7055; process output follows: 
:null,"defaultLocale":{"name":"Default","description":"The default theme.","creator":"Mozilla","homepageURL":null,"contributors":["Mozilla Contributors"]},"visible":true,"active":true,"userDisabled":false,"appDisabled":false,"descriptor":"C:\\Program Files\\Mozilla Firefox\\browser\\extensions\\{972ce4c6-7e08-4474-a285-3208198ce6fd}.xpi","installDate":1485383667836,"updateDate":1485383667836,"applyBackgroundUpdates":1,"skinnable":true,"size":19708,"sourceURI":null,"releaseNotesURI":null,"softDisabled":false,"foreignInstall":false,"hasBinaryComponents":false,"strictCompatibility":true,"locales":[],"targetApplications":[{"id":"{ec8030f7-c20a-464f-9b0e-13a3a9e97384}","minVersion":"51.0.1","maxVersion":"51.0.1"}],"targetPlatforms":[],"seen":true,"dependencies":[],"hasEmbeddedWebExtension":false}
1488270508553	addons.xpi	DEBUG	getModTime: Recursive scan of {972ce4c6-7e08-4474-a285-3208198ce6fd}
1488270508554	DeferredSave.extensions.json	DEBUG	Save changes
1488270508554	addons.xpi	DEBUG	Updating database with changes to installed add-ons
1488270508554	addons.xpi-utils	DEBUG	Updating add-on states
1488270508555	addons.xpi-utils	DEBUG	Writing add-ons list
1488270508559	addons.xpi	DEBUG	Registering manifest for C:\Program Files\Mozilla Firefox\browser\features\aushelper@mozilla.org.xpi
1488270508559	addons.xpi	DEBUG	Calling bootstrap method startup on aushelper@mozilla.org version 1.0
1488270508561	addons.xpi	DEBUG	Registering manifest for C:\Program Files\Mozilla Firefox\browser\features\e10srollout@mozilla.org.xpi
1488270508562	addons.xpi	DEBUG	Calling bootstrap method startup on e10srollout@mozilla.org version 1.7
1488270508562	addons.xpi	DEBUG	Registering manifest for C:\Program Files\Mozilla Firefox\browser\features\firefox@getpocket.com.xpi
1488270508563	addons.xpi	DEBUG	Calling bootstrap method startup on firefox@getpocket.com version 1.0.5
1488270508564	addons.xpi	DEBUG	Registering manifest for C:\Program Files\Mozilla Firefox\browser\features\webcompat@mozilla.org.xpi
1488270508564	addons.xpi	DEBUG	Calling bootstrap method startup on webcompat@mozilla.org version 1.0
1488270508567	addons.manager	DEBUG	Registering shutdown blocker for XPIProvider
1488270508567	addons.manager	DEBUG	Provider finished startup: XPIProvider
1488270508567	addons.manager	DEBUG	Starting provider: LightweightThemeManager
1488270508568	addons.manager	DEBUG	Registering shutdown blocker for LightweightThemeManager
1488270508568	addons.manager	DEBUG	Provider finished startup: LightweightThemeManager
1488270508569	addons.manager	DEBUG	Starting provider: GMPProvider
1488270508576	addons.manager	DEBUG	Registering shutdown blocker for GMPProvider
1488270508576	addons.manager	DEBUG	Provider finished startup: GMPProvider
1488270508577	addons.manager	DEBUG	Starting provider: PluginProvider
1488270508577	addons.manager	DEBUG	Registering shutdown blocker for PluginProvider
1488270508577	addons.manager	DEBUG	Provider finished startup: PluginProvider
1488270508578	addons.manager	DEBUG	Completed startup sequence
1488270509217	DeferredSave.extensions.json	DEBUG	Starting write
1488270509225	addons.manager	DEBUG	Starting provider: <unnamed-provider>
1488270509225	addons.manager	DEBUG	Registering shutdown blocker for <unnamed-provider>
1488270509225	addons.manager	DEBUG	Provider finished startup: <unnamed-provider>
1488270509583	addons.repository	DEBUG	No addons.json found.
1488270509584	DeferredSave.addons.json	DEBUG	Save changes
1488270509588	DeferredSave.addons.json	DEBUG	Starting timer
1488270509721	addons.manager	DEBUG	Starting provider: PreviousExperimentProvider
1488270509721	addons.manager	DEBUG	Registering shutdown blocker for PreviousExperimentProvider
1488270509721	addons.manager	DEBUG	Provider finished startup: PreviousExperimentProvider
1488270509725	DeferredSave.extensions.json	DEBUG	Write succeeded
1488270509725	addons.xpi-utils	DEBUG	XPI Database saved, setting schema version preference to 19
1488270509726	DeferredSave.addons.json	DEBUG	Starting write
1488270509842	DeferredSave.addons.json	DEBUG	Write succeeded

Build info: version: '2.50.1', revision: 'd7fc91b29de65b790abb01f3ac5f7ea2191c88a7', time: '2016-01-29 11:11:26'
System info: host: 'E0336237', ip: '145.230.128.117', os.name: 'Windows 7', os.arch: 'x86', os.version: '6.1', java.version: '1.7.0_67'
Driver info: driver.version: FirefoxDriver
org.openqa.selenium.WebDriverException: Failed to connect to binary FirefoxBinary(C:\Program Files\Mozilla Firefox\firefox.exe) on port 7055; process output follows: 
:null,"defaultLocale":{"name":"Default","description":"The default theme.","creator":"Mozilla","homepageURL":null,"contributors":["Mozilla Contributors"]},"visible":true,"active":true,"userDisabled":false,"appDisabled":false,"descriptor":"C:\\Program Files\\Mozilla Firefox\\browser\\extensions\\{972ce4c6-7e08-4474-a285-3208198ce6fd}.xpi","installDate":1485383667836,"updateDate":1485383667836,"applyBackgroundUpdates":1,"skinnable":true,"size":19708,"sourceURI":null,"releaseNotesURI":null,"softDisabled":false,"foreignInstall":false,"hasBinaryComponents":false,"strictCompatibility":true,"locales":[],"targetApplications":[{"id":"{ec8030f7-c20a-464f-9b0e-13a3a9e97384}","minVersion":"51.0.1","maxVersion":"51.0.1"}],"targetPlatforms":[],"seen":true,"dependencies":[],"hasEmbeddedWebExtension":false}
1488270508553	addons.xpi	DEBUG	getModTime: Recursive scan of {972ce4c6-7e08-4474-a285-3208198ce6fd}
1488270508554	DeferredSave.extensions.json	DEBUG	Save changes
1488270508554	addons.xpi	DEBUG	Updating database with changes to installed add-ons
1488270508554	addons.xpi-utils	DEBUG	Updating add-on states
1488270508555	addons.xpi-utils	DEBUG	Writing add-ons list
1488270508559	addons.xpi	DEBUG	Registering manifest for C:\Program Files\Mozilla Firefox\browser\features\aushelper@mozilla.org.xpi
1488270508559	addons.xpi	DEBUG	Calling bootstrap method startup on aushelper@mozilla.org version 1.0
1488270508561	addons.xpi	DEBUG	Registering manifest for C:\Program Files\Mozilla Firefox\browser\features\e10srollout@mozilla.org.xpi
1488270508562	addons.xpi	DEBUG	Calling bootstrap method startup on e10srollout@mozilla.org version 1.7
1488270508562	addons.xpi	DEBUG	Registering manifest for C:\Program Files\Mozilla Firefox\browser\features\firefox@getpocket.com.xpi
1488270508563	addons.xpi	DEBUG	Calling bootstrap method startup on firefox@getpocket.com version 1.0.5
1488270508564	addons.xpi	DEBUG	Registering manifest for C:\Program Files\Mozilla Firefox\browser\features\webcompat@mozilla.org.xpi
1488270508564	addons.xpi	DEBUG	Calling bootstrap method startup on webcompat@mozilla.org version 1.0
1488270508567	addons.manager	DEBUG	Registering shutdown blocker for XPIProvider
1488270508567	addons.manager	DEBUG	Provider finished startup: XPIProvider
1488270508567	addons.manager	DEBUG	Starting provider: LightweightThemeManager
1488270508568	addons.manager	DEBUG	Registering shutdown blocker for LightweightThemeManager
1488270508568	addons.manager	DEBUG	Provider finished startup: LightweightThemeManager
1488270508569	addons.manager	DEBUG	Starting provider: GMPProvider
1488270508576	addons.manager	DEBUG	Registering shutdown blocker for GMPProvider
1488270508576	addons.manager	DEBUG	Provider finished startup: GMPProvider
1488270508577	addons.manager	DEBUG	Starting provider: PluginProvider
1488270508577	addons.manager	DEBUG	Registering shutdown blocker for PluginProvider
1488270508577	addons.manager	DEBUG	Provider finished startup: PluginProvider
1488270508578	addons.manager	DEBUG	Completed startup sequence
1488270509217	DeferredSave.extensions.json	DEBUG	Starting write
1488270509225	addons.manager	DEBUG	Starting provider: <unnamed-provider>
1488270509225	addons.manager	DEBUG	Registering shutdown blocker for <unnamed-provider>
1488270509225	addons.manager	DEBUG	Provider finished startup: <unnamed-provider>
1488270509583	addons.repository	DEBUG	No addons.json found.
1488270509584	DeferredSave.addons.json	DEBUG	Save changes
1488270509588	DeferredSave.addons.json	DEBUG	Starting timer
1488270509721	addons.manager	DEBUG	Starting provider: PreviousExperimentProvider
1488270509721	addons.manager	DEBUG	Registering shutdown blocker for PreviousExperimentProvider
1488270509721	addons.manager	DEBUG	Provider finished startup: PreviousExperimentProvider
1488270509725	DeferredSave.extensions.json	DEBUG	Write succeeded
1488270509725	addons.xpi-utils	DEBUG	XPI Database saved, setting schema version preference to 19
1488270509726	DeferredSave.addons.json	DEBUG	Starting write
1488270509842	DeferredSave.addons.json	DEBUG	Write succeeded

Build info: version: '2.50.1', revision: 'd7fc91b29de65b790abb01f3ac5f7ea2191c88a7', time: '2016-01-29 11:11:26'
System info: host: 'E0336237', ip: '145.230.128.117', os.name: 'Windows 7', os.arch: 'x86', os.version: '6.1', java.version: '1.7.0_67'
Driver info: driver.version: FirefoxDriver
	at org.openqa.selenium.firefox.internal.NewProfileExtensionConnection.start(NewProfileExtensionConnection.java:135)
	at org.openqa.selenium.firefox.FirefoxDriver.startClient(FirefoxDriver.java:271)
	at org.openqa.selenium.remote.RemoteWebDriver.<init>(RemoteWebDriver.java:119)
	at org.openqa.selenium.firefox.FirefoxDriver.<init>(FirefoxDriver.java:216)
	at org.openqa.selenium.firefox.FirefoxDriver.<init>(FirefoxDriver.java:211)
	at org.openqa.selenium.firefox.FirefoxDriver.<init>(FirefoxDriver.java:128)
	at core.selenium.targets.webTargets.FireFox.Initialize(Unknown Source)
	at core.selenium.targets.WebTarget.Start(Unknown Source)
	at core.com.execution.TargetManager.startTarget(Unknown Source)
	at core.com.execution.TargetManager.preformAction(Unknown Source)
	at Scripts.Pac_Script_.Script_Start___.executeTest(Script_Start___.java:88)
	at Scripts.Pac_Script_.Script_Start___.test(Script_Start___.java:82)
	at sun.reflect.NativeMethodAccessorImpl.invoke0(Native Method)
	at sun.reflect.NativeMethodAccessorImpl.invoke(NativeMethodAccessorImpl.java:57)
	at sun.reflect.DelegatingMethodAccessorImpl.invoke(DelegatingMethodAccessorImpl.java:43)
	at java.lang.reflect.Method.invoke(Method.java:606)
	at org.junit.runners.model.FrameworkMethod$1.runReflectiveCall(FrameworkMethod.java:50)
	at org.junit.internal.runners.model.ReflectiveCallable.run(ReflectiveCallable.java:12)
	at org.junit.runners.model.FrameworkMethod.invokeExplosively(FrameworkMethod.java:47)
	at org.junit.internal.runners.statements.InvokeMethod.evaluate(InvokeMethod.java:17)
	at org.junit.internal.runners.statements.RunBefores.evaluate(RunBefores.java:26)
	at org.junit.internal.runners.statements.RunAfters.evaluate(RunAfters.java:27)
	at org.junit.runners.ParentRunner.runLeaf(ParentRunner.java:325)
	at org.junit.runners.BlockJUnit4ClassRunner.runChild(BlockJUnit4ClassRunner.java:78)
	at org.junit.runners.BlockJUnit4ClassRunner.runChild(BlockJUnit4ClassRunner.java:57)
	at org.junit.runners.ParentRunner$3.run(ParentRunner.java:290)
	at org.junit.runners.ParentRunner$1.schedule(ParentRunner.java:71)
	at org.junit.runners.ParentRunner.runChildren(ParentRunner.java:288)
	at org.junit.runners.ParentRunner.access$000(ParentRunner.java:58)
	at org.junit.runners.ParentRunner$2.evaluate(ParentRunner.java:268)
	at org.junit.internal.runners.statements.RunBefores.evaluate(RunBefores.java:26)
	at org.junit.internal.runners.statements.RunAfters.evaluate(RunAfters.java:27)
	at org.junit.runners.ParentRunner.run(ParentRunner.java:363)
	at org.junit.runners.Suite.runChild(Suite.java:128)
	at org.junit.runners.Suite.runChild(Suite.java:27)
	at org.junit.runners.ParentRunner$3.run(ParentRunner.java:290)
	at org.junit.runners.ParentRunner$1.schedule(ParentRunner.java:71)
	at org.junit.runners.ParentRunner.runChildren(ParentRunner.java:288)
	at org.junit.runners.ParentRunner.access$000(ParentRunner.java:58)
	at org.junit.runners.ParentRunner$2.evaluate(ParentRunner.java:268)
	at org.junit.runners.ParentRunner.run(ParentRunner.java:363)
	at org.junit.runner.JUnitCore.run(JUnitCore.java:137)
	at org.junit.runner.JUnitCore.run(JUnitCore.java:115)
	at org.junit.runner.JUnitCore.run(JUnitCore.java:105)
	at org.junit.runner.JUnitCore.run(JUnitCore.java:94)
	at core.Main.runTest(Unknown Source)
	at ide.Actions$ScriptManager$3.run(Unknown Source)
	at java.lang.Thread.run(Thread.java:745)
Caused by: org.openqa.selenium.firefox.NotConnectedException: Unable to connect to host 127.0.0.1 on port 7055 after 45000 ms. Firefox console output:
:null,"defaultLocale":{"name":"Default","description":"The default theme.","creator":"Mozilla","homepageURL":null,"contributors":["Mozilla Contributors"]},"visible":true,"active":true,"userDisabled":false,"appDisabled":false,"descriptor":"C:\\Program Files\\Mozilla Firefox\\browser\\extensions\\{972ce4c6-7e08-4474-a285-3208198ce6fd}.xpi","installDate":1485383667836,"updateDate":1485383667836,"applyBackgroundUpdates":1,"skinnable":true,"size":19708,"sourceURI":null,"releaseNotesURI":null,"softDisabled":false,"foreignInstall":false,"hasBinaryComponents":false,"strictCompatibility":true,"locales":[],"targetApplications":[{"id":"{ec8030f7-c20a-464f-9b0e-13a3a9e97384}","minVersion":"51.0.1","maxVersion":"51.0.1"}],"targetPlatforms":[],"seen":true,"dependencies":[],"hasEmbeddedWebExtension":false}
1488270508553	addons.xpi	DEBUG	getModTime: Recursive scan of {972ce4c6-7e08-4474-a285-3208198ce6fd}
1488270508554	DeferredSave.extensions.json	DEBUG	Save changes
1488270508554	addons.xpi	DEBUG	Updating database with changes to installed add-ons
1488270508554	addons.xpi-utils	DEBUG	Updating add-on states
1488270508555	addons.xpi-utils	DEBUG	Writing add-ons list
1488270508559	addons.xpi	DEBUG	Registering manifest for C:\Program Files\Mozilla Firefox\browser\features\aushelper@mozilla.org.xpi
1488270508559	addons.xpi	DEBUG	Calling bootstrap method startup on aushelper@mozilla.org version 1.0
1488270508561	addons.xpi	DEBUG	Registering manifest for C:\Program Files\Mozilla Firefox\browser\features\e10srollout@mozilla.org.xpi
1488270508562	addons.xpi	DEBUG	Calling bootstrap method startup on e10srollout@mozilla.org version 1.7
1488270508562	addons.xpi	DEBUG	Registering manifest for C:\Program Files\Mozilla Firefox\browser\features\firefox@getpocket.com.xpi
1488270508563	addons.xpi	DEBUG	Calling bootstrap method startup on firefox@getpocket.com version 1.0.5
1488270508564	addons.xpi	DEBUG	Registering manifest for C:\Program Files\Mozilla Firefox\browser\features\webcompat@mozilla.org.xpi
1488270508564	addons.xpi	DEBUG	Calling bootstrap method startup on webcompat@mozilla.org version 1.0
1488270508567	addons.manager	DEBUG	Registering shutdown blocker for XPIProvider
1488270508567	addons.manager	DEBUG	Provider finished startup: XPIProvider
1488270508567	addons.manager	DEBUG	Starting provider: LightweightThemeManager
1488270508568	addons.manager	DEBUG	Registering shutdown blocker for LightweightThemeManager
1488270508568	addons.manager	DEBUG	Provider finished startup: LightweightThemeManager
1488270508569	addons.manager	DEBUG	Starting provider: GMPProvider
1488270508576	addons.manager	DEBUG	Registering shutdown blocker for GMPProvider
1488270508576	addons.manager	DEBUG	Provider finished startup: GMPProvider
1488270508577	addons.manager	DEBUG	Starting provider: PluginProvider
1488270508577	addons.manager	DEBUG	Registering shutdown blocker for PluginProvider
1488270508577	addons.manager	DEBUG	Provider finished startup: PluginProvider
1488270508578	addons.manager	DEBUG	Completed startup sequence
1488270509217	DeferredSave.extensions.json	DEBUG	Starting write
1488270509225	addons.manager	DEBUG	Starting provider: <unnamed-provider>
1488270509225	addons.manager	DEBUG	Registering shutdown blocker for <unnamed-provider>
1488270509225	addons.manager	DEBUG	Provider finished startup: <unnamed-provider>
1488270509583	addons.repository	DEBUG	No addons.json found.
1488270509584	DeferredSave.addons.json	DEBUG	Save changes
1488270509588	DeferredSave.addons.json	DEBUG	Starting timer
1488270509721	addons.manager	DEBUG	Starting provider: PreviousExperimentProvider
1488270509721	addons.manager	DEBUG	Registering shutdown blocker for PreviousExperimentProvider
1488270509721	addons.manager	DEBUG	Provider finished startup: PreviousExperimentProvider
1488270509725	DeferredSave.extensions.json	DEBUG	Write succeeded
1488270509725	addons.xpi-utils	DEBUG	XPI Database saved, setting schema version preference to 19
1488270509726	DeferredSave.addons.json	DEBUG	Starting write
1488270509842	DeferredSave.addons.json	DEBUG	Write succeeded

	at org.openqa.selenium.firefox.internal.NewProfileExtensionConnection.start(NewProfileExtensionConnection.java:123)
	... 47 more
(09:29:13.979) - Error: Browser didn't open
1.1) ,  , () , Open , {#Data.URL}() , true , false
(09:29:13.995) - Error: Browser is not open
(09:29:13.995) - Error: Step not executed
core.selenium.Exceptions.WebdriverErrorException: Browser is not open
Build info: version: '2.50.1', revision: 'd7fc91b29de65b790abb01f3ac5f7ea2191c88a7', time: '2016-01-29 11:11:26'
System info: host: 'E0336237', ip: '145.230.128.117', os.name: 'Windows 7', os.arch: 'x86', os.version: '6.1', java.version: '1.7.0_67'
Driver info: driver.version: unknown
	at core.selenium.targets.WebTarget.checkWindow(Unknown Source)
	at core.selenium.targetActions.WebTargetActions.setUp(Unknown Source)
	at junit.framework.TestCase.runBare(TestCase.java:139)
	at junit.framework.TestResult$1.protect(TestResult.java:122)
	at junit.framework.TestResult.runProtected(TestResult.java:142)
	at junit.framework.TestResult.run(TestResult.java:125)
	at junit.framework.TestCase.run(TestCase.java:129)
	at junit.framework.TestCase.run(TestCase.java:121)
	at core.selenium.targetActions.TargetActions.run(Unknown Source)
	at core.selenium.targets.WebTarget.PreformAction(Unknown Source)
	at core.com.execution.TargetManager.preformAction(Unknown Source)
	at Scripts.Pac_Script_.Script_Start___.executeTest(Script_Start___.java:88)
	at Scripts.Pac_Script_.Script_Start___.test(Script_Start___.java:82)
	at sun.reflect.NativeMethodAccessorImpl.invoke0(Native Method)
	at sun.reflect.NativeMethodAccessorImpl.invoke(NativeMethodAccessorImpl.java:57)
	at sun.reflect.DelegatingMethodAccessorImpl.invoke(DelegatingMethodAccessorImpl.java:43)
	at java.lang.reflect.Method.invoke(Method.java:606)
	at org.junit.runners.model.FrameworkMethod$1.runReflectiveCall(FrameworkMethod.java:50)
	at org.junit.internal.runners.model.ReflectiveCallable.run(ReflectiveCallable.java:12)
	at org.junit.runners.model.FrameworkMethod.invokeExplosively(FrameworkMethod.java:47)
	at org.junit.internal.runners.statements.InvokeMethod.evaluate(InvokeMethod.java:17)
	at org.junit.internal.runners.statements.RunBefores.evaluate(RunBefores.java:26)
	at org.junit.internal.runners.statements.RunAfters.evaluate(RunAfters.java:27)
	at org.junit.runners.ParentRunner.runLeaf(ParentRunner.java:325)
	at org.junit.runners.BlockJUnit4ClassRunner.runChild(BlockJUnit4ClassRunner.java:78)
	at org.junit.runners.BlockJUnit4ClassRunner.runChild(BlockJUnit4ClassRunner.java:57)
	at org.junit.runners.ParentRunner$3.run(ParentRunner.java:290)
	at org.junit.runners.ParentRunner$1.schedule(ParentRunner.java:71)
	at org.junit.runners.ParentRunner.runChildren(ParentRunner.java:288)
	at org.junit.runners.ParentRunner.access$000(ParentRunner.java:58)
	at org.junit.runners.ParentRunner$2.evaluate(ParentRunner.java:268)
	at org.junit.internal.runners.statements.RunBefores.evaluate(RunBefores.java:26)
	at org.junit.internal.runners.statements.RunAfters.evaluate(RunAfters.java:27)
	at org.junit.runners.ParentRunner.run(ParentRunner.java:363)
	at org.junit.runners.Suite.runChild(Suite.java:128)
	at org.junit.runners.Suite.runChild(Suite.java:27)
	at org.junit.runners.ParentRunner$3.run(ParentRunner.java:290)
	at org.junit.runners.ParentRunner$1.schedule(ParentRunner.java:71)
	at org.junit.runners.ParentRunner.runChildren(ParentRunner.java:288)
	at org.junit.runners.ParentRunner.access$000(ParentRunner.java:58)
	at org.junit.runners.ParentRunner$2.evaluate(ParentRunner.java:268)
	at org.junit.runners.ParentRunner.run(ParentRunner.java:363)
	at org.junit.runner.JUnitCore.run(JUnitCore.java:137)
	at org.junit.runner.JUnitCore.run(JUnitCore.java:115)
	at org.junit.runner.JUnitCore.run(JUnitCore.java:105)
	at org.junit.runner.JUnitCore.run(JUnitCore.java:94)
	at core.Main.runTest(Unknown Source)
	at ide.Actions$ScriptManager$3.run(Unknown Source)
	at java.lang.Thread.run(Thread.java:745)
Status: Error - Execution time: 15
Result: Step not executed
Browser is not open

<a href="#" onclick="printStacktrace1_1() ">Stack Trace</a><script> function printStacktrace1_1() { var myWindow = window.open("", "_blank"); myWindow.document.write("core.selenium.Exceptions.WebdriverErrorException: Browser is not open
Build info: version: '2.50.1', revision: 'd7fc91b29de65b790abb01f3ac5f7ea2191c88a7', time: '2016-01-29 11:11:26'
System info: host: 'E0336237', ip: '145.230.128.117', os.name: 'Windows 7', os.arch: 'x86', os.version: '6.1', java.version: '1.7.0_67'
Driver info: driver.version: unknown
	at core.selenium.targets.WebTarget.checkWindow(Unknown Source)
	at core.selenium.targetActions.WebTargetActions.setUp(Unknown Source)
	at junit.framework.TestCase.runBare(TestCase.java:139)
	at junit.framework.TestResult$1.protect(TestResult.java:122)
	at junit.framework.TestResult.runProtected(TestResult.java:142)
	at junit.framework.TestResult.run(TestResult.java:125)
	at junit.framework.TestCase.run(TestCase.java:129)
	at junit.framework.TestCase.run(TestCase.java:121)
	at core.selenium.targetActions.TargetActions.run(Unknown Source)
	at core.selenium.targets.WebTarget.PreformAction(Unknown Source)
	at core.com.execution.TargetManager.preformAction(Unknown Source)
	at Scripts.Pac_Script_.Script_Start___.executeTest(Script_Start___.java:88)
	at Scripts.Pac_Script_.Script_Start___.test(Script_Start___.java:82)
	at sun.reflect.NativeMethodAccessorImpl.invoke0(Native Method)
	at sun.reflect.NativeMethodAccessorImpl.invoke(NativeMethodAccessorImpl.java:57)
	at sun.reflect.DelegatingMethodAccessorImpl.invoke(DelegatingMethodAccessorImpl.java:43)
	at java.lang.reflect.Method.invoke(Method.java:606)
	at org.junit.runners.model.FrameworkMethod$1.runReflectiveCall(FrameworkMethod.java:50)
	at org.junit.internal.runners.model.ReflectiveCallable.run(ReflectiveCallable.java:12)
	at org.junit.runners.model.FrameworkMethod.invokeExplosively(FrameworkMethod.java:47)
	at org.junit.internal.runners.statements.InvokeMethod.evaluate(InvokeMethod.java:17)
	at org.junit.internal.runners.statements.RunBefores.evaluate(RunBefores.java:26)
	at org.junit.internal.runners.statements.RunAfters.evaluate(RunAfters.java:27)
	at org.junit.runners.ParentRunner.runLeaf(ParentRunner.java:325)
	at org.junit.runners.BlockJUnit4ClassRunner.runChild(BlockJUnit4ClassRunner.java:78)
	at org.junit.runners.BlockJUnit4ClassRunner.runChild(BlockJUnit4ClassRunner.java:57)
	at org.junit.runners.ParentRunner$3.run(ParentRunner.java:290)
	at org.junit.runners.ParentRunner$1.schedule(ParentRunner.java:71)
	at org.junit.runners.ParentRunner.runChildren(ParentRunner.java:288)
	at org.junit.runners.ParentRunner.access$000(ParentRunner.java:58)
	at org.junit.runners.ParentRunner$2.evaluate(ParentRunner.java:268)
	at org.junit.internal.runners.statements.RunBefores.evaluate(RunBefores.java:26)
	at org.junit.internal.runners.statements.RunAfters.evaluate(RunAfters.java:27)
	at org.junit.runners.ParentRunner.run(ParentRunner.java:363)
	at org.junit.runners.Suite.runChild(Suite.java:128)
	at org.junit.runners.Suite.runChild(Suite.java:27)
	at org.junit.runners.ParentRunner$3.run(ParentRunner.java:290)
	at org.junit.runners.ParentRunner$1.schedule(ParentRunner.java:71)
	at org.junit.runners.ParentRunner.runChildren(ParentRunner.java:288)
	at org.junit.runners.ParentRunner.access$000(ParentRunner.java:58)
	at org.junit.runners.ParentRunner$2.evaluate(ParentRunner.java:268)
	at org.junit.runners.ParentRunner.run(ParentRunner.java:363)
	at org.junit.runner.JUnitCore.run(JUnitCore.java:137)
	at org.junit.runner.JUnitCore.run(JUnitCore.java:115)
	at org.junit.runner.JUnitCore.run(JUnitCore.java:105)
	at org.junit.runner.JUnitCore.run(JUnitCore.java:94)
	at core.Main.runTest(Unknown Source)
	at ide.Actions$ScriptManager$3.run(Unknown Source)
	at java.lang.Thread.run(Thread.java:745)
");}</script>
Time: 28/02/2017 09:29:14.010 AM GMT+0100


Status: Error
Coverage: 25.0 %
Execution Time: 48036 mSec

******************** Test script execution end ********************
(09:29:14.057) - Info: <a href="file:/C:/Projekte/Testautomation/temp/vvl_consumer_ols/Sascha_Heiko/Results/Start001/Start001_28022017_092914.html" target="_blank">Link</a>
(09:30:52.744) - Info: Chrome config loaded.
Chrome
Cabability: platform=ANY
Cabability: acceptSslCerts=true
Cabability: javascriptEnabled=true
Cabability: elementScrollBehavior=1
Cabability: browserName=chrome
Cabability: rotatable=false
Cabability: unexpectedAlertBehaviour=ignore
Cabability: locationContextEnabled=true
Cabability: chromeOptions=org.openqa.selenium.chrome.ChromeOptions@54a78c0d
Cabability: version=
Cabability: databaseEnabled=true
Cabability: browserConnectionEnabled=true
Cabability: nativeEvents=false
Cabability: webStorageEnabled=true
Cabability: proxy={proxyType=SYSTEM, autodetect=false, ftpProxy=null, httpProxy=null, noProxy=null, sslProxy=null, socksProxy=null, socksUsername=null, socksPassword=null, proxyAutoconfigUrl=null}
Cabability: webdriver.remote.quietExceptions=false
Cabability: applicationCacheEnabled=true
Config: auto_select_window=false
Config: auto_maxmize=false
Config: timeout_page=120000
Config: timeout_find=2000
Config: timeout_jscript=500
Config: timeout_ajax=20000
Config: mobileEmulation=false
Starting ChromeDriver 2.21.371459 (36d3d07f660ff2bc1bf28a75d1cdabed0983e7c4) on port 30000
Only local connections are allowed.
(09:31:02.172) - Error: Could not start a new session. Possible causes are invalid address of the remote server or browser start-up failure.
Build info: version: '2.50.1', revision: 'd7fc91b29de65b790abb01f3ac5f7ea2191c88a7', time: '2016-01-29 11:11:26'
System info: host: 'E0336237', ip: '145.230.128.117', os.name: 'Windows 7', os.arch: 'x86', os.version: '6.1', java.version: '1.7.0_67'
Driver info: driver.version: ChromeDriver
org.openqa.selenium.remote.UnreachableBrowserException: Could not start a new session. Possible causes are invalid address of the remote server or browser start-up failure.
Build info: version: '2.50.1', revision: 'd7fc91b29de65b790abb01f3ac5f7ea2191c88a7', time: '2016-01-29 11:11:26'
System info: host: 'E0336237', ip: '145.230.128.117', os.name: 'Windows 7', os.arch: 'x86', os.version: '6.1', java.version: '1.7.0_67'
Driver info: driver.version: ChromeDriver
	at org.openqa.selenium.remote.RemoteWebDriver.execute(RemoteWebDriver.java:665)
	at org.openqa.selenium.remote.RemoteWebDriver.startSession(RemoteWebDriver.java:249)
	at org.openqa.selenium.remote.RemoteWebDriver.<init>(RemoteWebDriver.java:131)
	at org.openqa.selenium.remote.RemoteWebDriver.<init>(RemoteWebDriver.java:144)
	at org.openqa.selenium.chrome.ChromeDriver.<init>(ChromeDriver.java:170)
	at org.openqa.selenium.chrome.ChromeDriver.<init>(ChromeDriver.java:138)
	at core.selenium.targets.webTargets.Chrome.Initialize(Unknown Source)
	at core.selenium.targets.WebTarget.Start(Unknown Source)
	at core.com.execution.TargetManager.startTarget(Unknown Source)
	at ide.Actions$8.run(Unknown Source)
	at java.lang.Thread.run(Thread.java:745)
Caused by: org.openqa.selenium.WebDriverException: java.net.SocketException: Connection reset
Build info: version: '2.50.1', revision: 'd7fc91b29de65b790abb01f3ac5f7ea2191c88a7', time: '2016-01-29 11:11:26'
System info: host: 'E0336237', ip: '145.230.128.117', os.name: 'Windows 7', os.arch: 'x86', os.version: '6.1', java.version: '1.7.0_67'
Driver info: driver.version: ChromeDriver
	at org.openqa.selenium.remote.service.DriverCommandExecutor.execute(DriverCommandExecutor.java:91)
	at org.openqa.selenium.remote.RemoteWebDriver.execute(RemoteWebDriver.java:644)
	... 10 more
Caused by: java.net.SocketException: Connection reset
	at java.net.SocketInputStream.read(SocketInputStream.java:196)
	at java.net.SocketInputStream.read(SocketInputStream.java:122)
	at org.apache.http.impl.io.SessionInputBufferImpl.streamRead(SessionInputBufferImpl.java:136)
	at org.apache.http.impl.io.SessionInputBufferImpl.fillBuffer(SessionInputBufferImpl.java:152)
	at org.apache.http.impl.io.SessionInputBufferImpl.readLine(SessionInputBufferImpl.java:270)
	at org.apache.http.impl.conn.DefaultHttpResponseParser.parseHead(DefaultHttpResponseParser.java:140)
	at org.apache.http.impl.conn.DefaultHttpResponseParser.parseHead(DefaultHttpResponseParser.java:57)
	at org.apache.http.impl.io.AbstractMessageParser.parse(AbstractMessageParser.java:260)
	at org.apache.http.impl.DefaultBHttpClientConnection.receiveResponseHeader(DefaultBHttpClientConnection.java:161)
	at sun.reflect.NativeMethodAccessorImpl.invoke0(Native Method)
	at sun.reflect.NativeMethodAccessorImpl.invoke(NativeMethodAccessorImpl.java:57)
	at sun.reflect.DelegatingMethodAccessorImpl.invoke(DelegatingMethodAccessorImpl.java:43)
	at java.lang.reflect.Method.invoke(Method.java:606)
	at org.apache.http.impl.conn.CPoolProxy.invoke(CPoolProxy.java:138)
	at com.sun.proxy.$Proxy13.receiveResponseHeader(Unknown Source)
	at org.apache.http.protocol.HttpRequestExecutor.doReceiveResponse(HttpRequestExecutor.java:271)
	at org.apache.http.protocol.HttpRequestExecutor.execute(HttpRequestExecutor.java:123)
	at org.apache.http.impl.execchain.MainClientExec.execute(MainClientExec.java:254)
	at org.apache.http.impl.execchain.ProtocolExec.execute(ProtocolExec.java:195)
	at org.apache.http.impl.execchain.RetryExec.execute(RetryExec.java:86)
	at org.apache.http.impl.execchain.RedirectExec.execute(RedirectExec.java:108)
	at org.apache.http.impl.client.InternalHttpClient.doExecute(InternalHttpClient.java:186)
	at org.apache.http.impl.client.CloseableHttpClient.execute(CloseableHttpClient.java:72)
	at org.apache.http.impl.client.CloseableHttpClient.execute(CloseableHttpClient.java:57)
	at org.openqa.selenium.remote.internal.ApacheHttpClient.fallBackExecute(ApacheHttpClient.java:143)
	at org.openqa.selenium.remote.internal.ApacheHttpClient.execute(ApacheHttpClient.java:89)
	at org.openqa.selenium.remote.HttpCommandExecutor.execute(HttpCommandExecutor.java:142)
	at org.openqa.selenium.remote.service.DriverCommandExecutor.execute(DriverCommandExecutor.java:82)
	... 11 more
(09:31:02.172) - Error: Browser didn't open
