(09:31:16.145) - Info: UIMap file C:/Projekte/Testautomation/temp/vvl_consumer_ols/Sascha_Heiko/0224_1.xls loaded with 1 sheets in 0 mSec
(09:31:16.145) - Info: Testscript (TC001) loaded with 7 step
(09:31:16.160) - Info: Testscript (Start001) loaded with 1 step
(09:31:16.160) - Info: Testscript file (C:/Projekte/Testautomation/temp/vvl_consumer_ols/Sascha_Heiko/Scripts/Script1.xls) loaded with 2 script in 15 mSec
(09:31:27.579) - Info: Chrome config loaded.
Chrome
Cabability: platform=ANY
Cabability: acceptSslCerts=true
Cabability: javascriptEnabled=true
Cabability: elementScrollBehavior=1
Cabability: browserName=chrome
Cabability: rotatable=false
Cabability: unexpectedAlertBehaviour=ignore
Cabability: locationContextEnabled=true
Cabability: chromeOptions=org.openqa.selenium.chrome.ChromeOptions@54a78c0d
Cabability: version=
Cabability: databaseEnabled=true
Cabability: browserConnectionEnabled=true
Cabability: nativeEvents=false
Cabability: webStorageEnabled=true
Cabability: proxy={proxyType=SYSTEM, autodetect=false, ftpProxy=null, httpProxy=null, noProxy=null, sslProxy=null, socksProxy=null, socksUsername=null, socksPassword=null, proxyAutoconfigUrl=null}
Cabability: webdriver.remote.quietExceptions=false
Cabability: applicationCacheEnabled=true
Config: auto_select_window=false
Config: auto_maxmize=false
Config: timeout_page=120000
Config: timeout_find=2000
Config: timeout_jscript=500
Config: timeout_ajax=20000
Config: mobileEmulation=false
Starting ChromeDriver 2.21.371459 (36d3d07f660ff2bc1bf28a75d1cdabed0983e7c4) on port 5138
Only local connections are allowed.
(09:31:35.469) - Error: Could not start a new session. Possible causes are invalid address of the remote server or browser start-up failure.
Build info: version: '2.50.1', revision: 'd7fc91b29de65b790abb01f3ac5f7ea2191c88a7', time: '2016-01-29 11:11:26'
System info: host: 'E0336237', ip: '145.230.128.117', os.name: 'Windows 7', os.arch: 'x86', os.version: '6.1', java.version: '1.7.0_67'
Driver info: driver.version: ChromeDriver
org.openqa.selenium.remote.UnreachableBrowserException: Could not start a new session. Possible causes are invalid address of the remote server or browser start-up failure.
Build info: version: '2.50.1', revision: 'd7fc91b29de65b790abb01f3ac5f7ea2191c88a7', time: '2016-01-29 11:11:26'
System info: host: 'E0336237', ip: '145.230.128.117', os.name: 'Windows 7', os.arch: 'x86', os.version: '6.1', java.version: '1.7.0_67'
Driver info: driver.version: ChromeDriver
	at org.openqa.selenium.remote.RemoteWebDriver.execute(RemoteWebDriver.java:665)
	at org.openqa.selenium.remote.RemoteWebDriver.startSession(RemoteWebDriver.java:249)
	at org.openqa.selenium.remote.RemoteWebDriver.<init>(RemoteWebDriver.java:131)
	at org.openqa.selenium.remote.RemoteWebDriver.<init>(RemoteWebDriver.java:144)
	at org.openqa.selenium.chrome.ChromeDriver.<init>(ChromeDriver.java:170)
	at org.openqa.selenium.chrome.ChromeDriver.<init>(ChromeDriver.java:138)
	at core.selenium.targets.webTargets.Chrome.Initialize(Unknown Source)
	at core.selenium.targets.WebTarget.Start(Unknown Source)
	at core.com.execution.TargetManager.startTarget(Unknown Source)
	at ide.Actions$8.run(Unknown Source)
	at java.lang.Thread.run(Thread.java:745)
Caused by: org.openqa.selenium.WebDriverException: java.net.SocketException: Connection reset
Build info: version: '2.50.1', revision: 'd7fc91b29de65b790abb01f3ac5f7ea2191c88a7', time: '2016-01-29 11:11:26'
System info: host: 'E0336237', ip: '145.230.128.117', os.name: 'Windows 7', os.arch: 'x86', os.version: '6.1', java.version: '1.7.0_67'
Driver info: driver.version: ChromeDriver
	at org.openqa.selenium.remote.service.DriverCommandExecutor.execute(DriverCommandExecutor.java:91)
	at org.openqa.selenium.remote.RemoteWebDriver.execute(RemoteWebDriver.java:644)
	... 10 more
Caused by: java.net.SocketException: Connection reset
	at java.net.SocketInputStream.read(SocketInputStream.java:196)
	at java.net.SocketInputStream.read(SocketInputStream.java:122)
	at org.apache.http.impl.io.SessionInputBufferImpl.streamRead(SessionInputBufferImpl.java:136)
	at org.apache.http.impl.io.SessionInputBufferImpl.fillBuffer(SessionInputBufferImpl.java:152)
	at org.apache.http.impl.io.SessionInputBufferImpl.readLine(SessionInputBufferImpl.java:270)
	at org.apache.http.impl.conn.DefaultHttpResponseParser.parseHead(DefaultHttpResponseParser.java:140)
	at org.apache.http.impl.conn.DefaultHttpResponseParser.parseHead(DefaultHttpResponseParser.java:57)
	at org.apache.http.impl.io.AbstractMessageParser.parse(AbstractMessageParser.java:260)
	at org.apache.http.impl.DefaultBHttpClientConnection.receiveResponseHeader(DefaultBHttpClientConnection.java:161)
	at sun.reflect.NativeMethodAccessorImpl.invoke0(Native Method)
	at sun.reflect.NativeMethodAccessorImpl.invoke(NativeMethodAccessorImpl.java:57)
	at sun.reflect.DelegatingMethodAccessorImpl.invoke(DelegatingMethodAccessorImpl.java:43)
	at java.lang.reflect.Method.invoke(Method.java:606)
	at org.apache.http.impl.conn.CPoolProxy.invoke(CPoolProxy.java:138)
	at com.sun.proxy.$Proxy6.receiveResponseHeader(Unknown Source)
	at org.apache.http.protocol.HttpRequestExecutor.doReceiveResponse(HttpRequestExecutor.java:271)
	at org.apache.http.protocol.HttpRequestExecutor.execute(HttpRequestExecutor.java:123)
	at org.apache.http.impl.execchain.MainClientExec.execute(MainClientExec.java:254)
	at org.apache.http.impl.execchain.ProtocolExec.execute(ProtocolExec.java:195)
	at org.apache.http.impl.execchain.RetryExec.execute(RetryExec.java:86)
	at org.apache.http.impl.execchain.RedirectExec.execute(RedirectExec.java:108)
	at org.apache.http.impl.client.InternalHttpClient.doExecute(InternalHttpClient.java:186)
	at org.apache.http.impl.client.CloseableHttpClient.execute(CloseableHttpClient.java:72)
	at org.apache.http.impl.client.CloseableHttpClient.execute(CloseableHttpClient.java:57)
	at org.openqa.selenium.remote.internal.ApacheHttpClient.fallBackExecute(ApacheHttpClient.java:143)
	at org.openqa.selenium.remote.internal.ApacheHttpClient.execute(ApacheHttpClient.java:89)
	at org.openqa.selenium.remote.HttpCommandExecutor.execute(HttpCommandExecutor.java:142)
	at org.openqa.selenium.remote.service.DriverCommandExecutor.execute(DriverCommandExecutor.java:82)
	... 11 more
(09:31:35.516) - Error: Browser didn't open
(09:32:06.674) - Info: IE config loaded.
IE
Cabability: silent=false
Cabability: elementScrollBehavior=1
Cabability: javascriptEnabled=true
Cabability: acceptSslCerts=true
Cabability: enablePersistentHover=false
Cabability: ignoreZoomSetting=false
Cabability: ie.ensureCleanSession=false
Cabability: browserName=internet explorer
Cabability: version=
Cabability: ie.usePerProcessProxy=false
Cabability: ignoreProtectedModeSettings=true
Cabability: requireWindowFocus=false
Cabability: initialBrowserUrl=about:blank
Cabability: logLevel=WARN
Cabability: proxy={proxyType=SYSTEM, autodetect=false, ftpProxy=null, httpProxy=null, noProxy=null, sslProxy=null, socksProxy=null, socksUsername=null, socksPassword=null, proxyAutoconfigUrl=null}
Cabability: nativeEvents=false
Cabability: webdriver.remote.quietExceptions=false
Cabability: applicationCacheEnabled=true
Cabability: platform=WINDOWS
Cabability: ie.setProxyByServer=false
Cabability: ensureCleanSession=true
Cabability: enableElementCacheCleanup=true
Cabability: unexpectedAlertBehaviour=ignore
Cabability: rotatable=false
Cabability: logFile=ielog.log
Cabability: locationContextEnabled=true
Cabability: databaseEnabled=true
Cabability: ie.forceCreateProcessApi=false
Cabability: browserConnectionEnabled=true
Cabability: webStorageEnabled=true
Config: auto_select_window=false
Config: auto_maxmize=false
Config: timeout_page=120000
Config: timeout_find=2000
Config: timeout_jscript=500
Config: timeout_ajax=20000
Started InternetExplorerDriver server (32-bit)
2.50.0.0
Listening on port 2137
Log level is set to WARN
Log file is set to C:\Projekte\Testautomation\Selenium\SKDF_1.39\ielog.log
Only local connections are allowed
(09:32:08.484) - Info: Browser opened
(09:32:19.998) - Warning: No steps selected.
(09:32:36.253) - Info: Testscript (C:\Projekte\Testautomation\temp\vvl_consumer_ols\Sascha_Heiko\Scripts\Script1.xls) sheet (TC001) loaded with 7 step in 15 mSec
 - Script1 , Start001 , Start001 , true , 1 , []
 - Script1 , Start001 , Start001 , true , 1 , []

******************** Starting test script execution ********************
Activity: Script1
Test script Id: Start001
Test script Name: Start001
Test script Description: 
Number of steps: 8
Status: Passed - Execution time: 0
Result: 
(09:32:36.893) - Info: Browser is open
1.1) ,  , () , Open , {#Data.URL}() , true , false
(09:32:39.061) - Error: Modal dialog present: 
Build info: version: '2.50.1', revision: 'd7fc91b29de65b790abb01f3ac5f7ea2191c88a7', time: '2016-01-29 11:11:26'
System info: host: 'E0336237', ip: '145.230.128.117', os.name: 'Windows 7', os.arch: 'x86', os.version: '6.1', java.version: '1.7.0_67'
Session ID: 09757d5c-22a3-4ecf-ad8a-716ddcd33ae0
Driver info: org.openqa.selenium.ie.InternetExplorerDriver
Capabilities [{platform=WINDOWS, javascriptEnabled=true, elementScrollBehavior=1, ignoreZoomSetting=false, enablePersistentHover=false, ie.ensureCleanSession=false, browserName=internet explorer, enableElementCacheCleanup=true, unexpectedAlertBehaviour=ignore, version=11, pageLoadStrategy=normal, ie.usePerProcessProxy=false, cssSelectorsEnabled=true, ignoreProtectedModeSettings=true, requireWindowFocus=false, initialBrowserUrl=about:blank, handlesAlerts=true, ie.forceCreateProcessApi=false, proxy={proxyType=system}, nativeEvents=false, browserAttachTimeout=0, ie.browserCommandLineSwitches=, takesScreenshot=true}]
org.openqa.selenium.UnhandledAlertException: Modal dialog present: 
Build info: version: '2.50.1', revision: 'd7fc91b29de65b790abb01f3ac5f7ea2191c88a7', time: '2016-01-29 11:11:26'
System info: host: 'E0336237', ip: '145.230.128.117', os.name: 'Windows 7', os.arch: 'x86', os.version: '6.1', java.version: '1.7.0_67'
Session ID: 09757d5c-22a3-4ecf-ad8a-716ddcd33ae0
Driver info: org.openqa.selenium.ie.InternetExplorerDriver
Capabilities [{platform=WINDOWS, javascriptEnabled=true, elementScrollBehavior=1, ignoreZoomSetting=false, enablePersistentHover=false, ie.ensureCleanSession=false, browserName=internet explorer, enableElementCacheCleanup=true, unexpectedAlertBehaviour=ignore, version=11, pageLoadStrategy=normal, ie.usePerProcessProxy=false, cssSelectorsEnabled=true, ignoreProtectedModeSettings=true, requireWindowFocus=false, initialBrowserUrl=about:blank, handlesAlerts=true, ie.forceCreateProcessApi=false, proxy={proxyType=system}, nativeEvents=false, browserAttachTimeout=0, ie.browserCommandLineSwitches=, takesScreenshot=true}]
	at sun.reflect.NativeConstructorAccessorImpl.newInstance0(Native Method)
	at sun.reflect.NativeConstructorAccessorImpl.newInstance(NativeConstructorAccessorImpl.java:57)
	at sun.reflect.DelegatingConstructorAccessorImpl.newInstance(DelegatingConstructorAccessorImpl.java:45)
	at java.lang.reflect.Constructor.newInstance(Constructor.java:526)
	at org.openqa.selenium.remote.ErrorHandler.createThrowable(ErrorHandler.java:206)
	at org.openqa.selenium.remote.ErrorHandler.createUnhandledAlertException(ErrorHandler.java:187)
	at org.openqa.selenium.remote.ErrorHandler.throwIfResponseFailed(ErrorHandler.java:154)
	at org.openqa.selenium.remote.RemoteWebDriver.execute(RemoteWebDriver.java:678)
	at org.openqa.selenium.remote.RemoteWebDriver.execute(RemoteWebDriver.java:701)
	at org.openqa.selenium.remote.RemoteWebDriver.getWindowHandles(RemoteWebDriver.java:539)
	at core.selenium.targets.WebTarget.isOpen(Unknown Source)
	at core.selenium.targets.WebTarget.checkWindow(Unknown Source)
	at core.selenium.targets.WebTarget.WaitForPage(Unknown Source)
	at core.selenium.targetActions.WebTargetActions.open(Unknown Source)
	at sun.reflect.NativeMethodAccessorImpl.invoke0(Native Method)
	at sun.reflect.NativeMethodAccessorImpl.invoke(NativeMethodAccessorImpl.java:57)
	at sun.reflect.DelegatingMethodAccessorImpl.invoke(DelegatingMethodAccessorImpl.java:43)
	at java.lang.reflect.Method.invoke(Method.java:606)
	at junit.framework.TestCase.runTest(TestCase.java:176)
	at junit.framework.TestCase.runBare(TestCase.java:141)
	at junit.framework.TestResult$1.protect(TestResult.java:122)
	at junit.framework.TestResult.runProtected(TestResult.java:142)
	at junit.framework.TestResult.run(TestResult.java:125)
	at junit.framework.TestCase.run(TestCase.java:129)
	at junit.framework.TestCase.run(TestCase.java:121)
	at core.selenium.targetActions.TargetActions.run(Unknown Source)
	at core.selenium.targets.WebTarget.PreformAction(Unknown Source)
	at core.com.execution.TargetManager.preformAction(Unknown Source)
	at Scripts.Pac_Script_.Script_Start___.executeTest(Script_Start___.java:88)
	at Scripts.Pac_Script_.Script_Start___.test(Script_Start___.java:82)
	at sun.reflect.NativeMethodAccessorImpl.invoke0(Native Method)
	at sun.reflect.NativeMethodAccessorImpl.invoke(NativeMethodAccessorImpl.java:57)
	at sun.reflect.DelegatingMethodAccessorImpl.invoke(DelegatingMethodAccessorImpl.java:43)
	at java.lang.reflect.Method.invoke(Method.java:606)
	at org.junit.runners.model.FrameworkMethod$1.runReflectiveCall(FrameworkMethod.java:50)
	at org.junit.internal.runners.model.ReflectiveCallable.run(ReflectiveCallable.java:12)
	at org.junit.runners.model.FrameworkMethod.invokeExplosively(FrameworkMethod.java:47)
	at org.junit.internal.runners.statements.InvokeMethod.evaluate(InvokeMethod.java:17)
	at org.junit.internal.runners.statements.RunBefores.evaluate(RunBefores.java:26)
	at org.junit.internal.runners.statements.RunAfters.evaluate(RunAfters.java:27)
	at org.junit.runners.ParentRunner.runLeaf(ParentRunner.java:325)
	at org.junit.runners.BlockJUnit4ClassRunner.runChild(BlockJUnit4ClassRunner.java:78)
	at org.junit.runners.BlockJUnit4ClassRunner.runChild(BlockJUnit4ClassRunner.java:57)
	at org.junit.runners.ParentRunner$3.run(ParentRunner.java:290)
	at org.junit.runners.ParentRunner$1.schedule(ParentRunner.java:71)
	at org.junit.runners.ParentRunner.runChildren(ParentRunner.java:288)
	at org.junit.runners.ParentRunner.access$000(ParentRunner.java:58)
	at org.junit.runners.ParentRunner$2.evaluate(ParentRunner.java:268)
	at org.junit.internal.runners.statements.RunBefores.evaluate(RunBefores.java:26)
	at org.junit.internal.runners.statements.RunAfters.evaluate(RunAfters.java:27)
	at org.junit.runners.ParentRunner.run(ParentRunner.java:363)
	at org.junit.runners.Suite.runChild(Suite.java:128)
	at org.junit.runners.Suite.runChild(Suite.java:27)
	at org.junit.runners.ParentRunner$3.run(ParentRunner.java:290)
	at org.junit.runners.ParentRunner$1.schedule(ParentRunner.java:71)
	at org.junit.runners.ParentRunner.runChildren(ParentRunner.java:288)
	at org.junit.runners.ParentRunner.access$000(ParentRunner.java:58)
	at org.junit.runners.ParentRunner$2.evaluate(ParentRunner.java:268)
	at org.junit.runners.ParentRunner.run(ParentRunner.java:363)
	at org.junit.runner.JUnitCore.run(JUnitCore.java:137)
	at org.junit.runner.JUnitCore.run(JUnitCore.java:115)
	at org.junit.runner.JUnitCore.run(JUnitCore.java:105)
	at org.junit.runner.JUnitCore.run(JUnitCore.java:94)
	at core.Main.runTest(Unknown Source)
	at ide.Actions$ScriptManager$3.run(Unknown Source)
	at java.lang.Thread.run(Thread.java:745)
(09:32:40.637) - Warning: Unexpected Dialog present: 
(09:32:40.637) - Error: Failed to load page (https://www.vodafone.de/playground/mnp-10/mnp-main.html#/)
core.selenium.Exceptions.WebdriverWarningException: Unexpected Dialog present: 
Build info: version: '2.50.1', revision: 'd7fc91b29de65b790abb01f3ac5f7ea2191c88a7', time: '2016-01-29 11:11:26'
System info: host: 'E0336237', ip: '145.230.128.117', os.name: 'Windows 7', os.arch: 'x86', os.version: '6.1', java.version: '1.7.0_67'
Driver info: driver.version: unknown
	at core.selenium.targets.WebTarget.isOpen(Unknown Source)
	at core.selenium.targets.WebTarget.checkWindow(Unknown Source)
	at core.selenium.targets.WebTarget.WaitForPage(Unknown Source)
	at core.selenium.targetActions.WebTargetActions.open(Unknown Source)
	at sun.reflect.NativeMethodAccessorImpl.invoke0(Native Method)
	at sun.reflect.NativeMethodAccessorImpl.invoke(NativeMethodAccessorImpl.java:57)
	at sun.reflect.DelegatingMethodAccessorImpl.invoke(DelegatingMethodAccessorImpl.java:43)
	at java.lang.reflect.Method.invoke(Method.java:606)
	at junit.framework.TestCase.runTest(TestCase.java:176)
	at junit.framework.TestCase.runBare(TestCase.java:141)
	at junit.framework.TestResult$1.protect(TestResult.java:122)
	at junit.framework.TestResult.runProtected(TestResult.java:142)
	at junit.framework.TestResult.run(TestResult.java:125)
	at junit.framework.TestCase.run(TestCase.java:129)
	at junit.framework.TestCase.run(TestCase.java:121)
	at core.selenium.targetActions.TargetActions.run(Unknown Source)
	at core.selenium.targets.WebTarget.PreformAction(Unknown Source)
	at core.com.execution.TargetManager.preformAction(Unknown Source)
	at Scripts.Pac_Script_.Script_Start___.executeTest(Script_Start___.java:88)
	at Scripts.Pac_Script_.Script_Start___.test(Script_Start___.java:82)
	at sun.reflect.NativeMethodAccessorImpl.invoke0(Native Method)
	at sun.reflect.NativeMethodAccessorImpl.invoke(NativeMethodAccessorImpl.java:57)
	at sun.reflect.DelegatingMethodAccessorImpl.invoke(DelegatingMethodAccessorImpl.java:43)
	at java.lang.reflect.Method.invoke(Method.java:606)
	at org.junit.runners.model.FrameworkMethod$1.runReflectiveCall(FrameworkMethod.java:50)
	at org.junit.internal.runners.model.ReflectiveCallable.run(ReflectiveCallable.java:12)
	at org.junit.runners.model.FrameworkMethod.invokeExplosively(FrameworkMethod.java:47)
	at org.junit.internal.runners.statements.InvokeMethod.evaluate(InvokeMethod.java:17)
	at org.junit.internal.runners.statements.RunBefores.evaluate(RunBefores.java:26)
	at org.junit.internal.runners.statements.RunAfters.evaluate(RunAfters.java:27)
	at org.junit.runners.ParentRunner.runLeaf(ParentRunner.java:325)
	at org.junit.runners.BlockJUnit4ClassRunner.runChild(BlockJUnit4ClassRunner.java:78)
	at org.junit.runners.BlockJUnit4ClassRunner.runChild(BlockJUnit4ClassRunner.java:57)
	at org.junit.runners.ParentRunner$3.run(ParentRunner.java:290)
	at org.junit.runners.ParentRunner$1.schedule(ParentRunner.java:71)
	at org.junit.runners.ParentRunner.runChildren(ParentRunner.java:288)
	at org.junit.runners.ParentRunner.access$000(ParentRunner.java:58)
	at org.junit.runners.ParentRunner$2.evaluate(ParentRunner.java:268)
	at org.junit.internal.runners.statements.RunBefores.evaluate(RunBefores.java:26)
	at org.junit.internal.runners.statements.RunAfters.evaluate(RunAfters.java:27)
	at org.junit.runners.ParentRunner.run(ParentRunner.java:363)
	at org.junit.runners.Suite.runChild(Suite.java:128)
	at org.junit.runners.Suite.runChild(Suite.java:27)
	at org.junit.runners.ParentRunner$3.run(ParentRunner.java:290)
	at org.junit.runners.ParentRunner$1.schedule(ParentRunner.java:71)
	at org.junit.runners.ParentRunner.runChildren(ParentRunner.java:288)
	at org.junit.runners.ParentRunner.access$000(ParentRunner.java:58)
	at org.junit.runners.ParentRunner$2.evaluate(ParentRunner.java:268)
	at org.junit.runners.ParentRunner.run(ParentRunner.java:363)
	at org.junit.runner.JUnitCore.run(JUnitCore.java:137)
	at org.junit.runner.JUnitCore.run(JUnitCore.java:115)
	at org.junit.runner.JUnitCore.run(JUnitCore.java:105)
	at org.junit.runner.JUnitCore.run(JUnitCore.java:94)
	at core.Main.runTest(Unknown Source)
	at ide.Actions$ScriptManager$3.run(Unknown Source)
	at java.lang.Thread.run(Thread.java:745)
Status: Warning - Execution time: 3822
Result: Failed to load page (https://www.vodafone.de/playground/mnp-10/mnp-main.html#/)
Unexpected Dialog present: 

<a href="#" onclick="printStacktrace1_1() ">Stack Trace</a><script> function printStacktrace1_1() { var myWindow = window.open("", "_blank"); myWindow.document.write("core.selenium.Exceptions.WebdriverWarningException: Unexpected Dialog present: 
Build info: version: '2.50.1', revision: 'd7fc91b29de65b790abb01f3ac5f7ea2191c88a7', time: '2016-01-29 11:11:26'
System info: host: 'E0336237', ip: '145.230.128.117', os.name: 'Windows 7', os.arch: 'x86', os.version: '6.1', java.version: '1.7.0_67'
Driver info: driver.version: unknown
	at core.selenium.targets.WebTarget.isOpen(Unknown Source)
	at core.selenium.targets.WebTarget.checkWindow(Unknown Source)
	at core.selenium.targets.WebTarget.WaitForPage(Unknown Source)
	at core.selenium.targetActions.WebTargetActions.open(Unknown Source)
	at sun.reflect.NativeMethodAccessorImpl.invoke0(Native Method)
	at sun.reflect.NativeMethodAccessorImpl.invoke(NativeMethodAccessorImpl.java:57)
	at sun.reflect.DelegatingMethodAccessorImpl.invoke(DelegatingMethodAccessorImpl.java:43)
	at java.lang.reflect.Method.invoke(Method.java:606)
	at junit.framework.TestCase.runTest(TestCase.java:176)
	at junit.framework.TestCase.runBare(TestCase.java:141)
	at junit.framework.TestResult$1.protect(TestResult.java:122)
	at junit.framework.TestResult.runProtected(TestResult.java:142)
	at junit.framework.TestResult.run(TestResult.java:125)
	at junit.framework.TestCase.run(TestCase.java:129)
	at junit.framework.TestCase.run(TestCase.java:121)
	at core.selenium.targetActions.TargetActions.run(Unknown Source)
	at core.selenium.targets.WebTarget.PreformAction(Unknown Source)
	at core.com.execution.TargetManager.preformAction(Unknown Source)
	at Scripts.Pac_Script_.Script_Start___.executeTest(Script_Start___.java:88)
	at Scripts.Pac_Script_.Script_Start___.test(Script_Start___.java:82)
	at sun.reflect.NativeMethodAccessorImpl.invoke0(Native Method)
	at sun.reflect.NativeMethodAccessorImpl.invoke(NativeMethodAccessorImpl.java:57)
	at sun.reflect.DelegatingMethodAccessorImpl.invoke(DelegatingMethodAccessorImpl.java:43)
	at java.lang.reflect.Method.invoke(Method.java:606)
	at org.junit.runners.model.FrameworkMethod$1.runReflectiveCall(FrameworkMethod.java:50)
	at org.junit.internal.runners.model.ReflectiveCallable.run(ReflectiveCallable.java:12)
	at org.junit.runners.model.FrameworkMethod.invokeExplosively(FrameworkMethod.java:47)
	at org.junit.internal.runners.statements.InvokeMethod.evaluate(InvokeMethod.java:17)
	at org.junit.internal.runners.statements.RunBefores.evaluate(RunBefores.java:26)
	at org.junit.internal.runners.statements.RunAfters.evaluate(RunAfters.java:27)
	at org.junit.runners.ParentRunner.runLeaf(ParentRunner.java:325)
	at org.junit.runners.BlockJUnit4ClassRunner.runChild(BlockJUnit4ClassRunner.java:78)
	at org.junit.runners.BlockJUnit4ClassRunner.runChild(BlockJUnit4ClassRunner.java:57)
	at org.junit.runners.ParentRunner$3.run(ParentRunner.java:290)
	at org.junit.runners.ParentRunner$1.schedule(ParentRunner.java:71)
	at org.junit.runners.ParentRunner.runChildren(ParentRunner.java:288)
	at org.junit.runners.ParentRunner.access$000(ParentRunner.java:58)
	at org.junit.runners.ParentRunner$2.evaluate(ParentRunner.java:268)
	at org.junit.internal.runners.statements.RunBefores.evaluate(RunBefores.java:26)
	at org.junit.internal.runners.statements.RunAfters.evaluate(RunAfters.java:27)
	at org.junit.runners.ParentRunner.run(ParentRunner.java:363)
	at org.junit.runners.Suite.runChild(Suite.java:128)
	at org.junit.runners.Suite.runChild(Suite.java:27)
	at org.junit.runners.ParentRunner$3.run(ParentRunner.java:290)
	at org.junit.runners.ParentRunner$1.schedule(ParentRunner.java:71)
	at org.junit.runners.ParentRunner.runChildren(ParentRunner.java:288)
	at org.junit.runners.ParentRunner.access$000(ParentRunner.java:58)
	at org.junit.runners.ParentRunner$2.evaluate(ParentRunner.java:268)
	at org.junit.runners.ParentRunner.run(ParentRunner.java:363)
	at org.junit.runner.JUnitCore.run(JUnitCore.java:137)
	at org.junit.runner.JUnitCore.run(JUnitCore.java:115)
	at org.junit.runner.JUnitCore.run(JUnitCore.java:105)
	at org.junit.runner.JUnitCore.run(JUnitCore.java:94)
	at core.Main.runTest(Unknown Source)
	at ide.Actions$ScriptManager$3.run(Unknown Source)
	at java.lang.Thread.run(Thread.java:745)
");}</script>
<a href="https://www.vodafone.de/playground/mnp-10/mnp-main.html#/">Page url</a>
Time: 28/02/2017 09:32:40.715 AM GMT+0100
(09:32:40.902) - Info: Browser is open
1.2) Page1, Link_VodafoneRufnummer_Und_Kundenkennwort , () , Click , () , true , false
(09:32:40.902) - Error: Page (Page1) doesn't exist
(09:32:40.902) - Error: Step not executed
java.lang.RuntimeException: Invalid Object data , Object Page1/Link_VodafoneRufnummer_Und_Kundenkennwort doesn't exist in Map
	at core.com.testItem.UIMap.getObject(Unknown Source)
	at core.selenium.targetActions.WebTargetActions.setUp(Unknown Source)
	at junit.framework.TestCase.runBare(TestCase.java:139)
	at junit.framework.TestResult$1.protect(TestResult.java:122)
	at junit.framework.TestResult.runProtected(TestResult.java:142)
	at junit.framework.TestResult.run(TestResult.java:125)
	at junit.framework.TestCase.run(TestCase.java:129)
	at junit.framework.TestCase.run(TestCase.java:121)
	at core.selenium.targetActions.TargetActions.run(Unknown Source)
	at core.selenium.targets.WebTarget.PreformAction(Unknown Source)
	at core.com.execution.TargetManager.preformAction(Unknown Source)
	at Scripts.Pac_Script_.Script_Start___.executeTest(Script_Start___.java:89)
	at Scripts.Pac_Script_.Script_Start___.test(Script_Start___.java:82)
	at sun.reflect.NativeMethodAccessorImpl.invoke0(Native Method)
	at sun.reflect.NativeMethodAccessorImpl.invoke(NativeMethodAccessorImpl.java:57)
	at sun.reflect.DelegatingMethodAccessorImpl.invoke(DelegatingMethodAccessorImpl.java:43)
	at java.lang.reflect.Method.invoke(Method.java:606)
	at org.junit.runners.model.FrameworkMethod$1.runReflectiveCall(FrameworkMethod.java:50)
	at org.junit.internal.runners.model.ReflectiveCallable.run(ReflectiveCallable.java:12)
	at org.junit.runners.model.FrameworkMethod.invokeExplosively(FrameworkMethod.java:47)
	at org.junit.internal.runners.statements.InvokeMethod.evaluate(InvokeMethod.java:17)
	at org.junit.internal.runners.statements.RunBefores.evaluate(RunBefores.java:26)
	at org.junit.internal.runners.statements.RunAfters.evaluate(RunAfters.java:27)
	at org.junit.runners.ParentRunner.runLeaf(ParentRunner.java:325)
	at org.junit.runners.BlockJUnit4ClassRunner.runChild(BlockJUnit4ClassRunner.java:78)
	at org.junit.runners.BlockJUnit4ClassRunner.runChild(BlockJUnit4ClassRunner.java:57)
	at org.junit.runners.ParentRunner$3.run(ParentRunner.java:290)
	at org.junit.runners.ParentRunner$1.schedule(ParentRunner.java:71)
	at org.junit.runners.ParentRunner.runChildren(ParentRunner.java:288)
	at org.junit.runners.ParentRunner.access$000(ParentRunner.java:58)
	at org.junit.runners.ParentRunner$2.evaluate(ParentRunner.java:268)
	at org.junit.internal.runners.statements.RunBefores.evaluate(RunBefores.java:26)
	at org.junit.internal.runners.statements.RunAfters.evaluate(RunAfters.java:27)
	at org.junit.runners.ParentRunner.run(ParentRunner.java:363)
	at org.junit.runners.Suite.runChild(Suite.java:128)
	at org.junit.runners.Suite.runChild(Suite.java:27)
	at org.junit.runners.ParentRunner$3.run(ParentRunner.java:290)
	at org.junit.runners.ParentRunner$1.schedule(ParentRunner.java:71)
	at org.junit.runners.ParentRunner.runChildren(ParentRunner.java:288)
	at org.junit.runners.ParentRunner.access$000(ParentRunner.java:58)
	at org.junit.runners.ParentRunner$2.evaluate(ParentRunner.java:268)
	at org.junit.runners.ParentRunner.run(ParentRunner.java:363)
	at org.junit.runner.JUnitCore.run(JUnitCore.java:137)
	at org.junit.runner.JUnitCore.run(JUnitCore.java:115)
	at org.junit.runner.JUnitCore.run(JUnitCore.java:105)
	at org.junit.runner.JUnitCore.run(JUnitCore.java:94)
	at core.Main.runTest(Unknown Source)
	at ide.Actions$ScriptManager$3.run(Unknown Source)
	at java.lang.Thread.run(Thread.java:745)
Status: Error - Execution time: 31
Result: Step not executed
Invalid Object data , Object Page1/Link_VodafoneRufnummer_Und_Kundenkennwort doesn't exist in Map
<a href="#" onclick="printStacktrace1_2() ">Stack Trace</a><script> function printStacktrace1_2() { var myWindow = window.open("", "_blank"); myWindow.document.write("java.lang.RuntimeException: Invalid Object data , Object Page1/Link_VodafoneRufnummer_Und_Kundenkennwort doesn't exist in Map
	at core.com.testItem.UIMap.getObject(Unknown Source)
	at core.selenium.targetActions.WebTargetActions.setUp(Unknown Source)
	at junit.framework.TestCase.runBare(TestCase.java:139)
	at junit.framework.TestResult$1.protect(TestResult.java:122)
	at junit.framework.TestResult.runProtected(TestResult.java:142)
	at junit.framework.TestResult.run(TestResult.java:125)
	at junit.framework.TestCase.run(TestCase.java:129)
	at junit.framework.TestCase.run(TestCase.java:121)
	at core.selenium.targetActions.TargetActions.run(Unknown Source)
	at core.selenium.targets.WebTarget.PreformAction(Unknown Source)
	at core.com.execution.TargetManager.preformAction(Unknown Source)
	at Scripts.Pac_Script_.Script_Start___.executeTest(Script_Start___.java:89)
	at Scripts.Pac_Script_.Script_Start___.test(Script_Start___.java:82)
	at sun.reflect.NativeMethodAccessorImpl.invoke0(Native Method)
	at sun.reflect.NativeMethodAccessorImpl.invoke(NativeMethodAccessorImpl.java:57)
	at sun.reflect.DelegatingMethodAccessorImpl.invoke(DelegatingMethodAccessorImpl.java:43)
	at java.lang.reflect.Method.invoke(Method.java:606)
	at org.junit.runners.model.FrameworkMethod$1.runReflectiveCall(FrameworkMethod.java:50)
	at org.junit.internal.runners.model.ReflectiveCallable.run(ReflectiveCallable.java:12)
	at org.junit.runners.model.FrameworkMethod.invokeExplosively(FrameworkMethod.java:47)
	at org.junit.internal.runners.statements.InvokeMethod.evaluate(InvokeMethod.java:17)
	at org.junit.internal.runners.statements.RunBefores.evaluate(RunBefores.java:26)
	at org.junit.internal.runners.statements.RunAfters.evaluate(RunAfters.java:27)
	at org.junit.runners.ParentRunner.runLeaf(ParentRunner.java:325)
	at org.junit.runners.BlockJUnit4ClassRunner.runChild(BlockJUnit4ClassRunner.java:78)
	at org.junit.runners.BlockJUnit4ClassRunner.runChild(BlockJUnit4ClassRunner.java:57)
	at org.junit.runners.ParentRunner$3.run(ParentRunner.java:290)
	at org.junit.runners.ParentRunner$1.schedule(ParentRunner.java:71)
	at org.junit.runners.ParentRunner.runChildren(ParentRunner.java:288)
	at org.junit.runners.ParentRunner.access$000(ParentRunner.java:58)
	at org.junit.runners.ParentRunner$2.evaluate(ParentRunner.java:268)
	at org.junit.internal.runners.statements.RunBefores.evaluate(RunBefores.java:26)
	at org.junit.internal.runners.statements.RunAfters.evaluate(RunAfters.java:27)
	at org.junit.runners.ParentRunner.run(ParentRunner.java:363)
	at org.junit.runners.Suite.runChild(Suite.java:128)
	at org.junit.runners.Suite.runChild(Suite.java:27)
	at org.junit.runners.ParentRunner$3.run(ParentRunner.java:290)
	at org.junit.runners.ParentRunner$1.schedule(ParentRunner.java:71)
	at org.junit.runners.ParentRunner.runChildren(ParentRunner.java:288)
	at org.junit.runners.ParentRunner.access$000(ParentRunner.java:58)
	at org.junit.runners.ParentRunner$2.evaluate(ParentRunner.java:268)
	at org.junit.runners.ParentRunner.run(ParentRunner.java:363)
	at org.junit.runner.JUnitCore.run(JUnitCore.java:137)
	at org.junit.runner.JUnitCore.run(JUnitCore.java:115)
	at org.junit.runner.JUnitCore.run(JUnitCore.java:105)
	at org.junit.runner.JUnitCore.run(JUnitCore.java:94)
	at core.Main.runTest(Unknown Source)
	at ide.Actions$ScriptManager$3.run(Unknown Source)
	at java.lang.Thread.run(Thread.java:745)
");}</script>
<a href="https://www.vodafone.de/playground/mnp-10/mnp-main.html#/">Page url</a>
Time: 28/02/2017 09:32:40.933 AM GMT+0100


Status: Error
Coverage: 37.5 %
Execution Time: 4181 mSec

******************** Test script execution end ********************
(09:32:41.058) - Info: <a href="file:/C:/Projekte/Testautomation/temp/vvl_consumer_ols/Sascha_Heiko/Results/Start001/Start001_28022017_093240.html" target="_blank">Link</a>
 - Script1 , TC001 , Test Name , true , 1 , []
 - Script1 , TC001 , Test Name , true , 1 , []

******************** Starting test script execution ********************
Activity: Script1
Test script Id: TC001
Test script Name: Test Name
Test script Description: Test Description
Number of steps: 7
(09:33:25.012) - Info: Browser is open
1) ,  , () , Open , {#Data.URL}() , true , false
Status: Passed - Execution time: 998
Result: Page (Hilfe | Rufnummer online mitnehmen - Rufnummern-Mitnahme) loaded.
<a href="https://www.vodafone.de/playground/mnp-10/mnp-main.html#/">Page url</a>
Time: 28/02/2017 09:33:26.010 AM GMT+0100
(09:33:26.073) - Info: Browser is open
2) Page1, Link_VodafoneRufnummer_Und_Kundenkennwort , () , Click , () , true , false
(09:33:26.073) - Error: Page (Page1) doesn't exist
(09:33:26.073) - Error: Step not executed
java.lang.RuntimeException: Invalid Object data , Object Page1/Link_VodafoneRufnummer_Und_Kundenkennwort doesn't exist in Map
	at core.com.testItem.UIMap.getObject(Unknown Source)
	at core.selenium.targetActions.WebTargetActions.setUp(Unknown Source)
	at junit.framework.TestCase.runBare(TestCase.java:139)
	at junit.framework.TestResult$1.protect(TestResult.java:122)
	at junit.framework.TestResult.runProtected(TestResult.java:142)
	at junit.framework.TestResult.run(TestResult.java:125)
	at junit.framework.TestCase.run(TestCase.java:129)
	at junit.framework.TestCase.run(TestCase.java:121)
	at core.selenium.targetActions.TargetActions.run(Unknown Source)
	at core.selenium.targets.WebTarget.PreformAction(Unknown Source)
	at core.com.execution.TargetManager.preformAction(Unknown Source)
	at Scripts.Pac_Script_.Script_Test_Name.executeTest(Script_Test_Name.java:88)
	at Scripts.Pac_Script_.Script_Test_Name.test(Script_Test_Name.java:82)
	at sun.reflect.NativeMethodAccessorImpl.invoke0(Native Method)
	at sun.reflect.NativeMethodAccessorImpl.invoke(NativeMethodAccessorImpl.java:57)
	at sun.reflect.DelegatingMethodAccessorImpl.invoke(DelegatingMethodAccessorImpl.java:43)
	at java.lang.reflect.Method.invoke(Method.java:606)
	at org.junit.runners.model.FrameworkMethod$1.runReflectiveCall(FrameworkMethod.java:50)
	at org.junit.internal.runners.model.ReflectiveCallable.run(ReflectiveCallable.java:12)
	at org.junit.runners.model.FrameworkMethod.invokeExplosively(FrameworkMethod.java:47)
	at org.junit.internal.runners.statements.InvokeMethod.evaluate(InvokeMethod.java:17)
	at org.junit.internal.runners.statements.RunBefores.evaluate(RunBefores.java:26)
	at org.junit.internal.runners.statements.RunAfters.evaluate(RunAfters.java:27)
	at org.junit.runners.ParentRunner.runLeaf(ParentRunner.java:325)
	at org.junit.runners.BlockJUnit4ClassRunner.runChild(BlockJUnit4ClassRunner.java:78)
	at org.junit.runners.BlockJUnit4ClassRunner.runChild(BlockJUnit4ClassRunner.java:57)
	at org.junit.runners.ParentRunner$3.run(ParentRunner.java:290)
	at org.junit.runners.ParentRunner$1.schedule(ParentRunner.java:71)
	at org.junit.runners.ParentRunner.runChildren(ParentRunner.java:288)
	at org.junit.runners.ParentRunner.access$000(ParentRunner.java:58)
	at org.junit.runners.ParentRunner$2.evaluate(ParentRunner.java:268)
	at org.junit.internal.runners.statements.RunBefores.evaluate(RunBefores.java:26)
	at org.junit.internal.runners.statements.RunAfters.evaluate(RunAfters.java:27)
	at org.junit.runners.ParentRunner.run(ParentRunner.java:363)
	at org.junit.runners.Suite.runChild(Suite.java:128)
	at org.junit.runners.Suite.runChild(Suite.java:27)
	at org.junit.runners.ParentRunner$3.run(ParentRunner.java:290)
	at org.junit.runners.ParentRunner$1.schedule(ParentRunner.java:71)
	at org.junit.runners.ParentRunner.runChildren(ParentRunner.java:288)
	at org.junit.runners.ParentRunner.access$000(ParentRunner.java:58)
	at org.junit.runners.ParentRunner$2.evaluate(ParentRunner.java:268)
	at org.junit.runners.ParentRunner.run(ParentRunner.java:363)
	at org.junit.runner.JUnitCore.run(JUnitCore.java:137)
	at org.junit.runner.JUnitCore.run(JUnitCore.java:115)
	at org.junit.runner.JUnitCore.run(JUnitCore.java:105)
	at org.junit.runner.JUnitCore.run(JUnitCore.java:94)
	at core.Main.runTest(Unknown Source)
	at ide.Actions$ScriptManager$3.run(Unknown Source)
	at java.lang.Thread.run(Thread.java:745)
Status: Error - Execution time: 31
Result: Step not executed
Invalid Object data , Object Page1/Link_VodafoneRufnummer_Und_Kundenkennwort doesn't exist in Map
<a href="#" onclick="printStacktrace2() ">Stack Trace</a><script> function printStacktrace2() { var myWindow = window.open("", "_blank"); myWindow.document.write("java.lang.RuntimeException: Invalid Object data , Object Page1/Link_VodafoneRufnummer_Und_Kundenkennwort doesn't exist in Map
	at core.com.testItem.UIMap.getObject(Unknown Source)
	at core.selenium.targetActions.WebTargetActions.setUp(Unknown Source)
	at junit.framework.TestCase.runBare(TestCase.java:139)
	at junit.framework.TestResult$1.protect(TestResult.java:122)
	at junit.framework.TestResult.runProtected(TestResult.java:142)
	at junit.framework.TestResult.run(TestResult.java:125)
	at junit.framework.TestCase.run(TestCase.java:129)
	at junit.framework.TestCase.run(TestCase.java:121)
	at core.selenium.targetActions.TargetActions.run(Unknown Source)
	at core.selenium.targets.WebTarget.PreformAction(Unknown Source)
	at core.com.execution.TargetManager.preformAction(Unknown Source)
	at Scripts.Pac_Script_.Script_Test_Name.executeTest(Script_Test_Name.java:88)
	at Scripts.Pac_Script_.Script_Test_Name.test(Script_Test_Name.java:82)
	at sun.reflect.NativeMethodAccessorImpl.invoke0(Native Method)
	at sun.reflect.NativeMethodAccessorImpl.invoke(NativeMethodAccessorImpl.java:57)
	at sun.reflect.DelegatingMethodAccessorImpl.invoke(DelegatingMethodAccessorImpl.java:43)
	at java.lang.reflect.Method.invoke(Method.java:606)
	at org.junit.runners.model.FrameworkMethod$1.runReflectiveCall(FrameworkMethod.java:50)
	at org.junit.internal.runners.model.ReflectiveCallable.run(ReflectiveCallable.java:12)
	at org.junit.runners.model.FrameworkMethod.invokeExplosively(FrameworkMethod.java:47)
	at org.junit.internal.runners.statements.InvokeMethod.evaluate(InvokeMethod.java:17)
	at org.junit.internal.runners.statements.RunBefores.evaluate(RunBefores.java:26)
	at org.junit.internal.runners.statements.RunAfters.evaluate(RunAfters.java:27)
	at org.junit.runners.ParentRunner.runLeaf(ParentRunner.java:325)
	at org.junit.runners.BlockJUnit4ClassRunner.runChild(BlockJUnit4ClassRunner.java:78)
	at org.junit.runners.BlockJUnit4ClassRunner.runChild(BlockJUnit4ClassRunner.java:57)
	at org.junit.runners.ParentRunner$3.run(ParentRunner.java:290)
	at org.junit.runners.ParentRunner$1.schedule(ParentRunner.java:71)
	at org.junit.runners.ParentRunner.runChildren(ParentRunner.java:288)
	at org.junit.runners.ParentRunner.access$000(ParentRunner.java:58)
	at org.junit.runners.ParentRunner$2.evaluate(ParentRunner.java:268)
	at org.junit.internal.runners.statements.RunBefores.evaluate(RunBefores.java:26)
	at org.junit.internal.runners.statements.RunAfters.evaluate(RunAfters.java:27)
	at org.junit.runners.ParentRunner.run(ParentRunner.java:363)
	at org.junit.runners.Suite.runChild(Suite.java:128)
	at org.junit.runners.Suite.runChild(Suite.java:27)
	at org.junit.runners.ParentRunner$3.run(ParentRunner.java:290)
	at org.junit.runners.ParentRunner$1.schedule(ParentRunner.java:71)
	at org.junit.runners.ParentRunner.runChildren(ParentRunner.java:288)
	at org.junit.runners.ParentRunner.access$000(ParentRunner.java:58)
	at org.junit.runners.ParentRunner$2.evaluate(ParentRunner.java:268)
	at org.junit.runners.ParentRunner.run(ParentRunner.java:363)
	at org.junit.runner.JUnitCore.run(JUnitCore.java:137)
	at org.junit.runner.JUnitCore.run(JUnitCore.java:115)
	at org.junit.runner.JUnitCore.run(JUnitCore.java:105)
	at org.junit.runner.JUnitCore.run(JUnitCore.java:94)
	at core.Main.runTest(Unknown Source)
	at ide.Actions$ScriptManager$3.run(Unknown Source)
	at java.lang.Thread.run(Thread.java:745)
");}</script>
<a href="https://www.vodafone.de/playground/mnp-10/mnp-main.html#/">Page url</a>
Time: 28/02/2017 09:33:26.104 AM GMT+0100


Status: Error
Coverage: 28.57 %
Execution Time: 1498 mSec

******************** Test script execution end ********************
(09:33:26.478) - Info: <a href="file:/C:/Projekte/Testautomation/temp/vvl_consumer_ols/Sascha_Heiko/Results/TC001/TC001_28022017_093326.html" target="_blank">Link</a>
(09:33:46.125) - Info: Edit step (0)
(09:33:46.453) - Info: Edit row [=ROW()-5, Web, , , , Open, {#Data.URL}, No, No, ] in sheet (TC001)
(09:33:52.381) - Info: Edit step (1)
(09:33:52.444) - Info: Edit row [=ROW()-5, Web, Page1, Link_VodafoneRufnummer_Und_Kundenkennwort, , Click, , No, No, ] in sheet (TC001)
 - Script1 , TC001 , Test Name , true , 1 , []
 - Script1 , TC001 , Test Name , true , 1 , []

******************** Starting test script execution ********************
Activity: Script1
Test script Id: TC001
Test script Name: Test Name
Test script Description: Test Description
Number of steps: 5
(09:33:54.987) - Info: Browser is open
3) Page1, MSISDN , () , Type , 015200488839() , true , false
(09:33:55.018) - Error: Page (Page1) doesn't exist
(09:33:55.018) - Error: Failed to write (015200488839) in Object.
java.lang.RuntimeException: Invalid Object data , Object Page1/MSISDN doesn't exist in Map
	at core.com.testItem.UIMap.getObject(Unknown Source)
	at core.selenium.targetActions.WebTargetActions.type(Unknown Source)
	at sun.reflect.NativeMethodAccessorImpl.invoke0(Native Method)
	at sun.reflect.NativeMethodAccessorImpl.invoke(NativeMethodAccessorImpl.java:57)
	at sun.reflect.DelegatingMethodAccessorImpl.invoke(DelegatingMethodAccessorImpl.java:43)
	at java.lang.reflect.Method.invoke(Method.java:606)
	at junit.framework.TestCase.runTest(TestCase.java:176)
	at junit.framework.TestCase.runBare(TestCase.java:141)
	at junit.framework.TestResult$1.protect(TestResult.java:122)
	at junit.framework.TestResult.runProtected(TestResult.java:142)
	at junit.framework.TestResult.run(TestResult.java:125)
	at junit.framework.TestCase.run(TestCase.java:129)
	at junit.framework.TestCase.run(TestCase.java:121)
	at core.selenium.targetActions.TargetActions.run(Unknown Source)
	at core.selenium.targets.WebTarget.PreformAction(Unknown Source)
	at core.com.execution.TargetManager.preformAction(Unknown Source)
	at Scripts.Pac_Script_.Script_Test_Name.executeTest(Script_Test_Name.java:87)
	at Scripts.Pac_Script_.Script_Test_Name.test(Script_Test_Name.java:82)
	at sun.reflect.NativeMethodAccessorImpl.invoke0(Native Method)
	at sun.reflect.NativeMethodAccessorImpl.invoke(NativeMethodAccessorImpl.java:57)
	at sun.reflect.DelegatingMethodAccessorImpl.invoke(DelegatingMethodAccessorImpl.java:43)
	at java.lang.reflect.Method.invoke(Method.java:606)
	at org.junit.runners.model.FrameworkMethod$1.runReflectiveCall(FrameworkMethod.java:50)
	at org.junit.internal.runners.model.ReflectiveCallable.run(ReflectiveCallable.java:12)
	at org.junit.runners.model.FrameworkMethod.invokeExplosively(FrameworkMethod.java:47)
	at org.junit.internal.runners.statements.InvokeMethod.evaluate(InvokeMethod.java:17)
	at org.junit.internal.runners.statements.RunBefores.evaluate(RunBefores.java:26)
	at org.junit.internal.runners.statements.RunAfters.evaluate(RunAfters.java:27)
	at org.junit.runners.ParentRunner.runLeaf(ParentRunner.java:325)
	at org.junit.runners.BlockJUnit4ClassRunner.runChild(BlockJUnit4ClassRunner.java:78)
	at org.junit.runners.BlockJUnit4ClassRunner.runChild(BlockJUnit4ClassRunner.java:57)
	at org.junit.runners.ParentRunner$3.run(ParentRunner.java:290)
	at org.junit.runners.ParentRunner$1.schedule(ParentRunner.java:71)
	at org.junit.runners.ParentRunner.runChildren(ParentRunner.java:288)
	at org.junit.runners.ParentRunner.access$000(ParentRunner.java:58)
	at org.junit.runners.ParentRunner$2.evaluate(ParentRunner.java:268)
	at org.junit.internal.runners.statements.RunBefores.evaluate(RunBefores.java:26)
	at org.junit.internal.runners.statements.RunAfters.evaluate(RunAfters.java:27)
	at org.junit.runners.ParentRunner.run(ParentRunner.java:363)
	at org.junit.runners.Suite.runChild(Suite.java:128)
	at org.junit.runners.Suite.runChild(Suite.java:27)
	at org.junit.runners.ParentRunner$3.run(ParentRunner.java:290)
	at org.junit.runners.ParentRunner$1.schedule(ParentRunner.java:71)
	at org.junit.runners.ParentRunner.runChildren(ParentRunner.java:288)
	at org.junit.runners.ParentRunner.access$000(ParentRunner.java:58)
	at org.junit.runners.ParentRunner$2.evaluate(ParentRunner.java:268)
	at org.junit.runners.ParentRunner.run(ParentRunner.java:363)
	at org.junit.runner.JUnitCore.run(JUnitCore.java:137)
	at org.junit.runner.JUnitCore.run(JUnitCore.java:115)
	at org.junit.runner.JUnitCore.run(JUnitCore.java:105)
	at org.junit.runner.JUnitCore.run(JUnitCore.java:94)
	at core.Main.runTest(Unknown Source)
	at ide.Actions$ScriptManager$3.run(Unknown Source)
	at java.lang.Thread.run(Thread.java:745)
Status: Error - Execution time: 78
Result: Failed to write (015200488839) in Object.
Invalid Object data , Object Page1/MSISDN doesn't exist in Map
<a href="#" onclick="printStacktrace3() ">Stack Trace</a><script> function printStacktrace3() { var myWindow = window.open("", "_blank"); myWindow.document.write("java.lang.RuntimeException: Invalid Object data , Object Page1/MSISDN doesn't exist in Map
	at core.com.testItem.UIMap.getObject(Unknown Source)
	at core.selenium.targetActions.WebTargetActions.type(Unknown Source)
	at sun.reflect.NativeMethodAccessorImpl.invoke0(Native Method)
	at sun.reflect.NativeMethodAccessorImpl.invoke(NativeMethodAccessorImpl.java:57)
	at sun.reflect.DelegatingMethodAccessorImpl.invoke(DelegatingMethodAccessorImpl.java:43)
	at java.lang.reflect.Method.invoke(Method.java:606)
	at junit.framework.TestCase.runTest(TestCase.java:176)
	at junit.framework.TestCase.runBare(TestCase.java:141)
	at junit.framework.TestResult$1.protect(TestResult.java:122)
	at junit.framework.TestResult.runProtected(TestResult.java:142)
	at junit.framework.TestResult.run(TestResult.java:125)
	at junit.framework.TestCase.run(TestCase.java:129)
	at junit.framework.TestCase.run(TestCase.java:121)
	at core.selenium.targetActions.TargetActions.run(Unknown Source)
	at core.selenium.targets.WebTarget.PreformAction(Unknown Source)
	at core.com.execution.TargetManager.preformAction(Unknown Source)
	at Scripts.Pac_Script_.Script_Test_Name.executeTest(Script_Test_Name.java:87)
	at Scripts.Pac_Script_.Script_Test_Name.test(Script_Test_Name.java:82)
	at sun.reflect.NativeMethodAccessorImpl.invoke0(Native Method)
	at sun.reflect.NativeMethodAccessorImpl.invoke(NativeMethodAccessorImpl.java:57)
	at sun.reflect.DelegatingMethodAccessorImpl.invoke(DelegatingMethodAccessorImpl.java:43)
	at java.lang.reflect.Method.invoke(Method.java:606)
	at org.junit.runners.model.FrameworkMethod$1.runReflectiveCall(FrameworkMethod.java:50)
	at org.junit.internal.runners.model.ReflectiveCallable.run(ReflectiveCallable.java:12)
	at org.junit.runners.model.FrameworkMethod.invokeExplosively(FrameworkMethod.java:47)
	at org.junit.internal.runners.statements.InvokeMethod.evaluate(InvokeMethod.java:17)
	at org.junit.internal.runners.statements.RunBefores.evaluate(RunBefores.java:26)
	at org.junit.internal.runners.statements.RunAfters.evaluate(RunAfters.java:27)
	at org.junit.runners.ParentRunner.runLeaf(ParentRunner.java:325)
	at org.junit.runners.BlockJUnit4ClassRunner.runChild(BlockJUnit4ClassRunner.java:78)
	at org.junit.runners.BlockJUnit4ClassRunner.runChild(BlockJUnit4ClassRunner.java:57)
	at org.junit.runners.ParentRunner$3.run(ParentRunner.java:290)
	at org.junit.runners.ParentRunner$1.schedule(ParentRunner.java:71)
	at org.junit.runners.ParentRunner.runChildren(ParentRunner.java:288)
	at org.junit.runners.ParentRunner.access$000(ParentRunner.java:58)
	at org.junit.runners.ParentRunner$2.evaluate(ParentRunner.java:268)
	at org.junit.internal.runners.statements.RunBefores.evaluate(RunBefores.java:26)
	at org.junit.internal.runners.statements.RunAfters.evaluate(RunAfters.java:27)
	at org.junit.runners.ParentRunner.run(ParentRunner.java:363)
	at org.junit.runners.Suite.runChild(Suite.java:128)
	at org.junit.runners.Suite.runChild(Suite.java:27)
	at org.junit.runners.ParentRunner$3.run(ParentRunner.java:290)
	at org.junit.runners.ParentRunner$1.schedule(ParentRunner.java:71)
	at org.junit.runners.ParentRunner.runChildren(ParentRunner.java:288)
	at org.junit.runners.ParentRunner.access$000(ParentRunner.java:58)
	at org.junit.runners.ParentRunner$2.evaluate(ParentRunner.java:268)
	at org.junit.runners.ParentRunner.run(ParentRunner.java:363)
	at org.junit.runner.JUnitCore.run(JUnitCore.java:137)
	at org.junit.runner.JUnitCore.run(JUnitCore.java:115)
	at org.junit.runner.JUnitCore.run(JUnitCore.java:105)
	at org.junit.runner.JUnitCore.run(JUnitCore.java:94)
	at core.Main.runTest(Unknown Source)
	at ide.Actions$ScriptManager$3.run(Unknown Source)
	at java.lang.Thread.run(Thread.java:745)
");}</script>
<a href="https://www.vodafone.de/playground/mnp-10/mnp-main.html#/">Page url</a>
Time: 28/02/2017 09:33:55.065 AM GMT+0100


Status: Error
Coverage: 20.0 %
Execution Time: 578 mSec

******************** Test script execution end ********************
(09:33:55.486) - Info: <a href="file:/C:/Projekte/Testautomation/temp/vvl_consumer_ols/Sascha_Heiko/Results/TC001/TC001_28022017_093355.html" target="_blank">Link</a>
 - Script1 , TC001 , Test Name , true , 1 , []
 - Script1 , TC001 , Test Name , true , 1 , []

******************** Starting test script execution ********************
Activity: Script1
Test script Id: TC001
Test script Name: Test Name
Test script Description: Test Description
Number of steps: 5
(09:34:10.174) - Info: Browser is open
3) Page1, MSISDN , () , Type , 015200488839(015200488839) , true , false
(09:34:10.190) - Error: Page (Page1) doesn't exist
(09:34:10.190) - Error: Failed to write (015200488839) in Object.
java.lang.RuntimeException: Invalid Object data , Object Page1/MSISDN doesn't exist in Map
	at core.com.testItem.UIMap.getObject(Unknown Source)
	at core.selenium.targetActions.WebTargetActions.type(Unknown Source)
	at sun.reflect.NativeMethodAccessorImpl.invoke0(Native Method)
	at sun.reflect.NativeMethodAccessorImpl.invoke(NativeMethodAccessorImpl.java:57)
	at sun.reflect.DelegatingMethodAccessorImpl.invoke(DelegatingMethodAccessorImpl.java:43)
	at java.lang.reflect.Method.invoke(Method.java:606)
	at junit.framework.TestCase.runTest(TestCase.java:176)
	at junit.framework.TestCase.runBare(TestCase.java:141)
	at junit.framework.TestResult$1.protect(TestResult.java:122)
	at junit.framework.TestResult.runProtected(TestResult.java:142)
	at junit.framework.TestResult.run(TestResult.java:125)
	at junit.framework.TestCase.run(TestCase.java:129)
	at junit.framework.TestCase.run(TestCase.java:121)
	at core.selenium.targetActions.TargetActions.run(Unknown Source)
	at core.selenium.targets.WebTarget.PreformAction(Unknown Source)
	at core.com.execution.TargetManager.preformAction(Unknown Source)
	at Scripts.Pac_Script_.Script_Test_Name.executeTest(Script_Test_Name.java:87)
	at Scripts.Pac_Script_.Script_Test_Name.test(Script_Test_Name.java:82)
	at sun.reflect.NativeMethodAccessorImpl.invoke0(Native Method)
	at sun.reflect.NativeMethodAccessorImpl.invoke(NativeMethodAccessorImpl.java:57)
	at sun.reflect.DelegatingMethodAccessorImpl.invoke(DelegatingMethodAccessorImpl.java:43)
	at java.lang.reflect.Method.invoke(Method.java:606)
	at org.junit.runners.model.FrameworkMethod$1.runReflectiveCall(FrameworkMethod.java:50)
	at org.junit.internal.runners.model.ReflectiveCallable.run(ReflectiveCallable.java:12)
	at org.junit.runners.model.FrameworkMethod.invokeExplosively(FrameworkMethod.java:47)
	at org.junit.internal.runners.statements.InvokeMethod.evaluate(InvokeMethod.java:17)
	at org.junit.internal.runners.statements.RunBefores.evaluate(RunBefores.java:26)
	at org.junit.internal.runners.statements.RunAfters.evaluate(RunAfters.java:27)
	at org.junit.runners.ParentRunner.runLeaf(ParentRunner.java:325)
	at org.junit.runners.BlockJUnit4ClassRunner.runChild(BlockJUnit4ClassRunner.java:78)
	at org.junit.runners.BlockJUnit4ClassRunner.runChild(BlockJUnit4ClassRunner.java:57)
	at org.junit.runners.ParentRunner$3.run(ParentRunner.java:290)
	at org.junit.runners.ParentRunner$1.schedule(ParentRunner.java:71)
	at org.junit.runners.ParentRunner.runChildren(ParentRunner.java:288)
	at org.junit.runners.ParentRunner.access$000(ParentRunner.java:58)
	at org.junit.runners.ParentRunner$2.evaluate(ParentRunner.java:268)
	at org.junit.internal.runners.statements.RunBefores.evaluate(RunBefores.java:26)
	at org.junit.internal.runners.statements.RunAfters.evaluate(RunAfters.java:27)
	at org.junit.runners.ParentRunner.run(ParentRunner.java:363)
	at org.junit.runners.Suite.runChild(Suite.java:128)
	at org.junit.runners.Suite.runChild(Suite.java:27)
	at org.junit.runners.ParentRunner$3.run(ParentRunner.java:290)
	at org.junit.runners.ParentRunner$1.schedule(ParentRunner.java:71)
	at org.junit.runners.ParentRunner.runChildren(ParentRunner.java:288)
	at org.junit.runners.ParentRunner.access$000(ParentRunner.java:58)
	at org.junit.runners.ParentRunner$2.evaluate(ParentRunner.java:268)
	at org.junit.runners.ParentRunner.run(ParentRunner.java:363)
	at org.junit.runner.JUnitCore.run(JUnitCore.java:137)
	at org.junit.runner.JUnitCore.run(JUnitCore.java:115)
	at org.junit.runner.JUnitCore.run(JUnitCore.java:105)
	at org.junit.runner.JUnitCore.run(JUnitCore.java:94)
	at core.Main.runTest(Unknown Source)
	at ide.Actions$ScriptManager$3.run(Unknown Source)
	at java.lang.Thread.run(Thread.java:745)
Status: Error - Execution time: 47
Result: Failed to write (015200488839) in Object.
Invalid Object data , Object Page1/MSISDN doesn't exist in Map
<a href="#" onclick="printStacktrace3() ">Stack Trace</a><script> function printStacktrace3() { var myWindow = window.open("", "_blank"); myWindow.document.write("java.lang.RuntimeException: Invalid Object data , Object Page1/MSISDN doesn't exist in Map
	at core.com.testItem.UIMap.getObject(Unknown Source)
	at core.selenium.targetActions.WebTargetActions.type(Unknown Source)
	at sun.reflect.NativeMethodAccessorImpl.invoke0(Native Method)
	at sun.reflect.NativeMethodAccessorImpl.invoke(NativeMethodAccessorImpl.java:57)
	at sun.reflect.DelegatingMethodAccessorImpl.invoke(DelegatingMethodAccessorImpl.java:43)
	at java.lang.reflect.Method.invoke(Method.java:606)
	at junit.framework.TestCase.runTest(TestCase.java:176)
	at junit.framework.TestCase.runBare(TestCase.java:141)
	at junit.framework.TestResult$1.protect(TestResult.java:122)
	at junit.framework.TestResult.runProtected(TestResult.java:142)
	at junit.framework.TestResult.run(TestResult.java:125)
	at junit.framework.TestCase.run(TestCase.java:129)
	at junit.framework.TestCase.run(TestCase.java:121)
	at core.selenium.targetActions.TargetActions.run(Unknown Source)
	at core.selenium.targets.WebTarget.PreformAction(Unknown Source)
	at core.com.execution.TargetManager.preformAction(Unknown Source)
	at Scripts.Pac_Script_.Script_Test_Name.executeTest(Script_Test_Name.java:87)
	at Scripts.Pac_Script_.Script_Test_Name.test(Script_Test_Name.java:82)
	at sun.reflect.NativeMethodAccessorImpl.invoke0(Native Method)
	at sun.reflect.NativeMethodAccessorImpl.invoke(NativeMethodAccessorImpl.java:57)
	at sun.reflect.DelegatingMethodAccessorImpl.invoke(DelegatingMethodAccessorImpl.java:43)
	at java.lang.reflect.Method.invoke(Method.java:606)
	at org.junit.runners.model.FrameworkMethod$1.runReflectiveCall(FrameworkMethod.java:50)
	at org.junit.internal.runners.model.ReflectiveCallable.run(ReflectiveCallable.java:12)
	at org.junit.runners.model.FrameworkMethod.invokeExplosively(FrameworkMethod.java:47)
	at org.junit.internal.runners.statements.InvokeMethod.evaluate(InvokeMethod.java:17)
	at org.junit.internal.runners.statements.RunBefores.evaluate(RunBefores.java:26)
	at org.junit.internal.runners.statements.RunAfters.evaluate(RunAfters.java:27)
	at org.junit.runners.ParentRunner.runLeaf(ParentRunner.java:325)
	at org.junit.runners.BlockJUnit4ClassRunner.runChild(BlockJUnit4ClassRunner.java:78)
	at org.junit.runners.BlockJUnit4ClassRunner.runChild(BlockJUnit4ClassRunner.java:57)
	at org.junit.runners.ParentRunner$3.run(ParentRunner.java:290)
	at org.junit.runners.ParentRunner$1.schedule(ParentRunner.java:71)
	at org.junit.runners.ParentRunner.runChildren(ParentRunner.java:288)
	at org.junit.runners.ParentRunner.access$000(ParentRunner.java:58)
	at org.junit.runners.ParentRunner$2.evaluate(ParentRunner.java:268)
	at org.junit.internal.runners.statements.RunBefores.evaluate(RunBefores.java:26)
	at org.junit.internal.runners.statements.RunAfters.evaluate(RunAfters.java:27)
	at org.junit.runners.ParentRunner.run(ParentRunner.java:363)
	at org.junit.runners.Suite.runChild(Suite.java:128)
	at org.junit.runners.Suite.runChild(Suite.java:27)
	at org.junit.runners.ParentRunner$3.run(ParentRunner.java:290)
	at org.junit.runners.ParentRunner$1.schedule(ParentRunner.java:71)
	at org.junit.runners.ParentRunner.runChildren(ParentRunner.java:288)
	at org.junit.runners.ParentRunner.access$000(ParentRunner.java:58)
	at org.junit.runners.ParentRunner$2.evaluate(ParentRunner.java:268)
	at org.junit.runners.ParentRunner.run(ParentRunner.java:363)
	at org.junit.runner.JUnitCore.run(JUnitCore.java:137)
	at org.junit.runner.JUnitCore.run(JUnitCore.java:115)
	at org.junit.runner.JUnitCore.run(JUnitCore.java:105)
	at org.junit.runner.JUnitCore.run(JUnitCore.java:94)
	at core.Main.runTest(Unknown Source)
	at ide.Actions$ScriptManager$3.run(Unknown Source)
	at java.lang.Thread.run(Thread.java:745)
");}</script>
<a href="https://www.vodafone.de/playground/mnp-10/mnp-main.html#/shopLogin">Page url</a>
Time: 28/02/2017 09:34:10.221 AM GMT+0100


Status: Error
Coverage: 20.0 %
Execution Time: 375 mSec

******************** Test script execution end ********************
(09:34:10.502) - Info: <a href="file:/C:/Projekte/Testautomation/temp/vvl_consumer_ols/Sascha_Heiko/Results/TC001/TC001_28022017_093410.html" target="_blank">Link</a>
(09:34:13.451) - Info: Edit step (0)
(09:34:13.497) - Info: Edit row [=ROW()-5, Web, , , , Open, {#Data.URL}, Yes, No, ] in sheet (TC001)
(09:34:16.103) - Info: Edit step (0)
(09:34:16.150) - Info: Edit row [=ROW()-5, Web, , , , Open, {#Data.URL}, No, No, ] in sheet (TC001)
(09:34:23.888) - Info: Quit webdriver
(09:34:23.919) - Info: Application Closed
